<?xml version="1.0" encoding="UTF-8"?>
<TestRun id="02a78bd6-8d1b-45fa-80d1-0b6e81e30990" name="Administrator@N-ARG-DEV-034 2014-09-22 14:10:13" runUser="N-ARG-DEV-034\Administrator" xmlns="http://microsoft.com/schemas/VisualStudio/TeamTest/2010">
  <TestSettings name="Local" id="2e8ea716-0868-4c73-a342-f8d80533859b">
    <Description>These are default test settings for a local test run.</Description>
    <Deployment enabled="false" runDeploymentRoot="Administrator_N-ARG-DEV-034 2014-09-22 14_10_13">
      <DeploymentItem filename="D:\[-PRO-]\WebService\IAS.DataServices\bin\IAS.DataServices.dll" />
      <DeploymentItem filename="D:\[-PRO-]\Lib\itextsharp.dll" />
      <DeploymentItem filename="D:\[-PRO-]\IAS.DataServices.Test\bin\Debug\log4net.dll" />
      <DeploymentItem filename="D:\[-PRO-]\Lib\Ionic.Zip.dll" />
      <DeploymentItem filename="D:\[-PRO-]\IAS.DataServices.Test\bin\Debug\EPPlus.dll" />
      <DeploymentItem filename="D:\[-PRO-]\IAS.Common\bin\Debug\IAS.Common.dll" />
      <DeploymentItem filename="D:\[-PRO-]\Lib\MessagingToolkit.QRCode.dll" />
      <DeploymentItem filename="D:\[-PRO-]\WebService\OIC.FileService\bin\IAS.FileService.dll" />
      <DeploymentItem filename="D:\[-PRO-]\packages\log4net.1.2.10\lib\2.0\log4net.dll" />
      <DeploymentItem filename="D:\[-PRO-]\packages\structuremap.2.6.4.1\lib\net40\StructureMap.dll" />
      <DeploymentItem filename="D:\[-PRO-]\IAS.DataServiceTest\bin\Debug\itextsharp.dll" />
      <DeploymentItem filename="D:\[-PRO-]\WebService\IAS.DAL\bin\Debug\IAS.DAL.dll" />
      <DeploymentItem filename="D:\[-PRO-]\Web\IAS.DAL.Repository\bin\Debug\IAS.DTO.dll" />
      <DeploymentItem filename="D:\[-PRO-]\Web\IAS.Utils\bin\Debug\IAS.Utils.dll" />
      <DeploymentItem filename="D:\[-PRO-]\IAS.DataServiceTest\bin\Debug\MessagingToolkit.QRCode.dll" />
    </Deployment>
    <Execution>
      <TestTypeSpecific>
        <UnitTestRunConfig testTypeId="13cdc9d9-ddb5-4fa4-a97d-d965ccfc6d4b">
          <AssemblyResolution>
            <TestDirectory useLoadContext="true" />
          </AssemblyResolution>
        </UnitTestRunConfig>
        <WebTestRunConfiguration testTypeId="4e7599fa-5ecb-43e9-a887-cd63cf72d207">
          <Browser name="Internet Explorer 8.0" MaxConnections="6">
            <Headers>
              <Header name="User-Agent" value="Mozilla/4.0 (compatible; MSIE 8.0; Windows NT 5.1)" />
              <Header name="Accept" value="*/*" />
              <Header name="Accept-Language" value="{{$IEAcceptLanguage}}" />
              <Header name="Accept-Encoding" value="GZIP" />
            </Headers>
          </Browser>
        </WebTestRunConfiguration>
      </TestTypeSpecific>
      <AgentRule name="LocalMachineDefaultRole">
      </AgentRule>
    </Execution>
  </TestSettings>
  <Times creation="2014-09-22T14:10:13.8217178+07:00" queuing="2014-09-22T14:10:32.5817572+07:00" start="2014-09-22T14:10:33.0208943+07:00" finish="2014-09-22T14:16:22.2369670+07:00" />
  <ResultSummary outcome="Failed">
    <Counters total="285" executed="285" passed="49" error="0" failed="232" timeout="0" aborted="0" inconclusive="4" passedButRunAborted="0" notRunnable="0" notExecuted="0" disconnected="0" warning="0" completed="0" inProgress="0" pending="0" />
  </ResultSummary>
  <TestDefinitions>
    <UnitTest name="GetAcceptOffNameByIdTest" storage="d:\[-pro-]\ias.dataservices.test\bin\debug\ias.dataservices.test.dll" id="a2c94055-ad70-113b-8904-d4fbef1809f4">
      <Execution id="3c3e4d56-2c37-48ac-978f-fefa23dbf804" />
      <TestMethod codeBase="D:/[-PRO-]/IAS.DataServices.Test/bin/Debug/IAS.DataServices.Test.DLL" adapterTypeName="Microsoft.VisualStudio.TestTools.TestTypes.Unit.UnitTestAdapter, Microsoft.VisualStudio.QualityTools.Tips.UnitTest.Adapter, Version=10.0.0.0, Culture=neutral, PublicKeyToken=b03f5f7f11d50a3a" className="IAS.DataServices.Test.DataCenterServiceTest, IAS.DataServices.Test, Version=1.0.0.0, Culture=neutral, PublicKeyToken=null" name="GetAcceptOffNameByIdTest" />
    </UnitTest>
    <UnitTest name="SetPersonTempTest" storage="d:\[-pro-]\ias.dataservices.test\bin\debug\ias.dataservices.test.dll" id="67364603-b1a9-aa6b-36ce-8896a5ccf935">
      <Execution id="d0c94675-aada-4de2-946a-2f77835bec3d" />
      <TestMethod codeBase="D:/[-PRO-]/IAS.DataServices.Test/bin/Debug/IAS.DataServices.Test.DLL" adapterTypeName="Microsoft.VisualStudio.TestTools.TestTypes.Unit.UnitTestAdapter, Microsoft.VisualStudio.QualityTools.Tips.UnitTest.Adapter, Version=10.0.0.0, Culture=neutral, PublicKeyToken=b03f5f7f11d50a3a" className="IAS.DataServices.Test.IPersonServiceTest, IAS.DataServices.Test, Version=1.0.0.0, Culture=neutral, PublicKeyToken=null" name="SetPersonTempTest" />
    </UnitTest>
    <UnitTest name="TestCritiaReturn" storage="d:\[-pro-]\ias.dataservicetest\bin\debug\ias.dataservicetest.dll" id="b6b1e8cd-45db-2c5f-ebec-23e8a3d44cfe">
      <Execution id="2e1ff4c7-2fb2-4faf-bd63-e75986df2db2" />
      <TestMethod codeBase="D:/[-PRO-]/IAS.DataServiceTest/bin/Debug/IAS.DataServiceTest.DLL" adapterTypeName="Microsoft.VisualStudio.TestTools.TestTypes.Unit.UnitTestAdapter, Microsoft.VisualStudio.QualityTools.Tips.UnitTest.Adapter, Version=10.0.0.0, Culture=neutral, PublicKeyToken=b03f5f7f11d50a3a" className="IAS.DataServiceTest.BarCodeTest, IAS.DataServiceTest, Version=1.0.0.0, Culture=neutral, PublicKeyToken=null" name="TestCritiaReturn" />
    </UnitTest>
    <UnitTest name="InsertAndCheckPaymentUploadTest" storage="d:\[-pro-]\ias.dataservices.test\bin\debug\ias.dataservices.test.dll" id="3e1b6808-f461-9d6a-9f2a-44122376dd48">
      <Execution id="f55e4104-3690-4c7c-b9e6-cd382756a25c" />
      <TestMethod codeBase="D:/[-PRO-]/IAS.DataServices.Test/bin/Debug/IAS.DataServices.Test.DLL" adapterTypeName="Microsoft.VisualStudio.TestTools.TestTypes.Unit.UnitTestAdapter, Microsoft.VisualStudio.QualityTools.Tips.UnitTest.Adapter, Version=10.0.0.0, Culture=neutral, PublicKeyToken=b03f5f7f11d50a3a" className="IAS.DataServices.Test.IPaymentServiceTest, IAS.DataServices.Test, Version=1.0.0.0, Culture=neutral, PublicKeyToken=null" name="InsertAndCheckPaymentUploadTest" />
    </UnitTest>
    <UnitTest name="ValidateBeforeSubmitTest" storage="d:\[-pro-]\ias.dataservices.test\bin\debug\ias.dataservices.test.dll" id="04e2e48c-7d6a-ee4c-efb8-c537c27b6b82">
      <Execution id="2b6050cf-51f5-4858-9899-87a8c52ed4d4" />
      <TestMethod codeBase="D:/[-PRO-]/IAS.DataServices.Test/bin/Debug/IAS.DataServices.Test.DLL" adapterTypeName="Microsoft.VisualStudio.TestTools.TestTypes.Unit.UnitTestAdapter, Microsoft.VisualStudio.QualityTools.Tips.UnitTest.Adapter, Version=10.0.0.0, Culture=neutral, PublicKeyToken=b03f5f7f11d50a3a" className="IAS.DataServices.Test.IRegistrationServiceTest, IAS.DataServices.Test, Version=1.0.0.0, Culture=neutral, PublicKeyToken=null" name="ValidateBeforeSubmitTest" />
    </UnitTest>
    <UnitTest name="TestZipFile_NotFound" storage="d:\[-pro-]\ias.dataservicetest\bin\debug\ias.dataservicetest.dll" id="5352e3f1-1e8c-8485-f5bd-5e2fa27cf289">
      <Execution id="726dbcc1-3797-49fb-9b27-0165bddfa3ba" />
      <TestMethod codeBase="D:/[-PRO-]/IAS.DataServiceTest/bin/Debug/IAS.DataServiceTest.DLL" adapterTypeName="Microsoft.VisualStudio.TestTools.TestTypes.Unit.UnitTestAdapter, Microsoft.VisualStudio.QualityTools.Tips.UnitTest.Adapter, Version=10.0.0.0, Culture=neutral, PublicKeyToken=b03f5f7f11d50a3a" className="IAS.DataServiceTest.GenZipLicenseRequestTest, IAS.DataServiceTest, Version=1.0.0.0, Culture=neutral, PublicKeyToken=null" name="TestZipFile_NotFound" />
    </UnitTest>
    <UnitTest name="getBindbillPaymentExamTest" storage="d:\[-pro-]\ias.dataservices.test\bin\debug\ias.dataservices.test.dll" id="4bcd01a8-6975-6b3c-24fa-4e775b1a5fcc">
      <Execution id="3cec6c53-a55c-46a9-bc23-02692ec657e8" />
      <TestMethod codeBase="D:/[-PRO-]/IAS.DataServices.Test/bin/Debug/IAS.DataServices.Test.DLL" adapterTypeName="Microsoft.VisualStudio.TestTools.TestTypes.Unit.UnitTestAdapter, Microsoft.VisualStudio.QualityTools.Tips.UnitTest.Adapter, Version=10.0.0.0, Culture=neutral, PublicKeyToken=b03f5f7f11d50a3a" className="IAS.DataServices.Test.IPaymentServiceTest, IAS.DataServices.Test, Version=1.0.0.0, Culture=neutral, PublicKeyToken=null" name="getBindbillPaymentExamTest" />
    </UnitTest>
    <UnitTest name="GetPersonalHistoryByIdCardTest" storage="d:\[-pro-]\ias.dataservices.test\bin\debug\ias.dataservices.test.dll" id="5522dfa8-f3f9-278f-dc66-8ca45aeb1cda">
      <Execution id="575ba6a9-c9d9-4fe8-97c8-f02e1a04debc" />
      <TestMethod codeBase="D:/[-PRO-]/IAS.DataServices.Test/bin/Debug/IAS.DataServices.Test.DLL" adapterTypeName="Microsoft.VisualStudio.TestTools.TestTypes.Unit.UnitTestAdapter, Microsoft.VisualStudio.QualityTools.Tips.UnitTest.Adapter, Version=10.0.0.0, Culture=neutral, PublicKeyToken=b03f5f7f11d50a3a" className="IAS.DataServices.Test.LicenseServiceTest, IAS.DataServices.Test, Version=1.0.0.0, Culture=neutral, PublicKeyToken=null" name="GetPersonalHistoryByIdCardTest" />
    </UnitTest>
    <UnitTest name="ApplicantFileFactory_Can_Read_DataFromFile" storage="d:\[-pro-]\ias.dataservicetest\bin\debug\ias.dataservicetest.dll" id="2278f96b-e4b0-ef47-2c89-2e2569052f73">
      <Execution id="8860c797-a79f-4a4e-9e57-06fa33c0f43f" />
      <TestMethod codeBase="D:/[-PRO-]/IAS.DataServiceTest/bin/Debug/IAS.DataServiceTest.DLL" adapterTypeName="Microsoft.VisualStudio.TestTools.TestTypes.Unit.UnitTestAdapter, Microsoft.VisualStudio.QualityTools.Tips.UnitTest.Adapter, Version=10.0.0.0, Culture=neutral, PublicKeyToken=b03f5f7f11d50a3a" className="IAS.DataServiceTest.ApplicationFileUploadTest, IAS.DataServiceTest, Version=1.0.0.0, Culture=neutral, PublicKeyToken=null" name="ApplicantFileFactory_Can_Read_DataFromFile" />
    </UnitTest>
    <UnitTest name="Validate_Name_IsInValid" storage="d:\[-pro-]\ias.dataservicetest\bin\debug\ias.dataservicetest.dll" id="ba85ec7f-bfd2-eca0-8693-d4636a82d15c">
      <Execution id="aa32d585-3fb1-46c4-ac3a-e7e70f9d0438" />
      <TestMethod codeBase="D:/[-PRO-]/IAS.DataServiceTest/bin/Debug/IAS.DataServiceTest.DLL" adapterTypeName="Microsoft.VisualStudio.TestTools.TestTypes.Unit.UnitTestAdapter, Microsoft.VisualStudio.QualityTools.Tips.UnitTest.Adapter, Version=10.0.0.0, Culture=neutral, PublicKeyToken=b03f5f7f11d50a3a" className="IAS.DataServiceTest.StringNameHelperTest, IAS.DataServiceTest, Version=1.0.0.0, Culture=neutral, PublicKeyToken=null" name="Validate_Name_IsInValid" />
    </UnitTest>
    <UnitTest name="getGroupDetailTest" storage="d:\[-pro-]\ias.dataservices.test\bin\debug\ias.dataservices.test.dll" id="150d4805-b608-77cd-ebbc-b7eff8e9d68d">
      <Execution id="c7c7692d-bf43-42c3-95f3-1f1a102fe946" />
      <TestMethod codeBase="D:/[-PRO-]/IAS.DataServices.Test/bin/Debug/IAS.DataServices.Test.DLL" adapterTypeName="Microsoft.VisualStudio.TestTools.TestTypes.Unit.UnitTestAdapter, Microsoft.VisualStudio.QualityTools.Tips.UnitTest.Adapter, Version=10.0.0.0, Culture=neutral, PublicKeyToken=b03f5f7f11d50a3a" className="IAS.DataServices.Test.IPaymentServiceTest, IAS.DataServices.Test, Version=1.0.0.0, Culture=neutral, PublicKeyToken=null" name="getGroupDetailTest" />
    </UnitTest>
    <UnitTest name="InsertPersonLicenseTest" storage="d:\[-pro-]\ias.dataservices.test\bin\debug\ias.dataservices.test.dll" id="2691d309-a525-46d8-786f-50a16e46c1bc">
      <Execution id="ab6bbb76-8c96-41a2-8c7a-7385765b607c" />
      <TestMethod codeBase="D:/[-PRO-]/IAS.DataServices.Test/bin/Debug/IAS.DataServices.Test.DLL" adapterTypeName="Microsoft.VisualStudio.TestTools.TestTypes.Unit.UnitTestAdapter, Microsoft.VisualStudio.QualityTools.Tips.UnitTest.Adapter, Version=10.0.0.0, Culture=neutral, PublicKeyToken=b03f5f7f11d50a3a" className="IAS.DataServices.Test.LicenseServiceTest, IAS.DataServices.Test, Version=1.0.0.0, Culture=neutral, PublicKeyToken=null" name="InsertPersonLicenseTest" />
    </UnitTest>
    <UnitTest name="TestCompressFolder" storage="d:\[-pro-]\ias.dataservicetest\bin\debug\ias.dataservicetest.dll" id="11769955-d806-e55b-6abd-f068feecc8d1">
      <Execution id="51e0d3fe-ed0d-4d34-8f56-ff5e24681895" />
      <TestMethod codeBase="D:/[-PRO-]/IAS.DataServiceTest/bin/Debug/IAS.DataServiceTest.DLL" adapterTypeName="Microsoft.VisualStudio.TestTools.TestTypes.Unit.UnitTestAdapter, Microsoft.VisualStudio.QualityTools.Tips.UnitTest.Adapter, Version=10.0.0.0, Culture=neutral, PublicKeyToken=b03f5f7f11d50a3a" className="IAS.DataServiceTest.CompressFolderTest, IAS.DataServiceTest, Version=1.0.0.0, Culture=neutral, PublicKeyToken=null" name="TestCompressFolder" />
    </UnitTest>
    <UnitTest name="UpdateSubjectTest" storage="d:\[-pro-]\ias.dataservices.test\bin\debug\ias.dataservices.test.dll" id="e812cc4c-56c1-01b7-8eb1-fab03fa02e84">
      <Execution id="25c9a718-6842-42cc-a8c7-24607cee2d7e" />
      <TestMethod codeBase="D:/[-PRO-]/IAS.DataServices.Test/bin/Debug/IAS.DataServices.Test.DLL" adapterTypeName="Microsoft.VisualStudio.TestTools.TestTypes.Unit.UnitTestAdapter, Microsoft.VisualStudio.QualityTools.Tips.UnitTest.Adapter, Version=10.0.0.0, Culture=neutral, PublicKeyToken=b03f5f7f11d50a3a" className="IAS.DataServices.Test.IExamServiceTest, IAS.DataServices.Test, Version=1.0.0.0, Culture=neutral, PublicKeyToken=null" name="UpdateSubjectTest" />
    </UnitTest>
    <UnitTest name="TestMethod1" storage="d:\[-pro-]\ias.dataservicetest\bin\debug\ias.dataservicetest.dll" id="16e700d8-4b7e-e1cb-8624-89fcd9c4d585">
      <Execution id="15305470-de67-4b06-b941-aed443b5b4b8" />
      <TestMethod codeBase="D:/[-PRO-]/IAS.DataServiceTest/bin/Debug/IAS.DataServiceTest.DLL" adapterTypeName="Microsoft.VisualStudio.TestTools.TestTypes.Unit.UnitTestAdapter, Microsoft.VisualStudio.QualityTools.Tips.UnitTest.Adapter, Version=10.0.0.0, Culture=neutral, PublicKeyToken=b03f5f7f11d50a3a" className="IAS.DataServiceTest.SwitchCaseTest, IAS.DataServiceTest, Version=1.0.0.0, Culture=neutral, PublicKeyToken=null" name="TestMethod1" />
    </UnitTest>
    <UnitTest name="GetRegistrationsByCriteriaTest" storage="d:\[-pro-]\ias.dataservices.test\bin\debug\ias.dataservices.test.dll" id="da83e5c4-9018-ab23-cfa0-604e9da9250f">
      <Execution id="fcc7c8bd-d2f7-4a7e-bbb5-d15de3ab6b01" />
      <TestMethod codeBase="D:/[-PRO-]/IAS.DataServices.Test/bin/Debug/IAS.DataServices.Test.DLL" adapterTypeName="Microsoft.VisualStudio.TestTools.TestTypes.Unit.UnitTestAdapter, Microsoft.VisualStudio.QualityTools.Tips.UnitTest.Adapter, Version=10.0.0.0, Culture=neutral, PublicKeyToken=b03f5f7f11d50a3a" className="IAS.DataServices.Test.IRegistrationServiceTest, IAS.DataServices.Test, Version=1.0.0.0, Culture=neutral, PublicKeyToken=null" name="GetRegistrationsByCriteriaTest" />
    </UnitTest>
    <UnitTest name="SubmitBankTransTest" storage="d:\[-pro-]\ias.dataservices.test\bin\debug\ias.dataservices.test.dll" id="4ba8afd7-e2c0-dd58-4687-ba64303c6172">
      <Execution id="beca21c7-9823-4332-9948-b16a7b9a562f" />
      <TestMethod codeBase="D:/[-PRO-]/IAS.DataServices.Test/bin/Debug/IAS.DataServices.Test.DLL" adapterTypeName="Microsoft.VisualStudio.TestTools.TestTypes.Unit.UnitTestAdapter, Microsoft.VisualStudio.QualityTools.Tips.UnitTest.Adapter, Version=10.0.0.0, Culture=neutral, PublicKeyToken=b03f5f7f11d50a3a" className="IAS.DataServices.Test.IPaymentServiceTest, IAS.DataServices.Test, Version=1.0.0.0, Culture=neutral, PublicKeyToken=null" name="SubmitBankTransTest" />
    </UnitTest>
    <UnitTest name="GetReferanceNumberTest" storage="d:\[-pro-]\ias.dataservicetest\bin\debug\ias.dataservicetest.dll" id="c01f53b4-3adb-92ea-98d8-6e5122715027">
      <Execution id="d5352186-139d-4f5d-b55a-7d7ea899eea3" />
      <TestMethod codeBase="D:/[-PRO-]/IAS.DataServiceTest/bin/Debug/IAS.DataServiceTest.DLL" adapterTypeName="Microsoft.VisualStudio.TestTools.TestTypes.Unit.UnitTestAdapter, Microsoft.VisualStudio.QualityTools.Tips.UnitTest.Adapter, Version=10.0.0.0, Culture=neutral, PublicKeyToken=b03f5f7f11d50a3a" className="IAS.DataServiceTest.BankReferanceNumberTest, IAS.DataServiceTest, Version=1.0.0.0, Culture=neutral, PublicKeyToken=null" name="GetReferanceNumberTest" />
    </UnitTest>
    <UnitTest name="InsertOICTest" storage="d:\[-pro-]\ias.dataservices.test\bin\debug\ias.dataservices.test.dll" id="19808bd3-f7ef-5ad0-c654-0ed0a173c92c">
      <Execution id="66b39035-1d79-4caf-87d5-05ff6599e9a3" />
      <TestMethod codeBase="D:/[-PRO-]/IAS.DataServices.Test/bin/Debug/IAS.DataServices.Test.DLL" adapterTypeName="Microsoft.VisualStudio.TestTools.TestTypes.Unit.UnitTestAdapter, Microsoft.VisualStudio.QualityTools.Tips.UnitTest.Adapter, Version=10.0.0.0, Culture=neutral, PublicKeyToken=b03f5f7f11d50a3a" className="IAS.DataServices.Test.IPersonServiceTest, IAS.DataServices.Test, Version=1.0.0.0, Culture=neutral, PublicKeyToken=null" name="InsertOICTest" />
    </UnitTest>
    <UnitTest name="CreatePaymentTest" storage="d:\[-pro-]\ias.dataservices.test\bin\debug\ias.dataservices.test.dll" id="93d08b9a-bf34-943d-1231-51037a22b627">
      <Execution id="0b5c43d8-500c-4802-882b-f7b0b95d1bee" />
      <TestMethod codeBase="D:/[-PRO-]/IAS.DataServices.Test/bin/Debug/IAS.DataServices.Test.DLL" adapterTypeName="Microsoft.VisualStudio.TestTools.TestTypes.Unit.UnitTestAdapter, Microsoft.VisualStudio.QualityTools.Tips.UnitTest.Adapter, Version=10.0.0.0, Culture=neutral, PublicKeyToken=b03f5f7f11d50a3a" className="IAS.DataServices.Test.IPaymentServiceTest, IAS.DataServices.Test, Version=1.0.0.0, Culture=neutral, PublicKeyToken=null" name="CreatePaymentTest" />
    </UnitTest>
    <UnitTest name="InsertExamRoomTest" storage="d:\[-pro-]\ias.dataservices.test\bin\debug\ias.dataservices.test.dll" id="4125855b-18c4-d994-a4cd-f5df113e3c2f">
      <Execution id="17adbe10-7c59-4091-907f-3e97ac44cc1b" />
      <TestMethod codeBase="D:/[-PRO-]/IAS.DataServices.Test/bin/Debug/IAS.DataServices.Test.DLL" adapterTypeName="Microsoft.VisualStudio.TestTools.TestTypes.Unit.UnitTestAdapter, Microsoft.VisualStudio.QualityTools.Tips.UnitTest.Adapter, Version=10.0.0.0, Culture=neutral, PublicKeyToken=b03f5f7f11d50a3a" className="IAS.DataServices.Test.IExamServiceTest, IAS.DataServices.Test, Version=1.0.0.0, Culture=neutral, PublicKeyToken=null" name="InsertExamRoomTest" />
    </UnitTest>
    <UnitTest name="GetTempBankTransDetailTest" storage="d:\[-pro-]\ias.dataservices.test\bin\debug\ias.dataservices.test.dll" id="462b1419-3006-008a-e11e-188c29a1db54">
      <Execution id="a358d0dc-7291-43b5-9d50-fa087f8b0631" />
      <TestMethod codeBase="D:/[-PRO-]/IAS.DataServices.Test/bin/Debug/IAS.DataServices.Test.DLL" adapterTypeName="Microsoft.VisualStudio.TestTools.TestTypes.Unit.UnitTestAdapter, Microsoft.VisualStudio.QualityTools.Tips.UnitTest.Adapter, Version=10.0.0.0, Culture=neutral, PublicKeyToken=b03f5f7f11d50a3a" className="IAS.DataServices.Test.IPaymentServiceTest, IAS.DataServices.Test, Version=1.0.0.0, Culture=neutral, PublicKeyToken=null" name="GetTempBankTransDetailTest" />
    </UnitTest>
    <UnitTest name="InsertAndCheckExamResultUploadTest" storage="d:\[-pro-]\ias.dataservices.test\bin\debug\ias.dataservices.test.dll" id="7223cede-90fd-ecd3-9657-5cfbf10535e5">
      <Execution id="1fbb6301-13b2-4ca8-adff-73d097ba3869" />
      <TestMethod codeBase="D:/[-PRO-]/IAS.DataServices.Test/bin/Debug/IAS.DataServices.Test.DLL" adapterTypeName="Microsoft.VisualStudio.TestTools.TestTypes.Unit.UnitTestAdapter, Microsoft.VisualStudio.QualityTools.Tips.UnitTest.Adapter, Version=10.0.0.0, Culture=neutral, PublicKeyToken=b03f5f7f11d50a3a" className="IAS.DataServices.Test.ExamServiceTest, IAS.DataServices.Test, Version=1.0.0.0, Culture=neutral, PublicKeyToken=null" name="InsertAndCheckExamResultUploadTest" />
    </UnitTest>
    <UnitTest name="GetPaymentExpireDayTest" storage="d:\[-pro-]\ias.dataservices.test\bin\debug\ias.dataservices.test.dll" id="d0a1dd3e-0341-65a1-bd8f-d4823a9aa102">
      <Execution id="8efc1829-056a-4585-97f7-3a0b0d522d16" />
      <TestMethod codeBase="D:/[-PRO-]/IAS.DataServices.Test/bin/Debug/IAS.DataServices.Test.DLL" adapterTypeName="Microsoft.VisualStudio.TestTools.TestTypes.Unit.UnitTestAdapter, Microsoft.VisualStudio.QualityTools.Tips.UnitTest.Adapter, Version=10.0.0.0, Culture=neutral, PublicKeyToken=b03f5f7f11d50a3a" className="IAS.DataServices.Test.IPaymentServiceTest, IAS.DataServices.Test, Version=1.0.0.0, Culture=neutral, PublicKeyToken=null" name="GetPaymentExpireDayTest" />
    </UnitTest>
    <UnitTest name="UpdateAttachFileTest" storage="d:\[-pro-]\ias.dataservices.test\bin\debug\ias.dataservices.test.dll" id="588dc306-4acb-7637-abbb-5eb4dbbc2c1e">
      <Execution id="24a2aad2-35a1-4398-82c1-4b1069d649e4" />
      <TestMethod codeBase="D:/[-PRO-]/IAS.DataServices.Test/bin/Debug/IAS.DataServices.Test.DLL" adapterTypeName="Microsoft.VisualStudio.TestTools.TestTypes.Unit.UnitTestAdapter, Microsoft.VisualStudio.QualityTools.Tips.UnitTest.Adapter, Version=10.0.0.0, Culture=neutral, PublicKeyToken=b03f5f7f11d50a3a" className="IAS.DataServices.Test.IRegistrationServiceTest, IAS.DataServices.Test, Version=1.0.0.0, Culture=neutral, PublicKeyToken=null" name="UpdateAttachFileTest" />
    </UnitTest>
    <UnitTest name="RegistrationNotApproveTest" storage="d:\[-pro-]\ias.dataservices.test\bin\debug\ias.dataservices.test.dll" id="e6a3bd94-288e-081e-8024-0843b052bd78">
      <Execution id="4c8619a8-0eb8-47d6-b287-94187580909a" />
      <TestMethod codeBase="D:/[-PRO-]/IAS.DataServices.Test/bin/Debug/IAS.DataServices.Test.DLL" adapterTypeName="Microsoft.VisualStudio.TestTools.TestTypes.Unit.UnitTestAdapter, Microsoft.VisualStudio.QualityTools.Tips.UnitTest.Adapter, Version=10.0.0.0, Culture=neutral, PublicKeyToken=b03f5f7f11d50a3a" className="IAS.DataServices.Test.IRegistrationServiceTest, IAS.DataServices.Test, Version=1.0.0.0, Culture=neutral, PublicKeyToken=null" name="RegistrationNotApproveTest" />
    </UnitTest>
    <UnitTest name="GetPaymentDetailByGroupTest" storage="d:\[-pro-]\ias.dataservices.test\bin\debug\ias.dataservices.test.dll" id="b4d42cd9-88fa-a7ad-7a39-f5317a390a35">
      <Execution id="adae502e-cabe-46eb-af0e-28ea4b3f3918" />
      <TestMethod codeBase="D:/[-PRO-]/IAS.DataServices.Test/bin/Debug/IAS.DataServices.Test.DLL" adapterTypeName="Microsoft.VisualStudio.TestTools.TestTypes.Unit.UnitTestAdapter, Microsoft.VisualStudio.QualityTools.Tips.UnitTest.Adapter, Version=10.0.0.0, Culture=neutral, PublicKeyToken=b03f5f7f11d50a3a" className="IAS.DataServices.Test.IPaymentServiceTest, IAS.DataServices.Test, Version=1.0.0.0, Culture=neutral, PublicKeyToken=null" name="GetPaymentDetailByGroupTest" />
    </UnitTest>
    <UnitTest name="TestUploadFileBankSubmit_Then_Update_License_By_OracleStoreProdcedure" storage="d:\[-pro-]\ias.dataservicetest\bin\debug\ias.dataservicetest.dll" id="3bdd7b65-255e-9691-3596-d6d0f8d64b33">
      <Execution id="de858dea-a82f-4b09-ad43-708fe3c69154" />
      <TestMethod codeBase="D:/[-PRO-]/IAS.DataServiceTest/bin/Debug/IAS.DataServiceTest.DLL" adapterTypeName="Microsoft.VisualStudio.TestTools.TestTypes.Unit.UnitTestAdapter, Microsoft.VisualStudio.QualityTools.Tips.UnitTest.Adapter, Version=10.0.0.0, Culture=neutral, PublicKeyToken=b03f5f7f11d50a3a" className="IAS.DataServiceTest.UpdateLicenseOracleStoreProdTest, IAS.DataServiceTest, Version=1.0.0.0, Culture=neutral, PublicKeyToken=null" name="TestUploadFileBankSubmit_Then_Update_License_By_OracleStoreProdcedure" />
    </UnitTest>
    <UnitTest name="ApplicantGroupUploadToSubmitTest" storage="d:\[-pro-]\ias.dataservices.test\bin\debug\ias.dataservices.test.dll" id="2e519d45-6dad-1797-5835-165bfb8cc48b">
      <Execution id="57bd47c0-2c7d-4c51-8450-508258ac60f7" />
      <TestMethod codeBase="D:/[-PRO-]/IAS.DataServices.Test/bin/Debug/IAS.DataServices.Test.DLL" adapterTypeName="Microsoft.VisualStudio.TestTools.TestTypes.Unit.UnitTestAdapter, Microsoft.VisualStudio.QualityTools.Tips.UnitTest.Adapter, Version=10.0.0.0, Culture=neutral, PublicKeyToken=b03f5f7f11d50a3a" className="IAS.DataServices.Test.IApplicantServiceTest, IAS.DataServices.Test, Version=1.0.0.0, Culture=neutral, PublicKeyToken=null" name="ApplicantGroupUploadToSubmitTest" />
    </UnitTest>
    <UnitTest name="Duplicate_Data_Test_Null_Data" storage="d:\[-pro-]\ias.dataservicetest\bin\debug\ias.dataservicetest.dll" id="cf228363-163f-d848-2b92-5b3ff2a7046b">
      <Execution id="6ac5dfec-304a-423f-9ce1-8e0c6dd6164a" />
      <TestMethod codeBase="D:/[-PRO-]/IAS.DataServiceTest/bin/Debug/IAS.DataServiceTest.DLL" adapterTypeName="Microsoft.VisualStudio.TestTools.TestTypes.Unit.UnitTestAdapter, Microsoft.VisualStudio.QualityTools.Tips.UnitTest.Adapter, Version=10.0.0.0, Culture=neutral, PublicKeyToken=b03f5f7f11d50a3a" className="IAS.DataServiceTest.MethodDuplicateTest, IAS.DataServiceTest, Version=1.0.0.0, Culture=neutral, PublicKeyToken=null" name="Duplicate_Data_Test_Null_Data" />
    </UnitTest>
    <UnitTest name="UpdateLicenseTypeTest" storage="d:\[-pro-]\ias.dataservices.test\bin\debug\ias.dataservices.test.dll" id="305bde25-8653-8bfa-c52a-0f0b59f1c16c">
      <Execution id="95436240-6bae-4e02-8b97-48866e52d140" />
      <TestMethod codeBase="D:/[-PRO-]/IAS.DataServices.Test/bin/Debug/IAS.DataServices.Test.DLL" adapterTypeName="Microsoft.VisualStudio.TestTools.TestTypes.Unit.UnitTestAdapter, Microsoft.VisualStudio.QualityTools.Tips.UnitTest.Adapter, Version=10.0.0.0, Culture=neutral, PublicKeyToken=b03f5f7f11d50a3a" className="IAS.DataServices.Test.IExamServiceTest, IAS.DataServices.Test, Version=1.0.0.0, Culture=neutral, PublicKeyToken=null" name="UpdateLicenseTypeTest" />
    </UnitTest>
    <UnitTest name="PlusPrintDownloadCountTest" storage="d:\[-pro-]\ias.dataservices.test\bin\debug\ias.dataservices.test.dll" id="78362feb-ddbb-8a48-6e69-ff3bc3a30cbe">
      <Execution id="e09755f4-1053-496d-aefb-694c5030135c" />
      <TestMethod codeBase="D:/[-PRO-]/IAS.DataServices.Test/bin/Debug/IAS.DataServices.Test.DLL" adapterTypeName="Microsoft.VisualStudio.TestTools.TestTypes.Unit.UnitTestAdapter, Microsoft.VisualStudio.QualityTools.Tips.UnitTest.Adapter, Version=10.0.0.0, Culture=neutral, PublicKeyToken=b03f5f7f11d50a3a" className="IAS.DataServices.Test.IPaymentServiceTest, IAS.DataServices.Test, Version=1.0.0.0, Culture=neutral, PublicKeyToken=null" name="PlusPrintDownloadCountTest" />
    </UnitTest>
    <UnitTest name="SetSubGroupTest" storage="d:\[-pro-]\ias.dataservices.test\bin\debug\ias.dataservices.test.dll" id="67408b6c-ca88-782d-f579-86683367cc81">
      <Execution id="7a073ee8-17ae-4621-916d-8e6584f28fa5" />
      <TestMethod codeBase="D:/[-PRO-]/IAS.DataServices.Test/bin/Debug/IAS.DataServices.Test.DLL" adapterTypeName="Microsoft.VisualStudio.TestTools.TestTypes.Unit.UnitTestAdapter, Microsoft.VisualStudio.QualityTools.Tips.UnitTest.Adapter, Version=10.0.0.0, Culture=neutral, PublicKeyToken=b03f5f7f11d50a3a" className="IAS.DataServices.Test.IPaymentServiceTest, IAS.DataServices.Test, Version=1.0.0.0, Culture=neutral, PublicKeyToken=null" name="SetSubGroupTest" />
    </UnitTest>
    <UnitTest name="getViewPersonLicenseTest" storage="d:\[-pro-]\ias.dataservices.test\bin\debug\ias.dataservices.test.dll" id="49cfa703-0b1a-8a6e-4dbb-2c777e5dad0c">
      <Execution id="b76854b3-d3d9-4813-85ab-8e8d7b8a2183" />
      <TestMethod codeBase="D:/[-PRO-]/IAS.DataServices.Test/bin/Debug/IAS.DataServices.Test.DLL" adapterTypeName="Microsoft.VisualStudio.TestTools.TestTypes.Unit.UnitTestAdapter, Microsoft.VisualStudio.QualityTools.Tips.UnitTest.Adapter, Version=10.0.0.0, Culture=neutral, PublicKeyToken=b03f5f7f11d50a3a" className="IAS.DataServices.Test.LicenseServiceTest, IAS.DataServices.Test, Version=1.0.0.0, Culture=neutral, PublicKeyToken=null" name="getViewPersonLicenseTest" />
    </UnitTest>
    <UnitTest name="CityBankTextFileDetailType6_Can_SubString_To_BankFileDetail" storage="d:\[-pro-]\ias.dataservicetest\bin\debug\ias.dataservicetest.dll" id="972c8046-482f-f6f3-abca-93b704b253d1">
      <Execution id="c9cfaff6-a36a-4075-8723-6407053687ee" />
      <TestMethod codeBase="D:/[-PRO-]/IAS.DataServiceTest/bin/Debug/IAS.DataServiceTest.DLL" adapterTypeName="Microsoft.VisualStudio.TestTools.TestTypes.Unit.UnitTestAdapter, Microsoft.VisualStudio.QualityTools.Tips.UnitTest.Adapter, Version=10.0.0.0, Culture=neutral, PublicKeyToken=b03f5f7f11d50a3a" className="IAS.DataServiceTest.CityBankTextFileTest, IAS.DataServiceTest, Version=1.0.0.0, Culture=neutral, PublicKeyToken=null" name="CityBankTextFileDetailType6_Can_SubString_To_BankFileDetail" />
    </UnitTest>
    <UnitTest name="GetDataPayment_BeforeSentToReportTest" storage="d:\[-pro-]\ias.dataservices.test\bin\debug\ias.dataservices.test.dll" id="5ac928d2-37bf-6c73-78bf-2fa4e905cd81">
      <Execution id="407af52d-1a9a-4b79-a291-f2bb628ef8f0" />
      <TestMethod codeBase="D:/[-PRO-]/IAS.DataServices.Test/bin/Debug/IAS.DataServices.Test.DLL" adapterTypeName="Microsoft.VisualStudio.TestTools.TestTypes.Unit.UnitTestAdapter, Microsoft.VisualStudio.QualityTools.Tips.UnitTest.Adapter, Version=10.0.0.0, Culture=neutral, PublicKeyToken=b03f5f7f11d50a3a" className="IAS.DataServices.Test.IPaymentServiceTest, IAS.DataServices.Test, Version=1.0.0.0, Culture=neutral, PublicKeyToken=null" name="GetDataPayment_BeforeSentToReportTest" />
    </UnitTest>
    <UnitTest name="GeneratePasswordTest" storage="d:\[-pro-]\ias.dataservices.test\bin\debug\ias.dataservices.test.dll" id="d60a9a4b-30e2-3d2d-4821-ca0e9f8ea581">
      <Execution id="625ee27b-6280-41c0-9f1f-f3dc2921d126" />
      <TestMethod codeBase="D:/[-PRO-]/IAS.DataServices.Test/bin/Debug/IAS.DataServices.Test.DLL" adapterTypeName="Microsoft.VisualStudio.TestTools.TestTypes.Unit.UnitTestAdapter, Microsoft.VisualStudio.QualityTools.Tips.UnitTest.Adapter, Version=10.0.0.0, Culture=neutral, PublicKeyToken=b03f5f7f11d50a3a" className="IAS.DataServices.Test.PersonService_RandomPasswordTest, IAS.DataServices.Test, Version=1.0.0.0, Culture=neutral, PublicKeyToken=null" name="GeneratePasswordTest" />
    </UnitTest>
    <UnitTest name="UpdateWithAttachFilesTest" storage="d:\[-pro-]\ias.dataservices.test\bin\debug\ias.dataservices.test.dll" id="108c4675-6607-ea28-e2f9-eb7b4f21d1f4">
      <Execution id="b93b8466-5610-43ff-8e7f-11090501dc31" />
      <TestMethod codeBase="D:/[-PRO-]/IAS.DataServices.Test/bin/Debug/IAS.DataServices.Test.DLL" adapterTypeName="Microsoft.VisualStudio.TestTools.TestTypes.Unit.UnitTestAdapter, Microsoft.VisualStudio.QualityTools.Tips.UnitTest.Adapter, Version=10.0.0.0, Culture=neutral, PublicKeyToken=b03f5f7f11d50a3a" className="IAS.DataServices.Test.IRegistrationServiceTest, IAS.DataServices.Test, Version=1.0.0.0, Culture=neutral, PublicKeyToken=null" name="UpdateWithAttachFilesTest" />
    </UnitTest>
    <UnitTest name="GetSeatAmountTest" storage="d:\[-pro-]\ias.dataservices.test\bin\debug\ias.dataservices.test.dll" id="df9fc5a6-70a4-541a-a7bb-eb72c39eec4d">
      <Execution id="de9e5e10-10b6-4ac4-bcb3-b13822319b8c" />
      <TestMethod codeBase="D:/[-PRO-]/IAS.DataServices.Test/bin/Debug/IAS.DataServices.Test.DLL" adapterTypeName="Microsoft.VisualStudio.TestTools.TestTypes.Unit.UnitTestAdapter, Microsoft.VisualStudio.QualityTools.Tips.UnitTest.Adapter, Version=10.0.0.0, Culture=neutral, PublicKeyToken=b03f5f7f11d50a3a" className="IAS.DataServices.Test.IExamServiceTest, IAS.DataServices.Test, Version=1.0.0.0, Culture=neutral, PublicKeyToken=null" name="GetSeatAmountTest" />
    </UnitTest>
    <UnitTest name="TestSpaceTest" storage="d:\[-pro-]\ias.dataservicetest\bin\debug\ias.dataservicetest.dll" id="de297bb4-9f9b-8faa-8b5a-608604be001c">
      <Execution id="29cb45f0-0c93-4ed1-a3ac-db47111b0b11" />
      <TestMethod codeBase="D:/[-PRO-]/IAS.DataServiceTest/bin/Debug/IAS.DataServiceTest.DLL" adapterTypeName="Microsoft.VisualStudio.TestTools.TestTypes.Unit.UnitTestAdapter, Microsoft.VisualStudio.QualityTools.Tips.UnitTest.Adapter, Version=10.0.0.0, Culture=neutral, PublicKeyToken=b03f5f7f11d50a3a" className="IAS.DataServiceTest.GenerateComposeLicenseRequestTest, IAS.DataServiceTest, Version=1.0.0.0, Culture=neutral, PublicKeyToken=null" name="TestSpaceTest" />
    </UnitTest>
    <UnitTest name="GetAttatchFilesByRegisterationNoTest" storage="d:\[-pro-]\ias.dataservices.test\bin\debug\ias.dataservices.test.dll" id="741d43f8-ea39-3768-ce5f-d6374f290868">
      <Execution id="3dab408a-7148-4c7d-945e-eb2d3d445684" />
      <TestMethod codeBase="D:/[-PRO-]/IAS.DataServices.Test/bin/Debug/IAS.DataServices.Test.DLL" adapterTypeName="Microsoft.VisualStudio.TestTools.TestTypes.Unit.UnitTestAdapter, Microsoft.VisualStudio.QualityTools.Tips.UnitTest.Adapter, Version=10.0.0.0, Culture=neutral, PublicKeyToken=b03f5f7f11d50a3a" className="IAS.DataServices.Test.IRegistrationServiceTest, IAS.DataServices.Test, Version=1.0.0.0, Culture=neutral, PublicKeyToken=null" name="GetAttatchFilesByRegisterationNoTest" />
    </UnitTest>
    <UnitTest name="getNamePaymentByTest" storage="d:\[-pro-]\ias.dataservices.test\bin\debug\ias.dataservices.test.dll" id="669f0d5e-7f05-7f47-10d5-f753d1e80fcd">
      <Execution id="9798f80d-769f-4918-92c9-8e150239b96b" />
      <TestMethod codeBase="D:/[-PRO-]/IAS.DataServices.Test/bin/Debug/IAS.DataServices.Test.DLL" adapterTypeName="Microsoft.VisualStudio.TestTools.TestTypes.Unit.UnitTestAdapter, Microsoft.VisualStudio.QualityTools.Tips.UnitTest.Adapter, Version=10.0.0.0, Culture=neutral, PublicKeyToken=b03f5f7f11d50a3a" className="IAS.DataServices.Test.IPaymentServiceTest, IAS.DataServices.Test, Version=1.0.0.0, Culture=neutral, PublicKeyToken=null" name="getNamePaymentByTest" />
    </UnitTest>
    <UnitTest name="GetAgentTypeListTest" storage="d:\[-pro-]\ias.dataservices.test\bin\debug\ias.dataservices.test.dll" id="267143bb-9322-e814-64ee-20acdc201c2f">
      <Execution id="3759b0ef-e225-46d7-89fb-1c5582e46237" />
      <TestMethod codeBase="D:/[-PRO-]/IAS.DataServices.Test/bin/Debug/IAS.DataServices.Test.DLL" adapterTypeName="Microsoft.VisualStudio.TestTools.TestTypes.Unit.UnitTestAdapter, Microsoft.VisualStudio.QualityTools.Tips.UnitTest.Adapter, Version=10.0.0.0, Culture=neutral, PublicKeyToken=b03f5f7f11d50a3a" className="IAS.DataServices.Test.IExamServiceTest, IAS.DataServices.Test, Version=1.0.0.0, Culture=neutral, PublicKeyToken=null" name="GetAgentTypeListTest" />
    </UnitTest>
    <UnitTest name="GetUserProfileByUsernameTest" storage="d:\[-pro-]\ias.dataservices.test\bin\debug\ias.dataservices.test.dll" id="b8da9a58-6766-09d5-1120-d32ef761438d">
      <Execution id="40c67714-4b3a-4689-bca7-ac6e002357f2" />
      <TestMethod codeBase="D:/[-PRO-]/IAS.DataServices.Test/bin/Debug/IAS.DataServices.Test.DLL" adapterTypeName="Microsoft.VisualStudio.TestTools.TestTypes.Unit.UnitTestAdapter, Microsoft.VisualStudio.QualityTools.Tips.UnitTest.Adapter, Version=10.0.0.0, Culture=neutral, PublicKeyToken=b03f5f7f11d50a3a" className="IAS.DataServices.Test.IPersonServiceTest, IAS.DataServices.Test, Version=1.0.0.0, Culture=neutral, PublicKeyToken=null" name="GetUserProfileByUsernameTest" />
    </UnitTest>
    <UnitTest name="TestWhereEntity" storage="d:\[-pro-]\ias.dataservicetest\bin\debug\ias.dataservicetest.dll" id="36057584-3845-9aec-1363-c9569b93f03d">
      <Execution id="a69be03a-816b-4ec6-9605-01fc456b0046" />
      <TestMethod codeBase="D:/[-PRO-]/IAS.DataServiceTest/bin/Debug/IAS.DataServiceTest.DLL" adapterTypeName="Microsoft.VisualStudio.TestTools.TestTypes.Unit.UnitTestAdapter, Microsoft.VisualStudio.QualityTools.Tips.UnitTest.Adapter, Version=10.0.0.0, Culture=neutral, PublicKeyToken=b03f5f7f11d50a3a" className="IAS.DataServiceTest.GenerateComposeLicenseRequestTest, IAS.DataServiceTest, Version=1.0.0.0, Culture=neutral, PublicKeyToken=null" name="TestWhereEntity" />
    </UnitTest>
    <UnitTest name="ValidatePropTest" storage="d:\[-pro-]\ias.dataservices.test\bin\debug\ias.dataservices.test.dll" id="ec19e082-3b1d-c286-9d06-aac237feecdb">
      <Execution id="7837fa31-3992-4d5f-bde9-bdfcf3fdbf98" />
      <TestMethod codeBase="D:/[-PRO-]/IAS.DataServices.Test/bin/Debug/IAS.DataServices.Test.DLL" adapterTypeName="Microsoft.VisualStudio.TestTools.TestTypes.Unit.UnitTestAdapter, Microsoft.VisualStudio.QualityTools.Tips.UnitTest.Adapter, Version=10.0.0.0, Culture=neutral, PublicKeyToken=b03f5f7f11d50a3a" className="IAS.DataServices.Test.LicenseServiceTest, IAS.DataServices.Test, Version=1.0.0.0, Culture=neutral, PublicKeyToken=null" name="ValidatePropTest" />
    </UnitTest>
    <UnitTest name="GetExamByTestingNoAndPlaceCodeTest" storage="d:\[-pro-]\ias.dataservices.test\bin\debug\ias.dataservices.test.dll" id="b8ccf6b5-9d57-e51d-9e18-314579172388">
      <Execution id="51a8131a-e8df-46b3-85a1-cd6ccdb993b1" />
      <TestMethod codeBase="D:/[-PRO-]/IAS.DataServices.Test/bin/Debug/IAS.DataServices.Test.DLL" adapterTypeName="Microsoft.VisualStudio.TestTools.TestTypes.Unit.UnitTestAdapter, Microsoft.VisualStudio.QualityTools.Tips.UnitTest.Adapter, Version=10.0.0.0, Culture=neutral, PublicKeyToken=b03f5f7f11d50a3a" className="IAS.DataServices.Test.IExamServiceTest, IAS.DataServices.Test, Version=1.0.0.0, Culture=neutral, PublicKeyToken=null" name="GetExamByTestingNoAndPlaceCodeTest" />
    </UnitTest>
    <UnitTest name="DateTimeCompair" storage="d:\[-pro-]\ias.dataservicetest\bin\debug\ias.dataservicetest.dll" id="9f47b2c7-ce44-c38e-61ba-2a8e418e1150">
      <Execution id="30f368bd-d6fe-495b-86fa-eef52d161ce3" />
      <TestMethod codeBase="D:/[-PRO-]/IAS.DataServiceTest/bin/Debug/IAS.DataServiceTest.DLL" adapterTypeName="Microsoft.VisualStudio.TestTools.TestTypes.Unit.UnitTestAdapter, Microsoft.VisualStudio.QualityTools.Tips.UnitTest.Adapter, Version=10.0.0.0, Culture=neutral, PublicKeyToken=b03f5f7f11d50a3a" className="IAS.DataServiceTest.DateTimeTest, IAS.DataServiceTest, Version=1.0.0.0, Culture=neutral, PublicKeyToken=null" name="DateTimeCompair" />
    </UnitTest>
    <UnitTest name="TestCritiaReturnBy_Replece" storage="d:\[-pro-]\ias.dataservicetest\bin\debug\ias.dataservicetest.dll" id="dee67e30-0e15-4246-9876-2da4ce9ba59e">
      <Execution id="f2fcdbc4-551c-4beb-be1f-872420d43e04" />
      <TestMethod codeBase="D:/[-PRO-]/IAS.DataServiceTest/bin/Debug/IAS.DataServiceTest.DLL" adapterTypeName="Microsoft.VisualStudio.TestTools.TestTypes.Unit.UnitTestAdapter, Microsoft.VisualStudio.QualityTools.Tips.UnitTest.Adapter, Version=10.0.0.0, Culture=neutral, PublicKeyToken=b03f5f7f11d50a3a" className="IAS.DataServiceTest.BarCodeTest, IAS.DataServiceTest, Version=1.0.0.0, Culture=neutral, PublicKeyToken=null" name="TestCritiaReturnBy_Replece" />
    </UnitTest>
    <UnitTest name="RegistrationApproveTest" storage="d:\[-pro-]\ias.dataservices.test\bin\debug\ias.dataservices.test.dll" id="d68007fb-2284-43d5-95df-d4d670eb5e3d">
      <Execution id="824dbe77-f857-4f7f-a26d-8383e5a9e634" />
      <TestMethod codeBase="D:/[-PRO-]/IAS.DataServices.Test/bin/Debug/IAS.DataServices.Test.DLL" adapterTypeName="Microsoft.VisualStudio.TestTools.TestTypes.Unit.UnitTestAdapter, Microsoft.VisualStudio.QualityTools.Tips.UnitTest.Adapter, Version=10.0.0.0, Culture=neutral, PublicKeyToken=b03f5f7f11d50a3a" className="IAS.DataServices.Test.IRegistrationServiceTest, IAS.DataServices.Test, Version=1.0.0.0, Culture=neutral, PublicKeyToken=null" name="RegistrationApproveTest" />
    </UnitTest>
    <UnitTest name="GetApplicantNoPaymentTest" storage="d:\[-pro-]\ias.dataservices.test\bin\debug\ias.dataservices.test.dll" id="905c8e79-bcfe-2b72-2ec4-d94f7431f710">
      <Execution id="5903e608-5e60-4f20-868e-ed17ce31d9c0" />
      <TestMethod codeBase="D:/[-PRO-]/IAS.DataServices.Test/bin/Debug/IAS.DataServices.Test.DLL" adapterTypeName="Microsoft.VisualStudio.TestTools.TestTypes.Unit.UnitTestAdapter, Microsoft.VisualStudio.QualityTools.Tips.UnitTest.Adapter, Version=10.0.0.0, Culture=neutral, PublicKeyToken=b03f5f7f11d50a3a" className="IAS.DataServices.Test.IPaymentServiceTest, IAS.DataServices.Test, Version=1.0.0.0, Culture=neutral, PublicKeyToken=null" name="GetApplicantNoPaymentTest" />
    </UnitTest>
    <UnitTest name="MailConfirmHelper_Can_send_mail_registration_toMember" storage="d:\[-pro-]\ias.dataservicetest\bin\debug\ias.dataservicetest.dll" id="90a6d0db-4512-2f79-0708-f1e04e94d27b">
      <Execution id="a04640f3-cfc5-4303-b1a2-d5be3737e9a4" />
      <TestMethod codeBase="D:/[-PRO-]/IAS.DataServiceTest/bin/Debug/IAS.DataServiceTest.DLL" adapterTypeName="Microsoft.VisualStudio.TestTools.TestTypes.Unit.UnitTestAdapter, Microsoft.VisualStudio.QualityTools.Tips.UnitTest.Adapter, Version=10.0.0.0, Culture=neutral, PublicKeyToken=b03f5f7f11d50a3a" className="IAS.DataServiceTest.EmailDataServiceTest, IAS.DataServiceTest, Version=1.0.0.0, Culture=neutral, PublicKeyToken=null" name="MailConfirmHelper_Can_send_mail_registration_toMember" />
    </UnitTest>
    <UnitTest name="RenewPasswordTest" storage="d:\[-pro-]\ias.dataservices.test\bin\debug\ias.dataservices.test.dll" id="21006443-6258-bbf0-6a9a-f4f64b7a3f05">
      <Execution id="ba418eff-04e7-4f2b-aaad-9f50edb24b0b" />
      <TestMethod codeBase="D:/[-PRO-]/IAS.DataServices.Test/bin/Debug/IAS.DataServices.Test.DLL" adapterTypeName="Microsoft.VisualStudio.TestTools.TestTypes.Unit.UnitTestAdapter, Microsoft.VisualStudio.QualityTools.Tips.UnitTest.Adapter, Version=10.0.0.0, Culture=neutral, PublicKeyToken=b03f5f7f11d50a3a" className="IAS.DataServices.Test.IPersonServiceTest, IAS.DataServices.Test, Version=1.0.0.0, Culture=neutral, PublicKeyToken=null" name="RenewPasswordTest" />
    </UnitTest>
    <UnitTest name="Insert12TTest" storage="d:\[-pro-]\ias.dataservices.test\bin\debug\ias.dataservices.test.dll" id="389d2920-6b64-b085-8768-3a3c872177d0">
      <Execution id="e924bd98-9ac1-4ff0-a611-428a35361df2" />
      <TestMethod codeBase="D:/[-PRO-]/IAS.DataServices.Test/bin/Debug/IAS.DataServices.Test.DLL" adapterTypeName="Microsoft.VisualStudio.TestTools.TestTypes.Unit.UnitTestAdapter, Microsoft.VisualStudio.QualityTools.Tips.UnitTest.Adapter, Version=10.0.0.0, Culture=neutral, PublicKeyToken=b03f5f7f11d50a3a" className="IAS.DataServices.Test.PaymentServiceTest, IAS.DataServices.Test, Version=1.0.0.0, Culture=neutral, PublicKeyToken=null" name="Insert12TTest" />
    </UnitTest>
    <UnitTest name="GetCompanyNameByIdToTextTest" storage="d:\[-pro-]\ias.dataservices.test\bin\debug\ias.dataservices.test.dll" id="79f4275e-6b07-0262-6c88-366f9f974a13">
      <Execution id="a3547635-7f57-4bd2-a1ab-109c2e12c9f2" />
      <TestMethod codeBase="D:/[-PRO-]/IAS.DataServices.Test/bin/Debug/IAS.DataServices.Test.DLL" adapterTypeName="Microsoft.VisualStudio.TestTools.TestTypes.Unit.UnitTestAdapter, Microsoft.VisualStudio.QualityTools.Tips.UnitTest.Adapter, Version=10.0.0.0, Culture=neutral, PublicKeyToken=b03f5f7f11d50a3a" className="IAS.DataServices.Test.DataCenterServiceTest, IAS.DataServices.Test, Version=1.0.0.0, Culture=neutral, PublicKeyToken=null" name="GetCompanyNameByIdToTextTest" />
      <AspNet webSiteUrl="http://localhost:9999/">
        <Host pathToWebApp="D:\AIS_NEW_NEW_NEW\WebService\IAS.DataServices" webAppRoot="/" />
      </AspNet>
    </UnitTest>
    <UnitTest name="The_Finance_BillBiz_Can_GetBillNo_By_pass_parameter" storage="d:\[-pro-]\ias.dataservicetest\bin\debug\ias.dataservicetest.dll" id="e3fbf6f8-4a3a-06ee-ab2e-dd7b0398d51b">
      <Execution id="696e5e61-7d58-4167-b8ab-1c21d9b84ff3" />
      <TestMethod codeBase="D:/[-PRO-]/IAS.DataServiceTest/bin/Debug/IAS.DataServiceTest.DLL" adapterTypeName="Microsoft.VisualStudio.TestTools.TestTypes.Unit.UnitTestAdapter, Microsoft.VisualStudio.QualityTools.Tips.UnitTest.Adapter, Version=10.0.0.0, Culture=neutral, PublicKeyToken=b03f5f7f11d50a3a" className="IAS.DataServiceTest.BillBizTests, IAS.DataServiceTest, Version=1.0.0.0, Culture=neutral, PublicKeyToken=null" name="The_Finance_BillBiz_Can_GetBillNo_By_pass_parameter" />
    </UnitTest>
    <UnitTest name="TestDupicate" storage="d:\[-pro-]\ias.dataservicetest\bin\debug\ias.dataservicetest.dll" id="d5bd2e61-25d8-a373-4161-c3925781dba2">
      <Execution id="edc97105-617e-4acc-82f4-07954ac4b42b" />
      <TestMethod codeBase="D:/[-PRO-]/IAS.DataServiceTest/bin/Debug/IAS.DataServiceTest.DLL" adapterTypeName="Microsoft.VisualStudio.TestTools.TestTypes.Unit.UnitTestAdapter, Microsoft.VisualStudio.QualityTools.Tips.UnitTest.Adapter, Version=10.0.0.0, Culture=neutral, PublicKeyToken=b03f5f7f11d50a3a" className="IAS.DataServiceTest.TestValue, IAS.DataServiceTest, Version=1.0.0.0, Culture=neutral, PublicKeyToken=null" name="TestDupicate" />
    </UnitTest>
    <UnitTest name="GetGroupPaymentByCriteriaTest" storage="d:\[-pro-]\ias.dataservices.test\bin\debug\ias.dataservices.test.dll" id="95b9bebe-35c9-39a1-f16b-fca269062e3b">
      <Execution id="37294912-081e-402f-89ff-ddfa88c74139" />
      <TestMethod codeBase="D:/[-PRO-]/IAS.DataServices.Test/bin/Debug/IAS.DataServices.Test.DLL" adapterTypeName="Microsoft.VisualStudio.TestTools.TestTypes.Unit.UnitTestAdapter, Microsoft.VisualStudio.QualityTools.Tips.UnitTest.Adapter, Version=10.0.0.0, Culture=neutral, PublicKeyToken=b03f5f7f11d50a3a" className="IAS.DataServices.Test.IPaymentServiceTest, IAS.DataServices.Test, Version=1.0.0.0, Culture=neutral, PublicKeyToken=null" name="GetGroupPaymentByCriteriaTest" />
    </UnitTest>
    <UnitTest name="DeleteLicensetypeTest" storage="d:\[-pro-]\ias.dataservices.test\bin\debug\ias.dataservices.test.dll" id="0256e8b8-3a78-45c0-ecce-3177b083d335">
      <Execution id="24f8da20-3250-4605-a655-81ac48c1f121" />
      <TestMethod codeBase="D:/[-PRO-]/IAS.DataServices.Test/bin/Debug/IAS.DataServices.Test.DLL" adapterTypeName="Microsoft.VisualStudio.TestTools.TestTypes.Unit.UnitTestAdapter, Microsoft.VisualStudio.QualityTools.Tips.UnitTest.Adapter, Version=10.0.0.0, Culture=neutral, PublicKeyToken=b03f5f7f11d50a3a" className="IAS.DataServices.Test.IExamServiceTest, IAS.DataServices.Test, Version=1.0.0.0, Culture=neutral, PublicKeyToken=null" name="DeleteLicensetypeTest" />
    </UnitTest>
    <UnitTest name="ChangePasswordTest" storage="d:\[-pro-]\ias.dataservices.test\bin\debug\ias.dataservices.test.dll" id="ae73fe09-8a16-80bc-fd0e-275f3a10bd47">
      <Execution id="1a633adb-57d0-45e1-8453-8cbd1ec50120" />
      <TestMethod codeBase="D:/[-PRO-]/IAS.DataServices.Test/bin/Debug/IAS.DataServices.Test.DLL" adapterTypeName="Microsoft.VisualStudio.TestTools.TestTypes.Unit.UnitTestAdapter, Microsoft.VisualStudio.QualityTools.Tips.UnitTest.Adapter, Version=10.0.0.0, Culture=neutral, PublicKeyToken=b03f5f7f11d50a3a" className="IAS.DataServices.Test.IPersonServiceTest, IAS.DataServices.Test, Version=1.0.0.0, Culture=neutral, PublicKeyToken=null" name="ChangePasswordTest" />
    </UnitTest>
    <UnitTest name="CityBankTextFileHeaderType1_Can_SubString_To_BankFileHeader" storage="d:\[-pro-]\ias.dataservicetest\bin\debug\ias.dataservicetest.dll" id="8f0966ee-1abe-fc98-80a7-ff17f171a868">
      <Execution id="b974b1e8-9de9-4ab3-bbdd-9b66d107910c" />
      <TestMethod codeBase="D:/[-PRO-]/IAS.DataServiceTest/bin/Debug/IAS.DataServiceTest.DLL" adapterTypeName="Microsoft.VisualStudio.TestTools.TestTypes.Unit.UnitTestAdapter, Microsoft.VisualStudio.QualityTools.Tips.UnitTest.Adapter, Version=10.0.0.0, Culture=neutral, PublicKeyToken=b03f5f7f11d50a3a" className="IAS.DataServiceTest.CityBankTextFileTest, IAS.DataServiceTest, Version=1.0.0.0, Culture=neutral, PublicKeyToken=null" name="CityBankTextFileHeaderType1_Can_SubString_To_BankFileHeader" />
    </UnitTest>
    <UnitTest name="CanChangeExamTest" storage="d:\[-pro-]\ias.dataservices.test\bin\debug\ias.dataservices.test.dll" id="05a79f07-b5cc-05ee-aa2d-a1e4eaf8b0ef">
      <Execution id="ece7fbaf-d4e9-4ff7-98b3-f71c92f8a039" />
      <TestMethod codeBase="D:/[-PRO-]/IAS.DataServices.Test/bin/Debug/IAS.DataServices.Test.DLL" adapterTypeName="Microsoft.VisualStudio.TestTools.TestTypes.Unit.UnitTestAdapter, Microsoft.VisualStudio.QualityTools.Tips.UnitTest.Adapter, Version=10.0.0.0, Culture=neutral, PublicKeyToken=b03f5f7f11d50a3a" className="IAS.DataServices.Test.IExamServiceTest, IAS.DataServices.Test, Version=1.0.0.0, Culture=neutral, PublicKeyToken=null" name="CanChangeExamTest" />
    </UnitTest>
    <UnitTest name="GetLicenseConfigByPetitionTest" storage="d:\[-pro-]\ias.dataservices.test\bin\debug\ias.dataservices.test.dll" id="7ed60232-b82b-7192-5cbe-9cd14c7ff10f">
      <Execution id="066e416a-ac67-4e1a-b84e-5004b41eb3ce" />
      <TestMethod codeBase="D:/[-PRO-]/IAS.DataServices.Test/bin/Debug/IAS.DataServices.Test.DLL" adapterTypeName="Microsoft.VisualStudio.TestTools.TestTypes.Unit.UnitTestAdapter, Microsoft.VisualStudio.QualityTools.Tips.UnitTest.Adapter, Version=10.0.0.0, Culture=neutral, PublicKeyToken=b03f5f7f11d50a3a" className="IAS.DataServices.Test.LicenseServiceTest, IAS.DataServices.Test, Version=1.0.0.0, Culture=neutral, PublicKeyToken=null" name="GetLicenseConfigByPetitionTest" />
    </UnitTest>
    <UnitTest name="GetPersonTempTest" storage="d:\[-pro-]\ias.dataservices.test\bin\debug\ias.dataservices.test.dll" id="28ea2903-1a0b-7cce-3b35-96988561c73e">
      <Execution id="01189a36-307f-4814-9aba-979be40582c0" />
      <TestMethod codeBase="D:/[-PRO-]/IAS.DataServices.Test/bin/Debug/IAS.DataServices.Test.DLL" adapterTypeName="Microsoft.VisualStudio.TestTools.TestTypes.Unit.UnitTestAdapter, Microsoft.VisualStudio.QualityTools.Tips.UnitTest.Adapter, Version=10.0.0.0, Culture=neutral, PublicKeyToken=b03f5f7f11d50a3a" className="IAS.DataServices.Test.IPersonServiceTest, IAS.DataServices.Test, Version=1.0.0.0, Culture=neutral, PublicKeyToken=null" name="GetPersonTempTest" />
    </UnitTest>
    <UnitTest name="GetExamRoomByPlaceCodeAndTimeCodeTest" storage="d:\[-pro-]\ias.dataservices.test\bin\debug\ias.dataservices.test.dll" id="2f8221e5-b8d6-7000-19fe-e778a707fe4d">
      <Execution id="422183dd-8c4c-41c7-a4fd-c3229cf9b833" />
      <TestMethod codeBase="D:/[-PRO-]/IAS.DataServices.Test/bin/Debug/IAS.DataServices.Test.DLL" adapterTypeName="Microsoft.VisualStudio.TestTools.TestTypes.Unit.UnitTestAdapter, Microsoft.VisualStudio.QualityTools.Tips.UnitTest.Adapter, Version=10.0.0.0, Culture=neutral, PublicKeyToken=b03f5f7f11d50a3a" className="IAS.DataServices.Test.ExamServiceTest, IAS.DataServices.Test, Version=1.0.0.0, Culture=neutral, PublicKeyToken=null" name="GetExamRoomByPlaceCodeAndTimeCodeTest" />
    </UnitTest>
    <UnitTest name="GetRcvHisDetailTest" storage="d:\[-pro-]\ias.dataservices.test\bin\debug\ias.dataservices.test.dll" id="7801fab5-f2a2-85e8-fb8d-94012e60fe88">
      <Execution id="71f12f05-e49a-4d13-9402-acd8b3dca6e9" />
      <TestMethod codeBase="D:/[-PRO-]/IAS.DataServices.Test/bin/Debug/IAS.DataServices.Test.DLL" adapterTypeName="Microsoft.VisualStudio.TestTools.TestTypes.Unit.UnitTestAdapter, Microsoft.VisualStudio.QualityTools.Tips.UnitTest.Adapter, Version=10.0.0.0, Culture=neutral, PublicKeyToken=b03f5f7f11d50a3a" className="IAS.DataServices.Test.IPaymentServiceTest, IAS.DataServices.Test, Version=1.0.0.0, Culture=neutral, PublicKeyToken=null" name="GetRcvHisDetailTest" />
    </UnitTest>
    <UnitTest name="GetByIdCardTest" storage="d:\[-pro-]\ias.dataservices.test\bin\debug\ias.dataservices.test.dll" id="42765432-bc77-847a-1a7c-2c1109779a2a">
      <Execution id="f956102e-e1c7-44ba-9efc-5fda446a3f1e" />
      <TestMethod codeBase="D:/[-PRO-]/IAS.DataServices.Test/bin/Debug/IAS.DataServices.Test.DLL" adapterTypeName="Microsoft.VisualStudio.TestTools.TestTypes.Unit.UnitTestAdapter, Microsoft.VisualStudio.QualityTools.Tips.UnitTest.Adapter, Version=10.0.0.0, Culture=neutral, PublicKeyToken=b03f5f7f11d50a3a" className="IAS.DataServices.Test.IRegistrationServiceTest, IAS.DataServices.Test, Version=1.0.0.0, Culture=neutral, PublicKeyToken=null" name="GetByIdCardTest" />
    </UnitTest>
    <UnitTest name="CodedUITestMethod1" storage="d:\[-pro-]\ias.dataservicetest\bin\debug\ias.dataservicetest.dll" id="68532a04-6112-ed9f-5ce1-9b8b6ff51e08">
      <Execution id="882d8200-a02e-4f60-9e14-7ab9549b7358" />
      <TestMethod codeBase="D:/[-PRO-]/IAS.DataServiceTest/bin/Debug/IAS.DataServiceTest.DLL" adapterTypeName="Microsoft.VisualStudio.TestTools.TestTypes.Unit.UnitTestAdapter, Microsoft.VisualStudio.QualityTools.Tips.UnitTest.Adapter, Version=10.0.0.0, Culture=neutral, PublicKeyToken=b03f5f7f11d50a3a" className="IAS.DataServiceTest.CodedUITest1, IAS.DataServiceTest, Version=1.0.0.0, Culture=neutral, PublicKeyToken=null" name="CodedUITestMethod1" />
      <Extension>Microsoft.VisualStudio.TestTools.UITesting.CodedUITestAttribute, Microsoft.VisualStudio.QualityTools.CodedUITestFramework, Version=10.0.0.0, Culture=neutral, PublicKeyToken=b03f5f7f11d50a3a</Extension>
    </UnitTest>
    <UnitTest name="GenPaymentNumberTest" storage="d:\[-pro-]\ias.dataservices.test\bin\debug\ias.dataservices.test.dll" id="01e03fc8-bcc4-acd4-da41-16175f95b6da">
      <Execution id="f3d998fb-7953-4f93-b215-e020542cf2da" />
      <TestMethod codeBase="D:/[-PRO-]/IAS.DataServices.Test/bin/Debug/IAS.DataServices.Test.DLL" adapterTypeName="Microsoft.VisualStudio.TestTools.TestTypes.Unit.UnitTestAdapter, Microsoft.VisualStudio.QualityTools.Tips.UnitTest.Adapter, Version=10.0.0.0, Culture=neutral, PublicKeyToken=b03f5f7f11d50a3a" className="IAS.DataServices.Test.IPaymentServiceTest, IAS.DataServices.Test, Version=1.0.0.0, Culture=neutral, PublicKeyToken=null" name="GenPaymentNumberTest" />
    </UnitTest>
    <UnitTest name="GetHolidayTest" storage="d:\[-pro-]\ias.dataservices.test\bin\debug\ias.dataservices.test.dll" id="ea7b7da7-c550-9d6f-0ca6-fe28fe53a0df">
      <Execution id="c2ee56d7-5544-49f0-b4c1-7c196ff2aa24" />
      <TestMethod codeBase="D:/[-PRO-]/IAS.DataServices.Test/bin/Debug/IAS.DataServices.Test.DLL" adapterTypeName="Microsoft.VisualStudio.TestTools.TestTypes.Unit.UnitTestAdapter, Microsoft.VisualStudio.QualityTools.Tips.UnitTest.Adapter, Version=10.0.0.0, Culture=neutral, PublicKeyToken=b03f5f7f11d50a3a" className="IAS.DataServices.Test.IExamServiceTest, IAS.DataServices.Test, Version=1.0.0.0, Culture=neutral, PublicKeyToken=null" name="GetHolidayTest" />
    </UnitTest>
    <UnitTest name="GetExamHistoryByIDTest" storage="d:\[-pro-]\ias.dataservices.test\bin\debug\ias.dataservices.test.dll" id="51da17ee-8ca5-b6ec-7408-2897d1cccf52">
      <Execution id="ec929e70-0a0d-4299-bd24-71c9c0177145" />
      <TestMethod codeBase="D:/[-PRO-]/IAS.DataServices.Test/bin/Debug/IAS.DataServices.Test.DLL" adapterTypeName="Microsoft.VisualStudio.TestTools.TestTypes.Unit.UnitTestAdapter, Microsoft.VisualStudio.QualityTools.Tips.UnitTest.Adapter, Version=10.0.0.0, Culture=neutral, PublicKeyToken=b03f5f7f11d50a3a" className="IAS.DataServices.Test.PaymentServiceTest, IAS.DataServices.Test, Version=1.0.0.0, Culture=neutral, PublicKeyToken=null" name="GetExamHistoryByIDTest" />
    </UnitTest>
    <UnitTest name="UpdateExamTest" storage="d:\[-pro-]\ias.dataservices.test\bin\debug\ias.dataservices.test.dll" id="adbcf798-18a4-2d9c-cf77-e8c9c3135754">
      <Execution id="828707d0-0d4c-4023-b37b-6e321732bb86" />
      <TestMethod codeBase="D:/[-PRO-]/IAS.DataServices.Test/bin/Debug/IAS.DataServices.Test.DLL" adapterTypeName="Microsoft.VisualStudio.TestTools.TestTypes.Unit.UnitTestAdapter, Microsoft.VisualStudio.QualityTools.Tips.UnitTest.Adapter, Version=10.0.0.0, Culture=neutral, PublicKeyToken=b03f5f7f11d50a3a" className="IAS.DataServices.Test.IExamServiceTest, IAS.DataServices.Test, Version=1.0.0.0, Culture=neutral, PublicKeyToken=null" name="UpdateExamTest" />
    </UnitTest>
    <UnitTest name="InsertAttachFileToRegistrationTest" storage="d:\[-pro-]\ias.dataservices.test\bin\debug\ias.dataservices.test.dll" id="ce596f10-3082-c475-1ef7-3c9474252a5d">
      <Execution id="0494aac7-a184-4037-bbd7-b4a1a4c42641" />
      <TestMethod codeBase="D:/[-PRO-]/IAS.DataServices.Test/bin/Debug/IAS.DataServices.Test.DLL" adapterTypeName="Microsoft.VisualStudio.TestTools.TestTypes.Unit.UnitTestAdapter, Microsoft.VisualStudio.QualityTools.Tips.UnitTest.Adapter, Version=10.0.0.0, Culture=neutral, PublicKeyToken=b03f5f7f11d50a3a" className="IAS.DataServices.Test.IRegistrationServiceTest, IAS.DataServices.Test, Version=1.0.0.0, Culture=neutral, PublicKeyToken=null" name="InsertAttachFileToRegistrationTest" />
    </UnitTest>
    <UnitTest name="LicenseRequestFactory_Can_Reader_ComposeFile" storage="d:\[-pro-]\ias.dataservicetest\bin\debug\ias.dataservicetest.dll" id="4bb9b35b-50d2-8cde-e923-693bf4231ef4">
      <Execution id="e64f345a-437a-4e77-9543-e787ca983430" />
      <TestMethod codeBase="D:/[-PRO-]/IAS.DataServiceTest/bin/Debug/IAS.DataServiceTest.DLL" adapterTypeName="Microsoft.VisualStudio.TestTools.TestTypes.Unit.UnitTestAdapter, Microsoft.VisualStudio.QualityTools.Tips.UnitTest.Adapter, Version=10.0.0.0, Culture=neutral, PublicKeyToken=b03f5f7f11d50a3a" className="IAS.DataServiceTest.LicenseRequestFileUploadTest, IAS.DataServiceTest, Version=1.0.0.0, Culture=neutral, PublicKeyToken=null" name="LicenseRequestFactory_Can_Reader_ComposeFile" />
    </UnitTest>
    <UnitTest name="EntityValidation" storage="d:\[-pro-]\ias.dataservices.test\bin\debug\ias.dataservices.test.dll" id="9750e1b3-f1c0-85f3-54d5-02af97f32398">
      <Execution id="8197c1e1-58e7-48c2-ac76-e4c312c52e31" />
      <TestMethod codeBase="D:/[-PRO-]/IAS.DataServices.Test/bin/Debug/IAS.DataServices.Test.DLL" adapterTypeName="Microsoft.VisualStudio.TestTools.TestTypes.Unit.UnitTestAdapter, Microsoft.VisualStudio.QualityTools.Tips.UnitTest.Adapter, Version=10.0.0.0, Culture=neutral, PublicKeyToken=b03f5f7f11d50a3a" className="IAS.DataServices.Test.IRegistrationServiceTest, IAS.DataServices.Test, Version=1.0.0.0, Culture=neutral, PublicKeyToken=null" name="EntityValidation" />
    </UnitTest>
    <UnitTest name="DeleteExamTest" storage="d:\[-pro-]\ias.dataservices.test\bin\debug\ias.dataservices.test.dll" id="0253b8c2-17e1-2808-3362-12369371651d">
      <Execution id="5ad49234-20b1-41cc-9eb5-08e6f56a284d" />
      <TestMethod codeBase="D:/[-PRO-]/IAS.DataServices.Test/bin/Debug/IAS.DataServices.Test.DLL" adapterTypeName="Microsoft.VisualStudio.TestTools.TestTypes.Unit.UnitTestAdapter, Microsoft.VisualStudio.QualityTools.Tips.UnitTest.Adapter, Version=10.0.0.0, Culture=neutral, PublicKeyToken=b03f5f7f11d50a3a" className="IAS.DataServices.Test.IExamServiceTest, IAS.DataServices.Test, Version=1.0.0.0, Culture=neutral, PublicKeyToken=null" name="DeleteExamTest" />
    </UnitTest>
    <UnitTest name="TestSubLinq" storage="d:\[-pro-]\ias.dataservicetest\bin\debug\ias.dataservicetest.dll" id="83667c25-b34f-4628-925c-856c06d747d6">
      <Execution id="cdd62956-2b42-466f-8ca9-8354a7e85355" />
      <TestMethod codeBase="D:/[-PRO-]/IAS.DataServiceTest/bin/Debug/IAS.DataServiceTest.DLL" adapterTypeName="Microsoft.VisualStudio.TestTools.TestTypes.Unit.UnitTestAdapter, Microsoft.VisualStudio.QualityTools.Tips.UnitTest.Adapter, Version=10.0.0.0, Culture=neutral, PublicKeyToken=b03f5f7f11d50a3a" className="IAS.DataServiceTest.LinqTestingSumEntitiesValue, IAS.DataServiceTest, Version=1.0.0.0, Culture=neutral, PublicKeyToken=null" name="TestSubLinq" />
    </UnitTest>
    <UnitTest name="GetPlaceExamNameByIdTest" storage="d:\[-pro-]\ias.dataservices.test\bin\debug\ias.dataservices.test.dll" id="f8bae1ea-a897-80c2-ce72-d62a853c3616">
      <Execution id="db903b40-fc12-490d-b73c-cfc9a3712778" />
      <TestMethod codeBase="D:/[-PRO-]/IAS.DataServices.Test/bin/Debug/IAS.DataServices.Test.DLL" adapterTypeName="Microsoft.VisualStudio.TestTools.TestTypes.Unit.UnitTestAdapter, Microsoft.VisualStudio.QualityTools.Tips.UnitTest.Adapter, Version=10.0.0.0, Culture=neutral, PublicKeyToken=b03f5f7f11d50a3a" className="IAS.DataServices.Test.DataCenterServiceTest, IAS.DataServices.Test, Version=1.0.0.0, Culture=neutral, PublicKeyToken=null" name="GetPlaceExamNameByIdTest" />
    </UnitTest>
    <UnitTest name="GetUserProfileAttatchFileByPersonIdTest" storage="d:\[-pro-]\ias.dataservices.test\bin\debug\ias.dataservices.test.dll" id="593b8aac-2d22-ebc7-10de-1f3334922ac5">
      <Execution id="f3e205d9-e721-47de-adbc-cd4afcf25401" />
      <TestMethod codeBase="D:/[-PRO-]/IAS.DataServices.Test/bin/Debug/IAS.DataServices.Test.DLL" adapterTypeName="Microsoft.VisualStudio.TestTools.TestTypes.Unit.UnitTestAdapter, Microsoft.VisualStudio.QualityTools.Tips.UnitTest.Adapter, Version=10.0.0.0, Culture=neutral, PublicKeyToken=b03f5f7f11d50a3a" className="IAS.DataServices.Test.IPersonServiceTest, IAS.DataServices.Test, Version=1.0.0.0, Culture=neutral, PublicKeyToken=null" name="GetUserProfileAttatchFileByPersonIdTest" />
    </UnitTest>
    <UnitTest name="TestObjectClassBindStringObjectClass" storage="d:\[-pro-]\ias.dataservicetest\bin\debug\ias.dataservicetest.dll" id="26db8a55-b1ae-a3ee-f981-d52bdffff1b9">
      <Execution id="48c48f86-a17d-4894-938a-d74eda1d9399" />
      <TestMethod codeBase="D:/[-PRO-]/IAS.DataServiceTest/bin/Debug/IAS.DataServiceTest.DLL" adapterTypeName="Microsoft.VisualStudio.TestTools.TestTypes.Unit.UnitTestAdapter, Microsoft.VisualStudio.QualityTools.Tips.UnitTest.Adapter, Version=10.0.0.0, Culture=neutral, PublicKeyToken=b03f5f7f11d50a3a" className="IAS.DataServiceTest.ObjectClass_BindSting_Property_And_ValueTest, IAS.DataServiceTest, Version=1.0.0.0, Culture=neutral, PublicKeyToken=null" name="TestObjectClassBindStringObjectClass" />
    </UnitTest>
    <UnitTest name="GetPersonByCriteriaTest" storage="d:\[-pro-]\ias.dataservices.test\bin\debug\ias.dataservices.test.dll" id="df61230b-55f4-b8d9-7965-c77266751ec2">
      <Execution id="a14f4675-1ce4-4785-bf58-6d90799b8856" />
      <TestMethod codeBase="D:/[-PRO-]/IAS.DataServices.Test/bin/Debug/IAS.DataServices.Test.DLL" adapterTypeName="Microsoft.VisualStudio.TestTools.TestTypes.Unit.UnitTestAdapter, Microsoft.VisualStudio.QualityTools.Tips.UnitTest.Adapter, Version=10.0.0.0, Culture=neutral, PublicKeyToken=b03f5f7f11d50a3a" className="IAS.DataServices.Test.IPersonServiceTest, IAS.DataServices.Test, Version=1.0.0.0, Culture=neutral, PublicKeyToken=null" name="GetPersonByCriteriaTest" />
    </UnitTest>
    <UnitTest name="GetExamRoomTest" storage="d:\[-pro-]\ias.dataservices.test\bin\debug\ias.dataservices.test.dll" id="d1ada082-d50c-d8f8-968f-cf6757a044f7">
      <Execution id="704d4cd1-4b9a-4b88-ae4e-a27174fda274" />
      <TestMethod codeBase="D:/[-PRO-]/IAS.DataServices.Test/bin/Debug/IAS.DataServices.Test.DLL" adapterTypeName="Microsoft.VisualStudio.TestTools.TestTypes.Unit.UnitTestAdapter, Microsoft.VisualStudio.QualityTools.Tips.UnitTest.Adapter, Version=10.0.0.0, Culture=neutral, PublicKeyToken=b03f5f7f11d50a3a" className="IAS.DataServices.Test.IExamServiceTest, IAS.DataServices.Test, Version=1.0.0.0, Culture=neutral, PublicKeyToken=null" name="GetExamRoomTest" />
    </UnitTest>
    <UnitTest name="GetTempAttatchFileByPersonIdTest" storage="d:\[-pro-]\ias.dataservices.test\bin\debug\ias.dataservices.test.dll" id="b01e3434-0d00-60b3-81c0-bff12a1045ce">
      <Execution id="ac1a3bb2-382a-41f2-9fad-55fa2f8da4ab" />
      <TestMethod codeBase="D:/[-PRO-]/IAS.DataServices.Test/bin/Debug/IAS.DataServices.Test.DLL" adapterTypeName="Microsoft.VisualStudio.TestTools.TestTypes.Unit.UnitTestAdapter, Microsoft.VisualStudio.QualityTools.Tips.UnitTest.Adapter, Version=10.0.0.0, Culture=neutral, PublicKeyToken=b03f5f7f11d50a3a" className="IAS.DataServices.Test.IPersonServiceTest, IAS.DataServices.Test, Version=1.0.0.0, Culture=neutral, PublicKeyToken=null" name="GetTempAttatchFileByPersonIdTest" />
    </UnitTest>
    <UnitTest name="LicenseRequest_Can_Seperate_DataRowDetail" storage="d:\[-pro-]\ias.dataservicetest\bin\debug\ias.dataservicetest.dll" id="fc179cf8-b581-029e-3ba5-ae678b6edef3">
      <Execution id="93f9e0c1-acda-4c1f-bf82-6d67f0375df7" />
      <TestMethod codeBase="D:/[-PRO-]/IAS.DataServiceTest/bin/Debug/IAS.DataServiceTest.DLL" adapterTypeName="Microsoft.VisualStudio.TestTools.TestTypes.Unit.UnitTestAdapter, Microsoft.VisualStudio.QualityTools.Tips.UnitTest.Adapter, Version=10.0.0.0, Culture=neutral, PublicKeyToken=b03f5f7f11d50a3a" className="IAS.DataServiceTest.LicenseRequestFileUploadTest, IAS.DataServiceTest, Version=1.0.0.0, Culture=neutral, PublicKeyToken=null" name="LicenseRequest_Can_Seperate_DataRowDetail" />
    </UnitTest>
    <UnitTest name="GetExamCodeTest" storage="d:\[-pro-]\ias.dataservices.test\bin\debug\ias.dataservices.test.dll" id="27c4f348-9e33-b1a6-54e4-d1457acec12a">
      <Execution id="9830eda8-0e18-4338-b8b9-cb53591733f5" />
      <TestMethod codeBase="D:/[-PRO-]/IAS.DataServices.Test/bin/Debug/IAS.DataServices.Test.DLL" adapterTypeName="Microsoft.VisualStudio.TestTools.TestTypes.Unit.UnitTestAdapter, Microsoft.VisualStudio.QualityTools.Tips.UnitTest.Adapter, Version=10.0.0.0, Culture=neutral, PublicKeyToken=b03f5f7f11d50a3a" className="IAS.DataServices.Test.IPaymentServiceTest, IAS.DataServices.Test, Version=1.0.0.0, Culture=neutral, PublicKeyToken=null" name="GetExamCodeTest" />
    </UnitTest>
    <UnitTest name="GetLicenseGroupRequestPaidTest" storage="d:\[-pro-]\ias.dataservices.test\bin\debug\ias.dataservices.test.dll" id="18aeab10-a06d-984c-4508-a89e5543819b">
      <Execution id="59d0af8b-ac98-47a3-b95c-b1aa20f2c36b" />
      <TestMethod codeBase="D:/[-PRO-]/IAS.DataServices.Test/bin/Debug/IAS.DataServices.Test.DLL" adapterTypeName="Microsoft.VisualStudio.TestTools.TestTypes.Unit.UnitTestAdapter, Microsoft.VisualStudio.QualityTools.Tips.UnitTest.Adapter, Version=10.0.0.0, Culture=neutral, PublicKeyToken=b03f5f7f11d50a3a" className="IAS.DataServices.Test.IPaymentServiceTest, IAS.DataServices.Test, Version=1.0.0.0, Culture=neutral, PublicKeyToken=null" name="GetLicenseGroupRequestPaidTest" />
    </UnitTest>
    <UnitTest name="GetApplicantByIdTest" storage="d:\[-pro-]\ias.dataservices.test\bin\debug\ias.dataservices.test.dll" id="b6eb61cf-6151-443a-4253-fa0d076a51b1">
      <Execution id="6e9b571f-a29b-4fa0-80fd-8c01ce9f5175" />
      <TestMethod codeBase="D:/[-PRO-]/IAS.DataServices.Test/bin/Debug/IAS.DataServices.Test.DLL" adapterTypeName="Microsoft.VisualStudio.TestTools.TestTypes.Unit.UnitTestAdapter, Microsoft.VisualStudio.QualityTools.Tips.UnitTest.Adapter, Version=10.0.0.0, Culture=neutral, PublicKeyToken=b03f5f7f11d50a3a" className="IAS.DataServices.Test.IApplicantServiceTest, IAS.DataServices.Test, Version=1.0.0.0, Culture=neutral, PublicKeyToken=null" name="GetApplicantByIdTest" />
    </UnitTest>
    <UnitTest name="GetUserProfileByIdTest" storage="d:\[-pro-]\ias.dataservices.test\bin\debug\ias.dataservices.test.dll" id="56b6189c-a9e7-6473-967d-eedb9cb70abd">
      <Execution id="dbfb832f-21bb-4858-8da6-7db404c38ec4" />
      <TestMethod codeBase="D:/[-PRO-]/IAS.DataServices.Test/bin/Debug/IAS.DataServices.Test.DLL" adapterTypeName="Microsoft.VisualStudio.TestTools.TestTypes.Unit.UnitTestAdapter, Microsoft.VisualStudio.QualityTools.Tips.UnitTest.Adapter, Version=10.0.0.0, Culture=neutral, PublicKeyToken=b03f5f7f11d50a3a" className="IAS.DataServices.Test.IPersonServiceTest, IAS.DataServices.Test, Version=1.0.0.0, Culture=neutral, PublicKeyToken=null" name="GetUserProfileByIdTest" />
    </UnitTest>
    <UnitTest name="ChangePasswordTimeTest" storage="d:\[-pro-]\ias.dataservices.test\bin\debug\ias.dataservices.test.dll" id="e55020ee-49da-e874-77ed-6c2a1b29d28e">
      <Execution id="73561c22-29e0-4e78-9b60-803ade94f70e" />
      <TestMethod codeBase="D:/[-PRO-]/IAS.DataServices.Test/bin/Debug/IAS.DataServices.Test.DLL" adapterTypeName="Microsoft.VisualStudio.TestTools.TestTypes.Unit.UnitTestAdapter, Microsoft.VisualStudio.QualityTools.Tips.UnitTest.Adapter, Version=10.0.0.0, Culture=neutral, PublicKeyToken=b03f5f7f11d50a3a" className="IAS.DataServices.Test.IPersonServiceTest, IAS.DataServices.Test, Version=1.0.0.0, Culture=neutral, PublicKeyToken=null" name="ChangePasswordTimeTest" />
    </UnitTest>
    <UnitTest name="GetByFirstLastNameTest" storage="d:\[-pro-]\ias.dataservices.test\bin\debug\ias.dataservices.test.dll" id="a2507719-9230-a97b-7f22-67dd86ccf715">
      <Execution id="7da94887-198f-438c-88a1-dc585d4cfe60" />
      <TestMethod codeBase="D:/[-PRO-]/IAS.DataServices.Test/bin/Debug/IAS.DataServices.Test.DLL" adapterTypeName="Microsoft.VisualStudio.TestTools.TestTypes.Unit.UnitTestAdapter, Microsoft.VisualStudio.QualityTools.Tips.UnitTest.Adapter, Version=10.0.0.0, Culture=neutral, PublicKeyToken=b03f5f7f11d50a3a" className="IAS.DataServices.Test.IRegistrationServiceTest, IAS.DataServices.Test, Version=1.0.0.0, Culture=neutral, PublicKeyToken=null" name="GetByFirstLastNameTest" />
    </UnitTest>
    <UnitTest name="GetApplicantByCriteriaTest" storage="d:\[-pro-]\ias.dataservices.test\bin\debug\ias.dataservices.test.dll" id="a7c77879-5b16-f595-0226-710690c886a1">
      <Execution id="1ce7762a-6938-4609-a051-903d0c278ee4" />
      <TestMethod codeBase="D:/[-PRO-]/IAS.DataServices.Test/bin/Debug/IAS.DataServices.Test.DLL" adapterTypeName="Microsoft.VisualStudio.TestTools.TestTypes.Unit.UnitTestAdapter, Microsoft.VisualStudio.QualityTools.Tips.UnitTest.Adapter, Version=10.0.0.0, Culture=neutral, PublicKeyToken=b03f5f7f11d50a3a" className="IAS.DataServices.Test.ApplicantServiceTest, IAS.DataServices.Test, Version=1.0.0.0, Culture=neutral, PublicKeyToken=null" name="GetApplicantByCriteriaTest" />
    </UnitTest>
    <UnitTest name="ForgetPasswordRequestTest" storage="d:\[-pro-]\ias.dataservices.test\bin\debug\ias.dataservices.test.dll" id="fd64fbbd-d910-c762-2cc7-a4920d322353">
      <Execution id="630c04f7-8af0-4a64-97f4-210333840629" />
      <TestMethod codeBase="D:/[-PRO-]/IAS.DataServices.Test/bin/Debug/IAS.DataServices.Test.DLL" adapterTypeName="Microsoft.VisualStudio.TestTools.TestTypes.Unit.UnitTestAdapter, Microsoft.VisualStudio.QualityTools.Tips.UnitTest.Adapter, Version=10.0.0.0, Culture=neutral, PublicKeyToken=b03f5f7f11d50a3a" className="IAS.DataServices.Test.IPersonServiceTest, IAS.DataServices.Test, Version=1.0.0.0, Culture=neutral, PublicKeyToken=null" name="ForgetPasswordRequestTest" />
    </UnitTest>
    <UnitTest name="CreateReceiveNumber" storage="d:\[-pro-]\ias.dataservicetest\bin\debug\ias.dataservicetest.dll" id="cd63d5c4-d7f9-ff11-c133-8fb8e0a1f4ee">
      <Execution id="570335f1-2218-4dc6-b8f2-29f22b2cae28" />
      <TestMethod codeBase="D:/[-PRO-]/IAS.DataServiceTest/bin/Debug/IAS.DataServiceTest.DLL" adapterTypeName="Microsoft.VisualStudio.TestTools.TestTypes.Unit.UnitTestAdapter, Microsoft.VisualStudio.QualityTools.Tips.UnitTest.Adapter, Version=10.0.0.0, Culture=neutral, PublicKeyToken=b03f5f7f11d50a3a" className="IAS.DataServiceTest.GenerateReceiptNumberTest, IAS.DataServiceTest, Version=1.0.0.0, Culture=neutral, PublicKeyToken=null" name="CreateReceiveNumber" />
    </UnitTest>
    <UnitTest name="TestOracleRaw16AndGuid" storage="d:\[-pro-]\ias.dataservicetest\bin\debug\ias.dataservicetest.dll" id="f7ab6e20-0f16-fc9f-e204-c90ad88c9f5a">
      <Execution id="ced5f22e-c772-4370-8cad-796663ed02ac" />
      <TestMethod codeBase="D:/[-PRO-]/IAS.DataServiceTest/bin/Debug/IAS.DataServiceTest.DLL" adapterTypeName="Microsoft.VisualStudio.TestTools.TestTypes.Unit.UnitTestAdapter, Microsoft.VisualStudio.QualityTools.Tips.UnitTest.Adapter, Version=10.0.0.0, Culture=neutral, PublicKeyToken=b03f5f7f11d50a3a" className="IAS.DataServiceTest.TestGuidOracleAndDotNet, IAS.DataServiceTest, Version=1.0.0.0, Culture=neutral, PublicKeyToken=null" name="TestOracleRaw16AndGuid" />
    </UnitTest>
    <UnitTest name="GetExamByCriteriaTest" storage="d:\[-pro-]\ias.dataservices.test\bin\debug\ias.dataservices.test.dll" id="c97889a7-4b5d-47e2-de1a-f0e3096cbc00">
      <Execution id="468c1db0-208a-4efa-a93e-1e4562eb70aa" />
      <TestMethod codeBase="D:/[-PRO-]/IAS.DataServices.Test/bin/Debug/IAS.DataServices.Test.DLL" adapterTypeName="Microsoft.VisualStudio.TestTools.TestTypes.Unit.UnitTestAdapter, Microsoft.VisualStudio.QualityTools.Tips.UnitTest.Adapter, Version=10.0.0.0, Culture=neutral, PublicKeyToken=b03f5f7f11d50a3a" className="IAS.DataServices.Test.IExamServiceTest, IAS.DataServices.Test, Version=1.0.0.0, Culture=neutral, PublicKeyToken=null" name="GetExamByCriteriaTest" />
    </UnitTest>
    <UnitTest name="CreateZipTest" storage="d:\[-pro-]\ias.dataservices.test\bin\debug\ias.dataservices.test.dll" id="9b03a9f3-e2fa-8a50-69e2-664a695c83ab">
      <Execution id="e5e2d993-0ecc-46dd-9416-d1666f6684d5" />
      <TestMethod codeBase="D:/[-PRO-]/IAS.DataServices.Test/bin/Debug/IAS.DataServices.Test.DLL" adapterTypeName="Microsoft.VisualStudio.TestTools.TestTypes.Unit.UnitTestAdapter, Microsoft.VisualStudio.QualityTools.Tips.UnitTest.Adapter, Version=10.0.0.0, Culture=neutral, PublicKeyToken=b03f5f7f11d50a3a" className="IAS.DataServices.Test.IPaymentServiceTest, IAS.DataServices.Test, Version=1.0.0.0, Culture=neutral, PublicKeyToken=null" name="CreateZipTest" />
    </UnitTest>
    <UnitTest name="DeleteHolidayTest" storage="d:\[-pro-]\ias.dataservices.test\bin\debug\ias.dataservices.test.dll" id="9615de6b-1918-9780-a15f-1a19ad65978b">
      <Execution id="3888e12b-fd7a-4e06-9a1f-dc8c4d23867f" />
      <TestMethod codeBase="D:/[-PRO-]/IAS.DataServices.Test/bin/Debug/IAS.DataServices.Test.DLL" adapterTypeName="Microsoft.VisualStudio.TestTools.TestTypes.Unit.UnitTestAdapter, Microsoft.VisualStudio.QualityTools.Tips.UnitTest.Adapter, Version=10.0.0.0, Culture=neutral, PublicKeyToken=b03f5f7f11d50a3a" className="IAS.DataServices.Test.IExamServiceTest, IAS.DataServices.Test, Version=1.0.0.0, Culture=neutral, PublicKeyToken=null" name="DeleteHolidayTest" />
    </UnitTest>
    <UnitTest name="OnLoad_GetRequestTest" storage="d:\[-pro-]\ias.dataservicetest\bin\debug\ias.dataservicetest.dll" id="ba42dd46-21b6-920a-0edd-46d4dca822f8">
      <Execution id="be0de378-b6be-4660-992f-ee62a0939ca0" />
      <TestMethod codeBase="D:/[-PRO-]/IAS.DataServiceTest/bin/Debug/IAS.DataServiceTest.DLL" adapterTypeName="Microsoft.VisualStudio.TestTools.TestTypes.Unit.UnitTestAdapter, Microsoft.VisualStudio.QualityTools.Tips.UnitTest.Adapter, Version=10.0.0.0, Culture=neutral, PublicKeyToken=b03f5f7f11d50a3a" className="IAS.DataServiceTest.IAS_PAYMENT_GETReceiptTests, IAS.DataServiceTest, Version=1.0.0.0, Culture=neutral, PublicKeyToken=null" name="OnLoad_GetRequestTest" />
    </UnitTest>
    <UnitTest name="Auto_CancelAppNoPayTest" storage="d:\[-pro-]\ias.dataservices.test\bin\debug\ias.dataservices.test.dll" id="186393ca-1d38-7703-ec60-12946f62e548">
      <Execution id="73852a90-396b-45f3-a560-d6255c6c232f" />
      <TestMethod codeBase="D:/[-PRO-]/IAS.DataServices.Test/bin/Debug/IAS.DataServices.Test.DLL" adapterTypeName="Microsoft.VisualStudio.TestTools.TestTypes.Unit.UnitTestAdapter, Microsoft.VisualStudio.QualityTools.Tips.UnitTest.Adapter, Version=10.0.0.0, Culture=neutral, PublicKeyToken=b03f5f7f11d50a3a" className="IAS.DataServices.Test.PaymentServiceTest, IAS.DataServices.Test, Version=1.0.0.0, Culture=neutral, PublicKeyToken=null" name="Auto_CancelAppNoPayTest" />
    </UnitTest>
    <UnitTest name="GetApplicantGroupUploadByGroupUploadNoTest" storage="d:\[-pro-]\ias.dataservices.test\bin\debug\ias.dataservices.test.dll" id="f5f95521-3d48-55d5-079a-81869f00a403">
      <Execution id="1684698a-8769-4606-b7dc-dc0a910f73c3" />
      <TestMethod codeBase="D:/[-PRO-]/IAS.DataServices.Test/bin/Debug/IAS.DataServices.Test.DLL" adapterTypeName="Microsoft.VisualStudio.TestTools.TestTypes.Unit.UnitTestAdapter, Microsoft.VisualStudio.QualityTools.Tips.UnitTest.Adapter, Version=10.0.0.0, Culture=neutral, PublicKeyToken=b03f5f7f11d50a3a" className="IAS.DataServices.Test.IApplicantServiceTest, IAS.DataServices.Test, Version=1.0.0.0, Culture=neutral, PublicKeyToken=null" name="GetApplicantGroupUploadByGroupUploadNoTest" />
    </UnitTest>
    <UnitTest name="TestSelectGroupPaymentLicenseDaily" storage="d:\[-pro-]\ias.dataservicetest\bin\debug\ias.dataservicetest.dll" id="384be727-3822-8210-3645-82e695872148">
      <Execution id="59ed3b08-8302-44e3-ba03-9a8e849dfb81" />
      <TestMethod codeBase="D:/[-PRO-]/IAS.DataServiceTest/bin/Debug/IAS.DataServiceTest.DLL" adapterTypeName="Microsoft.VisualStudio.TestTools.TestTypes.Unit.UnitTestAdapter, Microsoft.VisualStudio.QualityTools.Tips.UnitTest.Adapter, Version=10.0.0.0, Culture=neutral, PublicKeyToken=b03f5f7f11d50a3a" className="IAS.DataServiceTest.GenerateComposeLicenseRequestTest, IAS.DataServiceTest, Version=1.0.0.0, Culture=neutral, PublicKeyToken=null" name="TestSelectGroupPaymentLicenseDaily" />
    </UnitTest>
    <UnitTest name="Test_Method_GenBankImportFile_From_Datebase" storage="d:\[-pro-]\ias.dataservicetest\bin\debug\ias.dataservicetest.dll" id="3a5bdce7-1094-17ee-d309-48b19d1fcee8">
      <Execution id="a263c86a-efb3-43d0-bd9c-14c536c6f1e6" />
      <TestMethod codeBase="D:/[-PRO-]/IAS.DataServiceTest/bin/Debug/IAS.DataServiceTest.DLL" adapterTypeName="Microsoft.VisualStudio.TestTools.TestTypes.Unit.UnitTestAdapter, Microsoft.VisualStudio.QualityTools.Tips.UnitTest.Adapter, Version=10.0.0.0, Culture=neutral, PublicKeyToken=b03f5f7f11d50a3a" className="IAS.DataServiceTest.BillBizTests, IAS.DataServiceTest, Version=1.0.0.0, Culture=neutral, PublicKeyToken=null" name="Test_Method_GenBankImportFile_From_Datebase" />
    </UnitTest>
    <UnitTest name="The_BankReferanceNumber_Test_True_Formating" storage="d:\[-pro-]\ias.dataservicetest\bin\debug\ias.dataservicetest.dll" id="501f0d6e-3b3b-54d6-f840-7572caa94b95">
      <Execution id="d5f4e676-f676-46c2-af0d-320d56c11441" />
      <TestMethod codeBase="D:/[-PRO-]/IAS.DataServiceTest/bin/Debug/IAS.DataServiceTest.DLL" adapterTypeName="Microsoft.VisualStudio.TestTools.TestTypes.Unit.UnitTestAdapter, Microsoft.VisualStudio.QualityTools.Tips.UnitTest.Adapter, Version=10.0.0.0, Culture=neutral, PublicKeyToken=b03f5f7f11d50a3a" className="IAS.DataServiceTest.BankReferanceNumberTest, IAS.DataServiceTest, Version=1.0.0.0, Culture=neutral, PublicKeyToken=null" name="The_BankReferanceNumber_Test_True_Formating" />
    </UnitTest>
    <UnitTest name="GetRenewLicneseByIdCard" storage="d:\[-pro-]\ias.dataservices.test\bin\debug\ias.dataservices.test.dll" id="70e7121a-5ffa-c52c-05fa-12360a058ed4">
      <Execution id="3ffe1a27-e875-48ae-bb74-cc896419c345" />
      <TestMethod codeBase="D:/[-PRO-]/IAS.DataServices.Test/bin/Debug/IAS.DataServices.Test.DLL" adapterTypeName="Microsoft.VisualStudio.TestTools.TestTypes.Unit.UnitTestAdapter, Microsoft.VisualStudio.QualityTools.Tips.UnitTest.Adapter, Version=10.0.0.0, Culture=neutral, PublicKeyToken=b03f5f7f11d50a3a" className="IAS.DataServices.Test.LicenseServiceTest, IAS.DataServices.Test, Version=1.0.0.0, Culture=neutral, PublicKeyToken=null" name="GetRenewLicneseByIdCard" />
    </UnitTest>
    <UnitTest name="MoveExtachFileTest" storage="d:\[-pro-]\ias.dataservices.test\bin\debug\ias.dataservices.test.dll" id="b7c4df33-a9a4-5548-e5e2-aa36c4a352d1">
      <Execution id="db7d4f5d-9919-4d12-9131-90b3f7da767d" />
      <TestMethod codeBase="D:/[-PRO-]/IAS.DataServices.Test/bin/Debug/IAS.DataServices.Test.DLL" adapterTypeName="Microsoft.VisualStudio.TestTools.TestTypes.Unit.UnitTestAdapter, Microsoft.VisualStudio.QualityTools.Tips.UnitTest.Adapter, Version=10.0.0.0, Culture=neutral, PublicKeyToken=b03f5f7f11d50a3a" className="IAS.DataServices.Test.LicenseServiceTest, IAS.DataServices.Test, Version=1.0.0.0, Culture=neutral, PublicKeyToken=null" name="MoveExtachFileTest" />
    </UnitTest>
    <UnitTest name="GetByIdTest" storage="d:\[-pro-]\ias.dataservices.test\bin\debug\ias.dataservices.test.dll" id="5f173446-56b6-2e92-c930-7c0cd96e5d43">
      <Execution id="f83f7a7a-cc14-4943-ac03-319fc6ee88fe" />
      <TestMethod codeBase="D:/[-PRO-]/IAS.DataServices.Test/bin/Debug/IAS.DataServices.Test.DLL" adapterTypeName="Microsoft.VisualStudio.TestTools.TestTypes.Unit.UnitTestAdapter, Microsoft.VisualStudio.QualityTools.Tips.UnitTest.Adapter, Version=10.0.0.0, Culture=neutral, PublicKeyToken=b03f5f7f11d50a3a" className="IAS.DataServices.Test.IPersonServiceTest, IAS.DataServices.Test, Version=1.0.0.0, Culture=neutral, PublicKeyToken=null" name="GetByIdTest" />
    </UnitTest>
    <UnitTest name="UpdatePaymentExpireDayTest" storage="d:\[-pro-]\ias.dataservices.test\bin\debug\ias.dataservices.test.dll" id="d6091b55-ef08-0a53-056e-fb56bf7d542e">
      <Execution id="d34e9b2a-d228-4372-885b-289f014ba53d" />
      <TestMethod codeBase="D:/[-PRO-]/IAS.DataServices.Test/bin/Debug/IAS.DataServices.Test.DLL" adapterTypeName="Microsoft.VisualStudio.TestTools.TestTypes.Unit.UnitTestAdapter, Microsoft.VisualStudio.QualityTools.Tips.UnitTest.Adapter, Version=10.0.0.0, Culture=neutral, PublicKeyToken=b03f5f7f11d50a3a" className="IAS.DataServices.Test.IPaymentServiceTest, IAS.DataServices.Test, Version=1.0.0.0, Culture=neutral, PublicKeyToken=null" name="UpdatePaymentExpireDayTest" />
    </UnitTest>
    <UnitTest name="UpdateOICTest" storage="d:\[-pro-]\ias.dataservices.test\bin\debug\ias.dataservices.test.dll" id="63a7c11e-5e1b-640b-f596-ccb683c01c97">
      <Execution id="e3cd8a27-d5e1-41e6-85d8-44276c904e05" />
      <TestMethod codeBase="D:/[-PRO-]/IAS.DataServices.Test/bin/Debug/IAS.DataServices.Test.DLL" adapterTypeName="Microsoft.VisualStudio.TestTools.TestTypes.Unit.UnitTestAdapter, Microsoft.VisualStudio.QualityTools.Tips.UnitTest.Adapter, Version=10.0.0.0, Culture=neutral, PublicKeyToken=b03f5f7f11d50a3a" className="IAS.DataServices.Test.IPersonServiceTest, IAS.DataServices.Test, Version=1.0.0.0, Culture=neutral, PublicKeyToken=null" name="UpdateOICTest" />
    </UnitTest>
    <UnitTest name="TestCreateDirectory" storage="d:\[-pro-]\ias.dataservicetest\bin\debug\ias.dataservicetest.dll" id="1ccbc4da-c795-8ba7-8679-5201fa66f039">
      <Execution id="05ef6d55-5d13-4c58-8c7c-c3788fc43167" />
      <TestMethod codeBase="D:/[-PRO-]/IAS.DataServiceTest/bin/Debug/IAS.DataServiceTest.DLL" adapterTypeName="Microsoft.VisualStudio.TestTools.TestTypes.Unit.UnitTestAdapter, Microsoft.VisualStudio.QualityTools.Tips.UnitTest.Adapter, Version=10.0.0.0, Culture=neutral, PublicKeyToken=b03f5f7f11d50a3a" className="IAS.DataServiceTest.GenerateComposeLicenseRequestTest, IAS.DataServiceTest, Version=1.0.0.0, Culture=neutral, PublicKeyToken=null" name="TestCreateDirectory" />
    </UnitTest>
    <UnitTest name="GetPaymentDetailByGroupTest" storage="d:\[-pro-]\ias.dataservices.test\bin\debug\ias.dataservices.test.dll" id="c7241d66-4d00-cbae-2176-2727b8d732cd">
      <Execution id="a122b8a8-ae77-46a1-b63d-7ad3b8491c3d" />
      <TestMethod codeBase="D:/[-PRO-]/IAS.DataServices.Test/bin/Debug/IAS.DataServices.Test.DLL" adapterTypeName="Microsoft.VisualStudio.TestTools.TestTypes.Unit.UnitTestAdapter, Microsoft.VisualStudio.QualityTools.Tips.UnitTest.Adapter, Version=10.0.0.0, Culture=neutral, PublicKeyToken=b03f5f7f11d50a3a" className="IAS.DataServices.Test.PaymentServiceTest, IAS.DataServices.Test, Version=1.0.0.0, Culture=neutral, PublicKeyToken=null" name="GetPaymentDetailByGroupTest" />
    </UnitTest>
    <UnitTest name="TestMethod1" storage="d:\[-pro-]\ias.dataservicetest\bin\debug\ias.dataservicetest.dll" id="d017efb9-1a33-3d32-304c-504b1d4379ee">
      <Execution id="8824dbf3-3500-4585-adb4-bb3e88df490d" />
      <TestMethod codeBase="D:/[-PRO-]/IAS.DataServiceTest/bin/Debug/IAS.DataServiceTest.DLL" adapterTypeName="Microsoft.VisualStudio.TestTools.TestTypes.Unit.UnitTestAdapter, Microsoft.VisualStudio.QualityTools.Tips.UnitTest.Adapter, Version=10.0.0.0, Culture=neutral, PublicKeyToken=b03f5f7f11d50a3a" className="IAS.DataServiceTest.InsertAccountingTest, IAS.DataServiceTest, Version=1.0.0.0, Culture=neutral, PublicKeyToken=null" name="TestMethod1" />
    </UnitTest>
    <UnitTest name="TestMethod1" storage="d:\[-pro-]\ias.dataservicetest\bin\debug\ias.dataservicetest.dll" id="ff197499-a395-6992-e5be-e2b280b98015">
      <Execution id="b2789677-bdb7-4a45-b9bb-2c273507ec4a" />
      <TestMethod codeBase="D:/[-PRO-]/IAS.DataServiceTest/bin/Debug/IAS.DataServiceTest.DLL" adapterTypeName="Microsoft.VisualStudio.TestTools.TestTypes.Unit.UnitTestAdapter, Microsoft.VisualStudio.QualityTools.Tips.UnitTest.Adapter, Version=10.0.0.0, Culture=neutral, PublicKeyToken=b03f5f7f11d50a3a" className="IAS.DataServiceTest.UserOIC_id_FormatTest, IAS.DataServiceTest, Version=1.0.0.0, Culture=neutral, PublicKeyToken=null" name="TestMethod1" />
    </UnitTest>
    <UnitTest name="LicenseRequestFactory_Can_Reader_ComposeFile_ขอใหม่_li01_1001_22_1" storage="d:\[-pro-]\ias.dataservicetest\bin\debug\ias.dataservicetest.dll" id="dbe6b9e9-87f1-f01d-265b-91c29b7383a6">
      <Execution id="be5cefec-1ff7-413a-a664-9a9d939040bf" />
      <TestMethod codeBase="D:/[-PRO-]/IAS.DataServiceTest/bin/Debug/IAS.DataServiceTest.DLL" adapterTypeName="Microsoft.VisualStudio.TestTools.TestTypes.Unit.UnitTestAdapter, Microsoft.VisualStudio.QualityTools.Tips.UnitTest.Adapter, Version=10.0.0.0, Culture=neutral, PublicKeyToken=b03f5f7f11d50a3a" className="IAS.DataServiceTest.LicenseRequestFileUploadTest, IAS.DataServiceTest, Version=1.0.0.0, Culture=neutral, PublicKeyToken=null" name="LicenseRequestFactory_Can_Reader_ComposeFile_ขอใหม่_li01_1001_22_1" />
    </UnitTest>
    <UnitTest name="GetExamHistoryByID" storage="d:\[-pro-]\ias.dataservices.test\bin\debug\ias.dataservices.test.dll" id="e5a98ddc-5c3a-98f8-e601-8693bb19d52c">
      <Execution id="a364670d-9723-452f-8949-a0fe0da05f35" />
      <TestMethod codeBase="D:/[-PRO-]/IAS.DataServices.Test/bin/Debug/IAS.DataServices.Test.DLL" adapterTypeName="Microsoft.VisualStudio.TestTools.TestTypes.Unit.UnitTestAdapter, Microsoft.VisualStudio.QualityTools.Tips.UnitTest.Adapter, Version=10.0.0.0, Culture=neutral, PublicKeyToken=b03f5f7f11d50a3a" className="IAS.DataServices.Test.LicenseServiceTest, IAS.DataServices.Test, Version=1.0.0.0, Culture=neutral, PublicKeyToken=null" name="GetExamHistoryByID" />
    </UnitTest>
    <UnitTest name="GetExamByTestCenterTest" storage="d:\[-pro-]\ias.dataservices.test\bin\debug\ias.dataservices.test.dll" id="dcad9806-70cc-6fca-7390-8ce405564c45">
      <Execution id="151bb19e-d0e4-4039-9f4f-8060bccbc1b2" />
      <TestMethod codeBase="D:/[-PRO-]/IAS.DataServices.Test/bin/Debug/IAS.DataServices.Test.DLL" adapterTypeName="Microsoft.VisualStudio.TestTools.TestTypes.Unit.UnitTestAdapter, Microsoft.VisualStudio.QualityTools.Tips.UnitTest.Adapter, Version=10.0.0.0, Culture=neutral, PublicKeyToken=b03f5f7f11d50a3a" className="IAS.DataServices.Test.IExamServiceTest, IAS.DataServices.Test, Version=1.0.0.0, Culture=neutral, PublicKeyToken=null" name="GetExamByTestCenterTest" />
    </UnitTest>
    <UnitTest name="GetExamByYearMonthTest" storage="d:\[-pro-]\ias.dataservices.test\bin\debug\ias.dataservices.test.dll" id="967bb15f-68a1-002f-d2b9-9fa3ca3b9a84">
      <Execution id="139ddc44-53b4-48ff-9508-d1ee90dda784" />
      <TestMethod codeBase="D:/[-PRO-]/IAS.DataServices.Test/bin/Debug/IAS.DataServices.Test.DLL" adapterTypeName="Microsoft.VisualStudio.TestTools.TestTypes.Unit.UnitTestAdapter, Microsoft.VisualStudio.QualityTools.Tips.UnitTest.Adapter, Version=10.0.0.0, Culture=neutral, PublicKeyToken=b03f5f7f11d50a3a" className="IAS.DataServices.Test.IExamServiceTest, IAS.DataServices.Test, Version=1.0.0.0, Culture=neutral, PublicKeyToken=null" name="GetExamByYearMonthTest" />
    </UnitTest>
    <UnitTest name="TestMethod1" storage="d:\[-pro-]\ias.dataservicetest\bin\debug\ias.dataservicetest.dll" id="80e7863e-5ffe-c3cd-cd16-f07a5b1559ac">
      <Execution id="e9f4854b-7b42-459a-ac5f-1d84c66fa377" />
      <TestMethod codeBase="D:/[-PRO-]/IAS.DataServiceTest/bin/Debug/IAS.DataServiceTest.DLL" adapterTypeName="Microsoft.VisualStudio.TestTools.TestTypes.Unit.UnitTestAdapter, Microsoft.VisualStudio.QualityTools.Tips.UnitTest.Adapter, Version=10.0.0.0, Culture=neutral, PublicKeyToken=b03f5f7f11d50a3a" className="IAS.DataServiceTest.AddYearTest, IAS.DataServiceTest, Version=1.0.0.0, Culture=neutral, PublicKeyToken=null" name="TestMethod1" />
    </UnitTest>
    <UnitTest name="ApplicantFileFactory_Can_Create_ApplicationFileHeader" storage="d:\[-pro-]\ias.dataservicetest\bin\debug\ias.dataservicetest.dll" id="0bac3ba7-71a9-9170-31fc-6aff87f9b9ba">
      <Execution id="c32ee7c4-ea79-4366-95a9-7f61612142a3" />
      <TestMethod codeBase="D:/[-PRO-]/IAS.DataServiceTest/bin/Debug/IAS.DataServiceTest.DLL" adapterTypeName="Microsoft.VisualStudio.TestTools.TestTypes.Unit.UnitTestAdapter, Microsoft.VisualStudio.QualityTools.Tips.UnitTest.Adapter, Version=10.0.0.0, Culture=neutral, PublicKeyToken=b03f5f7f11d50a3a" className="IAS.DataServiceTest.ApplicationFileUploadTest, IAS.DataServiceTest, Version=1.0.0.0, Culture=neutral, PublicKeyToken=null" name="ApplicantFileFactory_Can_Create_ApplicationFileHeader" />
    </UnitTest>
    <UnitTest name="GetExamResultTempEditTest" storage="d:\[-pro-]\ias.dataservices.test\bin\debug\ias.dataservices.test.dll" id="3f65c837-0ebd-6848-c106-420108716635">
      <Execution id="bb356c08-cd10-4109-ac0d-4e4d400a5c9b" />
      <TestMethod codeBase="D:/[-PRO-]/IAS.DataServices.Test/bin/Debug/IAS.DataServices.Test.DLL" adapterTypeName="Microsoft.VisualStudio.TestTools.TestTypes.Unit.UnitTestAdapter, Microsoft.VisualStudio.QualityTools.Tips.UnitTest.Adapter, Version=10.0.0.0, Culture=neutral, PublicKeyToken=b03f5f7f11d50a3a" className="IAS.DataServices.Test.IExamServiceTest, IAS.DataServices.Test, Version=1.0.0.0, Culture=neutral, PublicKeyToken=null" name="GetExamResultTempEditTest" />
    </UnitTest>
    <UnitTest name="CancelApplicantsHeaderTest" storage="d:\[-pro-]\ias.dataservices.test\bin\debug\ias.dataservices.test.dll" id="3ec49255-8cf8-4103-ae2a-846aecb64f6f">
      <Execution id="4dcc884e-d093-4903-bbe3-f0f90672cc8d" />
      <TestMethod codeBase="D:/[-PRO-]/IAS.DataServices.Test/bin/Debug/IAS.DataServices.Test.DLL" adapterTypeName="Microsoft.VisualStudio.TestTools.TestTypes.Unit.UnitTestAdapter, Microsoft.VisualStudio.QualityTools.Tips.UnitTest.Adapter, Version=10.0.0.0, Culture=neutral, PublicKeyToken=b03f5f7f11d50a3a" className="IAS.DataServices.Test.IPaymentServiceTest, IAS.DataServices.Test, Version=1.0.0.0, Culture=neutral, PublicKeyToken=null" name="CancelApplicantsHeaderTest" />
    </UnitTest>
    <UnitTest name="GetExamByTestingNoTest" storage="d:\[-pro-]\ias.dataservices.test\bin\debug\ias.dataservices.test.dll" id="adb4b2a4-1be2-f784-ba93-ff4df4e47351">
      <Execution id="13c46881-62f0-4fef-a96d-79e621faae91" />
      <TestMethod codeBase="D:/[-PRO-]/IAS.DataServices.Test/bin/Debug/IAS.DataServices.Test.DLL" adapterTypeName="Microsoft.VisualStudio.TestTools.TestTypes.Unit.UnitTestAdapter, Microsoft.VisualStudio.QualityTools.Tips.UnitTest.Adapter, Version=10.0.0.0, Culture=neutral, PublicKeyToken=b03f5f7f11d50a3a" className="IAS.DataServices.Test.IExamServiceTest, IAS.DataServices.Test, Version=1.0.0.0, Culture=neutral, PublicKeyToken=null" name="GetExamByTestingNoTest" />
    </UnitTest>
    <UnitTest name="GetUserProfileTest" storage="d:\[-pro-]\ias.dataservices.test\bin\debug\ias.dataservices.test.dll" id="c3c1b77c-557a-3bb0-45f0-1295ab0b73e1">
      <Execution id="c77bd3e3-c2ab-4b98-8656-df085f8da9bf" />
      <TestMethod codeBase="D:/[-PRO-]/IAS.DataServices.Test/bin/Debug/IAS.DataServices.Test.DLL" adapterTypeName="Microsoft.VisualStudio.TestTools.TestTypes.Unit.UnitTestAdapter, Microsoft.VisualStudio.QualityTools.Tips.UnitTest.Adapter, Version=10.0.0.0, Culture=neutral, PublicKeyToken=b03f5f7f11d50a3a" className="IAS.DataServices.Test.IPersonServiceTest, IAS.DataServices.Test, Version=1.0.0.0, Culture=neutral, PublicKeyToken=null" name="GetUserProfileTest" />
    </UnitTest>
    <UnitTest name="CityBankTextFileTotalType8_Can_SubString_To_BankFileTotal" storage="d:\[-pro-]\ias.dataservicetest\bin\debug\ias.dataservicetest.dll" id="0cd5be48-1093-b1b3-0d6c-53b853b506c3">
      <Execution id="0850987f-72bd-4ca3-b565-700b6e28dab3" />
      <TestMethod codeBase="D:/[-PRO-]/IAS.DataServiceTest/bin/Debug/IAS.DataServiceTest.DLL" adapterTypeName="Microsoft.VisualStudio.TestTools.TestTypes.Unit.UnitTestAdapter, Microsoft.VisualStudio.QualityTools.Tips.UnitTest.Adapter, Version=10.0.0.0, Culture=neutral, PublicKeyToken=b03f5f7f11d50a3a" className="IAS.DataServiceTest.CityBankTextFileTest, IAS.DataServiceTest, Version=1.0.0.0, Culture=neutral, PublicKeyToken=null" name="CityBankTextFileTotalType8_Can_SubString_To_BankFileTotal" />
    </UnitTest>
    <UnitTest name="ExamResultUploadToSubmitTest" storage="d:\[-pro-]\ias.dataservices.test\bin\debug\ias.dataservices.test.dll" id="ef0916fb-ed65-557c-0c5c-2a45b9aac89a">
      <Execution id="bf52e8f0-2065-4ab9-a5f1-fd957db6aefc" />
      <TestMethod codeBase="D:/[-PRO-]/IAS.DataServices.Test/bin/Debug/IAS.DataServices.Test.DLL" adapterTypeName="Microsoft.VisualStudio.TestTools.TestTypes.Unit.UnitTestAdapter, Microsoft.VisualStudio.QualityTools.Tips.UnitTest.Adapter, Version=10.0.0.0, Culture=neutral, PublicKeyToken=b03f5f7f11d50a3a" className="IAS.DataServices.Test.IExamServiceTest, IAS.DataServices.Test, Version=1.0.0.0, Culture=neutral, PublicKeyToken=null" name="ExamResultUploadToSubmitTest" />
    </UnitTest>
    <UnitTest name="ErrorTraceLog_ToDatabase_CanLogDatabase" storage="d:\[-pro-]\ias.dataservicetest\bin\debug\ias.dataservicetest.dll" id="c976b72d-81d4-e2f3-3eed-060e9a7d2e88">
      <Execution id="e355f63c-c173-4923-9b76-ba5f0ef16902" />
      <TestMethod codeBase="D:/[-PRO-]/IAS.DataServiceTest/bin/Debug/IAS.DataServiceTest.DLL" adapterTypeName="Microsoft.VisualStudio.TestTools.TestTypes.Unit.UnitTestAdapter, Microsoft.VisualStudio.QualityTools.Tips.UnitTest.Adapter, Version=10.0.0.0, Culture=neutral, PublicKeyToken=b03f5f7f11d50a3a" className="IAS.DataServiceTest.ErrorTraceLog_ToDatabaseTest, IAS.DataServiceTest, Version=1.0.0.0, Culture=neutral, PublicKeyToken=null" name="ErrorTraceLog_ToDatabase_CanLogDatabase" />
    </UnitTest>
    <UnitTest name="Signature_ImgTest" storage="d:\[-pro-]\ias.dataservices.test\bin\debug\ias.dataservices.test.dll" id="66f70cea-707e-5c9c-00f8-93e8f8a1f848">
      <Execution id="3f986dc2-bc5c-47fa-8918-ef2493bc165e" />
      <TestMethod codeBase="D:/[-PRO-]/IAS.DataServices.Test/bin/Debug/IAS.DataServices.Test.DLL" adapterTypeName="Microsoft.VisualStudio.TestTools.TestTypes.Unit.UnitTestAdapter, Microsoft.VisualStudio.QualityTools.Tips.UnitTest.Adapter, Version=10.0.0.0, Culture=neutral, PublicKeyToken=b03f5f7f11d50a3a" className="IAS.DataServices.Test.IPaymentServiceTest, IAS.DataServices.Test, Version=1.0.0.0, Culture=neutral, PublicKeyToken=null" name="Signature_ImgTest" />
    </UnitTest>
    <UnitTest name="UpdateTest" storage="d:\[-pro-]\ias.dataservices.test\bin\debug\ias.dataservices.test.dll" id="07a52d6e-5512-a85f-03e7-f116dafed311">
      <Execution id="3c198d45-254c-4477-ad5a-fe938222be7a" />
      <TestMethod codeBase="D:/[-PRO-]/IAS.DataServices.Test/bin/Debug/IAS.DataServices.Test.DLL" adapterTypeName="Microsoft.VisualStudio.TestTools.TestTypes.Unit.UnitTestAdapter, Microsoft.VisualStudio.QualityTools.Tips.UnitTest.Adapter, Version=10.0.0.0, Culture=neutral, PublicKeyToken=b03f5f7f11d50a3a" className="IAS.DataServices.Test.IRegistrationServiceTest, IAS.DataServices.Test, Version=1.0.0.0, Culture=neutral, PublicKeyToken=null" name="UpdateTest" />
    </UnitTest>
    <UnitTest name="GetGroupExamTest" storage="d:\[-pro-]\ias.dataservices.test\bin\debug\ias.dataservices.test.dll" id="d73a434d-2bdf-3dd2-5da0-6aa8b1e2f904">
      <Execution id="3f3fe6cb-ae19-41d8-a1c3-f6ff10fd6b3f" />
      <TestMethod codeBase="D:/[-PRO-]/IAS.DataServices.Test/bin/Debug/IAS.DataServices.Test.DLL" adapterTypeName="Microsoft.VisualStudio.TestTools.TestTypes.Unit.UnitTestAdapter, Microsoft.VisualStudio.QualityTools.Tips.UnitTest.Adapter, Version=10.0.0.0, Culture=neutral, PublicKeyToken=b03f5f7f11d50a3a" className="IAS.DataServices.Test.IPaymentServiceTest, IAS.DataServices.Test, Version=1.0.0.0, Culture=neutral, PublicKeyToken=null" name="GetGroupExamTest" />
    </UnitTest>
    <UnitTest name="AuthenticationTest" storage="d:\[-pro-]\ias.dataservices.test\bin\debug\ias.dataservices.test.dll" id="01745444-28ed-bb79-3d04-bb3f966b11ec">
      <Execution id="9958b152-0be0-41ad-960f-09ad00dc5ac8" />
      <TestMethod codeBase="D:/[-PRO-]/IAS.DataServices.Test/bin/Debug/IAS.DataServices.Test.DLL" adapterTypeName="Microsoft.VisualStudio.TestTools.TestTypes.Unit.UnitTestAdapter, Microsoft.VisualStudio.QualityTools.Tips.UnitTest.Adapter, Version=10.0.0.0, Culture=neutral, PublicKeyToken=b03f5f7f11d50a3a" className="IAS.DataServices.Test.IPersonServiceTest, IAS.DataServices.Test, Version=1.0.0.0, Culture=neutral, PublicKeyToken=null" name="AuthenticationTest" />
    </UnitTest>
    <UnitTest name="GetAllLicenseByIDCardTest1" storage="d:\[-pro-]\ias.dataservices.test\bin\debug\ias.dataservices.test.dll" id="6e661af5-eb0c-d3d2-3e09-8ab73a93b59b">
      <Execution id="87826b6b-22ed-46d9-a8a9-e889537b7763" />
      <TestMethod codeBase="D:/[-PRO-]/IAS.DataServices.Test/bin/Debug/IAS.DataServices.Test.DLL" adapterTypeName="Microsoft.VisualStudio.TestTools.TestTypes.Unit.UnitTestAdapter, Microsoft.VisualStudio.QualityTools.Tips.UnitTest.Adapter, Version=10.0.0.0, Culture=neutral, PublicKeyToken=b03f5f7f11d50a3a" className="IAS.DataServices.Test.LicenseServiceTest, IAS.DataServices.Test, Version=1.0.0.0, Culture=neutral, PublicKeyToken=null" name="GetAllLicenseByIDCardTest1" />
    </UnitTest>
    <UnitTest name="SetSubGroupSingleLicenseTest" storage="d:\[-pro-]\ias.dataservices.test\bin\debug\ias.dataservices.test.dll" id="c0be1ec3-10a5-6d99-6af3-0773b3d128b2">
      <Execution id="11fdce56-7a66-46f5-9735-784d16eacec3" />
      <TestMethod codeBase="D:/[-PRO-]/IAS.DataServices.Test/bin/Debug/IAS.DataServices.Test.DLL" adapterTypeName="Microsoft.VisualStudio.TestTools.TestTypes.Unit.UnitTestAdapter, Microsoft.VisualStudio.QualityTools.Tips.UnitTest.Adapter, Version=10.0.0.0, Culture=neutral, PublicKeyToken=b03f5f7f11d50a3a" className="IAS.DataServices.Test.IPaymentServiceTest, IAS.DataServices.Test, Version=1.0.0.0, Culture=neutral, PublicKeyToken=null" name="SetSubGroupSingleLicenseTest" />
    </UnitTest>
    <UnitTest name="CityBank_Upload_Can_Commit_ToEntity" storage="d:\[-pro-]\ias.dataservicetest\bin\debug\ias.dataservicetest.dll" id="96235396-be6b-76d4-3896-426bd11d119e">
      <Execution id="f468413b-a681-4623-b8b5-0502a5cf18f6" />
      <TestMethod codeBase="D:/[-PRO-]/IAS.DataServiceTest/bin/Debug/IAS.DataServiceTest.DLL" adapterTypeName="Microsoft.VisualStudio.TestTools.TestTypes.Unit.UnitTestAdapter, Microsoft.VisualStudio.QualityTools.Tips.UnitTest.Adapter, Version=10.0.0.0, Culture=neutral, PublicKeyToken=b03f5f7f11d50a3a" className="IAS.DataServiceTest.CityBankTextFileTest, IAS.DataServiceTest, Version=1.0.0.0, Culture=neutral, PublicKeyToken=null" name="CityBank_Upload_Can_Commit_ToEntity" />
    </UnitTest>
    <UnitTest name="GetByIdTest" storage="d:\[-pro-]\ias.dataservices.test\bin\debug\ias.dataservices.test.dll" id="32cf3856-5b34-fc87-28f3-f69e9e7fede1">
      <Execution id="24e39daf-68a9-42b0-bf61-ad31a7b79fe9" />
      <TestMethod codeBase="D:/[-PRO-]/IAS.DataServices.Test/bin/Debug/IAS.DataServices.Test.DLL" adapterTypeName="Microsoft.VisualStudio.TestTools.TestTypes.Unit.UnitTestAdapter, Microsoft.VisualStudio.QualityTools.Tips.UnitTest.Adapter, Version=10.0.0.0, Culture=neutral, PublicKeyToken=b03f5f7f11d50a3a" className="IAS.DataServices.Test.IRegistrationServiceTest, IAS.DataServices.Test, Version=1.0.0.0, Culture=neutral, PublicKeyToken=null" name="GetByIdTest" />
    </UnitTest>
    <UnitTest name="GetExamFeeTest" storage="d:\[-pro-]\ias.dataservices.test\bin\debug\ias.dataservices.test.dll" id="5f48f7d2-3f4a-f8b0-1cab-a878f38fc05d">
      <Execution id="dbaeb795-a195-40c5-9ca9-5bcdca484a25" />
      <TestMethod codeBase="D:/[-PRO-]/IAS.DataServices.Test/bin/Debug/IAS.DataServices.Test.DLL" adapterTypeName="Microsoft.VisualStudio.TestTools.TestTypes.Unit.UnitTestAdapter, Microsoft.VisualStudio.QualityTools.Tips.UnitTest.Adapter, Version=10.0.0.0, Culture=neutral, PublicKeyToken=b03f5f7f11d50a3a" className="IAS.DataServices.Test.IExamServiceTest, IAS.DataServices.Test, Version=1.0.0.0, Culture=neutral, PublicKeyToken=null" name="GetExamFeeTest" />
    </UnitTest>
    <UnitTest name="GetPersonalDetailByIDCard" storage="d:\[-pro-]\ias.dataservices.test\bin\debug\ias.dataservices.test.dll" id="c9ac96fe-9a82-fdb1-aeee-90af2e9cbf5e">
      <Execution id="ea6fe84f-100b-4ca1-a634-8b4d3c688481" />
      <TestMethod codeBase="D:/[-PRO-]/IAS.DataServices.Test/bin/Debug/IAS.DataServices.Test.DLL" adapterTypeName="Microsoft.VisualStudio.TestTools.TestTypes.Unit.UnitTestAdapter, Microsoft.VisualStudio.QualityTools.Tips.UnitTest.Adapter, Version=10.0.0.0, Culture=neutral, PublicKeyToken=b03f5f7f11d50a3a" className="IAS.DataServices.Test.RegistationServiceTest, IAS.DataServices.Test, Version=1.0.0.0, Culture=neutral, PublicKeyToken=null" name="GetPersonalDetailByIDCard" />
    </UnitTest>
    <UnitTest name="TestEncodeAndDecode" storage="d:\[-pro-]\ias.dataservicetest\bin\debug\ias.dataservicetest.dll" id="a2d8333b-3946-e7dc-870d-f15e3b5ada3c">
      <Execution id="4b52df1d-6c4b-4842-90f3-10fade0afe9c" />
      <TestMethod codeBase="D:/[-PRO-]/IAS.DataServiceTest/bin/Debug/IAS.DataServiceTest.DLL" adapterTypeName="Microsoft.VisualStudio.TestTools.TestTypes.Unit.UnitTestAdapter, Microsoft.VisualStudio.QualityTools.Tips.UnitTest.Adapter, Version=10.0.0.0, Culture=neutral, PublicKeyToken=b03f5f7f11d50a3a" className="IAS.DataServiceTest.ByteArrayHelperTest, IAS.DataServiceTest, Version=1.0.0.0, Culture=neutral, PublicKeyToken=null" name="TestEncodeAndDecode" />
    </UnitTest>
    <UnitTest name="GetApplicantNoPaymentTest" storage="d:\[-pro-]\ias.dataservices.test\bin\debug\ias.dataservices.test.dll" id="6a524b33-560e-6b23-ae8d-b08f78514cc9">
      <Execution id="b843a547-3f83-4666-b25f-da00ea34ad9a" />
      <TestMethod codeBase="D:/[-PRO-]/IAS.DataServices.Test/bin/Debug/IAS.DataServices.Test.DLL" adapterTypeName="Microsoft.VisualStudio.TestTools.TestTypes.Unit.UnitTestAdapter, Microsoft.VisualStudio.QualityTools.Tips.UnitTest.Adapter, Version=10.0.0.0, Culture=neutral, PublicKeyToken=b03f5f7f11d50a3a" className="IAS.DataServices.Test.PaymentServiceTest, IAS.DataServices.Test, Version=1.0.0.0, Culture=neutral, PublicKeyToken=null" name="GetApplicantNoPaymentTest" />
    </UnitTest>
    <UnitTest name="EntityValidationTest" storage="d:\[-pro-]\ias.dataservices.test\bin\debug\ias.dataservices.test.dll" id="2f3855f3-b225-8ae8-10b7-e832d36f36e4">
      <Execution id="38bb6309-b4ee-406e-9a48-0ef13f4932eb" />
      <TestMethod codeBase="D:/[-PRO-]/IAS.DataServices.Test/bin/Debug/IAS.DataServices.Test.DLL" adapterTypeName="Microsoft.VisualStudio.TestTools.TestTypes.Unit.UnitTestAdapter, Microsoft.VisualStudio.QualityTools.Tips.UnitTest.Adapter, Version=10.0.0.0, Culture=neutral, PublicKeyToken=b03f5f7f11d50a3a" className="IAS.DataServices.Test.IRegistrationServiceTest, IAS.DataServices.Test, Version=1.0.0.0, Culture=neutral, PublicKeyToken=null" name="EntityValidationTest" />
    </UnitTest>
    <UnitTest name="GetSpecialDocTypeTest" storage="d:\[-pro-]\ias.dataservices.test\bin\debug\ias.dataservices.test.dll" id="7a60701a-03be-9b92-699b-a17ff1b339c9">
      <Execution id="74239fd6-8e88-40af-afd1-e26cdafae458" />
      <TestMethod codeBase="D:/[-PRO-]/IAS.DataServices.Test/bin/Debug/IAS.DataServices.Test.DLL" adapterTypeName="Microsoft.VisualStudio.TestTools.TestTypes.Unit.UnitTestAdapter, Microsoft.VisualStudio.QualityTools.Tips.UnitTest.Adapter, Version=10.0.0.0, Culture=neutral, PublicKeyToken=b03f5f7f11d50a3a" className="IAS.DataServices.Test.DataCenterServiceTest, IAS.DataServices.Test, Version=1.0.0.0, Culture=neutral, PublicKeyToken=null" name="GetSpecialDocTypeTest" />
    </UnitTest>
    <UnitTest name="GetPersonalDetailByIDCard" storage="d:\[-pro-]\ias.dataservices.test\bin\debug\ias.dataservices.test.dll" id="5c29fd8f-f147-77f6-cdfc-adac8f5b22cf">
      <Execution id="9abd88ce-f22e-4fd4-a32d-732bb020a5d4" />
      <TestMethod codeBase="D:/[-PRO-]/IAS.DataServices.Test/bin/Debug/IAS.DataServices.Test.DLL" adapterTypeName="Microsoft.VisualStudio.TestTools.TestTypes.Unit.UnitTestAdapter, Microsoft.VisualStudio.QualityTools.Tips.UnitTest.Adapter, Version=10.0.0.0, Culture=neutral, PublicKeyToken=b03f5f7f11d50a3a" className="IAS.DataServices.Test.IRegistrationServiceTest, IAS.DataServices.Test, Version=1.0.0.0, Culture=neutral, PublicKeyToken=null" name="GetPersonalDetailByIDCard" />
    </UnitTest>
    <UnitTest name="CanGetConfig01_02_03" storage="d:\[-pro-]\ias.dataservicetest\bin\debug\ias.dataservicetest.dll" id="c2dbc761-eb84-3182-4560-ed6e00d100ed">
      <Execution id="9cb0632b-b238-4250-bb3c-cca74d7af0ad" />
      <TestMethod codeBase="D:/[-PRO-]/IAS.DataServiceTest/bin/Debug/IAS.DataServiceTest.DLL" adapterTypeName="Microsoft.VisualStudio.TestTools.TestTypes.Unit.UnitTestAdapter, Microsoft.VisualStudio.QualityTools.Tips.UnitTest.Adapter, Version=10.0.0.0, Culture=neutral, PublicKeyToken=b03f5f7f11d50a3a" className="IAS.DataServiceTest.DataCenter_GetConfigApproveMemberTest, IAS.DataServiceTest, Version=1.0.0.0, Culture=neutral, PublicKeyToken=null" name="CanGetConfig01_02_03" />
    </UnitTest>
    <UnitTest name="TestChangeIndexUpCollection" storage="d:\[-pro-]\ias.dataservicetest\bin\debug\ias.dataservicetest.dll" id="a05e08ed-173a-96a7-1e59-d84dcf1b7ea8">
      <Execution id="ce1b92b1-78b6-4ce8-865b-8db38acfbaec" />
      <TestMethod codeBase="D:/[-PRO-]/IAS.DataServiceTest/bin/Debug/IAS.DataServiceTest.DLL" adapterTypeName="Microsoft.VisualStudio.TestTools.TestTypes.Unit.UnitTestAdapter, Microsoft.VisualStudio.QualityTools.Tips.UnitTest.Adapter, Version=10.0.0.0, Culture=neutral, PublicKeyToken=b03f5f7f11d50a3a" className="IAS.DataServiceTest.MapperTableToObjectTest, IAS.DataServiceTest, Version=1.0.0.0, Culture=neutral, PublicKeyToken=null" name="TestChangeIndexUpCollection" />
    </UnitTest>
    <UnitTest name="TestValueCodingIndexData" storage="d:\[-pro-]\ias.dataservicetest\bin\debug\ias.dataservicetest.dll" id="1776689f-a3f5-3811-38dc-e0d28d5b49e0">
      <Execution id="ffd9cb4f-f58d-4ef6-bf7e-67dfb144f928" />
      <TestMethod codeBase="D:/[-PRO-]/IAS.DataServiceTest/bin/Debug/IAS.DataServiceTest.DLL" adapterTypeName="Microsoft.VisualStudio.TestTools.TestTypes.Unit.UnitTestAdapter, Microsoft.VisualStudio.QualityTools.Tips.UnitTest.Adapter, Version=10.0.0.0, Culture=neutral, PublicKeyToken=b03f5f7f11d50a3a" className="IAS.DataServiceTest.TestValueCoding, IAS.DataServiceTest, Version=1.0.0.0, Culture=neutral, PublicKeyToken=null" name="TestValueCodingIndexData" />
    </UnitTest>
    <UnitTest name="GetGroupPaymentTest" storage="d:\[-pro-]\ias.dataservices.test\bin\debug\ias.dataservices.test.dll" id="ff389c79-46a9-98a4-4928-686162ee5930">
      <Execution id="9564e9a4-5aaa-4c06-9020-bab8c72c449f" />
      <TestMethod codeBase="D:/[-PRO-]/IAS.DataServices.Test/bin/Debug/IAS.DataServices.Test.DLL" adapterTypeName="Microsoft.VisualStudio.TestTools.TestTypes.Unit.UnitTestAdapter, Microsoft.VisualStudio.QualityTools.Tips.UnitTest.Adapter, Version=10.0.0.0, Culture=neutral, PublicKeyToken=b03f5f7f11d50a3a" className="IAS.DataServices.Test.IPaymentServiceTest, IAS.DataServices.Test, Version=1.0.0.0, Culture=neutral, PublicKeyToken=null" name="GetGroupPaymentTest" />
    </UnitTest>
    <UnitTest name="NewCreatePaymentTest" storage="d:\[-pro-]\ias.dataservices.test\bin\debug\ias.dataservices.test.dll" id="b84fef3f-bcb0-c4e4-f66a-7bc4d8c28443">
      <Execution id="e9b7e364-e33b-4a18-8a15-fdff4c2c1716" />
      <TestMethod codeBase="D:/[-PRO-]/IAS.DataServices.Test/bin/Debug/IAS.DataServices.Test.DLL" adapterTypeName="Microsoft.VisualStudio.TestTools.TestTypes.Unit.UnitTestAdapter, Microsoft.VisualStudio.QualityTools.Tips.UnitTest.Adapter, Version=10.0.0.0, Culture=neutral, PublicKeyToken=b03f5f7f11d50a3a" className="IAS.DataServices.Test.IPaymentServiceTest, IAS.DataServices.Test, Version=1.0.0.0, Culture=neutral, PublicKeyToken=null" name="NewCreatePaymentTest" />
    </UnitTest>
    <UnitTest name="TestCanSetTimer" storage="d:\[-pro-]\ias.dataservicetest\bin\debug\ias.dataservicetest.dll" id="8a0cf115-8fc1-0017-60c1-a738afa55aa0">
      <Execution id="ebb03a04-57de-4eac-be4f-4d77889436de" />
      <TestMethod codeBase="D:/[-PRO-]/IAS.DataServiceTest/bin/Debug/IAS.DataServiceTest.DLL" adapterTypeName="Microsoft.VisualStudio.TestTools.TestTypes.Unit.UnitTestAdapter, Microsoft.VisualStudio.QualityTools.Tips.UnitTest.Adapter, Version=10.0.0.0, Culture=neutral, PublicKeyToken=b03f5f7f11d50a3a" className="IAS.DataServiceTest.TestTimerInterval, IAS.DataServiceTest, Version=1.0.0.0, Culture=neutral, PublicKeyToken=null" name="TestCanSetTimer" />
    </UnitTest>
    <UnitTest name="GetExamByCriteriaDefaultTest" storage="d:\[-pro-]\ias.dataservices.test\bin\debug\ias.dataservices.test.dll" id="a7b259ef-850f-fd9a-570e-d86c6117cec4">
      <Execution id="fb5191f3-0e0e-43b4-b305-36f31d847173" />
      <TestMethod codeBase="D:/[-PRO-]/IAS.DataServices.Test/bin/Debug/IAS.DataServices.Test.DLL" adapterTypeName="Microsoft.VisualStudio.TestTools.TestTypes.Unit.UnitTestAdapter, Microsoft.VisualStudio.QualityTools.Tips.UnitTest.Adapter, Version=10.0.0.0, Culture=neutral, PublicKeyToken=b03f5f7f11d50a3a" className="IAS.DataServices.Test.IExamServiceTest, IAS.DataServices.Test, Version=1.0.0.0, Culture=neutral, PublicKeyToken=null" name="GetExamByCriteriaDefaultTest" />
    </UnitTest>
    <UnitTest name="GetRegistrationsByCriteriaAtPageTest" storage="d:\[-pro-]\ias.dataservices.test\bin\debug\ias.dataservices.test.dll" id="4e4d5f99-747b-bf54-46cc-81e51553f753">
      <Execution id="a6d2b400-63e0-41d3-b903-c8a9864de754" />
      <TestMethod codeBase="D:/[-PRO-]/IAS.DataServices.Test/bin/Debug/IAS.DataServices.Test.DLL" adapterTypeName="Microsoft.VisualStudio.TestTools.TestTypes.Unit.UnitTestAdapter, Microsoft.VisualStudio.QualityTools.Tips.UnitTest.Adapter, Version=10.0.0.0, Culture=neutral, PublicKeyToken=b03f5f7f11d50a3a" className="IAS.DataServices.Test.IRegistrationServiceTest, IAS.DataServices.Test, Version=1.0.0.0, Culture=neutral, PublicKeyToken=null" name="GetRegistrationsByCriteriaAtPageTest" />
    </UnitTest>
    <UnitTest name="KTBBankFile_Upload_File_bank_20131106" storage="d:\[-pro-]\ias.dataservicetest\bin\debug\ias.dataservicetest.dll" id="db2fcafe-5d9e-db9a-522d-3234c6d53115">
      <Execution id="6433b098-42de-4105-b152-a72e31c2e54e" />
      <TestMethod codeBase="D:/[-PRO-]/IAS.DataServiceTest/bin/Debug/IAS.DataServiceTest.DLL" adapterTypeName="Microsoft.VisualStudio.TestTools.TestTypes.Unit.UnitTestAdapter, Microsoft.VisualStudio.QualityTools.Tips.UnitTest.Adapter, Version=10.0.0.0, Culture=neutral, PublicKeyToken=b03f5f7f11d50a3a" className="IAS.DataServiceTest.KTBFileTextFileUploadTest, IAS.DataServiceTest, Version=1.0.0.0, Culture=neutral, PublicKeyToken=null" name="KTBBankFile_Upload_File_bank_20131106" />
    </UnitTest>
    <UnitTest name="InsertAndCheckApplicantGroupUploadTest" storage="d:\[-pro-]\ias.dataservices.test\bin\debug\ias.dataservices.test.dll" id="42430dc1-0c24-99d2-7d6f-c62f898735c7">
      <Execution id="054d6d33-b8b4-4cb3-a0aa-2e3a7ce79d1d" />
      <TestMethod codeBase="D:/[-PRO-]/IAS.DataServices.Test/bin/Debug/IAS.DataServices.Test.DLL" adapterTypeName="Microsoft.VisualStudio.TestTools.TestTypes.Unit.UnitTestAdapter, Microsoft.VisualStudio.QualityTools.Tips.UnitTest.Adapter, Version=10.0.0.0, Culture=neutral, PublicKeyToken=b03f5f7f11d50a3a" className="IAS.DataServices.Test.IApplicantServiceTest, IAS.DataServices.Test, Version=1.0.0.0, Culture=neutral, PublicKeyToken=null" name="InsertAndCheckApplicantGroupUploadTest" />
    </UnitTest>
    <UnitTest name="GetReportNumberPrintBillTest" storage="d:\[-pro-]\ias.dataservices.test\bin\debug\ias.dataservices.test.dll" id="6e685cae-ea33-49d1-39f3-42a519f66862">
      <Execution id="fe7d2df1-4023-4570-a001-9c8d402052b0" />
      <TestMethod codeBase="D:/[-PRO-]/IAS.DataServices.Test/bin/Debug/IAS.DataServices.Test.DLL" adapterTypeName="Microsoft.VisualStudio.TestTools.TestTypes.Unit.UnitTestAdapter, Microsoft.VisualStudio.QualityTools.Tips.UnitTest.Adapter, Version=10.0.0.0, Culture=neutral, PublicKeyToken=b03f5f7f11d50a3a" className="IAS.DataServices.Test.IPaymentServiceTest, IAS.DataServices.Test, Version=1.0.0.0, Culture=neutral, PublicKeyToken=null" name="GetReportNumberPrintBillTest" />
    </UnitTest>
    <UnitTest name="AddHolidayTest" storage="d:\[-pro-]\ias.dataservices.test\bin\debug\ias.dataservices.test.dll" id="9fc3f2c5-ca7b-7b06-b265-17abf82ec2c1">
      <Execution id="3539f302-a28e-45f4-bd7d-11cec7325e6d" />
      <TestMethod codeBase="D:/[-PRO-]/IAS.DataServices.Test/bin/Debug/IAS.DataServices.Test.DLL" adapterTypeName="Microsoft.VisualStudio.TestTools.TestTypes.Unit.UnitTestAdapter, Microsoft.VisualStudio.QualityTools.Tips.UnitTest.Adapter, Version=10.0.0.0, Culture=neutral, PublicKeyToken=b03f5f7f11d50a3a" className="IAS.DataServices.Test.IExamServiceTest, IAS.DataServices.Test, Version=1.0.0.0, Culture=neutral, PublicKeyToken=null" name="AddHolidayTest" />
    </UnitTest>
    <UnitTest name="CreateReferanceNumberTest" storage="d:\[-pro-]\ias.dataservices.test\bin\debug\ias.dataservices.test.dll" id="810d7f6a-b98f-7242-2073-92bc5597ea82">
      <Execution id="753458b2-3ca9-42be-a747-34b78d3a820b" />
      <TestMethod codeBase="D:/[-PRO-]/IAS.DataServices.Test/bin/Debug/IAS.DataServices.Test.DLL" adapterTypeName="Microsoft.VisualStudio.TestTools.TestTypes.Unit.UnitTestAdapter, Microsoft.VisualStudio.QualityTools.Tips.UnitTest.Adapter, Version=10.0.0.0, Culture=neutral, PublicKeyToken=b03f5f7f11d50a3a" className="IAS.DataServices.Test.IPaymentServiceTest, IAS.DataServices.Test, Version=1.0.0.0, Culture=neutral, PublicKeyToken=null" name="CreateReferanceNumberTest" />
    </UnitTest>
    <UnitTest name="TestSelect_PaymentRequestLicense_From_DAL" storage="d:\[-pro-]\ias.dataservicetest\bin\debug\ias.dataservicetest.dll" id="810cf42c-d2a3-bdea-fa2f-d39d9edba95e">
      <Execution id="bbccd16b-53e5-4fa4-8365-b14d8f7e782c" />
      <TestMethod codeBase="D:/[-PRO-]/IAS.DataServiceTest/bin/Debug/IAS.DataServiceTest.DLL" adapterTypeName="Microsoft.VisualStudio.TestTools.TestTypes.Unit.UnitTestAdapter, Microsoft.VisualStudio.QualityTools.Tips.UnitTest.Adapter, Version=10.0.0.0, Culture=neutral, PublicKeyToken=b03f5f7f11d50a3a" className="IAS.DataServiceTest.GenerateComposeLicenseRequestTest, IAS.DataServiceTest, Version=1.0.0.0, Culture=neutral, PublicKeyToken=null" name="TestSelect_PaymentRequestLicense_From_DAL" />
    </UnitTest>
    <UnitTest name="OICAuthenWithADServiceTest" storage="d:\[-pro-]\ias.dataservices.test\bin\debug\ias.dataservices.test.dll" id="4a972cc9-1060-94a9-3157-fe71bea5f5b6">
      <Execution id="4495afa4-8240-4906-8d6e-8c2a79c39219" />
      <TestMethod codeBase="D:/[-PRO-]/IAS.DataServices.Test/bin/Debug/IAS.DataServices.Test.DLL" adapterTypeName="Microsoft.VisualStudio.TestTools.TestTypes.Unit.UnitTestAdapter, Microsoft.VisualStudio.QualityTools.Tips.UnitTest.Adapter, Version=10.0.0.0, Culture=neutral, PublicKeyToken=b03f5f7f11d50a3a" className="IAS.DataServices.Test.PersonServiceTest, IAS.DataServices.Test, Version=1.0.0.0, Culture=neutral, PublicKeyToken=null" name="OICAuthenWithADServiceTest" />
    </UnitTest>
    <UnitTest name="PersonEditApproveTest" storage="d:\[-pro-]\ias.dataservices.test\bin\debug\ias.dataservices.test.dll" id="649e34f0-da26-3af9-7353-90cf8383ca36">
      <Execution id="56a6370e-5a5d-4b68-9b38-f12ee3665b0f" />
      <TestMethod codeBase="D:/[-PRO-]/IAS.DataServices.Test/bin/Debug/IAS.DataServices.Test.DLL" adapterTypeName="Microsoft.VisualStudio.TestTools.TestTypes.Unit.UnitTestAdapter, Microsoft.VisualStudio.QualityTools.Tips.UnitTest.Adapter, Version=10.0.0.0, Culture=neutral, PublicKeyToken=b03f5f7f11d50a3a" className="IAS.DataServices.Test.IPersonServiceTest, IAS.DataServices.Test, Version=1.0.0.0, Culture=neutral, PublicKeyToken=null" name="PersonEditApproveTest" />
    </UnitTest>
    <UnitTest name="GetExpiredLicneseByIdCard" storage="d:\[-pro-]\ias.dataservices.test\bin\debug\ias.dataservices.test.dll" id="de0695d0-7786-7d69-1a33-a5ea63095f7d">
      <Execution id="8290c8b8-0a61-487c-8d4e-d81702434bb7" />
      <TestMethod codeBase="D:/[-PRO-]/IAS.DataServices.Test/bin/Debug/IAS.DataServices.Test.DLL" adapterTypeName="Microsoft.VisualStudio.TestTools.TestTypes.Unit.UnitTestAdapter, Microsoft.VisualStudio.QualityTools.Tips.UnitTest.Adapter, Version=10.0.0.0, Culture=neutral, PublicKeyToken=b03f5f7f11d50a3a" className="IAS.DataServices.Test.LicenseServiceTest, IAS.DataServices.Test, Version=1.0.0.0, Culture=neutral, PublicKeyToken=null" name="GetExpiredLicneseByIdCard" />
    </UnitTest>
    <UnitTest name="GetApplicantInfoTest" storage="d:\[-pro-]\ias.dataservices.test\bin\debug\ias.dataservices.test.dll" id="4b52304b-7264-6696-7819-a85e63ef6fdb">
      <Execution id="6fda40d4-12e9-437e-8d6d-c24ff7c4c1b5" />
      <TestMethod codeBase="D:/[-PRO-]/IAS.DataServices.Test/bin/Debug/IAS.DataServices.Test.DLL" adapterTypeName="Microsoft.VisualStudio.TestTools.TestTypes.Unit.UnitTestAdapter, Microsoft.VisualStudio.QualityTools.Tips.UnitTest.Adapter, Version=10.0.0.0, Culture=neutral, PublicKeyToken=b03f5f7f11d50a3a" className="IAS.DataServices.Test.IApplicantServiceTest, IAS.DataServices.Test, Version=1.0.0.0, Culture=neutral, PublicKeyToken=null" name="GetApplicantInfoTest" />
    </UnitTest>
    <UnitTest name="TestMailServer" storage="d:\[-pro-]\ias.dataservicetest\bin\debug\ias.dataservicetest.dll" id="3f0d60ff-fe87-5d36-6aca-87f28ee1a458">
      <Execution id="60bed5e1-d466-4fa7-b074-511f26cb29b7" />
      <TestMethod codeBase="D:/[-PRO-]/IAS.DataServiceTest/bin/Debug/IAS.DataServiceTest.DLL" adapterTypeName="Microsoft.VisualStudio.TestTools.TestTypes.Unit.UnitTestAdapter, Microsoft.VisualStudio.QualityTools.Tips.UnitTest.Adapter, Version=10.0.0.0, Culture=neutral, PublicKeyToken=b03f5f7f11d50a3a" className="IAS.DataServiceTest.DataServiceEmailTesting, IAS.DataServiceTest, Version=1.0.0.0, Culture=neutral, PublicKeyToken=null" name="TestMailServer" />
    </UnitTest>
    <UnitTest name="InsertSingleApplicantTest" storage="d:\[-pro-]\ias.dataservices.test\bin\debug\ias.dataservices.test.dll" id="23a1b287-50f1-9331-e8ca-9a0e653a1ccc">
      <Execution id="8f37d6b3-e9fd-451e-99b4-f0f621dfe487" />
      <TestMethod codeBase="D:/[-PRO-]/IAS.DataServices.Test/bin/Debug/IAS.DataServices.Test.DLL" adapterTypeName="Microsoft.VisualStudio.TestTools.TestTypes.Unit.UnitTestAdapter, Microsoft.VisualStudio.QualityTools.Tips.UnitTest.Adapter, Version=10.0.0.0, Culture=neutral, PublicKeyToken=b03f5f7f11d50a3a" className="IAS.DataServices.Test.IApplicantServiceTest, IAS.DataServices.Test, Version=1.0.0.0, Culture=neutral, PublicKeyToken=null" name="InsertSingleApplicantTest" />
    </UnitTest>
    <UnitTest name="EditPersonTest" storage="d:\[-pro-]\ias.dataservices.test\bin\debug\ias.dataservices.test.dll" id="b826a238-984a-886d-e03e-576a2959bb7d">
      <Execution id="2123cdd4-98d5-46ee-852f-1f89dbbcf2f3" />
      <TestMethod codeBase="D:/[-PRO-]/IAS.DataServices.Test/bin/Debug/IAS.DataServices.Test.DLL" adapterTypeName="Microsoft.VisualStudio.TestTools.TestTypes.Unit.UnitTestAdapter, Microsoft.VisualStudio.QualityTools.Tips.UnitTest.Adapter, Version=10.0.0.0, Culture=neutral, PublicKeyToken=b03f5f7f11d50a3a" className="IAS.DataServices.Test.IPersonServiceTest, IAS.DataServices.Test, Version=1.0.0.0, Culture=neutral, PublicKeyToken=null" name="EditPersonTest" />
    </UnitTest>
    <UnitTest name="TestMethod1" storage="d:\[-pro-]\ias.dataservicetest\bin\debug\ias.dataservicetest.dll" id="a50847e7-b8a2-5ee8-4d0d-2e3df7e69d28">
      <Execution id="4f4b4c30-a960-43a1-a6d4-6011308dee9b" />
      <TestMethod codeBase="D:/[-PRO-]/IAS.DataServiceTest/bin/Debug/IAS.DataServiceTest.DLL" adapterTypeName="Microsoft.VisualStudio.TestTools.TestTypes.Unit.UnitTestAdapter, Microsoft.VisualStudio.QualityTools.Tips.UnitTest.Adapter, Version=10.0.0.0, Culture=neutral, PublicKeyToken=b03f5f7f11d50a3a" className="IAS.DataServiceTest.CheckSumPaymentNumberTest, IAS.DataServiceTest, Version=1.0.0.0, Culture=neutral, PublicKeyToken=null" name="TestMethod1" />
    </UnitTest>
    <UnitTest name="TestChangeIndexDownCollection" storage="d:\[-pro-]\ias.dataservicetest\bin\debug\ias.dataservicetest.dll" id="226bf8e7-6ce1-9fc2-a00d-e1919f11f508">
      <Execution id="5bece064-010d-4339-8057-009b4ea3301b" />
      <TestMethod codeBase="D:/[-PRO-]/IAS.DataServiceTest/bin/Debug/IAS.DataServiceTest.DLL" adapterTypeName="Microsoft.VisualStudio.TestTools.TestTypes.Unit.UnitTestAdapter, Microsoft.VisualStudio.QualityTools.Tips.UnitTest.Adapter, Version=10.0.0.0, Culture=neutral, PublicKeyToken=b03f5f7f11d50a3a" className="IAS.DataServiceTest.MapperTableToObjectTest, IAS.DataServiceTest, Version=1.0.0.0, Culture=neutral, PublicKeyToken=null" name="TestChangeIndexDownCollection" />
    </UnitTest>
    <UnitTest name="GetByIdTest" storage="d:\[-pro-]\ias.dataservices.test\bin\debug\ias.dataservices.test.dll" id="e4b67b51-e33f-db05-0df9-7ce4103223cf">
      <Execution id="e17bd29f-6118-4e2f-97c3-3e622da0fda8" />
      <TestMethod codeBase="D:/[-PRO-]/IAS.DataServices.Test/bin/Debug/IAS.DataServices.Test.DLL" adapterTypeName="Microsoft.VisualStudio.TestTools.TestTypes.Unit.UnitTestAdapter, Microsoft.VisualStudio.QualityTools.Tips.UnitTest.Adapter, Version=10.0.0.0, Culture=neutral, PublicKeyToken=b03f5f7f11d50a3a" className="IAS.DataServices.Test.IApplicantServiceTest, IAS.DataServices.Test, Version=1.0.0.0, Culture=neutral, PublicKeyToken=null" name="GetByIdTest" />
    </UnitTest>
    <UnitTest name="InsertExamTest" storage="d:\[-pro-]\ias.dataservices.test\bin\debug\ias.dataservices.test.dll" id="123a0cd9-f562-3f72-c147-254507bbcc0a">
      <Execution id="c6f7d763-6991-438d-aa47-76f30c7aa39b" />
      <TestMethod codeBase="D:/[-PRO-]/IAS.DataServices.Test/bin/Debug/IAS.DataServices.Test.DLL" adapterTypeName="Microsoft.VisualStudio.TestTools.TestTypes.Unit.UnitTestAdapter, Microsoft.VisualStudio.QualityTools.Tips.UnitTest.Adapter, Version=10.0.0.0, Culture=neutral, PublicKeyToken=b03f5f7f11d50a3a" className="IAS.DataServices.Test.IExamServiceTest, IAS.DataServices.Test, Version=1.0.0.0, Culture=neutral, PublicKeyToken=null" name="InsertExamTest" />
    </UnitTest>
    <UnitTest name="IsRightTestingNoTest" storage="d:\[-pro-]\ias.dataservices.test\bin\debug\ias.dataservices.test.dll" id="e68a66a6-43ed-5eb8-591e-9ee8ff535efc">
      <Execution id="4c639036-b8e9-4db4-95cf-b7acadeef310" />
      <TestMethod codeBase="D:/[-PRO-]/IAS.DataServices.Test/bin/Debug/IAS.DataServices.Test.DLL" adapterTypeName="Microsoft.VisualStudio.TestTools.TestTypes.Unit.UnitTestAdapter, Microsoft.VisualStudio.QualityTools.Tips.UnitTest.Adapter, Version=10.0.0.0, Culture=neutral, PublicKeyToken=b03f5f7f11d50a3a" className="IAS.DataServices.Test.IExamServiceTest, IAS.DataServices.Test, Version=1.0.0.0, Culture=neutral, PublicKeyToken=null" name="IsRightTestingNoTest" />
    </UnitTest>
    <UnitTest name="TestCase_Class_KTBFileHeader_To_AG_IAS_PAYMENT_G_T" storage="d:\[-pro-]\ias.dataservicetest\bin\debug\ias.dataservicetest.dll" id="aec60841-0f0f-aaaa-d5a8-e15a3cd42d2c">
      <Execution id="66d3564b-dce3-4de4-b3d3-e31465982cab" />
      <TestMethod codeBase="D:/[-PRO-]/IAS.DataServiceTest/bin/Debug/IAS.DataServiceTest.DLL" adapterTypeName="Microsoft.VisualStudio.TestTools.TestTypes.Unit.UnitTestAdapter, Microsoft.VisualStudio.QualityTools.Tips.UnitTest.Adapter, Version=10.0.0.0, Culture=neutral, PublicKeyToken=b03f5f7f11d50a3a" className="IAS.DataServiceTest.CaseCustomClassToDalInherisTest, IAS.DataServiceTest, Version=1.0.0.0, Culture=neutral, PublicKeyToken=null" name="TestCase_Class_KTBFileHeader_To_AG_IAS_PAYMENT_G_T" />
    </UnitTest>
    <UnitTest name="TestMethod1" storage="d:\[-pro-]\ias.dataservicetest\bin\debug\ias.dataservicetest.dll" id="a5f34e5f-47fc-164f-058d-7d841f339ed5">
      <Execution id="0d4b377e-210f-4aa0-b102-7c2e53a1effe" />
      <TestMethod codeBase="D:/[-PRO-]/IAS.DataServiceTest/bin/Debug/IAS.DataServiceTest.DLL" adapterTypeName="Microsoft.VisualStudio.TestTools.TestTypes.Unit.UnitTestAdapter, Microsoft.VisualStudio.QualityTools.Tips.UnitTest.Adapter, Version=10.0.0.0, Culture=neutral, PublicKeyToken=b03f5f7f11d50a3a" className="IAS.DataServiceTest.InsertEntityTest, IAS.DataServiceTest, Version=1.0.0.0, Culture=neutral, PublicKeyToken=null" name="TestMethod1" />
    </UnitTest>
    <UnitTest name="InsertTest" storage="d:\[-pro-]\ias.dataservices.test\bin\debug\ias.dataservices.test.dll" id="bb0b24a3-8b10-c9e3-2b19-d66443206ce8">
      <Execution id="f70f322b-26d2-4128-974d-a24d91534317" />
      <TestMethod codeBase="D:/[-PRO-]/IAS.DataServices.Test/bin/Debug/IAS.DataServices.Test.DLL" adapterTypeName="Microsoft.VisualStudio.TestTools.TestTypes.Unit.UnitTestAdapter, Microsoft.VisualStudio.QualityTools.Tips.UnitTest.Adapter, Version=10.0.0.0, Culture=neutral, PublicKeyToken=b03f5f7f11d50a3a" className="IAS.DataServices.Test.IRegistrationServiceTest, IAS.DataServices.Test, Version=1.0.0.0, Culture=neutral, PublicKeyToken=null" name="InsertTest" />
    </UnitTest>
    <UnitTest name="TestFileName" storage="d:\[-pro-]\ias.dataservicetest\bin\debug\ias.dataservicetest.dll" id="d42296e9-ed3d-8097-d9d0-e1045aa7d342">
      <Execution id="f7a1786d-bf04-4cec-b0bd-20533fcd2bc0" />
      <TestMethod codeBase="D:/[-PRO-]/IAS.DataServiceTest/bin/Debug/IAS.DataServiceTest.DLL" adapterTypeName="Microsoft.VisualStudio.TestTools.TestTypes.Unit.UnitTestAdapter, Microsoft.VisualStudio.QualityTools.Tips.UnitTest.Adapter, Version=10.0.0.0, Culture=neutral, PublicKeyToken=b03f5f7f11d50a3a" className="IAS.DataServiceTest.TestValue, IAS.DataServiceTest, Version=1.0.0.0, Culture=neutral, PublicKeyToken=null" name="TestFileName" />
    </UnitTest>
    <UnitTest name="TestGuid" storage="d:\[-pro-]\ias.dataservicetest\bin\debug\ias.dataservicetest.dll" id="d06f0064-9d94-6ef6-f6d1-792c2bf3efcb">
      <Execution id="963f3a3a-d748-45d7-bb67-1c1c082c9eb8" />
      <TestMethod codeBase="D:/[-PRO-]/IAS.DataServiceTest/bin/Debug/IAS.DataServiceTest.DLL" adapterTypeName="Microsoft.VisualStudio.TestTools.TestTypes.Unit.UnitTestAdapter, Microsoft.VisualStudio.QualityTools.Tips.UnitTest.Adapter, Version=10.0.0.0, Culture=neutral, PublicKeyToken=b03f5f7f11d50a3a" className="IAS.DataServiceTest.TestGuidOracleAndDotNet, IAS.DataServiceTest, Version=1.0.0.0, Culture=neutral, PublicKeyToken=null" name="TestGuid" />
    </UnitTest>
    <UnitTest name="UpdateHolidayTest" storage="d:\[-pro-]\ias.dataservices.test\bin\debug\ias.dataservices.test.dll" id="51400ccc-ef46-8359-8206-81ccf44fa5b2">
      <Execution id="9a82ba60-4e97-428c-8d58-3d3d4e4d928c" />
      <TestMethod codeBase="D:/[-PRO-]/IAS.DataServices.Test/bin/Debug/IAS.DataServices.Test.DLL" adapterTypeName="Microsoft.VisualStudio.TestTools.TestTypes.Unit.UnitTestAdapter, Microsoft.VisualStudio.QualityTools.Tips.UnitTest.Adapter, Version=10.0.0.0, Culture=neutral, PublicKeyToken=b03f5f7f11d50a3a" className="IAS.DataServices.Test.IExamServiceTest, IAS.DataServices.Test, Version=1.0.0.0, Culture=neutral, PublicKeyToken=null" name="UpdateHolidayTest" />
    </UnitTest>
    <UnitTest name="TestCreateDirectory_And_Ordering_name_when_Exitsed" storage="d:\[-pro-]\ias.dataservicetest\bin\debug\ias.dataservicetest.dll" id="e32da9a0-4b50-9525-c72d-a203b0979c32">
      <Execution id="73c5d1c9-2643-4895-a1be-c9ab645d9bc2" />
      <TestMethod codeBase="D:/[-PRO-]/IAS.DataServiceTest/bin/Debug/IAS.DataServiceTest.DLL" adapterTypeName="Microsoft.VisualStudio.TestTools.TestTypes.Unit.UnitTestAdapter, Microsoft.VisualStudio.QualityTools.Tips.UnitTest.Adapter, Version=10.0.0.0, Culture=neutral, PublicKeyToken=b03f5f7f11d50a3a" className="IAS.DataServiceTest.GenerateComposeLicenseRequestTest, IAS.DataServiceTest, Version=1.0.0.0, Culture=neutral, PublicKeyToken=null" name="TestCreateDirectory_And_Ordering_name_when_Exitsed" />
    </UnitTest>
    <UnitTest name="IsRightUserOICTest" storage="d:\[-pro-]\ias.dataservices.test\bin\debug\ias.dataservices.test.dll" id="2a1c7639-6cfb-c9ee-0b0e-26d40b623521">
      <Execution id="cfdbbc97-36c3-43ad-b5e5-40a6dbd65024" />
      <TestMethod codeBase="D:/[-PRO-]/IAS.DataServices.Test/bin/Debug/IAS.DataServices.Test.DLL" adapterTypeName="Microsoft.VisualStudio.TestTools.TestTypes.Unit.UnitTestAdapter, Microsoft.VisualStudio.QualityTools.Tips.UnitTest.Adapter, Version=10.0.0.0, Culture=neutral, PublicKeyToken=b03f5f7f11d50a3a" className="IAS.DataServices.Test.IPersonServiceTest, IAS.DataServices.Test, Version=1.0.0.0, Culture=neutral, PublicKeyToken=null" name="IsRightUserOICTest" />
    </UnitTest>
    <UnitTest name="AddLicenseTypeTest" storage="d:\[-pro-]\ias.dataservices.test\bin\debug\ias.dataservices.test.dll" id="fc570bf7-dc19-573b-3bfd-2b8231811c11">
      <Execution id="b0f3c9c4-88b6-4c7e-a0be-da7164a46713" />
      <TestMethod codeBase="D:/[-PRO-]/IAS.DataServices.Test/bin/Debug/IAS.DataServices.Test.DLL" adapterTypeName="Microsoft.VisualStudio.TestTools.TestTypes.Unit.UnitTestAdapter, Microsoft.VisualStudio.QualityTools.Tips.UnitTest.Adapter, Version=10.0.0.0, Culture=neutral, PublicKeyToken=b03f5f7f11d50a3a" className="IAS.DataServices.Test.IExamServiceTest, IAS.DataServices.Test, Version=1.0.0.0, Culture=neutral, PublicKeyToken=null" name="AddLicenseTypeTest" />
    </UnitTest>
    <UnitTest name="GetCountPaymentDetailByCriteriaTest" storage="d:\[-pro-]\ias.dataservices.test\bin\debug\ias.dataservices.test.dll" id="414b1559-1c77-a839-8022-ad12f3d8f278">
      <Execution id="15ecc4f6-940f-45ea-ab72-c49c999a90cc" />
      <TestMethod codeBase="D:/[-PRO-]/IAS.DataServices.Test/bin/Debug/IAS.DataServices.Test.DLL" adapterTypeName="Microsoft.VisualStudio.TestTools.TestTypes.Unit.UnitTestAdapter, Microsoft.VisualStudio.QualityTools.Tips.UnitTest.Adapter, Version=10.0.0.0, Culture=neutral, PublicKeyToken=b03f5f7f11d50a3a" className="IAS.DataServices.Test.IPaymentServiceTest, IAS.DataServices.Test, Version=1.0.0.0, Culture=neutral, PublicKeyToken=null" name="GetCountPaymentDetailByCriteriaTest" />
    </UnitTest>
    <UnitTest name="GetHolidayListTest" storage="d:\[-pro-]\ias.dataservices.test\bin\debug\ias.dataservices.test.dll" id="4a3059af-a7d9-7d7c-70c0-39bf7561822b">
      <Execution id="e5fda6b8-dce2-4059-9527-c212391be0ae" />
      <TestMethod codeBase="D:/[-PRO-]/IAS.DataServices.Test/bin/Debug/IAS.DataServices.Test.DLL" adapterTypeName="Microsoft.VisualStudio.TestTools.TestTypes.Unit.UnitTestAdapter, Microsoft.VisualStudio.QualityTools.Tips.UnitTest.Adapter, Version=10.0.0.0, Culture=neutral, PublicKeyToken=b03f5f7f11d50a3a" className="IAS.DataServices.Test.IExamServiceTest, IAS.DataServices.Test, Version=1.0.0.0, Culture=neutral, PublicKeyToken=null" name="GetHolidayListTest" />
    </UnitTest>
    <UnitTest name="LicenseRequest_UploadFile_ValidationTest" storage="d:\[-pro-]\ias.dataservicetest\bin\debug\ias.dataservicetest.dll" id="e02f9460-58eb-7330-ac89-ebcde7061b4c">
      <Execution id="13f90a70-347d-470a-ab09-41f1f8c8a579" />
      <TestMethod codeBase="D:/[-PRO-]/IAS.DataServiceTest/bin/Debug/IAS.DataServiceTest.DLL" adapterTypeName="Microsoft.VisualStudio.TestTools.TestTypes.Unit.UnitTestAdapter, Microsoft.VisualStudio.QualityTools.Tips.UnitTest.Adapter, Version=10.0.0.0, Culture=neutral, PublicKeyToken=b03f5f7f11d50a3a" className="IAS.DataServiceTest.LicenseRequestFileUploadTest, IAS.DataServiceTest, Version=1.0.0.0, Culture=neutral, PublicKeyToken=null" name="LicenseRequest_UploadFile_ValidationTest" />
    </UnitTest>
    <UnitTest name="GetDataFromSub_D_TTest" storage="d:\[-pro-]\ias.dataservices.test\bin\debug\ias.dataservices.test.dll" id="0885ba1c-0b71-a4ad-5dd7-834e227af79a">
      <Execution id="bdad84e5-390e-48ce-84d1-d215592bfeb7" />
      <TestMethod codeBase="D:/[-PRO-]/IAS.DataServices.Test/bin/Debug/IAS.DataServices.Test.DLL" adapterTypeName="Microsoft.VisualStudio.TestTools.TestTypes.Unit.UnitTestAdapter, Microsoft.VisualStudio.QualityTools.Tips.UnitTest.Adapter, Version=10.0.0.0, Culture=neutral, PublicKeyToken=b03f5f7f11d50a3a" className="IAS.DataServices.Test.IPaymentServiceTest, IAS.DataServices.Test, Version=1.0.0.0, Culture=neutral, PublicKeyToken=null" name="GetDataFromSub_D_TTest" />
    </UnitTest>
    <UnitTest name="UpdateExamRoomTest" storage="d:\[-pro-]\ias.dataservices.test\bin\debug\ias.dataservices.test.dll" id="cfd9ab29-3a80-6d75-5829-afdfe38d0a84">
      <Execution id="e8ddc04c-b19c-4de0-bbae-d3ba92364620" />
      <TestMethod codeBase="D:/[-PRO-]/IAS.DataServices.Test/bin/Debug/IAS.DataServices.Test.DLL" adapterTypeName="Microsoft.VisualStudio.TestTools.TestTypes.Unit.UnitTestAdapter, Microsoft.VisualStudio.QualityTools.Tips.UnitTest.Adapter, Version=10.0.0.0, Culture=neutral, PublicKeyToken=b03f5f7f11d50a3a" className="IAS.DataServices.Test.IExamServiceTest, IAS.DataServices.Test, Version=1.0.0.0, Culture=neutral, PublicKeyToken=null" name="UpdateExamRoomTest" />
    </UnitTest>
    <UnitTest name="KTBBankFile_Upload_Falit" storage="d:\[-pro-]\ias.dataservicetest\bin\debug\ias.dataservicetest.dll" id="c4aab5b1-a7f5-c03f-ca64-e611898fcff3">
      <Execution id="d1511b27-d737-4a6f-9b98-1b02814b776a" />
      <TestMethod codeBase="D:/[-PRO-]/IAS.DataServiceTest/bin/Debug/IAS.DataServiceTest.DLL" adapterTypeName="Microsoft.VisualStudio.TestTools.TestTypes.Unit.UnitTestAdapter, Microsoft.VisualStudio.QualityTools.Tips.UnitTest.Adapter, Version=10.0.0.0, Culture=neutral, PublicKeyToken=b03f5f7f11d50a3a" className="IAS.DataServiceTest.KTBFileTextFileUploadTest, IAS.DataServiceTest, Version=1.0.0.0, Culture=neutral, PublicKeyToken=null" name="KTBBankFile_Upload_Falit" />
    </UnitTest>
    <UnitTest name="VerifyIdCardTest" storage="d:\[-pro-]\ias.dataservices.test\bin\debug\ias.dataservices.test.dll" id="28599269-b17f-93df-1de0-288ddf37e78f">
      <Execution id="2f6c0929-b2f9-469b-bac9-dd484b34898d" />
      <TestMethod codeBase="D:/[-PRO-]/IAS.DataServices.Test/bin/Debug/IAS.DataServices.Test.DLL" adapterTypeName="Microsoft.VisualStudio.TestTools.TestTypes.Unit.UnitTestAdapter, Microsoft.VisualStudio.QualityTools.Tips.UnitTest.Adapter, Version=10.0.0.0, Culture=neutral, PublicKeyToken=b03f5f7f11d50a3a" className="IAS.DataServices.Test.IRegistrationServiceTest, IAS.DataServices.Test, Version=1.0.0.0, Culture=neutral, PublicKeyToken=null" name="VerifyIdCardTest" />
    </UnitTest>
    <UnitTest name="SearchHolidayTest" storage="d:\[-pro-]\ias.dataservices.test\bin\debug\ias.dataservices.test.dll" id="024e2195-e55a-82a9-a316-9c3fda838436">
      <Execution id="9726d355-7442-4604-aca6-a65fd8024192" />
      <TestMethod codeBase="D:/[-PRO-]/IAS.DataServices.Test/bin/Debug/IAS.DataServices.Test.DLL" adapterTypeName="Microsoft.VisualStudio.TestTools.TestTypes.Unit.UnitTestAdapter, Microsoft.VisualStudio.QualityTools.Tips.UnitTest.Adapter, Version=10.0.0.0, Culture=neutral, PublicKeyToken=b03f5f7f11d50a3a" className="IAS.DataServices.Test.IExamServiceTest, IAS.DataServices.Test, Version=1.0.0.0, Culture=neutral, PublicKeyToken=null" name="SearchHolidayTest" />
    </UnitTest>
    <UnitTest name="TestPersisAfterAddObject" storage="d:\[-pro-]\ias.dataservicetest\bin\debug\ias.dataservicetest.dll" id="41e0ab99-e87a-bf66-081a-1b116ae3b8c8">
      <Execution id="f74c5546-654f-42d3-8995-0cefce538311" />
      <TestMethod codeBase="D:/[-PRO-]/IAS.DataServiceTest/bin/Debug/IAS.DataServiceTest.DLL" adapterTypeName="Microsoft.VisualStudio.TestTools.TestTypes.Unit.UnitTestAdapter, Microsoft.VisualStudio.QualityTools.Tips.UnitTest.Adapter, Version=10.0.0.0, Culture=neutral, PublicKeyToken=b03f5f7f11d50a3a" className="IAS.DataServiceTest.LinqTestingSumEntitiesValue, IAS.DataServiceTest, Version=1.0.0.0, Culture=neutral, PublicKeyToken=null" name="TestPersisAfterAddObject" />
    </UnitTest>
    <UnitTest name="DeleteAttatchFileTest" storage="d:\[-pro-]\ias.dataservices.test\bin\debug\ias.dataservices.test.dll" id="fb385faf-fd50-8b6f-fc63-2ba075af3cbc">
      <Execution id="959c709b-d0ae-4084-8e57-44ee31517415" />
      <TestMethod codeBase="D:/[-PRO-]/IAS.DataServices.Test/bin/Debug/IAS.DataServices.Test.DLL" adapterTypeName="Microsoft.VisualStudio.TestTools.TestTypes.Unit.UnitTestAdapter, Microsoft.VisualStudio.QualityTools.Tips.UnitTest.Adapter, Version=10.0.0.0, Culture=neutral, PublicKeyToken=b03f5f7f11d50a3a" className="IAS.DataServices.Test.IRegistrationServiceTest, IAS.DataServices.Test, Version=1.0.0.0, Culture=neutral, PublicKeyToken=null" name="DeleteAttatchFileTest" />
    </UnitTest>
    <UnitTest name="GenPaymentNumberTableTest" storage="d:\[-pro-]\ias.dataservices.test\bin\debug\ias.dataservices.test.dll" id="7c3f6a9d-e55f-46eb-8f9d-1befc067dae2">
      <Execution id="9d567ec4-bbdc-4d63-b355-5afc46340d89" />
      <TestMethod codeBase="D:/[-PRO-]/IAS.DataServices.Test/bin/Debug/IAS.DataServices.Test.DLL" adapterTypeName="Microsoft.VisualStudio.TestTools.TestTypes.Unit.UnitTestAdapter, Microsoft.VisualStudio.QualityTools.Tips.UnitTest.Adapter, Version=10.0.0.0, Culture=neutral, PublicKeyToken=b03f5f7f11d50a3a" className="IAS.DataServices.Test.IPaymentServiceTest, IAS.DataServices.Test, Version=1.0.0.0, Culture=neutral, PublicKeyToken=null" name="GenPaymentNumberTableTest" />
    </UnitTest>
    <UnitTest name="GetAgentTypeTest" storage="d:\[-pro-]\ias.dataservices.test\bin\debug\ias.dataservices.test.dll" id="c41b964d-79f6-3eb8-9253-82212c527581">
      <Execution id="416ba7ca-72a1-4ffc-8681-8a33a33db46f" />
      <TestMethod codeBase="D:/[-PRO-]/IAS.DataServices.Test/bin/Debug/IAS.DataServices.Test.DLL" adapterTypeName="Microsoft.VisualStudio.TestTools.TestTypes.Unit.UnitTestAdapter, Microsoft.VisualStudio.QualityTools.Tips.UnitTest.Adapter, Version=10.0.0.0, Culture=neutral, PublicKeyToken=b03f5f7f11d50a3a" className="IAS.DataServices.Test.IRegistrationServiceTest, IAS.DataServices.Test, Version=1.0.0.0, Culture=neutral, PublicKeyToken=null" name="GetAgentTypeTest" />
    </UnitTest>
    <UnitTest name="PersonNotApproveTest" storage="d:\[-pro-]\ias.dataservices.test\bin\debug\ias.dataservices.test.dll" id="60bd089b-0cb6-235c-3c43-9d4433caa2b7">
      <Execution id="da5437bb-ebdb-4c48-904c-c99c8a6886e4" />
      <TestMethod codeBase="D:/[-PRO-]/IAS.DataServices.Test/bin/Debug/IAS.DataServices.Test.DLL" adapterTypeName="Microsoft.VisualStudio.TestTools.TestTypes.Unit.UnitTestAdapter, Microsoft.VisualStudio.QualityTools.Tips.UnitTest.Adapter, Version=10.0.0.0, Culture=neutral, PublicKeyToken=b03f5f7f11d50a3a" className="IAS.DataServices.Test.IPersonServiceTest, IAS.DataServices.Test, Version=1.0.0.0, Culture=neutral, PublicKeyToken=null" name="PersonNotApproveTest" />
    </UnitTest>
    <UnitTest name="GetLicenseListTest" storage="d:\[-pro-]\ias.dataservices.test\bin\debug\ias.dataservices.test.dll" id="65eab05c-a154-8e78-4bf9-537920ebb237">
      <Execution id="f3c76b8c-b465-4e11-9996-540a0095091a" />
      <TestMethod codeBase="D:/[-PRO-]/IAS.DataServices.Test/bin/Debug/IAS.DataServices.Test.DLL" adapterTypeName="Microsoft.VisualStudio.TestTools.TestTypes.Unit.UnitTestAdapter, Microsoft.VisualStudio.QualityTools.Tips.UnitTest.Adapter, Version=10.0.0.0, Culture=neutral, PublicKeyToken=b03f5f7f11d50a3a" className="IAS.DataServices.Test.IExamServiceTest, IAS.DataServices.Test, Version=1.0.0.0, Culture=neutral, PublicKeyToken=null" name="GetLicenseListTest" />
    </UnitTest>
    <UnitTest name="GetPaymentByCriteriaTest" storage="d:\[-pro-]\ias.dataservices.test\bin\debug\ias.dataservices.test.dll" id="d4171f16-6e32-6c0e-3481-4121a5f607e8">
      <Execution id="f0edd6e9-ecee-4885-8afa-7ee7cd3e1e65" />
      <TestMethod codeBase="D:/[-PRO-]/IAS.DataServices.Test/bin/Debug/IAS.DataServices.Test.DLL" adapterTypeName="Microsoft.VisualStudio.TestTools.TestTypes.Unit.UnitTestAdapter, Microsoft.VisualStudio.QualityTools.Tips.UnitTest.Adapter, Version=10.0.0.0, Culture=neutral, PublicKeyToken=b03f5f7f11d50a3a" className="IAS.DataServices.Test.IPaymentServiceTest, IAS.DataServices.Test, Version=1.0.0.0, Culture=neutral, PublicKeyToken=null" name="GetPaymentByCriteriaTest" />
    </UnitTest>
    <UnitTest name="UpdateCountDownloadTest" storage="d:\[-pro-]\ias.dataservices.test\bin\debug\ias.dataservices.test.dll" id="9442c588-cc40-e8a5-a732-3bc544770112">
      <Execution id="6a5eb822-0248-4b31-9aae-9ecee22098d0" />
      <TestMethod codeBase="D:/[-PRO-]/IAS.DataServices.Test/bin/Debug/IAS.DataServices.Test.DLL" adapterTypeName="Microsoft.VisualStudio.TestTools.TestTypes.Unit.UnitTestAdapter, Microsoft.VisualStudio.QualityTools.Tips.UnitTest.Adapter, Version=10.0.0.0, Culture=neutral, PublicKeyToken=b03f5f7f11d50a3a" className="IAS.DataServices.Test.IPaymentServiceTest, IAS.DataServices.Test, Version=1.0.0.0, Culture=neutral, PublicKeyToken=null" name="UpdateCountDownloadTest" />
    </UnitTest>
    <UnitTest name="GetApplicantByCriteriaTest" storage="d:\[-pro-]\ias.dataservices.test\bin\debug\ias.dataservices.test.dll" id="763fd23b-f2d4-b85b-ed67-7a7c646ccb54">
      <Execution id="3e546c88-e42b-4ab6-b567-093bf9c2cdfa" />
      <TestMethod codeBase="D:/[-PRO-]/IAS.DataServices.Test/bin/Debug/IAS.DataServices.Test.DLL" adapterTypeName="Microsoft.VisualStudio.TestTools.TestTypes.Unit.UnitTestAdapter, Microsoft.VisualStudio.QualityTools.Tips.UnitTest.Adapter, Version=10.0.0.0, Culture=neutral, PublicKeyToken=b03f5f7f11d50a3a" className="IAS.DataServices.Test.IApplicantServiceTest, IAS.DataServices.Test, Version=1.0.0.0, Culture=neutral, PublicKeyToken=null" name="GetApplicantByCriteriaTest" />
    </UnitTest>
    <UnitTest name="GetPersonalTrainByCriteria" storage="d:\[-pro-]\ias.dataservices.test\bin\debug\ias.dataservices.test.dll" id="21e012be-2a78-2936-4a87-6ec31f28eb82">
      <Execution id="4125d2ad-00f4-4d93-a3d7-b0d03c1fc3ac" />
      <TestMethod codeBase="D:/[-PRO-]/IAS.DataServices.Test/bin/Debug/IAS.DataServices.Test.DLL" adapterTypeName="Microsoft.VisualStudio.TestTools.TestTypes.Unit.UnitTestAdapter, Microsoft.VisualStudio.QualityTools.Tips.UnitTest.Adapter, Version=10.0.0.0, Culture=neutral, PublicKeyToken=b03f5f7f11d50a3a" className="IAS.DataServices.Test.LicenseServiceTest, IAS.DataServices.Test, Version=1.0.0.0, Culture=neutral, PublicKeyToken=null" name="GetPersonalTrainByCriteria" />
    </UnitTest>
    <UnitTest name="ApplicantFileHeader_Can_Read_Text_To_Object" storage="d:\[-pro-]\ias.dataservicetest\bin\debug\ias.dataservicetest.dll" id="897c2449-2d21-15c5-0adc-996965cae64f">
      <Execution id="3403c1eb-279e-4732-9fa6-cbba7a59c930" />
      <TestMethod codeBase="D:/[-PRO-]/IAS.DataServiceTest/bin/Debug/IAS.DataServiceTest.DLL" adapterTypeName="Microsoft.VisualStudio.TestTools.TestTypes.Unit.UnitTestAdapter, Microsoft.VisualStudio.QualityTools.Tips.UnitTest.Adapter, Version=10.0.0.0, Culture=neutral, PublicKeyToken=b03f5f7f11d50a3a" className="IAS.DataServiceTest.ApplicationFileUploadTest, IAS.DataServiceTest, Version=1.0.0.0, Culture=neutral, PublicKeyToken=null" name="ApplicantFileHeader_Can_Read_Text_To_Object" />
    </UnitTest>
    <UnitTest name="UpdateTestTest" storage="d:\[-pro-]\ias.dataservices.test\bin\debug\ias.dataservices.test.dll" id="146d97a5-1fec-9fb4-13d5-5cbcc4856c57">
      <Execution id="e2405458-83a3-4686-8823-4468058da488" />
      <TestMethod codeBase="D:/[-PRO-]/IAS.DataServices.Test/bin/Debug/IAS.DataServices.Test.DLL" adapterTypeName="Microsoft.VisualStudio.TestTools.TestTypes.Unit.UnitTestAdapter, Microsoft.VisualStudio.QualityTools.Tips.UnitTest.Adapter, Version=10.0.0.0, Culture=neutral, PublicKeyToken=b03f5f7f11d50a3a" className="IAS.DataServices.Test.RegistrationTest.UnitTest1, IAS.DataServices.Test, Version=1.0.0.0, Culture=neutral, PublicKeyToken=null" name="UpdateTestTest" />
    </UnitTest>
    <UnitTest name="InsertSingleApplicantTest" storage="d:\[-pro-]\ias.dataservices.test\bin\debug\ias.dataservices.test.dll" id="803dc5c7-5e99-a0d5-1be7-b344c74eab8b">
      <Execution id="b7eefa9a-d418-43de-b67f-af4951bb5ef1" />
      <TestMethod codeBase="D:/[-PRO-]/IAS.DataServices.Test/bin/Debug/IAS.DataServices.Test.DLL" adapterTypeName="Microsoft.VisualStudio.TestTools.TestTypes.Unit.UnitTestAdapter, Microsoft.VisualStudio.QualityTools.Tips.UnitTest.Adapter, Version=10.0.0.0, Culture=neutral, PublicKeyToken=b03f5f7f11d50a3a" className="IAS.DataServices.Test.ApplicantServiceTest, IAS.DataServices.Test, Version=1.0.0.0, Culture=neutral, PublicKeyToken=null" name="InsertSingleApplicantTest" />
    </UnitTest>
    <UnitTest name="GetBillNoTest" storage="d:\[-pro-]\ias.dataservices.test\bin\debug\ias.dataservices.test.dll" id="07a1ff01-2083-15b1-673c-de2fb2688a55">
      <Execution id="46f74dc5-7927-4884-9958-97b16b4ef32a" />
      <TestMethod codeBase="D:/[-PRO-]/IAS.DataServices.Test/bin/Debug/IAS.DataServices.Test.DLL" adapterTypeName="Microsoft.VisualStudio.TestTools.TestTypes.Unit.UnitTestAdapter, Microsoft.VisualStudio.QualityTools.Tips.UnitTest.Adapter, Version=10.0.0.0, Culture=neutral, PublicKeyToken=b03f5f7f11d50a3a" className="IAS.DataServices.Test.IPaymentServiceTest, IAS.DataServices.Test, Version=1.0.0.0, Culture=neutral, PublicKeyToken=null" name="GetBillNoTest" />
    </UnitTest>
    <UnitTest name="GetRegistrationsByCriteriaTest" storage="d:\[-pro-]\ias.dataservices.test\bin\debug\ias.dataservices.test.dll" id="c2dda9f9-2a35-a46a-e645-51588e6762b9">
      <Execution id="15eec1cf-38e9-4dd1-8525-79d1543b3b70" />
      <TestMethod codeBase="D:/[-PRO-]/IAS.DataServices.Test/bin/Debug/IAS.DataServices.Test.DLL" adapterTypeName="Microsoft.VisualStudio.TestTools.TestTypes.Unit.UnitTestAdapter, Microsoft.VisualStudio.QualityTools.Tips.UnitTest.Adapter, Version=10.0.0.0, Culture=neutral, PublicKeyToken=b03f5f7f11d50a3a" className="IAS.DataServices.Test.RegistationServiceTest, IAS.DataServices.Test, Version=1.0.0.0, Culture=neutral, PublicKeyToken=null" name="GetRegistrationsByCriteriaTest" />
    </UnitTest>
    <UnitTest name="TestGmailSendMail" storage="d:\[-pro-]\ias.dataservicetest\bin\debug\ias.dataservicetest.dll" id="2ada07dd-cc50-1be2-0af3-b3511c5b025b">
      <Execution id="3c905a5e-447e-467f-b8b3-87f090cd3a6a" />
      <TestMethod codeBase="D:/[-PRO-]/IAS.DataServiceTest/bin/Debug/IAS.DataServiceTest.DLL" adapterTypeName="Microsoft.VisualStudio.TestTools.TestTypes.Unit.UnitTestAdapter, Microsoft.VisualStudio.QualityTools.Tips.UnitTest.Adapter, Version=10.0.0.0, Culture=neutral, PublicKeyToken=b03f5f7f11d50a3a" className="IAS.DataServiceTest.DataServiceEmailTesting, IAS.DataServiceTest, Version=1.0.0.0, Culture=neutral, PublicKeyToken=null" name="TestGmailSendMail" />
    </UnitTest>
    <UnitTest name="GetPaymentDetailByCriteriaTest" storage="d:\[-pro-]\ias.dataservices.test\bin\debug\ias.dataservices.test.dll" id="1d4888f9-5fdc-2790-1d40-be72858fc0ab">
      <Execution id="cc4c2d16-cf93-4f03-bed5-cfc0b1971885" />
      <TestMethod codeBase="D:/[-PRO-]/IAS.DataServices.Test/bin/Debug/IAS.DataServices.Test.DLL" adapterTypeName="Microsoft.VisualStudio.TestTools.TestTypes.Unit.UnitTestAdapter, Microsoft.VisualStudio.QualityTools.Tips.UnitTest.Adapter, Version=10.0.0.0, Culture=neutral, PublicKeyToken=b03f5f7f11d50a3a" className="IAS.DataServices.Test.IPaymentServiceTest, IAS.DataServices.Test, Version=1.0.0.0, Culture=neutral, PublicKeyToken=null" name="GetPaymentDetailByCriteriaTest" />
    </UnitTest>
    <UnitTest name="LicenseRevokedValidationTest" storage="d:\[-pro-]\ias.dataservices.test\bin\debug\ias.dataservices.test.dll" id="6ef3b947-97e7-2d54-940c-7176f92b5a56">
      <Execution id="dd5e5649-4ae6-4461-b1d8-c81cfd347aa2" />
      <TestMethod codeBase="D:/[-PRO-]/IAS.DataServices.Test/bin/Debug/IAS.DataServices.Test.DLL" adapterTypeName="Microsoft.VisualStudio.TestTools.TestTypes.Unit.UnitTestAdapter, Microsoft.VisualStudio.QualityTools.Tips.UnitTest.Adapter, Version=10.0.0.0, Culture=neutral, PublicKeyToken=b03f5f7f11d50a3a" className="IAS.DataServices.Test.LicenseServiceTest, IAS.DataServices.Test, Version=1.0.0.0, Culture=neutral, PublicKeyToken=null" name="LicenseRevokedValidationTest" />
    </UnitTest>
    <UnitTest name="GetAllGroupPaymentTest" storage="d:\[-pro-]\ias.dataservices.test\bin\debug\ias.dataservices.test.dll" id="8ac17e60-92ec-b600-c324-e9c114dadd5b">
      <Execution id="18a24983-cacc-497a-8c7b-757ef977596f" />
      <TestMethod codeBase="D:/[-PRO-]/IAS.DataServices.Test/bin/Debug/IAS.DataServices.Test.DLL" adapterTypeName="Microsoft.VisualStudio.TestTools.TestTypes.Unit.UnitTestAdapter, Microsoft.VisualStudio.QualityTools.Tips.UnitTest.Adapter, Version=10.0.0.0, Culture=neutral, PublicKeyToken=b03f5f7f11d50a3a" className="IAS.DataServices.Test.IPaymentServiceTest, IAS.DataServices.Test, Version=1.0.0.0, Culture=neutral, PublicKeyToken=null" name="GetAllGroupPaymentTest" />
    </UnitTest>
    <UnitTest name="Validate_Name_IsValid" storage="d:\[-pro-]\ias.dataservicetest\bin\debug\ias.dataservicetest.dll" id="20ecbc30-a52a-34d4-a8e5-8c0211e3bcad">
      <Execution id="1729fc06-6fd4-481f-9ed9-87483e58f77d" />
      <TestMethod codeBase="D:/[-PRO-]/IAS.DataServiceTest/bin/Debug/IAS.DataServiceTest.DLL" adapterTypeName="Microsoft.VisualStudio.TestTools.TestTypes.Unit.UnitTestAdapter, Microsoft.VisualStudio.QualityTools.Tips.UnitTest.Adapter, Version=10.0.0.0, Culture=neutral, PublicKeyToken=b03f5f7f11d50a3a" className="IAS.DataServiceTest.StringNameHelperTest, IAS.DataServiceTest, Version=1.0.0.0, Culture=neutral, PublicKeyToken=null" name="Validate_Name_IsValid" />
    </UnitTest>
    <UnitTest name="GetStatisticResetPasswordTest" storage="d:\[-pro-]\ias.dataservices.test\bin\debug\ias.dataservices.test.dll" id="a03811f7-b98d-3f01-5f60-ea96b942a829">
      <Execution id="66c1c41a-ea55-4e2f-82e6-07d79391ce76" />
      <TestMethod codeBase="D:/[-PRO-]/IAS.DataServices.Test/bin/Debug/IAS.DataServices.Test.DLL" adapterTypeName="Microsoft.VisualStudio.TestTools.TestTypes.Unit.UnitTestAdapter, Microsoft.VisualStudio.QualityTools.Tips.UnitTest.Adapter, Version=10.0.0.0, Culture=neutral, PublicKeyToken=b03f5f7f11d50a3a" className="IAS.DataServices.Test.IPersonServiceTest, IAS.DataServices.Test, Version=1.0.0.0, Culture=neutral, PublicKeyToken=null" name="GetStatisticResetPasswordTest" />
    </UnitTest>
    <UnitTest name="UpdateApplicantGroupUploadTest" storage="d:\[-pro-]\ias.dataservices.test\bin\debug\ias.dataservices.test.dll" id="d2097e09-73c7-825f-5e13-29b94eb629ce">
      <Execution id="002bc062-af3c-400c-94b9-7cc6e9d3f62a" />
      <TestMethod codeBase="D:/[-PRO-]/IAS.DataServices.Test/bin/Debug/IAS.DataServices.Test.DLL" adapterTypeName="Microsoft.VisualStudio.TestTools.TestTypes.Unit.UnitTestAdapter, Microsoft.VisualStudio.QualityTools.Tips.UnitTest.Adapter, Version=10.0.0.0, Culture=neutral, PublicKeyToken=b03f5f7f11d50a3a" className="IAS.DataServices.Test.IApplicantServiceTest, IAS.DataServices.Test, Version=1.0.0.0, Culture=neutral, PublicKeyToken=null" name="UpdateApplicantGroupUploadTest" />
    </UnitTest>
    <UnitTest name="GetTestingNoGetTest" storage="d:\[-pro-]\ias.dataservicetest\bin\debug\ias.dataservicetest.dll" id="b166bd70-f213-7705-2488-c6256bb22ebf">
      <Execution id="c8b4c647-6699-4fe8-b6af-d97e20138222" />
      <TestMethod codeBase="D:/[-PRO-]/IAS.DataServiceTest/bin/Debug/IAS.DataServiceTest.DLL" adapterTypeName="Microsoft.VisualStudio.TestTools.TestTypes.Unit.UnitTestAdapter, Microsoft.VisualStudio.QualityTools.Tips.UnitTest.Adapter, Version=10.0.0.0, Culture=neutral, PublicKeyToken=b03f5f7f11d50a3a" className="IAS.DataServiceTest.GetRunnigNoFromFunctionOracleTest, IAS.DataServiceTest, Version=1.0.0.0, Culture=neutral, PublicKeyToken=null" name="GetTestingNoGetTest" />
    </UnitTest>
    <UnitTest name="Duplicate_Data_Test_Get_Clear_Duplicate" storage="d:\[-pro-]\ias.dataservicetest\bin\debug\ias.dataservicetest.dll" id="ed60cfa6-18d0-87ef-74c8-7553a5bd352b">
      <Execution id="4e123362-43ac-4baf-9492-71278e0bb404" />
      <TestMethod codeBase="D:/[-PRO-]/IAS.DataServiceTest/bin/Debug/IAS.DataServiceTest.DLL" adapterTypeName="Microsoft.VisualStudio.TestTools.TestTypes.Unit.UnitTestAdapter, Microsoft.VisualStudio.QualityTools.Tips.UnitTest.Adapter, Version=10.0.0.0, Culture=neutral, PublicKeyToken=b03f5f7f11d50a3a" className="IAS.DataServiceTest.MethodDuplicateTest, IAS.DataServiceTest, Version=1.0.0.0, Culture=neutral, PublicKeyToken=null" name="Duplicate_Data_Test_Get_Clear_Duplicate" />
    </UnitTest>
    <UnitTest name="AddToAccountTest_Can_Default_Test" storage="d:\[-pro-]\ias.dataservicetest\bin\debug\ias.dataservicetest.dll" id="dcb46117-93d8-1747-b94f-cf176e4f62a8">
      <Execution id="85919bc7-61d9-46d0-9f24-ee98ff47a17d" />
      <TestMethod codeBase="D:/[-PRO-]/IAS.DataServiceTest/bin/Debug/IAS.DataServiceTest.DLL" adapterTypeName="Microsoft.VisualStudio.TestTools.TestTypes.Unit.UnitTestAdapter, Microsoft.VisualStudio.QualityTools.Tips.UnitTest.Adapter, Version=10.0.0.0, Culture=neutral, PublicKeyToken=b03f5f7f11d50a3a" className="IAS.DataServiceTest.Payment_BillBiz_AddToAccountTest, IAS.DataServiceTest, Version=1.0.0.0, Culture=neutral, PublicKeyToken=null" name="AddToAccountTest_Can_Default_Test" />
    </UnitTest>
    <UnitTest name="LicenseRequest_Can_Seperate_DataRowHeader" storage="d:\[-pro-]\ias.dataservicetest\bin\debug\ias.dataservicetest.dll" id="a07e0c5f-c73c-3b05-6689-29aa03f694c5">
      <Execution id="0b873fd0-a888-42b3-867b-2ccb497995fa" />
      <TestMethod codeBase="D:/[-PRO-]/IAS.DataServiceTest/bin/Debug/IAS.DataServiceTest.DLL" adapterTypeName="Microsoft.VisualStudio.TestTools.TestTypes.Unit.UnitTestAdapter, Microsoft.VisualStudio.QualityTools.Tips.UnitTest.Adapter, Version=10.0.0.0, Culture=neutral, PublicKeyToken=b03f5f7f11d50a3a" className="IAS.DataServiceTest.LicenseRequestFileUploadTest, IAS.DataServiceTest, Version=1.0.0.0, Culture=neutral, PublicKeyToken=null" name="LicenseRequest_Can_Seperate_DataRowHeader" />
    </UnitTest>
    <UnitTest name="DeleteTest" storage="d:\[-pro-]\ias.dataservices.test\bin\debug\ias.dataservices.test.dll" id="2ea34e50-2ab1-5548-3727-1e47fc13cae1">
      <Execution id="deb9b9a4-3e60-43b4-a5dc-ce4fdb7e9637" />
      <TestMethod codeBase="D:/[-PRO-]/IAS.DataServices.Test/bin/Debug/IAS.DataServices.Test.DLL" adapterTypeName="Microsoft.VisualStudio.TestTools.TestTypes.Unit.UnitTestAdapter, Microsoft.VisualStudio.QualityTools.Tips.UnitTest.Adapter, Version=10.0.0.0, Culture=neutral, PublicKeyToken=b03f5f7f11d50a3a" className="IAS.DataServices.Test.IRegistrationServiceTest, IAS.DataServices.Test, Version=1.0.0.0, Culture=neutral, PublicKeyToken=null" name="DeleteTest" />
    </UnitTest>
    <UnitTest name="GetLicensetypeListTest" storage="d:\[-pro-]\ias.dataservices.test\bin\debug\ias.dataservices.test.dll" id="542d6242-b6aa-62ef-b9a8-11717e33ad08">
      <Execution id="d3622761-3e83-4f51-b737-9d9d16a89056" />
      <TestMethod codeBase="D:/[-PRO-]/IAS.DataServices.Test/bin/Debug/IAS.DataServices.Test.DLL" adapterTypeName="Microsoft.VisualStudio.TestTools.TestTypes.Unit.UnitTestAdapter, Microsoft.VisualStudio.QualityTools.Tips.UnitTest.Adapter, Version=10.0.0.0, Culture=neutral, PublicKeyToken=b03f5f7f11d50a3a" className="IAS.DataServices.Test.IExamServiceTest, IAS.DataServices.Test, Version=1.0.0.0, Culture=neutral, PublicKeyToken=null" name="GetLicensetypeListTest" />
    </UnitTest>
    <UnitTest name="AddStatusReceiveCompletetoDBTest" storage="d:\[-pro-]\ias.dataservices.test\bin\debug\ias.dataservices.test.dll" id="0e43cf8f-e668-f637-10e5-c31e3ad775b1">
      <Execution id="76c82453-cd1a-4c30-b7ef-ef0ee2ddde45" />
      <TestMethod codeBase="D:/[-PRO-]/IAS.DataServices.Test/bin/Debug/IAS.DataServices.Test.DLL" adapterTypeName="Microsoft.VisualStudio.TestTools.TestTypes.Unit.UnitTestAdapter, Microsoft.VisualStudio.QualityTools.Tips.UnitTest.Adapter, Version=10.0.0.0, Culture=neutral, PublicKeyToken=b03f5f7f11d50a3a" className="IAS.DataServices.Test.IPaymentServiceTest, IAS.DataServices.Test, Version=1.0.0.0, Culture=neutral, PublicKeyToken=null" name="AddStatusReceiveCompletetoDBTest" />
    </UnitTest>
    <UnitTest name="UpdateExamResultEditTest" storage="d:\[-pro-]\ias.dataservices.test\bin\debug\ias.dataservices.test.dll" id="ae6b9d15-88c9-18b5-942c-997458adb99f">
      <Execution id="3002bd64-8200-4544-ae70-2190a4c5bbaa" />
      <TestMethod codeBase="D:/[-PRO-]/IAS.DataServices.Test/bin/Debug/IAS.DataServices.Test.DLL" adapterTypeName="Microsoft.VisualStudio.TestTools.TestTypes.Unit.UnitTestAdapter, Microsoft.VisualStudio.QualityTools.Tips.UnitTest.Adapter, Version=10.0.0.0, Culture=neutral, PublicKeyToken=b03f5f7f11d50a3a" className="IAS.DataServices.Test.IExamServiceTest, IAS.DataServices.Test, Version=1.0.0.0, Culture=neutral, PublicKeyToken=null" name="UpdateExamResultEditTest" />
    </UnitTest>
    <UnitTest name="Insert12TTest" storage="d:\[-pro-]\ias.dataservices.test\bin\debug\ias.dataservices.test.dll" id="2da54dcb-babc-da32-5efd-f50feecc7db9">
      <Execution id="fdced9a9-5f62-4cbd-a1aa-c2f6cf1f76b2" />
      <TestMethod codeBase="D:/[-PRO-]/IAS.DataServices.Test/bin/Debug/IAS.DataServices.Test.DLL" adapterTypeName="Microsoft.VisualStudio.TestTools.TestTypes.Unit.UnitTestAdapter, Microsoft.VisualStudio.QualityTools.Tips.UnitTest.Adapter, Version=10.0.0.0, Culture=neutral, PublicKeyToken=b03f5f7f11d50a3a" className="IAS.DataServices.Test.IPaymentServiceTest, IAS.DataServices.Test, Version=1.0.0.0, Culture=neutral, PublicKeyToken=null" name="Insert12TTest" />
    </UnitTest>
    <UnitTest name="CreatePdfTest" storage="d:\[-pro-]\ias.dataservices.test\bin\debug\ias.dataservices.test.dll" id="5a2ada94-562d-4f5a-0c45-1896c532caa6">
      <Execution id="76bc273f-614a-4aec-98a9-c45f856f9b43" />
      <TestMethod codeBase="D:/[-PRO-]/IAS.DataServices.Test/bin/Debug/IAS.DataServices.Test.DLL" adapterTypeName="Microsoft.VisualStudio.TestTools.TestTypes.Unit.UnitTestAdapter, Microsoft.VisualStudio.QualityTools.Tips.UnitTest.Adapter, Version=10.0.0.0, Culture=neutral, PublicKeyToken=b03f5f7f11d50a3a" className="IAS.DataServices.Test.IPaymentServiceTest, IAS.DataServices.Test, Version=1.0.0.0, Culture=neutral, PublicKeyToken=null" name="CreatePdfTest" />
    </UnitTest>
    <UnitTest name="GetSubPaymentByHeaderRequestNoTest" storage="d:\[-pro-]\ias.dataservices.test\bin\debug\ias.dataservices.test.dll" id="be975037-27a5-c4ec-14c0-51bf9641569d">
      <Execution id="723b1757-6f97-44fe-ab24-7fae7a3b1a63" />
      <TestMethod codeBase="D:/[-PRO-]/IAS.DataServices.Test/bin/Debug/IAS.DataServices.Test.DLL" adapterTypeName="Microsoft.VisualStudio.TestTools.TestTypes.Unit.UnitTestAdapter, Microsoft.VisualStudio.QualityTools.Tips.UnitTest.Adapter, Version=10.0.0.0, Culture=neutral, PublicKeyToken=b03f5f7f11d50a3a" className="IAS.DataServices.Test.IPaymentServiceTest, IAS.DataServices.Test, Version=1.0.0.0, Culture=neutral, PublicKeyToken=null" name="GetSubPaymentByHeaderRequestNoTest" />
    </UnitTest>
    <UnitTest name="GetSubGroupTest" storage="d:\[-pro-]\ias.dataservices.test\bin\debug\ias.dataservices.test.dll" id="8284c4be-8839-bddb-9ece-0d4d5db952a4">
      <Execution id="1a0f8c50-6df6-440f-a115-1fc96137f910" />
      <TestMethod codeBase="D:/[-PRO-]/IAS.DataServices.Test/bin/Debug/IAS.DataServices.Test.DLL" adapterTypeName="Microsoft.VisualStudio.TestTools.TestTypes.Unit.UnitTestAdapter, Microsoft.VisualStudio.QualityTools.Tips.UnitTest.Adapter, Version=10.0.0.0, Culture=neutral, PublicKeyToken=b03f5f7f11d50a3a" className="IAS.DataServices.Test.IPaymentServiceTest, IAS.DataServices.Test, Version=1.0.0.0, Culture=neutral, PublicKeyToken=null" name="GetSubGroupTest" />
    </UnitTest>
    <UnitTest name="GetDataTo8ReportTest" storage="d:\[-pro-]\ias.dataservices.test\bin\debug\ias.dataservices.test.dll" id="3d8cf73c-4d4a-2b87-efd4-5c83b604b421">
      <Execution id="9fa4a998-bc89-48f6-b37b-1541ce399cd2" />
      <TestMethod codeBase="D:/[-PRO-]/IAS.DataServices.Test/bin/Debug/IAS.DataServices.Test.DLL" adapterTypeName="Microsoft.VisualStudio.TestTools.TestTypes.Unit.UnitTestAdapter, Microsoft.VisualStudio.QualityTools.Tips.UnitTest.Adapter, Version=10.0.0.0, Culture=neutral, PublicKeyToken=b03f5f7f11d50a3a" className="IAS.DataServices.Test.IPersonServiceTest, IAS.DataServices.Test, Version=1.0.0.0, Culture=neutral, PublicKeyToken=null" name="GetDataTo8ReportTest" />
    </UnitTest>
    <UnitTest name="Test" storage="d:\[-pro-]\ias.dataservicetest\bin\debug\ias.dataservicetest.dll" id="1ade5249-963a-4e04-9346-ece88272e3e7">
      <Execution id="ae3bf956-7287-4d24-a85d-24399d57b79b" />
      <TestMethod codeBase="D:/[-PRO-]/IAS.DataServiceTest/bin/Debug/IAS.DataServiceTest.DLL" adapterTypeName="Microsoft.VisualStudio.TestTools.TestTypes.Unit.UnitTestAdapter, Microsoft.VisualStudio.QualityTools.Tips.UnitTest.Adapter, Version=10.0.0.0, Culture=neutral, PublicKeyToken=b03f5f7f11d50a3a" className="IAS.DataServiceTest.SelectDataTesting, IAS.DataServiceTest, Version=1.0.0.0, Culture=neutral, PublicKeyToken=null" name="Test" />
    </UnitTest>
    <UnitTest name="GetTitleNameFromSexTest" storage="d:\[-pro-]\ias.dataservices.test\bin\debug\ias.dataservices.test.dll" id="15b1af2b-0af6-9791-b1d4-1c8950ee84dc">
      <Execution id="bd2ea59a-cb9b-4a5b-acca-fd905a71d2b5" />
      <TestMethod codeBase="D:/[-PRO-]/IAS.DataServices.Test/bin/Debug/IAS.DataServices.Test.DLL" adapterTypeName="Microsoft.VisualStudio.TestTools.TestTypes.Unit.UnitTestAdapter, Microsoft.VisualStudio.QualityTools.Tips.UnitTest.Adapter, Version=10.0.0.0, Culture=neutral, PublicKeyToken=b03f5f7f11d50a3a" className="IAS.DataServices.Test.DataCenterServiceTest, IAS.DataServices.Test, Version=1.0.0.0, Culture=neutral, PublicKeyToken=null" name="GetTitleNameFromSexTest" />
    </UnitTest>
    <UnitTest name="AssemblyInfo_showVersionTest" storage="d:\[-pro-]\ias.dataservicetest\bin\debug\ias.dataservicetest.dll" id="4b48a539-69a6-cd0e-dd10-a6a8069ee87e">
      <Execution id="f6ce095f-7881-427a-b0e9-146fbe9ce890" />
      <TestMethod codeBase="D:/[-PRO-]/IAS.DataServiceTest/bin/Debug/IAS.DataServiceTest.DLL" adapterTypeName="Microsoft.VisualStudio.TestTools.TestTypes.Unit.UnitTestAdapter, Microsoft.VisualStudio.QualityTools.Tips.UnitTest.Adapter, Version=10.0.0.0, Culture=neutral, PublicKeyToken=b03f5f7f11d50a3a" className="IAS.DataServiceTest.AssemblyInfoTest, IAS.DataServiceTest, Version=1.0.0.0, Culture=neutral, PublicKeyToken=null" name="AssemblyInfo_showVersionTest" />
    </UnitTest>
    <UnitTest name="IsGeneralUserRegisteredTest" storage="d:\[-pro-]\ias.dataservices.test\bin\debug\ias.dataservices.test.dll" id="1cf74ae7-04bf-963e-0c14-5b319c2e7b63">
      <Execution id="35c3bb08-06a7-4535-8488-dbaf178cb773" />
      <TestMethod codeBase="D:/[-PRO-]/IAS.DataServices.Test/bin/Debug/IAS.DataServices.Test.DLL" adapterTypeName="Microsoft.VisualStudio.TestTools.TestTypes.Unit.UnitTestAdapter, Microsoft.VisualStudio.QualityTools.Tips.UnitTest.Adapter, Version=10.0.0.0, Culture=neutral, PublicKeyToken=b03f5f7f11d50a3a" className="IAS.DataServices.Test.IRegistrationServiceTest, IAS.DataServices.Test, Version=1.0.0.0, Culture=neutral, PublicKeyToken=null" name="IsGeneralUserRegisteredTest" />
    </UnitTest>
    <UnitTest name="IsCompAssoUserRegisteredTest" storage="d:\[-pro-]\ias.dataservices.test\bin\debug\ias.dataservices.test.dll" id="30978d91-de0d-a3c3-8fcf-d5753a885a3c">
      <Execution id="a68bc36b-c615-48b9-8490-4e207bc640f7" />
      <TestMethod codeBase="D:/[-PRO-]/IAS.DataServices.Test/bin/Debug/IAS.DataServices.Test.DLL" adapterTypeName="Microsoft.VisualStudio.TestTools.TestTypes.Unit.UnitTestAdapter, Microsoft.VisualStudio.QualityTools.Tips.UnitTest.Adapter, Version=10.0.0.0, Culture=neutral, PublicKeyToken=b03f5f7f11d50a3a" className="IAS.DataServices.Test.IRegistrationServiceTest, IAS.DataServices.Test, Version=1.0.0.0, Culture=neutral, PublicKeyToken=null" name="IsCompAssoUserRegisteredTest" />
    </UnitTest>
    <UnitTest name="AccountInFinance_WhereTest" storage="d:\[-pro-]\ias.dataservicetest\bin\debug\ias.dataservicetest.dll" id="71101bc9-174b-1138-9a64-908a069120d2">
      <Execution id="4f3a7e85-9393-4f34-8c6d-226a1eb2cc6d" />
      <TestMethod codeBase="D:/[-PRO-]/IAS.DataServiceTest/bin/Debug/IAS.DataServiceTest.DLL" adapterTypeName="Microsoft.VisualStudio.TestTools.TestTypes.Unit.UnitTestAdapter, Microsoft.VisualStudio.QualityTools.Tips.UnitTest.Adapter, Version=10.0.0.0, Culture=neutral, PublicKeyToken=b03f5f7f11d50a3a" className="IAS.DataServiceTest.FinanceAccountTest, IAS.DataServiceTest, Version=1.0.0.0, Culture=neutral, PublicKeyToken=null" name="AccountInFinance_WhereTest" />
    </UnitTest>
    <UnitTest name="GetApplicantFromTestingNoForManageApplicantTest" storage="d:\[-pro-]\ias.dataservices.test\bin\debug\ias.dataservices.test.dll" id="ec0789fd-65f3-56bc-0ccc-7a912c9ad212">
      <Execution id="9536ce88-bae0-4ad3-a8b1-ddd63db57dc7" />
      <TestMethod codeBase="D:/[-PRO-]/IAS.DataServices.Test/bin/Debug/IAS.DataServices.Test.DLL" adapterTypeName="Microsoft.VisualStudio.TestTools.TestTypes.Unit.UnitTestAdapter, Microsoft.VisualStudio.QualityTools.Tips.UnitTest.Adapter, Version=10.0.0.0, Culture=neutral, PublicKeyToken=b03f5f7f11d50a3a" className="IAS.DataServices.Test.ApplicantServiceTest, IAS.DataServices.Test, Version=1.0.0.0, Culture=neutral, PublicKeyToken=null" name="GetApplicantFromTestingNoForManageApplicantTest" />
    </UnitTest>
    <UnitTest name="GetSubPaymentHeadByHeadRequestNoTest" storage="d:\[-pro-]\ias.dataservices.test\bin\debug\ias.dataservices.test.dll" id="9abd7e5b-68f8-2e2d-341f-78607c62e00d">
      <Execution id="0c01e2c0-c62a-41ff-9e77-1e27e9a6dd66" />
      <TestMethod codeBase="D:/[-PRO-]/IAS.DataServices.Test/bin/Debug/IAS.DataServices.Test.DLL" adapterTypeName="Microsoft.VisualStudio.TestTools.TestTypes.Unit.UnitTestAdapter, Microsoft.VisualStudio.QualityTools.Tips.UnitTest.Adapter, Version=10.0.0.0, Culture=neutral, PublicKeyToken=b03f5f7f11d50a3a" className="IAS.DataServices.Test.IPaymentServiceTest, IAS.DataServices.Test, Version=1.0.0.0, Culture=neutral, PublicKeyToken=null" name="GetSubPaymentHeadByHeadRequestNoTest" />
    </UnitTest>
    <UnitTest name="DeleteTest" storage="d:\[-pro-]\ias.dataservices.test\bin\debug\ias.dataservices.test.dll" id="27823be6-46e3-1433-846d-84b67729fffe">
      <Execution id="fa20f6c3-2f5e-4725-9a2a-2ab46a274ead" />
      <TestMethod codeBase="D:/[-PRO-]/IAS.DataServices.Test/bin/Debug/IAS.DataServices.Test.DLL" adapterTypeName="Microsoft.VisualStudio.TestTools.TestTypes.Unit.UnitTestAdapter, Microsoft.VisualStudio.QualityTools.Tips.UnitTest.Adapter, Version=10.0.0.0, Culture=neutral, PublicKeyToken=b03f5f7f11d50a3a" className="IAS.DataServices.Test.IApplicantServiceTest, IAS.DataServices.Test, Version=1.0.0.0, Culture=neutral, PublicKeyToken=null" name="DeleteTest" />
    </UnitTest>
    <UnitTest name="GetPaymentLicenseAppoveTest" storage="d:\[-pro-]\ias.dataservices.test\bin\debug\ias.dataservices.test.dll" id="ef2d25c9-e612-1040-9214-47fe0c88f6f6">
      <Execution id="27f9ef77-27a8-4bf8-b14d-5cbe865255c1" />
      <TestMethod codeBase="D:/[-PRO-]/IAS.DataServices.Test/bin/Debug/IAS.DataServices.Test.DLL" adapterTypeName="Microsoft.VisualStudio.TestTools.TestTypes.Unit.UnitTestAdapter, Microsoft.VisualStudio.QualityTools.Tips.UnitTest.Adapter, Version=10.0.0.0, Culture=neutral, PublicKeyToken=b03f5f7f11d50a3a" className="IAS.DataServices.Test.IPaymentServiceTest, IAS.DataServices.Test, Version=1.0.0.0, Culture=neutral, PublicKeyToken=null" name="GetPaymentLicenseAppoveTest" />
    </UnitTest>
    <UnitTest name="GetApplicantByIdTest" storage="d:\[-pro-]\ias.dataservices.test\bin\debug\ias.dataservices.test.dll" id="97fe033a-b2ee-a70b-1c5e-335d85a2cc44">
      <Execution id="26e85dfe-e0eb-4ae0-ace9-cd183f7d8056" />
      <TestMethod codeBase="D:/[-PRO-]/IAS.DataServices.Test/bin/Debug/IAS.DataServices.Test.DLL" adapterTypeName="Microsoft.VisualStudio.TestTools.TestTypes.Unit.UnitTestAdapter, Microsoft.VisualStudio.QualityTools.Tips.UnitTest.Adapter, Version=10.0.0.0, Culture=neutral, PublicKeyToken=b03f5f7f11d50a3a" className="IAS.DataServices.Test.ApplicantServiceTest, IAS.DataServices.Test, Version=1.0.0.0, Culture=neutral, PublicKeyToken=null" name="GetApplicantByIdTest" />
    </UnitTest>
    <UnitTest name="SetOffLineStatusTest" storage="d:\[-pro-]\ias.dataservices.test\bin\debug\ias.dataservices.test.dll" id="476c3ee8-edf8-8830-d37c-9464e4e2f0ea">
      <Execution id="a4fa3bf0-ab12-40f7-83e5-95bec58b74ce" />
      <TestMethod codeBase="D:/[-PRO-]/IAS.DataServices.Test/bin/Debug/IAS.DataServices.Test.DLL" adapterTypeName="Microsoft.VisualStudio.TestTools.TestTypes.Unit.UnitTestAdapter, Microsoft.VisualStudio.QualityTools.Tips.UnitTest.Adapter, Version=10.0.0.0, Culture=neutral, PublicKeyToken=b03f5f7f11d50a3a" className="IAS.DataServices.Test.IPersonServiceTest, IAS.DataServices.Test, Version=1.0.0.0, Culture=neutral, PublicKeyToken=null" name="SetOffLineStatusTest" />
    </UnitTest>
    <UnitTest name="HashAlgorithm_Can_create_same_data_before_and_afterTest" storage="d:\[-pro-]\ias.dataservices.test\bin\debug\ias.dataservices.test.dll" id="f9e221b9-0fba-fb63-b7c3-01c1f8629362">
      <Execution id="cf9fd2d6-f85c-4b5d-9fd2-ecf98843f4ea" />
      <TestMethod codeBase="D:/[-PRO-]/IAS.DataServices.Test/bin/Debug/IAS.DataServices.Test.DLL" adapterTypeName="Microsoft.VisualStudio.TestTools.TestTypes.Unit.UnitTestAdapter, Microsoft.VisualStudio.QualityTools.Tips.UnitTest.Adapter, Version=10.0.0.0, Culture=neutral, PublicKeyToken=b03f5f7f11d50a3a" className="IAS.DataServices.Test.PaymentTest.HashAlgorithmReceiptTest, IAS.DataServices.Test, Version=1.0.0.0, Culture=neutral, PublicKeyToken=null" name="HashAlgorithm_Can_create_same_data_before_and_afterTest" />
    </UnitTest>
    <UnitTest name="Zip_PrintDownloadCountTest" storage="d:\[-pro-]\ias.dataservices.test\bin\debug\ias.dataservices.test.dll" id="71c85e39-2b22-5ae3-f017-6fc5fa3c70b0">
      <Execution id="29c1c492-271b-43f3-8ae0-c7e6d502682e" />
      <TestMethod codeBase="D:/[-PRO-]/IAS.DataServices.Test/bin/Debug/IAS.DataServices.Test.DLL" adapterTypeName="Microsoft.VisualStudio.TestTools.TestTypes.Unit.UnitTestAdapter, Microsoft.VisualStudio.QualityTools.Tips.UnitTest.Adapter, Version=10.0.0.0, Culture=neutral, PublicKeyToken=b03f5f7f11d50a3a" className="IAS.DataServices.Test.IPaymentServiceTest, IAS.DataServices.Test, Version=1.0.0.0, Culture=neutral, PublicKeyToken=null" name="Zip_PrintDownloadCountTest" />
    </UnitTest>
    <UnitTest name="TestInitailDataPromeUse" storage="d:\[-pro-]\ias.dataservicetest\bin\debug\ias.dataservicetest.dll" id="6a3048ea-117a-9c27-8c98-6fcab51d9ac0">
      <Execution id="48df7959-6bdd-487e-8c6f-b16e9ee1bb35" />
      <TestMethod codeBase="D:/[-PRO-]/IAS.DataServiceTest/bin/Debug/IAS.DataServiceTest.DLL" adapterTypeName="Microsoft.VisualStudio.TestTools.TestTypes.Unit.UnitTestAdapter, Microsoft.VisualStudio.QualityTools.Tips.UnitTest.Adapter, Version=10.0.0.0, Culture=neutral, PublicKeyToken=b03f5f7f11d50a3a" className="IAS.DataServiceTest.GenerateComposeLicenseRequestTest, IAS.DataServiceTest, Version=1.0.0.0, Culture=neutral, PublicKeyToken=null" name="TestInitailDataPromeUse" />
    </UnitTest>
    <UnitTest name="TestEntityWhenNot_Save" storage="d:\[-pro-]\ias.dataservicetest\bin\debug\ias.dataservicetest.dll" id="58f549bc-6d6c-9453-1a42-733c5798ce30">
      <Execution id="c3a45710-661c-4b5c-9ef3-2c8b572efd68" />
      <TestMethod codeBase="D:/[-PRO-]/IAS.DataServiceTest/bin/Debug/IAS.DataServiceTest.DLL" adapterTypeName="Microsoft.VisualStudio.TestTools.TestTypes.Unit.UnitTestAdapter, Microsoft.VisualStudio.QualityTools.Tips.UnitTest.Adapter, Version=10.0.0.0, Culture=neutral, PublicKeyToken=b03f5f7f11d50a3a" className="IAS.DataServiceTest.TestEntity, IAS.DataServiceTest, Version=1.0.0.0, Culture=neutral, PublicKeyToken=null" name="TestEntityWhenNot_Save" />
    </UnitTest>
    <UnitTest name="ApplicantFileDetail_Can_Read_Text_To_Object" storage="d:\[-pro-]\ias.dataservicetest\bin\debug\ias.dataservicetest.dll" id="0fe06b35-7789-cbb5-c674-9e709a15faed">
      <Execution id="feaa48c7-2327-44f7-998e-1f21eb6aa441" />
      <TestMethod codeBase="D:/[-PRO-]/IAS.DataServiceTest/bin/Debug/IAS.DataServiceTest.DLL" adapterTypeName="Microsoft.VisualStudio.TestTools.TestTypes.Unit.UnitTestAdapter, Microsoft.VisualStudio.QualityTools.Tips.UnitTest.Adapter, Version=10.0.0.0, Culture=neutral, PublicKeyToken=b03f5f7f11d50a3a" className="IAS.DataServiceTest.ApplicationFileUploadTest, IAS.DataServiceTest, Version=1.0.0.0, Culture=neutral, PublicKeyToken=null" name="ApplicantFileDetail_Can_Read_Text_To_Object" />
    </UnitTest>
    <UnitTest name="EntityValidationTest" storage="d:\[-pro-]\ias.dataservices.test\bin\debug\ias.dataservices.test.dll" id="c9b90aa4-e89b-2717-cb3a-1de089946cb5">
      <Execution id="998941e1-f077-4fd1-853e-c523bf2d41c4" />
      <TestMethod codeBase="D:/[-PRO-]/IAS.DataServices.Test/bin/Debug/IAS.DataServices.Test.DLL" adapterTypeName="Microsoft.VisualStudio.TestTools.TestTypes.Unit.UnitTestAdapter, Microsoft.VisualStudio.QualityTools.Tips.UnitTest.Adapter, Version=10.0.0.0, Culture=neutral, PublicKeyToken=b03f5f7f11d50a3a" className="IAS.DataServices.Test.RegistationServiceTest, IAS.DataServices.Test, Version=1.0.0.0, Culture=neutral, PublicKeyToken=null" name="EntityValidationTest" />
    </UnitTest>
    <UnitTest name="InsertTest" storage="d:\[-pro-]\ias.dataservices.test\bin\debug\ias.dataservices.test.dll" id="4cdcd52b-2d3e-682b-c129-04f34e69b4a3">
      <Execution id="b08bff0f-6e2e-4005-841a-743af1bf57ca" />
      <TestMethod codeBase="D:/[-PRO-]/IAS.DataServices.Test/bin/Debug/IAS.DataServices.Test.DLL" adapterTypeName="Microsoft.VisualStudio.TestTools.TestTypes.Unit.UnitTestAdapter, Microsoft.VisualStudio.QualityTools.Tips.UnitTest.Adapter, Version=10.0.0.0, Culture=neutral, PublicKeyToken=b03f5f7f11d50a3a" className="IAS.DataServices.Test.IApplicantServiceTest, IAS.DataServices.Test, Version=1.0.0.0, Culture=neutral, PublicKeyToken=null" name="InsertTest" />
    </UnitTest>
    <UnitTest name="TestSelect_PaymentRequestLicense_From_MockData" storage="d:\[-pro-]\ias.dataservicetest\bin\debug\ias.dataservicetest.dll" id="75082207-4c45-47d8-ab69-ff883ac8ddd8">
      <Execution id="24504d5b-ea3c-4405-acaa-46094d8fc092" />
      <TestMethod codeBase="D:/[-PRO-]/IAS.DataServiceTest/bin/Debug/IAS.DataServiceTest.DLL" adapterTypeName="Microsoft.VisualStudio.TestTools.TestTypes.Unit.UnitTestAdapter, Microsoft.VisualStudio.QualityTools.Tips.UnitTest.Adapter, Version=10.0.0.0, Culture=neutral, PublicKeyToken=b03f5f7f11d50a3a" className="IAS.DataServiceTest.GenerateComposeLicenseRequestTest, IAS.DataServiceTest, Version=1.0.0.0, Culture=neutral, PublicKeyToken=null" name="TestSelect_PaymentRequestLicense_From_MockData" />
    </UnitTest>
    <UnitTest name="TestCopyTransaction" storage="d:\[-pro-]\ias.dataservicetest\bin\debug\ias.dataservicetest.dll" id="9d5e5f93-4d49-9a2d-1820-f3e1dbc60d21">
      <Execution id="23439f68-6028-4100-88c8-54c80e61a680" />
      <TestMethod codeBase="D:/[-PRO-]/IAS.DataServiceTest/bin/Debug/IAS.DataServiceTest.DLL" adapterTypeName="Microsoft.VisualStudio.TestTools.TestTypes.Unit.UnitTestAdapter, Microsoft.VisualStudio.QualityTools.Tips.UnitTest.Adapter, Version=10.0.0.0, Culture=neutral, PublicKeyToken=b03f5f7f11d50a3a" className="IAS.DataServiceTest.LinqTestingSumEntitiesValue, IAS.DataServiceTest, Version=1.0.0.0, Culture=neutral, PublicKeyToken=null" name="TestCopyTransaction" />
    </UnitTest>
    <UnitTest name="ConvertStringAmount_Can_Phase_Test" storage="d:\[-pro-]\ias.dataservicetest\bin\debug\ias.dataservicetest.dll" id="f50cf82f-cd65-950b-04d9-4013880b79f8">
      <Execution id="79e2c9ff-b1eb-4875-94ef-fb7780820291" />
      <TestMethod codeBase="D:/[-PRO-]/IAS.DataServiceTest/bin/Debug/IAS.DataServiceTest.DLL" adapterTypeName="Microsoft.VisualStudio.TestTools.TestTypes.Unit.UnitTestAdapter, Microsoft.VisualStudio.QualityTools.Tips.UnitTest.Adapter, Version=10.0.0.0, Culture=neutral, PublicKeyToken=b03f5f7f11d50a3a" className="IAS.DataServiceTest.PhaseAmountHelperTest, IAS.DataServiceTest, Version=1.0.0.0, Culture=neutral, PublicKeyToken=null" name="ConvertStringAmount_Can_Phase_Test" />
    </UnitTest>
    <UnitTest name="TestZipFile_Found" storage="d:\[-pro-]\ias.dataservicetest\bin\debug\ias.dataservicetest.dll" id="f11291b9-e086-3eb4-08e8-b2cf0edf5a03">
      <Execution id="a9a6f001-2dec-4ecd-914d-2566fb5f16e0" />
      <TestMethod codeBase="D:/[-PRO-]/IAS.DataServiceTest/bin/Debug/IAS.DataServiceTest.DLL" adapterTypeName="Microsoft.VisualStudio.TestTools.TestTypes.Unit.UnitTestAdapter, Microsoft.VisualStudio.QualityTools.Tips.UnitTest.Adapter, Version=10.0.0.0, Culture=neutral, PublicKeyToken=b03f5f7f11d50a3a" className="IAS.DataServiceTest.GenZipLicenseRequestTest, IAS.DataServiceTest, Version=1.0.0.0, Culture=neutral, PublicKeyToken=null" name="TestZipFile_Found" />
    </UnitTest>
    <UnitTest name="TestMultiTreadingTasks" storage="d:\[-pro-]\ias.dataservices.test\bin\debug\ias.dataservices.test.dll" id="b1e87fb1-c86d-d12c-d57a-a70c7a141530">
      <Execution id="54829eb7-9d5d-4fe1-9c96-57f83732a22a" />
      <TestMethod codeBase="D:/[-PRO-]/IAS.DataServices.Test/bin/Debug/IAS.DataServices.Test.DLL" adapterTypeName="Microsoft.VisualStudio.TestTools.TestTypes.Unit.UnitTestAdapter, Microsoft.VisualStudio.QualityTools.Tips.UnitTest.Adapter, Version=10.0.0.0, Culture=neutral, PublicKeyToken=b03f5f7f11d50a3a" className="IAS.DataServices.Test.PaymentTest.MultiTreadingTest, IAS.DataServices.Test, Version=1.0.0.0, Culture=neutral, PublicKeyToken=null" name="TestMultiTreadingTasks" />
    </UnitTest>
    <UnitTest name="GetExamRoomByTestingNoforManageTest" storage="d:\[-pro-]\ias.dataservices.test\bin\debug\ias.dataservices.test.dll" id="77ef5ffd-ddfe-afbe-7b91-4afc227f287d">
      <Execution id="56ee2567-8fd7-4773-ac99-fdd5d7e596ca" />
      <TestMethod codeBase="D:/[-PRO-]/IAS.DataServices.Test/bin/Debug/IAS.DataServices.Test.DLL" adapterTypeName="Microsoft.VisualStudio.TestTools.TestTypes.Unit.UnitTestAdapter, Microsoft.VisualStudio.QualityTools.Tips.UnitTest.Adapter, Version=10.0.0.0, Culture=neutral, PublicKeyToken=b03f5f7f11d50a3a" className="IAS.DataServices.Test.ApplicantServiceTest, IAS.DataServices.Test, Version=1.0.0.0, Culture=neutral, PublicKeyToken=null" name="GetExamRoomByTestingNoforManageTest" />
    </UnitTest>
    <UnitTest name="DeleteSubjectTest" storage="d:\[-pro-]\ias.dataservices.test\bin\debug\ias.dataservices.test.dll" id="f3365450-654d-2094-61b7-22f11cf8f848">
      <Execution id="4cdc0b63-3023-4d69-bbda-b66b0a19751c" />
      <TestMethod codeBase="D:/[-PRO-]/IAS.DataServices.Test/bin/Debug/IAS.DataServices.Test.DLL" adapterTypeName="Microsoft.VisualStudio.TestTools.TestTypes.Unit.UnitTestAdapter, Microsoft.VisualStudio.QualityTools.Tips.UnitTest.Adapter, Version=10.0.0.0, Culture=neutral, PublicKeyToken=b03f5f7f11d50a3a" className="IAS.DataServices.Test.IExamServiceTest, IAS.DataServices.Test, Version=1.0.0.0, Culture=neutral, PublicKeyToken=null" name="DeleteSubjectTest" />
    </UnitTest>
    <UnitTest name="PrintDownloadCountTest" storage="d:\[-pro-]\ias.dataservices.test\bin\debug\ias.dataservices.test.dll" id="c0b10dbe-d146-21de-e381-8a821cfe7bfb">
      <Execution id="d389b096-9852-44e3-9545-76bd61337cea" />
      <TestMethod codeBase="D:/[-PRO-]/IAS.DataServices.Test/bin/Debug/IAS.DataServices.Test.DLL" adapterTypeName="Microsoft.VisualStudio.TestTools.TestTypes.Unit.UnitTestAdapter, Microsoft.VisualStudio.QualityTools.Tips.UnitTest.Adapter, Version=10.0.0.0, Culture=neutral, PublicKeyToken=b03f5f7f11d50a3a" className="IAS.DataServices.Test.IPaymentServiceTest, IAS.DataServices.Test, Version=1.0.0.0, Culture=neutral, PublicKeyToken=null" name="PrintDownloadCountTest" />
    </UnitTest>
    <UnitTest name="The_Finance_BillBiz_Can_SubmtPaymentBankUpload" storage="d:\[-pro-]\ias.dataservicetest\bin\debug\ias.dataservicetest.dll" id="046b0a32-c02b-7251-8432-bd95de36a601">
      <Execution id="7df2a6ba-1772-47ea-a892-72388edf587d" />
      <TestMethod codeBase="D:/[-PRO-]/IAS.DataServiceTest/bin/Debug/IAS.DataServiceTest.DLL" adapterTypeName="Microsoft.VisualStudio.TestTools.TestTypes.Unit.UnitTestAdapter, Microsoft.VisualStudio.QualityTools.Tips.UnitTest.Adapter, Version=10.0.0.0, Culture=neutral, PublicKeyToken=b03f5f7f11d50a3a" className="IAS.DataServiceTest.BillBizTests, IAS.DataServiceTest, Version=1.0.0.0, Culture=neutral, PublicKeyToken=null" name="The_Finance_BillBiz_Can_SubmtPaymentBankUpload" />
    </UnitTest>
    <UnitTest name="Test_PhaseStringToDecimal_isvalid" storage="d:\[-pro-]\ias.dataservicetest\bin\debug\ias.dataservicetest.dll" id="f445bb38-498f-fddb-3c49-3c704b0322f4">
      <Execution id="537cddcd-39c0-484d-9516-3ab80f0bf850" />
      <TestMethod codeBase="D:/[-PRO-]/IAS.DataServiceTest/bin/Debug/IAS.DataServiceTest.DLL" adapterTypeName="Microsoft.VisualStudio.TestTools.TestTypes.Unit.UnitTestAdapter, Microsoft.VisualStudio.QualityTools.Tips.UnitTest.Adapter, Version=10.0.0.0, Culture=neutral, PublicKeyToken=b03f5f7f11d50a3a" className="IAS.DataServiceTest.TestValue, IAS.DataServiceTest, Version=1.0.0.0, Culture=neutral, PublicKeyToken=null" name="Test_PhaseStringToDecimal_isvalid" />
    </UnitTest>
    <UnitTest name="GetApplicantNoPaymentHeadderTest" storage="d:\[-pro-]\ias.dataservices.test\bin\debug\ias.dataservices.test.dll" id="b17279e5-1b79-11eb-a420-c8a27ecbac1c">
      <Execution id="76745c1f-dec2-4b18-a923-367d1f1dae11" />
      <TestMethod codeBase="D:/[-PRO-]/IAS.DataServices.Test/bin/Debug/IAS.DataServices.Test.DLL" adapterTypeName="Microsoft.VisualStudio.TestTools.TestTypes.Unit.UnitTestAdapter, Microsoft.VisualStudio.QualityTools.Tips.UnitTest.Adapter, Version=10.0.0.0, Culture=neutral, PublicKeyToken=b03f5f7f11d50a3a" className="IAS.DataServices.Test.PaymentServiceTest, IAS.DataServices.Test, Version=1.0.0.0, Culture=neutral, PublicKeyToken=null" name="GetApplicantNoPaymentHeadderTest" />
    </UnitTest>
    <UnitTest name="GetDetailSubPaymentTest" storage="d:\[-pro-]\ias.dataservices.test\bin\debug\ias.dataservices.test.dll" id="e0b544b7-3852-7359-6406-3f6cb97fb0f1">
      <Execution id="0297ccb5-cc56-4130-a30d-59a39ea9a046" />
      <TestMethod codeBase="D:/[-PRO-]/IAS.DataServices.Test/bin/Debug/IAS.DataServices.Test.DLL" adapterTypeName="Microsoft.VisualStudio.TestTools.TestTypes.Unit.UnitTestAdapter, Microsoft.VisualStudio.QualityTools.Tips.UnitTest.Adapter, Version=10.0.0.0, Culture=neutral, PublicKeyToken=b03f5f7f11d50a3a" className="IAS.DataServices.Test.IPaymentServiceTest, IAS.DataServices.Test, Version=1.0.0.0, Culture=neutral, PublicKeyToken=null" name="GetDetailSubPaymentTest" />
    </UnitTest>
    <UnitTest name="GetSubject_ListTest" storage="d:\[-pro-]\ias.dataservices.test\bin\debug\ias.dataservices.test.dll" id="6b7253cd-ac12-f0dd-2ce8-e24e3aed9dcd">
      <Execution id="39140359-9810-4654-a64e-ba88beb77707" />
      <TestMethod codeBase="D:/[-PRO-]/IAS.DataServices.Test/bin/Debug/IAS.DataServices.Test.DLL" adapterTypeName="Microsoft.VisualStudio.TestTools.TestTypes.Unit.UnitTestAdapter, Microsoft.VisualStudio.QualityTools.Tips.UnitTest.Adapter, Version=10.0.0.0, Culture=neutral, PublicKeyToken=b03f5f7f11d50a3a" className="IAS.DataServices.Test.IExamServiceTest, IAS.DataServices.Test, Version=1.0.0.0, Culture=neutral, PublicKeyToken=null" name="GetSubject_ListTest" />
    </UnitTest>
    <UnitTest name="GetAllLicenseByIDCardTest" storage="d:\[-pro-]\ias.dataservices.test\bin\debug\ias.dataservices.test.dll" id="385802fc-0091-0fce-153d-bf9d52685681">
      <Execution id="98c8305a-5135-49c9-b634-3fb57dce49d7" />
      <TestMethod codeBase="D:/[-PRO-]/IAS.DataServices.Test/bin/Debug/IAS.DataServices.Test.DLL" adapterTypeName="Microsoft.VisualStudio.TestTools.TestTypes.Unit.UnitTestAdapter, Microsoft.VisualStudio.QualityTools.Tips.UnitTest.Adapter, Version=10.0.0.0, Culture=neutral, PublicKeyToken=b03f5f7f11d50a3a" className="IAS.DataServices.Test.LicenseServiceTest, IAS.DataServices.Test, Version=1.0.0.0, Culture=neutral, PublicKeyToken=null" name="GetAllLicenseByIDCardTest" />
    </UnitTest>
    <UnitTest name="GetExamHistoryByIDWithConditionTest" storage="d:\[-pro-]\ias.dataservices.test\bin\debug\ias.dataservices.test.dll" id="5339b57d-c695-1fdd-32d4-1508cb1dda52">
      <Execution id="a97f3818-c079-4a1d-a3e1-2d6fb3612e7e" />
      <TestMethod codeBase="D:/[-PRO-]/IAS.DataServices.Test/bin/Debug/IAS.DataServices.Test.DLL" adapterTypeName="Microsoft.VisualStudio.TestTools.TestTypes.Unit.UnitTestAdapter, Microsoft.VisualStudio.QualityTools.Tips.UnitTest.Adapter, Version=10.0.0.0, Culture=neutral, PublicKeyToken=b03f5f7f11d50a3a" className="IAS.DataServices.Test.LicenseServiceTest, IAS.DataServices.Test, Version=1.0.0.0, Culture=neutral, PublicKeyToken=null" name="GetExamHistoryByIDWithConditionTest" />
    </UnitTest>
    <UnitTest name="GetAttatchFileByIdTest" storage="d:\[-pro-]\ias.dataservices.test\bin\debug\ias.dataservices.test.dll" id="94d20dcf-bd1e-9f2d-bd8f-1fc1af4a9320">
      <Execution id="d569923b-f87c-4b5f-91b7-e2d1d9167bae" />
      <TestMethod codeBase="D:/[-PRO-]/IAS.DataServices.Test/bin/Debug/IAS.DataServices.Test.DLL" adapterTypeName="Microsoft.VisualStudio.TestTools.TestTypes.Unit.UnitTestAdapter, Microsoft.VisualStudio.QualityTools.Tips.UnitTest.Adapter, Version=10.0.0.0, Culture=neutral, PublicKeyToken=b03f5f7f11d50a3a" className="IAS.DataServices.Test.IRegistrationServiceTest, IAS.DataServices.Test, Version=1.0.0.0, Culture=neutral, PublicKeyToken=null" name="GetAttatchFileByIdTest" />
    </UnitTest>
    <UnitTest name="getPDetailByIDCardTest" storage="d:\[-pro-]\ias.dataservices.test\bin\debug\ias.dataservices.test.dll" id="405402c9-bdd0-8e4b-c6c7-69a36d2bbe57">
      <Execution id="70eecaa6-b0d2-41b9-9c23-1c2541f8dece" />
      <TestMethod codeBase="D:/[-PRO-]/IAS.DataServices.Test/bin/Debug/IAS.DataServices.Test.DLL" adapterTypeName="Microsoft.VisualStudio.TestTools.TestTypes.Unit.UnitTestAdapter, Microsoft.VisualStudio.QualityTools.Tips.UnitTest.Adapter, Version=10.0.0.0, Culture=neutral, PublicKeyToken=b03f5f7f11d50a3a" className="IAS.DataServices.Test.IPersonServiceTest, IAS.DataServices.Test, Version=1.0.0.0, Culture=neutral, PublicKeyToken=null" name="getPDetailByIDCardTest" />
    </UnitTest>
    <UnitTest name="TestSelectDatabase" storage="d:\[-pro-]\ias.dataservicetest\bin\debug\ias.dataservicetest.dll" id="55e5dd54-9d18-6ac0-dc30-2afe3b9aaa17">
      <Execution id="6fcf27c7-b7b8-4eb1-8ecf-5db72356f270" />
      <TestMethod codeBase="D:/[-PRO-]/IAS.DataServiceTest/bin/Debug/IAS.DataServiceTest.DLL" adapterTypeName="Microsoft.VisualStudio.TestTools.TestTypes.Unit.UnitTestAdapter, Microsoft.VisualStudio.QualityTools.Tips.UnitTest.Adapter, Version=10.0.0.0, Culture=neutral, PublicKeyToken=b03f5f7f11d50a3a" className="IAS.DataServiceTest.FinanceDALTest, IAS.DataServiceTest, Version=1.0.0.0, Culture=neutral, PublicKeyToken=null" name="TestSelectDatabase" />
    </UnitTest>
    <UnitTest name="GetExamMonthByCriteriaTest" storage="d:\[-pro-]\ias.dataservices.test\bin\debug\ias.dataservices.test.dll" id="65337b8b-5253-b27a-7e76-e44981ce9ebc">
      <Execution id="a1e6fa8a-33dc-4297-bd8d-f3551cca8788" />
      <TestMethod codeBase="D:/[-PRO-]/IAS.DataServices.Test/bin/Debug/IAS.DataServices.Test.DLL" adapterTypeName="Microsoft.VisualStudio.TestTools.TestTypes.Unit.UnitTestAdapter, Microsoft.VisualStudio.QualityTools.Tips.UnitTest.Adapter, Version=10.0.0.0, Culture=neutral, PublicKeyToken=b03f5f7f11d50a3a" className="IAS.DataServices.Test.IExamServiceTest, IAS.DataServices.Test, Version=1.0.0.0, Culture=neutral, PublicKeyToken=null" name="GetExamMonthByCriteriaTest" />
    </UnitTest>
    <UnitTest name="UpdateTest" storage="d:\[-pro-]\ias.dataservices.test\bin\debug\ias.dataservices.test.dll" id="b1aee546-8e41-6e6d-b894-d4d7258268a5">
      <Execution id="af0443cc-a864-4f46-884a-e0690cb7abc1" />
      <TestMethod codeBase="D:/[-PRO-]/IAS.DataServices.Test/bin/Debug/IAS.DataServices.Test.DLL" adapterTypeName="Microsoft.VisualStudio.TestTools.TestTypes.Unit.UnitTestAdapter, Microsoft.VisualStudio.QualityTools.Tips.UnitTest.Adapter, Version=10.0.0.0, Culture=neutral, PublicKeyToken=b03f5f7f11d50a3a" className="IAS.DataServices.Test.IApplicantServiceTest, IAS.DataServices.Test, Version=1.0.0.0, Culture=neutral, PublicKeyToken=null" name="UpdateTest" />
    </UnitTest>
    <UnitTest name="TestPersisAfterAttach" storage="d:\[-pro-]\ias.dataservicetest\bin\debug\ias.dataservicetest.dll" id="4b1bf85b-9ec8-e09c-080c-e2b4529df4d3">
      <Execution id="4964f836-b586-4641-9d59-daa936a98906" />
      <TestMethod codeBase="D:/[-PRO-]/IAS.DataServiceTest/bin/Debug/IAS.DataServiceTest.DLL" adapterTypeName="Microsoft.VisualStudio.TestTools.TestTypes.Unit.UnitTestAdapter, Microsoft.VisualStudio.QualityTools.Tips.UnitTest.Adapter, Version=10.0.0.0, Culture=neutral, PublicKeyToken=b03f5f7f11d50a3a" className="IAS.DataServiceTest.LinqTestingSumEntitiesValue, IAS.DataServiceTest, Version=1.0.0.0, Culture=neutral, PublicKeyToken=null" name="TestPersisAfterAttach" />
    </UnitTest>
    <UnitTest name="LicenseHelper_Can_PhaseToDate" storage="d:\[-pro-]\ias.dataservicetest\bin\debug\ias.dataservicetest.dll" id="87c50d92-c6e4-d688-8db7-deacefae9875">
      <Execution id="c2c27d93-a52d-49ec-9d67-879b314f9849" />
      <TestMethod codeBase="D:/[-PRO-]/IAS.DataServiceTest/bin/Debug/IAS.DataServiceTest.DLL" adapterTypeName="Microsoft.VisualStudio.TestTools.TestTypes.Unit.UnitTestAdapter, Microsoft.VisualStudio.QualityTools.Tips.UnitTest.Adapter, Version=10.0.0.0, Culture=neutral, PublicKeyToken=b03f5f7f11d50a3a" className="IAS.DataServiceTest.LicenseRequestFileUploadTest, IAS.DataServiceTest, Version=1.0.0.0, Culture=neutral, PublicKeyToken=null" name="LicenseHelper_Can_PhaseToDate" />
    </UnitTest>
    <UnitTest name="TestMethod1" storage="d:\[-pro-]\ias.dataservicetest\bin\debug\ias.dataservicetest.dll" id="32c924aa-5ca0-c42a-39d4-9a2db9d09a7b">
      <Execution id="51472bac-7938-4e6f-8617-73227c361f21" />
      <TestMethod codeBase="D:/[-PRO-]/IAS.DataServiceTest/bin/Debug/IAS.DataServiceTest.DLL" adapterTypeName="Microsoft.VisualStudio.TestTools.TestTypes.Unit.UnitTestAdapter, Microsoft.VisualStudio.QualityTools.Tips.UnitTest.Adapter, Version=10.0.0.0, Culture=neutral, PublicKeyToken=b03f5f7f11d50a3a" className="IAS.DataServiceTest.ucAttachFileControlTest, IAS.DataServiceTest, Version=1.0.0.0, Culture=neutral, PublicKeyToken=null" name="TestMethod1" />
    </UnitTest>
    <UnitTest name="GetPaymentDetailTest" storage="d:\[-pro-]\ias.dataservices.test\bin\debug\ias.dataservices.test.dll" id="0dd74b8d-1485-17a2-66af-e90449c0b954">
      <Execution id="0a943bcc-dc44-4bfe-8d31-bd37a0ad9c18" />
      <TestMethod codeBase="D:/[-PRO-]/IAS.DataServices.Test/bin/Debug/IAS.DataServices.Test.DLL" adapterTypeName="Microsoft.VisualStudio.TestTools.TestTypes.Unit.UnitTestAdapter, Microsoft.VisualStudio.QualityTools.Tips.UnitTest.Adapter, Version=10.0.0.0, Culture=neutral, PublicKeyToken=b03f5f7f11d50a3a" className="IAS.DataServices.Test.IPaymentServiceTest, IAS.DataServices.Test, Version=1.0.0.0, Culture=neutral, PublicKeyToken=null" name="GetPaymentDetailTest" />
    </UnitTest>
    <UnitTest name="GetSubjectrListTest" storage="d:\[-pro-]\ias.dataservices.test\bin\debug\ias.dataservices.test.dll" id="26769c55-50c7-a7d8-6e44-b0f55da5040a">
      <Execution id="389fd70a-b8fc-44f5-8dcc-8dc908b21215" />
      <TestMethod codeBase="D:/[-PRO-]/IAS.DataServices.Test/bin/Debug/IAS.DataServices.Test.DLL" adapterTypeName="Microsoft.VisualStudio.TestTools.TestTypes.Unit.UnitTestAdapter, Microsoft.VisualStudio.QualityTools.Tips.UnitTest.Adapter, Version=10.0.0.0, Culture=neutral, PublicKeyToken=b03f5f7f11d50a3a" className="IAS.DataServices.Test.IExamServiceTest, IAS.DataServices.Test, Version=1.0.0.0, Culture=neutral, PublicKeyToken=null" name="GetSubjectrListTest" />
    </UnitTest>
    <UnitTest name="InsertAndCheckExamResultUploadTest" storage="d:\[-pro-]\ias.dataservices.test\bin\debug\ias.dataservices.test.dll" id="730d8be0-5300-28aa-e422-24cae39d8197">
      <Execution id="e25c2720-0d24-438d-b188-bd740d8dae58" />
      <TestMethod codeBase="D:/[-PRO-]/IAS.DataServices.Test/bin/Debug/IAS.DataServices.Test.DLL" adapterTypeName="Microsoft.VisualStudio.TestTools.TestTypes.Unit.UnitTestAdapter, Microsoft.VisualStudio.QualityTools.Tips.UnitTest.Adapter, Version=10.0.0.0, Culture=neutral, PublicKeyToken=b03f5f7f11d50a3a" className="IAS.DataServices.Test.IExamServiceTest, IAS.DataServices.Test, Version=1.0.0.0, Culture=neutral, PublicKeyToken=null" name="InsertAndCheckExamResultUploadTest" />
    </UnitTest>
    <UnitTest name="GetPersonByCriteriaAtPageTest" storage="d:\[-pro-]\ias.dataservices.test\bin\debug\ias.dataservices.test.dll" id="380cc155-e51b-99f0-f8a1-6a7e42547a74">
      <Execution id="857256f1-450b-4ef2-92aa-5b8731f46d1a" />
      <TestMethod codeBase="D:/[-PRO-]/IAS.DataServices.Test/bin/Debug/IAS.DataServices.Test.DLL" adapterTypeName="Microsoft.VisualStudio.TestTools.TestTypes.Unit.UnitTestAdapter, Microsoft.VisualStudio.QualityTools.Tips.UnitTest.Adapter, Version=10.0.0.0, Culture=neutral, PublicKeyToken=b03f5f7f11d50a3a" className="IAS.DataServices.Test.IPersonServiceTest, IAS.DataServices.Test, Version=1.0.0.0, Culture=neutral, PublicKeyToken=null" name="GetPersonByCriteriaAtPageTest" />
    </UnitTest>
    <UnitTest name="GetPersonalDetailByIDCardTest" storage="d:\[-pro-]\ias.dataservicetest\bin\debug\ias.dataservicetest.dll" id="685335d2-bc66-6c85-1860-eabf4e2a71ef">
      <Execution id="9e4be4f8-0160-446f-8879-c81da353efc1" />
      <TestMethod codeBase="D:/[-PRO-]/IAS.DataServiceTest/bin/Debug/IAS.DataServiceTest.DLL" adapterTypeName="Microsoft.VisualStudio.TestTools.TestTypes.Unit.UnitTestAdapter, Microsoft.VisualStudio.QualityTools.Tips.UnitTest.Adapter, Version=10.0.0.0, Culture=neutral, PublicKeyToken=b03f5f7f11d50a3a" className="IAS.DataServiceTest.RegistationServiceTest, IAS.DataServiceTest, Version=1.0.0.0, Culture=neutral, PublicKeyToken=null" name="GetPersonalDetailByIDCardTest" />
    </UnitTest>
    <UnitTest name="GetSinglePaymentTest" storage="d:\[-pro-]\ias.dataservices.test\bin\debug\ias.dataservices.test.dll" id="707ab96a-bf2b-7a28-27d6-7e7ef15e4322">
      <Execution id="e3ec10e8-f40b-448d-868b-b4d3d050ad6f" />
      <TestMethod codeBase="D:/[-PRO-]/IAS.DataServices.Test/bin/Debug/IAS.DataServices.Test.DLL" adapterTypeName="Microsoft.VisualStudio.TestTools.TestTypes.Unit.UnitTestAdapter, Microsoft.VisualStudio.QualityTools.Tips.UnitTest.Adapter, Version=10.0.0.0, Culture=neutral, PublicKeyToken=b03f5f7f11d50a3a" className="IAS.DataServices.Test.IPaymentServiceTest, IAS.DataServices.Test, Version=1.0.0.0, Culture=neutral, PublicKeyToken=null" name="GetSinglePaymentTest" />
    </UnitTest>
    <UnitTest name="Duplicate_Data_Test_Not_Duplicant" storage="d:\[-pro-]\ias.dataservicetest\bin\debug\ias.dataservicetest.dll" id="9613c4db-9cb9-4551-a162-fcb542a7f82c">
      <Execution id="197503fb-ef8f-4b5a-ad6e-8334b712028b" />
      <TestMethod codeBase="D:/[-PRO-]/IAS.DataServiceTest/bin/Debug/IAS.DataServiceTest.DLL" adapterTypeName="Microsoft.VisualStudio.TestTools.TestTypes.Unit.UnitTestAdapter, Microsoft.VisualStudio.QualityTools.Tips.UnitTest.Adapter, Version=10.0.0.0, Culture=neutral, PublicKeyToken=b03f5f7f11d50a3a" className="IAS.DataServiceTest.MethodDuplicateTest, IAS.DataServiceTest, Version=1.0.0.0, Culture=neutral, PublicKeyToken=null" name="Duplicate_Data_Test_Not_Duplicant" />
    </UnitTest>
    <UnitTest name="GetApplicantNoPaymentHeadderTest" storage="d:\[-pro-]\ias.dataservices.test\bin\debug\ias.dataservices.test.dll" id="4b547bf7-1e7a-e584-676c-dbbd913e4252">
      <Execution id="4a07db4e-a0d5-4b81-8815-a096eef9c558" />
      <TestMethod codeBase="D:/[-PRO-]/IAS.DataServices.Test/bin/Debug/IAS.DataServices.Test.DLL" adapterTypeName="Microsoft.VisualStudio.TestTools.TestTypes.Unit.UnitTestAdapter, Microsoft.VisualStudio.QualityTools.Tips.UnitTest.Adapter, Version=10.0.0.0, Culture=neutral, PublicKeyToken=b03f5f7f11d50a3a" className="IAS.DataServices.Test.IPaymentServiceTest, IAS.DataServices.Test, Version=1.0.0.0, Culture=neutral, PublicKeyToken=null" name="GetApplicantNoPaymentHeadderTest" />
    </UnitTest>
    <UnitTest name="The_Finance_BillBiz_Can_GetBudgetYear_By_OIC_user" storage="d:\[-pro-]\ias.dataservicetest\bin\debug\ias.dataservicetest.dll" id="b3d342b6-74dd-9736-9184-1ccfa1cdce67">
      <Execution id="f1ca5a78-02ed-4d77-9b76-b7635a06ccdb" />
      <TestMethod codeBase="D:/[-PRO-]/IAS.DataServiceTest/bin/Debug/IAS.DataServiceTest.DLL" adapterTypeName="Microsoft.VisualStudio.TestTools.TestTypes.Unit.UnitTestAdapter, Microsoft.VisualStudio.QualityTools.Tips.UnitTest.Adapter, Version=10.0.0.0, Culture=neutral, PublicKeyToken=b03f5f7f11d50a3a" className="IAS.DataServiceTest.BillBizTests, IAS.DataServiceTest, Version=1.0.0.0, Culture=neutral, PublicKeyToken=null" name="The_Finance_BillBiz_Can_GetBudgetYear_By_OIC_user" />
    </UnitTest>
    <UnitTest name="InsertWithAttatchFileTest" storage="d:\[-pro-]\ias.dataservices.test\bin\debug\ias.dataservices.test.dll" id="11483d63-d980-3c98-0047-8247aa64fc40">
      <Execution id="3867e3a6-7c7f-4489-a1c4-924c2a218808" />
      <TestMethod codeBase="D:/[-PRO-]/IAS.DataServices.Test/bin/Debug/IAS.DataServices.Test.DLL" adapterTypeName="Microsoft.VisualStudio.TestTools.TestTypes.Unit.UnitTestAdapter, Microsoft.VisualStudio.QualityTools.Tips.UnitTest.Adapter, Version=10.0.0.0, Culture=neutral, PublicKeyToken=b03f5f7f11d50a3a" className="IAS.DataServices.Test.RegistationServiceTest, IAS.DataServices.Test, Version=1.0.0.0, Culture=neutral, PublicKeyToken=null" name="InsertWithAttatchFileTest" />
    </UnitTest>
    <UnitTest name="CreateReceiptMapper_CanMap_DataRowTest" storage="d:\[-pro-]\ias.dataservicetest\bin\debug\ias.dataservicetest.dll" id="e8965505-e67d-50d3-82c8-91f1179b0e17">
      <Execution id="c2707a88-8496-41f7-b6c2-9f3f114eaf19" />
      <TestMethod codeBase="D:/[-PRO-]/IAS.DataServiceTest/bin/Debug/IAS.DataServiceTest.DLL" adapterTypeName="Microsoft.VisualStudio.TestTools.TestTypes.Unit.UnitTestAdapter, Microsoft.VisualStudio.QualityTools.Tips.UnitTest.Adapter, Version=10.0.0.0, Culture=neutral, PublicKeyToken=b03f5f7f11d50a3a" className="IAS.DataServiceTest.IAS_DataService_PaymentServiceTest, IAS.DataServiceTest, Version=1.0.0.0, Culture=neutral, PublicKeyToken=null" name="CreateReceiptMapper_CanMap_DataRowTest" />
    </UnitTest>
    <UnitTest name="CityBankTextFile_CanLoadFile_AndValidateData" storage="d:\[-pro-]\ias.dataservicetest\bin\debug\ias.dataservicetest.dll" id="f06cd417-01ab-a679-8317-3e1f24b6edad">
      <Execution id="07ec9cf2-4e72-4f3d-92ff-9f83b8981f6a" />
      <TestMethod codeBase="D:/[-PRO-]/IAS.DataServiceTest/bin/Debug/IAS.DataServiceTest.DLL" adapterTypeName="Microsoft.VisualStudio.TestTools.TestTypes.Unit.UnitTestAdapter, Microsoft.VisualStudio.QualityTools.Tips.UnitTest.Adapter, Version=10.0.0.0, Culture=neutral, PublicKeyToken=b03f5f7f11d50a3a" className="IAS.DataServiceTest.CityBankTextFileTest, IAS.DataServiceTest, Version=1.0.0.0, Culture=neutral, PublicKeyToken=null" name="CityBankTextFile_CanLoadFile_AndValidateData" />
    </UnitTest>
    <UnitTest name="ExamResultUploadToSubmitNewTest" storage="d:\[-pro-]\ias.dataservices.test\bin\debug\ias.dataservices.test.dll" id="98efbab5-299f-3ef6-8083-efacca28f5ec">
      <Execution id="35350270-b589-4a2a-861a-8d67de257cb3" />
      <TestMethod codeBase="D:/[-PRO-]/IAS.DataServices.Test/bin/Debug/IAS.DataServices.Test.DLL" adapterTypeName="Microsoft.VisualStudio.TestTools.TestTypes.Unit.UnitTestAdapter, Microsoft.VisualStudio.QualityTools.Tips.UnitTest.Adapter, Version=10.0.0.0, Culture=neutral, PublicKeyToken=b03f5f7f11d50a3a" className="IAS.DataServices.Test.ExamServiceTest, IAS.DataServices.Test, Version=1.0.0.0, Culture=neutral, PublicKeyToken=null" name="ExamResultUploadToSubmitNewTest" />
    </UnitTest>
    <UnitTest name="AddSubjectTest" storage="d:\[-pro-]\ias.dataservices.test\bin\debug\ias.dataservices.test.dll" id="ae56fffb-c5d2-ad20-5e5d-0f29c456c51e">
      <Execution id="a0b17149-32ea-44e2-9606-a7933c1e4ade" />
      <TestMethod codeBase="D:/[-PRO-]/IAS.DataServices.Test/bin/Debug/IAS.DataServices.Test.DLL" adapterTypeName="Microsoft.VisualStudio.TestTools.TestTypes.Unit.UnitTestAdapter, Microsoft.VisualStudio.QualityTools.Tips.UnitTest.Adapter, Version=10.0.0.0, Culture=neutral, PublicKeyToken=b03f5f7f11d50a3a" className="IAS.DataServices.Test.IExamServiceTest, IAS.DataServices.Test, Version=1.0.0.0, Culture=neutral, PublicKeyToken=null" name="AddSubjectTest" />
    </UnitTest>
    <UnitTest name="SetOffLineAllStatusTest" storage="d:\[-pro-]\ias.dataservices.test\bin\debug\ias.dataservices.test.dll" id="5cebc25d-0c38-f23b-390e-f075ce249335">
      <Execution id="8847a46e-d559-4e30-b16a-674fce4e9d19" />
      <TestMethod codeBase="D:/[-PRO-]/IAS.DataServices.Test/bin/Debug/IAS.DataServices.Test.DLL" adapterTypeName="Microsoft.VisualStudio.TestTools.TestTypes.Unit.UnitTestAdapter, Microsoft.VisualStudio.QualityTools.Tips.UnitTest.Adapter, Version=10.0.0.0, Culture=neutral, PublicKeyToken=b03f5f7f11d50a3a" className="IAS.DataServices.Test.PersonServiceTest, IAS.DataServices.Test, Version=1.0.0.0, Culture=neutral, PublicKeyToken=null" name="SetOffLineAllStatusTest" />
    </UnitTest>
    <UnitTest name="GetApplicantNoPayByIdTest" storage="d:\[-pro-]\ias.dataservices.test\bin\debug\ias.dataservices.test.dll" id="52268dde-4e96-16ed-65f8-e8f04f4f6edd">
      <Execution id="6762f3cd-dcf1-4246-97d2-8707d8512b6a" />
      <TestMethod codeBase="D:/[-PRO-]/IAS.DataServices.Test/bin/Debug/IAS.DataServices.Test.DLL" adapterTypeName="Microsoft.VisualStudio.TestTools.TestTypes.Unit.UnitTestAdapter, Microsoft.VisualStudio.QualityTools.Tips.UnitTest.Adapter, Version=10.0.0.0, Culture=neutral, PublicKeyToken=b03f5f7f11d50a3a" className="IAS.DataServices.Test.IPaymentServiceTest, IAS.DataServices.Test, Version=1.0.0.0, Culture=neutral, PublicKeyToken=null" name="GetApplicantNoPayByIdTest" />
    </UnitTest>
    <UnitTest name="GetPersonTempEditByCriteriaTest" storage="d:\[-pro-]\ias.dataservices.test\bin\debug\ias.dataservices.test.dll" id="85032354-14d4-ae89-4c28-0c200f1562c2">
      <Execution id="80c46b9b-4061-4d9b-879a-97bc7d45ed18" />
      <TestMethod codeBase="D:/[-PRO-]/IAS.DataServices.Test/bin/Debug/IAS.DataServices.Test.DLL" adapterTypeName="Microsoft.VisualStudio.TestTools.TestTypes.Unit.UnitTestAdapter, Microsoft.VisualStudio.QualityTools.Tips.UnitTest.Adapter, Version=10.0.0.0, Culture=neutral, PublicKeyToken=b03f5f7f11d50a3a" className="IAS.DataServices.Test.IPersonServiceTest, IAS.DataServices.Test, Version=1.0.0.0, Culture=neutral, PublicKeyToken=null" name="GetPersonTempEditByCriteriaTest" />
    </UnitTest>
    <UnitTest name="GetAttatchFileByPersonIdTest" storage="d:\[-pro-]\ias.dataservices.test\bin\debug\ias.dataservices.test.dll" id="758185ac-1720-ec32-bb7a-b6769ca307f5">
      <Execution id="8a862d27-b475-4586-808d-ed5595c2a1ff" />
      <TestMethod codeBase="D:/[-PRO-]/IAS.DataServices.Test/bin/Debug/IAS.DataServices.Test.DLL" adapterTypeName="Microsoft.VisualStudio.TestTools.TestTypes.Unit.UnitTestAdapter, Microsoft.VisualStudio.QualityTools.Tips.UnitTest.Adapter, Version=10.0.0.0, Culture=neutral, PublicKeyToken=b03f5f7f11d50a3a" className="IAS.DataServices.Test.IPersonServiceTest, IAS.DataServices.Test, Version=1.0.0.0, Culture=neutral, PublicKeyToken=null" name="GetAttatchFileByPersonIdTest" />
    </UnitTest>
    <UnitTest name="PersonApproveTest" storage="d:\[-pro-]\ias.dataservices.test\bin\debug\ias.dataservices.test.dll" id="cfc01c11-967b-136c-b3df-fb0fb0ddc934">
      <Execution id="7da497db-7165-406a-89a6-debbd6f25bd5" />
      <TestMethod codeBase="D:/[-PRO-]/IAS.DataServices.Test/bin/Debug/IAS.DataServices.Test.DLL" adapterTypeName="Microsoft.VisualStudio.TestTools.TestTypes.Unit.UnitTestAdapter, Microsoft.VisualStudio.QualityTools.Tips.UnitTest.Adapter, Version=10.0.0.0, Culture=neutral, PublicKeyToken=b03f5f7f11d50a3a" className="IAS.DataServices.Test.IPersonServiceTest, IAS.DataServices.Test, Version=1.0.0.0, Culture=neutral, PublicKeyToken=null" name="PersonApproveTest" />
    </UnitTest>
    <UnitTest name="SendMailConfirmRegistration_Can_Sent_Email" storage="d:\[-pro-]\ias.dataservicetest\bin\debug\ias.dataservicetest.dll" id="13e6559f-a869-6892-2b1d-299ff65982ba">
      <Execution id="64f8a170-43ee-4270-816a-46fdc55c09cc" />
      <TestMethod codeBase="D:/[-PRO-]/IAS.DataServiceTest/bin/Debug/IAS.DataServiceTest.DLL" adapterTypeName="Microsoft.VisualStudio.TestTools.TestTypes.Unit.UnitTestAdapter, Microsoft.VisualStudio.QualityTools.Tips.UnitTest.Adapter, Version=10.0.0.0, Culture=neutral, PublicKeyToken=b03f5f7f11d50a3a" className="IAS.DataServiceTest.MailConfirmHelperTest, IAS.DataServiceTest, Version=1.0.0.0, Culture=neutral, PublicKeyToken=null" name="SendMailConfirmRegistration_Can_Sent_Email" />
    </UnitTest>
    <UnitTest name="HashAlgorithm_Can_create_same_data_before_and_afterTest2" storage="d:\[-pro-]\ias.dataservices.test\bin\debug\ias.dataservices.test.dll" id="b356dca7-66e9-8e0b-a22b-b2c033985408">
      <Execution id="c0a87fca-7e14-43dc-8e9a-0b5e6a208a6e" />
      <TestMethod codeBase="D:/[-PRO-]/IAS.DataServices.Test/bin/Debug/IAS.DataServices.Test.DLL" adapterTypeName="Microsoft.VisualStudio.TestTools.TestTypes.Unit.UnitTestAdapter, Microsoft.VisualStudio.QualityTools.Tips.UnitTest.Adapter, Version=10.0.0.0, Culture=neutral, PublicKeyToken=b03f5f7f11d50a3a" className="IAS.DataServices.Test.PaymentTest.HashAlgorithmReceiptTest, IAS.DataServices.Test, Version=1.0.0.0, Culture=neutral, PublicKeyToken=null" name="HashAlgorithm_Can_create_same_data_before_and_afterTest2" />
    </UnitTest>
    <UnitTest name="GetApplicantUploadTempByIdTest" storage="d:\[-pro-]\ias.dataservices.test\bin\debug\ias.dataservices.test.dll" id="cc2951bb-ff0b-e893-0ea6-907d2e46aaa8">
      <Execution id="726af1ac-2131-42ab-9163-a3a69b343b44" />
      <TestMethod codeBase="D:/[-PRO-]/IAS.DataServices.Test/bin/Debug/IAS.DataServices.Test.DLL" adapterTypeName="Microsoft.VisualStudio.TestTools.TestTypes.Unit.UnitTestAdapter, Microsoft.VisualStudio.QualityTools.Tips.UnitTest.Adapter, Version=10.0.0.0, Culture=neutral, PublicKeyToken=b03f5f7f11d50a3a" className="IAS.DataServices.Test.IApplicantServiceTest, IAS.DataServices.Test, Version=1.0.0.0, Culture=neutral, PublicKeyToken=null" name="GetApplicantUploadTempByIdTest" />
    </UnitTest>
    <UnitTest name="InsertWithAttatchFileTest" storage="d:\[-pro-]\ias.dataservices.test\bin\debug\ias.dataservices.test.dll" id="cf13f8a3-9920-5e65-e7ad-46f1eabd1504">
      <Execution id="a2ba5972-46f9-45a2-a0e6-dce376ec0b3b" />
      <TestMethod codeBase="D:/[-PRO-]/IAS.DataServices.Test/bin/Debug/IAS.DataServices.Test.DLL" adapterTypeName="Microsoft.VisualStudio.TestTools.TestTypes.Unit.UnitTestAdapter, Microsoft.VisualStudio.QualityTools.Tips.UnitTest.Adapter, Version=10.0.0.0, Culture=neutral, PublicKeyToken=b03f5f7f11d50a3a" className="IAS.DataServices.Test.IRegistrationServiceTest, IAS.DataServices.Test, Version=1.0.0.0, Culture=neutral, PublicKeyToken=null" name="InsertWithAttatchFileTest" />
    </UnitTest>
    <UnitTest name="LicenseRequestFactory_Can_Reader_ComposeFile2" storage="d:\[-pro-]\ias.dataservicetest\bin\debug\ias.dataservicetest.dll" id="cc40ece7-ddcc-640f-c690-0539470e58b0">
      <Execution id="1473ca8a-b975-4884-91af-812dede4148a" />
      <TestMethod codeBase="D:/[-PRO-]/IAS.DataServiceTest/bin/Debug/IAS.DataServiceTest.DLL" adapterTypeName="Microsoft.VisualStudio.TestTools.TestTypes.Unit.UnitTestAdapter, Microsoft.VisualStudio.QualityTools.Tips.UnitTest.Adapter, Version=10.0.0.0, Culture=neutral, PublicKeyToken=b03f5f7f11d50a3a" className="IAS.DataServiceTest.LicenseRequestFileUploadTest, IAS.DataServiceTest, Version=1.0.0.0, Culture=neutral, PublicKeyToken=null" name="LicenseRequestFactory_Can_Reader_ComposeFile2" />
    </UnitTest>
    <UnitTest name="GetExamResultUploadByGroupIdTest" storage="d:\[-pro-]\ias.dataservices.test\bin\debug\ias.dataservices.test.dll" id="789d94cc-ec89-0fe6-e5f3-58c59d03169d">
      <Execution id="e5a5e9c6-58a3-4467-a340-b5389e4364ee" />
      <TestMethod codeBase="D:/[-PRO-]/IAS.DataServices.Test/bin/Debug/IAS.DataServices.Test.DLL" adapterTypeName="Microsoft.VisualStudio.TestTools.TestTypes.Unit.UnitTestAdapter, Microsoft.VisualStudio.QualityTools.Tips.UnitTest.Adapter, Version=10.0.0.0, Culture=neutral, PublicKeyToken=b03f5f7f11d50a3a" className="IAS.DataServices.Test.IExamServiceTest, IAS.DataServices.Test, Version=1.0.0.0, Culture=neutral, PublicKeyToken=null" name="GetExamResultUploadByGroupIdTest" />
    </UnitTest>
  </TestDefinitions>
  <TestLists>
    <TestList name="Results Not in a List" id="8c84fa94-04c1-424b-9868-57a2d4851a1d" />
    <TestList name="All Loaded Results" id="19431567-8539-422a-85d7-44ee4e166bda" />
  </TestLists>
  <TestEntries>
    <TestEntry testId="01745444-28ed-bb79-3d04-bb3f966b11ec" executionId="9958b152-0be0-41ad-960f-09ad00dc5ac8" testListId="8c84fa94-04c1-424b-9868-57a2d4851a1d" />
    <TestEntry testId="01e03fc8-bcc4-acd4-da41-16175f95b6da" executionId="f3d998fb-7953-4f93-b215-e020542cf2da" testListId="8c84fa94-04c1-424b-9868-57a2d4851a1d" />
    <TestEntry testId="024e2195-e55a-82a9-a316-9c3fda838436" executionId="9726d355-7442-4604-aca6-a65fd8024192" testListId="8c84fa94-04c1-424b-9868-57a2d4851a1d" />
    <TestEntry testId="0253b8c2-17e1-2808-3362-12369371651d" executionId="5ad49234-20b1-41cc-9eb5-08e6f56a284d" testListId="8c84fa94-04c1-424b-9868-57a2d4851a1d" />
    <TestEntry testId="0256e8b8-3a78-45c0-ecce-3177b083d335" executionId="24f8da20-3250-4605-a655-81ac48c1f121" testListId="8c84fa94-04c1-424b-9868-57a2d4851a1d" />
    <TestEntry testId="046b0a32-c02b-7251-8432-bd95de36a601" executionId="7df2a6ba-1772-47ea-a892-72388edf587d" testListId="8c84fa94-04c1-424b-9868-57a2d4851a1d" />
    <TestEntry testId="04e2e48c-7d6a-ee4c-efb8-c537c27b6b82" executionId="2b6050cf-51f5-4858-9899-87a8c52ed4d4" testListId="8c84fa94-04c1-424b-9868-57a2d4851a1d" />
    <TestEntry testId="05a79f07-b5cc-05ee-aa2d-a1e4eaf8b0ef" executionId="ece7fbaf-d4e9-4ff7-98b3-f71c92f8a039" testListId="8c84fa94-04c1-424b-9868-57a2d4851a1d" />
    <TestEntry testId="07a1ff01-2083-15b1-673c-de2fb2688a55" executionId="46f74dc5-7927-4884-9958-97b16b4ef32a" testListId="8c84fa94-04c1-424b-9868-57a2d4851a1d" />
    <TestEntry testId="07a52d6e-5512-a85f-03e7-f116dafed311" executionId="3c198d45-254c-4477-ad5a-fe938222be7a" testListId="8c84fa94-04c1-424b-9868-57a2d4851a1d" />
    <TestEntry testId="0885ba1c-0b71-a4ad-5dd7-834e227af79a" executionId="bdad84e5-390e-48ce-84d1-d215592bfeb7" testListId="8c84fa94-04c1-424b-9868-57a2d4851a1d" />
    <TestEntry testId="0bac3ba7-71a9-9170-31fc-6aff87f9b9ba" executionId="c32ee7c4-ea79-4366-95a9-7f61612142a3" testListId="8c84fa94-04c1-424b-9868-57a2d4851a1d" />
    <TestEntry testId="0cd5be48-1093-b1b3-0d6c-53b853b506c3" executionId="0850987f-72bd-4ca3-b565-700b6e28dab3" testListId="8c84fa94-04c1-424b-9868-57a2d4851a1d" />
    <TestEntry testId="0dd74b8d-1485-17a2-66af-e90449c0b954" executionId="0a943bcc-dc44-4bfe-8d31-bd37a0ad9c18" testListId="8c84fa94-04c1-424b-9868-57a2d4851a1d" />
    <TestEntry testId="0e43cf8f-e668-f637-10e5-c31e3ad775b1" executionId="76c82453-cd1a-4c30-b7ef-ef0ee2ddde45" testListId="8c84fa94-04c1-424b-9868-57a2d4851a1d" />
    <TestEntry testId="0fe06b35-7789-cbb5-c674-9e709a15faed" executionId="feaa48c7-2327-44f7-998e-1f21eb6aa441" testListId="8c84fa94-04c1-424b-9868-57a2d4851a1d" />
    <TestEntry testId="108c4675-6607-ea28-e2f9-eb7b4f21d1f4" executionId="b93b8466-5610-43ff-8e7f-11090501dc31" testListId="8c84fa94-04c1-424b-9868-57a2d4851a1d" />
    <TestEntry testId="11483d63-d980-3c98-0047-8247aa64fc40" executionId="3867e3a6-7c7f-4489-a1c4-924c2a218808" testListId="8c84fa94-04c1-424b-9868-57a2d4851a1d" />
    <TestEntry testId="11769955-d806-e55b-6abd-f068feecc8d1" executionId="51e0d3fe-ed0d-4d34-8f56-ff5e24681895" testListId="8c84fa94-04c1-424b-9868-57a2d4851a1d" />
    <TestEntry testId="123a0cd9-f562-3f72-c147-254507bbcc0a" executionId="c6f7d763-6991-438d-aa47-76f30c7aa39b" testListId="8c84fa94-04c1-424b-9868-57a2d4851a1d" />
    <TestEntry testId="13e6559f-a869-6892-2b1d-299ff65982ba" executionId="64f8a170-43ee-4270-816a-46fdc55c09cc" testListId="8c84fa94-04c1-424b-9868-57a2d4851a1d" />
    <TestEntry testId="146d97a5-1fec-9fb4-13d5-5cbcc4856c57" executionId="e2405458-83a3-4686-8823-4468058da488" testListId="8c84fa94-04c1-424b-9868-57a2d4851a1d" />
    <TestEntry testId="150d4805-b608-77cd-ebbc-b7eff8e9d68d" executionId="c7c7692d-bf43-42c3-95f3-1f1a102fe946" testListId="8c84fa94-04c1-424b-9868-57a2d4851a1d" />
    <TestEntry testId="15b1af2b-0af6-9791-b1d4-1c8950ee84dc" executionId="bd2ea59a-cb9b-4a5b-acca-fd905a71d2b5" testListId="8c84fa94-04c1-424b-9868-57a2d4851a1d" />
    <TestEntry testId="16e700d8-4b7e-e1cb-8624-89fcd9c4d585" executionId="15305470-de67-4b06-b941-aed443b5b4b8" testListId="8c84fa94-04c1-424b-9868-57a2d4851a1d" />
    <TestEntry testId="1776689f-a3f5-3811-38dc-e0d28d5b49e0" executionId="ffd9cb4f-f58d-4ef6-bf7e-67dfb144f928" testListId="8c84fa94-04c1-424b-9868-57a2d4851a1d" />
    <TestEntry testId="186393ca-1d38-7703-ec60-12946f62e548" executionId="73852a90-396b-45f3-a560-d6255c6c232f" testListId="8c84fa94-04c1-424b-9868-57a2d4851a1d" />
    <TestEntry testId="18aeab10-a06d-984c-4508-a89e5543819b" executionId="59d0af8b-ac98-47a3-b95c-b1aa20f2c36b" testListId="8c84fa94-04c1-424b-9868-57a2d4851a1d" />
    <TestEntry testId="19808bd3-f7ef-5ad0-c654-0ed0a173c92c" executionId="66b39035-1d79-4caf-87d5-05ff6599e9a3" testListId="8c84fa94-04c1-424b-9868-57a2d4851a1d" />
    <TestEntry testId="1ade5249-963a-4e04-9346-ece88272e3e7" executionId="ae3bf956-7287-4d24-a85d-24399d57b79b" testListId="8c84fa94-04c1-424b-9868-57a2d4851a1d" />
    <TestEntry testId="1ccbc4da-c795-8ba7-8679-5201fa66f039" executionId="05ef6d55-5d13-4c58-8c7c-c3788fc43167" testListId="8c84fa94-04c1-424b-9868-57a2d4851a1d" />
    <TestEntry testId="1cf74ae7-04bf-963e-0c14-5b319c2e7b63" executionId="35c3bb08-06a7-4535-8488-dbaf178cb773" testListId="8c84fa94-04c1-424b-9868-57a2d4851a1d" />
    <TestEntry testId="1d4888f9-5fdc-2790-1d40-be72858fc0ab" executionId="cc4c2d16-cf93-4f03-bed5-cfc0b1971885" testListId="8c84fa94-04c1-424b-9868-57a2d4851a1d" />
    <TestEntry testId="20ecbc30-a52a-34d4-a8e5-8c0211e3bcad" executionId="1729fc06-6fd4-481f-9ed9-87483e58f77d" testListId="8c84fa94-04c1-424b-9868-57a2d4851a1d" />
    <TestEntry testId="21006443-6258-bbf0-6a9a-f4f64b7a3f05" executionId="ba418eff-04e7-4f2b-aaad-9f50edb24b0b" testListId="8c84fa94-04c1-424b-9868-57a2d4851a1d" />
    <TestEntry testId="21e012be-2a78-2936-4a87-6ec31f28eb82" executionId="4125d2ad-00f4-4d93-a3d7-b0d03c1fc3ac" testListId="8c84fa94-04c1-424b-9868-57a2d4851a1d" />
    <TestEntry testId="226bf8e7-6ce1-9fc2-a00d-e1919f11f508" executionId="5bece064-010d-4339-8057-009b4ea3301b" testListId="8c84fa94-04c1-424b-9868-57a2d4851a1d" />
    <TestEntry testId="2278f96b-e4b0-ef47-2c89-2e2569052f73" executionId="8860c797-a79f-4a4e-9e57-06fa33c0f43f" testListId="8c84fa94-04c1-424b-9868-57a2d4851a1d" />
    <TestEntry testId="23a1b287-50f1-9331-e8ca-9a0e653a1ccc" executionId="8f37d6b3-e9fd-451e-99b4-f0f621dfe487" testListId="8c84fa94-04c1-424b-9868-57a2d4851a1d" />
    <TestEntry testId="267143bb-9322-e814-64ee-20acdc201c2f" executionId="3759b0ef-e225-46d7-89fb-1c5582e46237" testListId="8c84fa94-04c1-424b-9868-57a2d4851a1d" />
    <TestEntry testId="26769c55-50c7-a7d8-6e44-b0f55da5040a" executionId="389fd70a-b8fc-44f5-8dcc-8dc908b21215" testListId="8c84fa94-04c1-424b-9868-57a2d4851a1d" />
    <TestEntry testId="2691d309-a525-46d8-786f-50a16e46c1bc" executionId="ab6bbb76-8c96-41a2-8c7a-7385765b607c" testListId="8c84fa94-04c1-424b-9868-57a2d4851a1d" />
    <TestEntry testId="26db8a55-b1ae-a3ee-f981-d52bdffff1b9" executionId="48c48f86-a17d-4894-938a-d74eda1d9399" testListId="8c84fa94-04c1-424b-9868-57a2d4851a1d" />
    <TestEntry testId="27823be6-46e3-1433-846d-84b67729fffe" executionId="fa20f6c3-2f5e-4725-9a2a-2ab46a274ead" testListId="8c84fa94-04c1-424b-9868-57a2d4851a1d" />
    <TestEntry testId="27c4f348-9e33-b1a6-54e4-d1457acec12a" executionId="9830eda8-0e18-4338-b8b9-cb53591733f5" testListId="8c84fa94-04c1-424b-9868-57a2d4851a1d" />
    <TestEntry testId="28599269-b17f-93df-1de0-288ddf37e78f" executionId="2f6c0929-b2f9-469b-bac9-dd484b34898d" testListId="8c84fa94-04c1-424b-9868-57a2d4851a1d" />
    <TestEntry testId="28ea2903-1a0b-7cce-3b35-96988561c73e" executionId="01189a36-307f-4814-9aba-979be40582c0" testListId="8c84fa94-04c1-424b-9868-57a2d4851a1d" />
    <TestEntry testId="2a1c7639-6cfb-c9ee-0b0e-26d40b623521" executionId="cfdbbc97-36c3-43ad-b5e5-40a6dbd65024" testListId="8c84fa94-04c1-424b-9868-57a2d4851a1d" />
    <TestEntry testId="2ada07dd-cc50-1be2-0af3-b3511c5b025b" executionId="3c905a5e-447e-467f-b8b3-87f090cd3a6a" testListId="8c84fa94-04c1-424b-9868-57a2d4851a1d" />
    <TestEntry testId="2da54dcb-babc-da32-5efd-f50feecc7db9" executionId="fdced9a9-5f62-4cbd-a1aa-c2f6cf1f76b2" testListId="8c84fa94-04c1-424b-9868-57a2d4851a1d" />
    <TestEntry testId="2e519d45-6dad-1797-5835-165bfb8cc48b" executionId="57bd47c0-2c7d-4c51-8450-508258ac60f7" testListId="8c84fa94-04c1-424b-9868-57a2d4851a1d" />
    <TestEntry testId="2ea34e50-2ab1-5548-3727-1e47fc13cae1" executionId="deb9b9a4-3e60-43b4-a5dc-ce4fdb7e9637" testListId="8c84fa94-04c1-424b-9868-57a2d4851a1d" />
    <TestEntry testId="2f3855f3-b225-8ae8-10b7-e832d36f36e4" executionId="38bb6309-b4ee-406e-9a48-0ef13f4932eb" testListId="8c84fa94-04c1-424b-9868-57a2d4851a1d" />
    <TestEntry testId="2f8221e5-b8d6-7000-19fe-e778a707fe4d" executionId="422183dd-8c4c-41c7-a4fd-c3229cf9b833" testListId="8c84fa94-04c1-424b-9868-57a2d4851a1d" />
    <TestEntry testId="305bde25-8653-8bfa-c52a-0f0b59f1c16c" executionId="95436240-6bae-4e02-8b97-48866e52d140" testListId="8c84fa94-04c1-424b-9868-57a2d4851a1d" />
    <TestEntry testId="30978d91-de0d-a3c3-8fcf-d5753a885a3c" executionId="a68bc36b-c615-48b9-8490-4e207bc640f7" testListId="8c84fa94-04c1-424b-9868-57a2d4851a1d" />
    <TestEntry testId="32c924aa-5ca0-c42a-39d4-9a2db9d09a7b" executionId="51472bac-7938-4e6f-8617-73227c361f21" testListId="8c84fa94-04c1-424b-9868-57a2d4851a1d" />
    <TestEntry testId="32cf3856-5b34-fc87-28f3-f69e9e7fede1" executionId="24e39daf-68a9-42b0-bf61-ad31a7b79fe9" testListId="8c84fa94-04c1-424b-9868-57a2d4851a1d" />
    <TestEntry testId="36057584-3845-9aec-1363-c9569b93f03d" executionId="a69be03a-816b-4ec6-9605-01fc456b0046" testListId="8c84fa94-04c1-424b-9868-57a2d4851a1d" />
    <TestEntry testId="380cc155-e51b-99f0-f8a1-6a7e42547a74" executionId="857256f1-450b-4ef2-92aa-5b8731f46d1a" testListId="8c84fa94-04c1-424b-9868-57a2d4851a1d" />
    <TestEntry testId="384be727-3822-8210-3645-82e695872148" executionId="59ed3b08-8302-44e3-ba03-9a8e849dfb81" testListId="8c84fa94-04c1-424b-9868-57a2d4851a1d" />
    <TestEntry testId="385802fc-0091-0fce-153d-bf9d52685681" executionId="98c8305a-5135-49c9-b634-3fb57dce49d7" testListId="8c84fa94-04c1-424b-9868-57a2d4851a1d" />
    <TestEntry testId="389d2920-6b64-b085-8768-3a3c872177d0" executionId="e924bd98-9ac1-4ff0-a611-428a35361df2" testListId="8c84fa94-04c1-424b-9868-57a2d4851a1d" />
    <TestEntry testId="3a5bdce7-1094-17ee-d309-48b19d1fcee8" executionId="a263c86a-efb3-43d0-bd9c-14c536c6f1e6" testListId="8c84fa94-04c1-424b-9868-57a2d4851a1d" />
    <TestEntry testId="3bdd7b65-255e-9691-3596-d6d0f8d64b33" executionId="de858dea-a82f-4b09-ad43-708fe3c69154" testListId="8c84fa94-04c1-424b-9868-57a2d4851a1d" />
    <TestEntry testId="3d8cf73c-4d4a-2b87-efd4-5c83b604b421" executionId="9fa4a998-bc89-48f6-b37b-1541ce399cd2" testListId="8c84fa94-04c1-424b-9868-57a2d4851a1d" />
    <TestEntry testId="3e1b6808-f461-9d6a-9f2a-44122376dd48" executionId="f55e4104-3690-4c7c-b9e6-cd382756a25c" testListId="8c84fa94-04c1-424b-9868-57a2d4851a1d" />
    <TestEntry testId="3ec49255-8cf8-4103-ae2a-846aecb64f6f" executionId="4dcc884e-d093-4903-bbe3-f0f90672cc8d" testListId="8c84fa94-04c1-424b-9868-57a2d4851a1d" />
    <TestEntry testId="3f0d60ff-fe87-5d36-6aca-87f28ee1a458" executionId="60bed5e1-d466-4fa7-b074-511f26cb29b7" testListId="8c84fa94-04c1-424b-9868-57a2d4851a1d" />
    <TestEntry testId="3f65c837-0ebd-6848-c106-420108716635" executionId="bb356c08-cd10-4109-ac0d-4e4d400a5c9b" testListId="8c84fa94-04c1-424b-9868-57a2d4851a1d" />
    <TestEntry testId="405402c9-bdd0-8e4b-c6c7-69a36d2bbe57" executionId="70eecaa6-b0d2-41b9-9c23-1c2541f8dece" testListId="8c84fa94-04c1-424b-9868-57a2d4851a1d" />
    <TestEntry testId="4125855b-18c4-d994-a4cd-f5df113e3c2f" executionId="17adbe10-7c59-4091-907f-3e97ac44cc1b" testListId="8c84fa94-04c1-424b-9868-57a2d4851a1d" />
    <TestEntry testId="414b1559-1c77-a839-8022-ad12f3d8f278" executionId="15ecc4f6-940f-45ea-ab72-c49c999a90cc" testListId="8c84fa94-04c1-424b-9868-57a2d4851a1d" />
    <TestEntry testId="41e0ab99-e87a-bf66-081a-1b116ae3b8c8" executionId="f74c5546-654f-42d3-8995-0cefce538311" testListId="8c84fa94-04c1-424b-9868-57a2d4851a1d" />
    <TestEntry testId="42430dc1-0c24-99d2-7d6f-c62f898735c7" executionId="054d6d33-b8b4-4cb3-a0aa-2e3a7ce79d1d" testListId="8c84fa94-04c1-424b-9868-57a2d4851a1d" />
    <TestEntry testId="42765432-bc77-847a-1a7c-2c1109779a2a" executionId="f956102e-e1c7-44ba-9efc-5fda446a3f1e" testListId="8c84fa94-04c1-424b-9868-57a2d4851a1d" />
    <TestEntry testId="462b1419-3006-008a-e11e-188c29a1db54" executionId="a358d0dc-7291-43b5-9d50-fa087f8b0631" testListId="8c84fa94-04c1-424b-9868-57a2d4851a1d" />
    <TestEntry testId="476c3ee8-edf8-8830-d37c-9464e4e2f0ea" executionId="a4fa3bf0-ab12-40f7-83e5-95bec58b74ce" testListId="8c84fa94-04c1-424b-9868-57a2d4851a1d" />
    <TestEntry testId="49cfa703-0b1a-8a6e-4dbb-2c777e5dad0c" executionId="b76854b3-d3d9-4813-85ab-8e8d7b8a2183" testListId="8c84fa94-04c1-424b-9868-57a2d4851a1d" />
    <TestEntry testId="4a3059af-a7d9-7d7c-70c0-39bf7561822b" executionId="e5fda6b8-dce2-4059-9527-c212391be0ae" testListId="8c84fa94-04c1-424b-9868-57a2d4851a1d" />
    <TestEntry testId="4a972cc9-1060-94a9-3157-fe71bea5f5b6" executionId="4495afa4-8240-4906-8d6e-8c2a79c39219" testListId="8c84fa94-04c1-424b-9868-57a2d4851a1d" />
    <TestEntry testId="4b1bf85b-9ec8-e09c-080c-e2b4529df4d3" executionId="4964f836-b586-4641-9d59-daa936a98906" testListId="8c84fa94-04c1-424b-9868-57a2d4851a1d" />
    <TestEntry testId="4b48a539-69a6-cd0e-dd10-a6a8069ee87e" executionId="f6ce095f-7881-427a-b0e9-146fbe9ce890" testListId="8c84fa94-04c1-424b-9868-57a2d4851a1d" />
    <TestEntry testId="4b52304b-7264-6696-7819-a85e63ef6fdb" executionId="6fda40d4-12e9-437e-8d6d-c24ff7c4c1b5" testListId="8c84fa94-04c1-424b-9868-57a2d4851a1d" />
    <TestEntry testId="4b547bf7-1e7a-e584-676c-dbbd913e4252" executionId="4a07db4e-a0d5-4b81-8815-a096eef9c558" testListId="8c84fa94-04c1-424b-9868-57a2d4851a1d" />
    <TestEntry testId="4ba8afd7-e2c0-dd58-4687-ba64303c6172" executionId="beca21c7-9823-4332-9948-b16a7b9a562f" testListId="8c84fa94-04c1-424b-9868-57a2d4851a1d" />
    <TestEntry testId="4bb9b35b-50d2-8cde-e923-693bf4231ef4" executionId="e64f345a-437a-4e77-9543-e787ca983430" testListId="8c84fa94-04c1-424b-9868-57a2d4851a1d" />
    <TestEntry testId="4bcd01a8-6975-6b3c-24fa-4e775b1a5fcc" executionId="3cec6c53-a55c-46a9-bc23-02692ec657e8" testListId="8c84fa94-04c1-424b-9868-57a2d4851a1d" />
    <TestEntry testId="4cdcd52b-2d3e-682b-c129-04f34e69b4a3" executionId="b08bff0f-6e2e-4005-841a-743af1bf57ca" testListId="8c84fa94-04c1-424b-9868-57a2d4851a1d" />
    <TestEntry testId="4e4d5f99-747b-bf54-46cc-81e51553f753" executionId="a6d2b400-63e0-41d3-b903-c8a9864de754" testListId="8c84fa94-04c1-424b-9868-57a2d4851a1d" />
    <TestEntry testId="501f0d6e-3b3b-54d6-f840-7572caa94b95" executionId="d5f4e676-f676-46c2-af0d-320d56c11441" testListId="8c84fa94-04c1-424b-9868-57a2d4851a1d" />
    <TestEntry testId="51400ccc-ef46-8359-8206-81ccf44fa5b2" executionId="9a82ba60-4e97-428c-8d58-3d3d4e4d928c" testListId="8c84fa94-04c1-424b-9868-57a2d4851a1d" />
    <TestEntry testId="51da17ee-8ca5-b6ec-7408-2897d1cccf52" executionId="ec929e70-0a0d-4299-bd24-71c9c0177145" testListId="8c84fa94-04c1-424b-9868-57a2d4851a1d" />
    <TestEntry testId="52268dde-4e96-16ed-65f8-e8f04f4f6edd" executionId="6762f3cd-dcf1-4246-97d2-8707d8512b6a" testListId="8c84fa94-04c1-424b-9868-57a2d4851a1d" />
    <TestEntry testId="5339b57d-c695-1fdd-32d4-1508cb1dda52" executionId="a97f3818-c079-4a1d-a3e1-2d6fb3612e7e" testListId="8c84fa94-04c1-424b-9868-57a2d4851a1d" />
    <TestEntry testId="5352e3f1-1e8c-8485-f5bd-5e2fa27cf289" executionId="726dbcc1-3797-49fb-9b27-0165bddfa3ba" testListId="8c84fa94-04c1-424b-9868-57a2d4851a1d" />
    <TestEntry testId="542d6242-b6aa-62ef-b9a8-11717e33ad08" executionId="d3622761-3e83-4f51-b737-9d9d16a89056" testListId="8c84fa94-04c1-424b-9868-57a2d4851a1d" />
    <TestEntry testId="5522dfa8-f3f9-278f-dc66-8ca45aeb1cda" executionId="575ba6a9-c9d9-4fe8-97c8-f02e1a04debc" testListId="8c84fa94-04c1-424b-9868-57a2d4851a1d" />
    <TestEntry testId="55e5dd54-9d18-6ac0-dc30-2afe3b9aaa17" executionId="6fcf27c7-b7b8-4eb1-8ecf-5db72356f270" testListId="8c84fa94-04c1-424b-9868-57a2d4851a1d" />
    <TestEntry testId="56b6189c-a9e7-6473-967d-eedb9cb70abd" executionId="dbfb832f-21bb-4858-8da6-7db404c38ec4" testListId="8c84fa94-04c1-424b-9868-57a2d4851a1d" />
    <TestEntry testId="588dc306-4acb-7637-abbb-5eb4dbbc2c1e" executionId="24a2aad2-35a1-4398-82c1-4b1069d649e4" testListId="8c84fa94-04c1-424b-9868-57a2d4851a1d" />
    <TestEntry testId="58f549bc-6d6c-9453-1a42-733c5798ce30" executionId="c3a45710-661c-4b5c-9ef3-2c8b572efd68" testListId="8c84fa94-04c1-424b-9868-57a2d4851a1d" />
    <TestEntry testId="593b8aac-2d22-ebc7-10de-1f3334922ac5" executionId="f3e205d9-e721-47de-adbc-cd4afcf25401" testListId="8c84fa94-04c1-424b-9868-57a2d4851a1d" />
    <TestEntry testId="5a2ada94-562d-4f5a-0c45-1896c532caa6" executionId="76bc273f-614a-4aec-98a9-c45f856f9b43" testListId="8c84fa94-04c1-424b-9868-57a2d4851a1d" />
    <TestEntry testId="5ac928d2-37bf-6c73-78bf-2fa4e905cd81" executionId="407af52d-1a9a-4b79-a291-f2bb628ef8f0" testListId="8c84fa94-04c1-424b-9868-57a2d4851a1d" />
    <TestEntry testId="5c29fd8f-f147-77f6-cdfc-adac8f5b22cf" executionId="9abd88ce-f22e-4fd4-a32d-732bb020a5d4" testListId="8c84fa94-04c1-424b-9868-57a2d4851a1d" />
    <TestEntry testId="5cebc25d-0c38-f23b-390e-f075ce249335" executionId="8847a46e-d559-4e30-b16a-674fce4e9d19" testListId="8c84fa94-04c1-424b-9868-57a2d4851a1d" />
    <TestEntry testId="5f173446-56b6-2e92-c930-7c0cd96e5d43" executionId="f83f7a7a-cc14-4943-ac03-319fc6ee88fe" testListId="8c84fa94-04c1-424b-9868-57a2d4851a1d" />
    <TestEntry testId="5f48f7d2-3f4a-f8b0-1cab-a878f38fc05d" executionId="dbaeb795-a195-40c5-9ca9-5bcdca484a25" testListId="8c84fa94-04c1-424b-9868-57a2d4851a1d" />
    <TestEntry testId="60bd089b-0cb6-235c-3c43-9d4433caa2b7" executionId="da5437bb-ebdb-4c48-904c-c99c8a6886e4" testListId="8c84fa94-04c1-424b-9868-57a2d4851a1d" />
    <TestEntry testId="63a7c11e-5e1b-640b-f596-ccb683c01c97" executionId="e3cd8a27-d5e1-41e6-85d8-44276c904e05" testListId="8c84fa94-04c1-424b-9868-57a2d4851a1d" />
    <TestEntry testId="649e34f0-da26-3af9-7353-90cf8383ca36" executionId="56a6370e-5a5d-4b68-9b38-f12ee3665b0f" testListId="8c84fa94-04c1-424b-9868-57a2d4851a1d" />
    <TestEntry testId="65337b8b-5253-b27a-7e76-e44981ce9ebc" executionId="a1e6fa8a-33dc-4297-bd8d-f3551cca8788" testListId="8c84fa94-04c1-424b-9868-57a2d4851a1d" />
    <TestEntry testId="65eab05c-a154-8e78-4bf9-537920ebb237" executionId="f3c76b8c-b465-4e11-9996-540a0095091a" testListId="8c84fa94-04c1-424b-9868-57a2d4851a1d" />
    <TestEntry testId="669f0d5e-7f05-7f47-10d5-f753d1e80fcd" executionId="9798f80d-769f-4918-92c9-8e150239b96b" testListId="8c84fa94-04c1-424b-9868-57a2d4851a1d" />
    <TestEntry testId="66f70cea-707e-5c9c-00f8-93e8f8a1f848" executionId="3f986dc2-bc5c-47fa-8918-ef2493bc165e" testListId="8c84fa94-04c1-424b-9868-57a2d4851a1d" />
    <TestEntry testId="67364603-b1a9-aa6b-36ce-8896a5ccf935" executionId="d0c94675-aada-4de2-946a-2f77835bec3d" testListId="8c84fa94-04c1-424b-9868-57a2d4851a1d" />
    <TestEntry testId="67408b6c-ca88-782d-f579-86683367cc81" executionId="7a073ee8-17ae-4621-916d-8e6584f28fa5" testListId="8c84fa94-04c1-424b-9868-57a2d4851a1d" />
    <TestEntry testId="68532a04-6112-ed9f-5ce1-9b8b6ff51e08" executionId="882d8200-a02e-4f60-9e14-7ab9549b7358" testListId="8c84fa94-04c1-424b-9868-57a2d4851a1d" />
    <TestEntry testId="685335d2-bc66-6c85-1860-eabf4e2a71ef" executionId="9e4be4f8-0160-446f-8879-c81da353efc1" testListId="8c84fa94-04c1-424b-9868-57a2d4851a1d" />
    <TestEntry testId="6a3048ea-117a-9c27-8c98-6fcab51d9ac0" executionId="48df7959-6bdd-487e-8c6f-b16e9ee1bb35" testListId="8c84fa94-04c1-424b-9868-57a2d4851a1d" />
    <TestEntry testId="6a524b33-560e-6b23-ae8d-b08f78514cc9" executionId="b843a547-3f83-4666-b25f-da00ea34ad9a" testListId="8c84fa94-04c1-424b-9868-57a2d4851a1d" />
    <TestEntry testId="6b7253cd-ac12-f0dd-2ce8-e24e3aed9dcd" executionId="39140359-9810-4654-a64e-ba88beb77707" testListId="8c84fa94-04c1-424b-9868-57a2d4851a1d" />
    <TestEntry testId="6e661af5-eb0c-d3d2-3e09-8ab73a93b59b" executionId="87826b6b-22ed-46d9-a8a9-e889537b7763" testListId="8c84fa94-04c1-424b-9868-57a2d4851a1d" />
    <TestEntry testId="6e685cae-ea33-49d1-39f3-42a519f66862" executionId="fe7d2df1-4023-4570-a001-9c8d402052b0" testListId="8c84fa94-04c1-424b-9868-57a2d4851a1d" />
    <TestEntry testId="6ef3b947-97e7-2d54-940c-7176f92b5a56" executionId="dd5e5649-4ae6-4461-b1d8-c81cfd347aa2" testListId="8c84fa94-04c1-424b-9868-57a2d4851a1d" />
    <TestEntry testId="707ab96a-bf2b-7a28-27d6-7e7ef15e4322" executionId="e3ec10e8-f40b-448d-868b-b4d3d050ad6f" testListId="8c84fa94-04c1-424b-9868-57a2d4851a1d" />
    <TestEntry testId="70e7121a-5ffa-c52c-05fa-12360a058ed4" executionId="3ffe1a27-e875-48ae-bb74-cc896419c345" testListId="8c84fa94-04c1-424b-9868-57a2d4851a1d" />
    <TestEntry testId="71101bc9-174b-1138-9a64-908a069120d2" executionId="4f3a7e85-9393-4f34-8c6d-226a1eb2cc6d" testListId="8c84fa94-04c1-424b-9868-57a2d4851a1d" />
    <TestEntry testId="71c85e39-2b22-5ae3-f017-6fc5fa3c70b0" executionId="29c1c492-271b-43f3-8ae0-c7e6d502682e" testListId="8c84fa94-04c1-424b-9868-57a2d4851a1d" />
    <TestEntry testId="7223cede-90fd-ecd3-9657-5cfbf10535e5" executionId="1fbb6301-13b2-4ca8-adff-73d097ba3869" testListId="8c84fa94-04c1-424b-9868-57a2d4851a1d" />
    <TestEntry testId="730d8be0-5300-28aa-e422-24cae39d8197" executionId="e25c2720-0d24-438d-b188-bd740d8dae58" testListId="8c84fa94-04c1-424b-9868-57a2d4851a1d" />
    <TestEntry testId="741d43f8-ea39-3768-ce5f-d6374f290868" executionId="3dab408a-7148-4c7d-945e-eb2d3d445684" testListId="8c84fa94-04c1-424b-9868-57a2d4851a1d" />
    <TestEntry testId="75082207-4c45-47d8-ab69-ff883ac8ddd8" executionId="24504d5b-ea3c-4405-acaa-46094d8fc092" testListId="8c84fa94-04c1-424b-9868-57a2d4851a1d" />
    <TestEntry testId="758185ac-1720-ec32-bb7a-b6769ca307f5" executionId="8a862d27-b475-4586-808d-ed5595c2a1ff" testListId="8c84fa94-04c1-424b-9868-57a2d4851a1d" />
    <TestEntry testId="763fd23b-f2d4-b85b-ed67-7a7c646ccb54" executionId="3e546c88-e42b-4ab6-b567-093bf9c2cdfa" testListId="8c84fa94-04c1-424b-9868-57a2d4851a1d" />
    <TestEntry testId="77ef5ffd-ddfe-afbe-7b91-4afc227f287d" executionId="56ee2567-8fd7-4773-ac99-fdd5d7e596ca" testListId="8c84fa94-04c1-424b-9868-57a2d4851a1d" />
    <TestEntry testId="7801fab5-f2a2-85e8-fb8d-94012e60fe88" executionId="71f12f05-e49a-4d13-9402-acd8b3dca6e9" testListId="8c84fa94-04c1-424b-9868-57a2d4851a1d" />
    <TestEntry testId="78362feb-ddbb-8a48-6e69-ff3bc3a30cbe" executionId="e09755f4-1053-496d-aefb-694c5030135c" testListId="8c84fa94-04c1-424b-9868-57a2d4851a1d" />
    <TestEntry testId="789d94cc-ec89-0fe6-e5f3-58c59d03169d" executionId="e5a5e9c6-58a3-4467-a340-b5389e4364ee" testListId="8c84fa94-04c1-424b-9868-57a2d4851a1d" />
    <TestEntry testId="79f4275e-6b07-0262-6c88-366f9f974a13" executionId="a3547635-7f57-4bd2-a1ab-109c2e12c9f2" testListId="8c84fa94-04c1-424b-9868-57a2d4851a1d" />
    <TestEntry testId="7a60701a-03be-9b92-699b-a17ff1b339c9" executionId="74239fd6-8e88-40af-afd1-e26cdafae458" testListId="8c84fa94-04c1-424b-9868-57a2d4851a1d" />
    <TestEntry testId="7c3f6a9d-e55f-46eb-8f9d-1befc067dae2" executionId="9d567ec4-bbdc-4d63-b355-5afc46340d89" testListId="8c84fa94-04c1-424b-9868-57a2d4851a1d" />
    <TestEntry testId="7ed60232-b82b-7192-5cbe-9cd14c7ff10f" executionId="066e416a-ac67-4e1a-b84e-5004b41eb3ce" testListId="8c84fa94-04c1-424b-9868-57a2d4851a1d" />
    <TestEntry testId="803dc5c7-5e99-a0d5-1be7-b344c74eab8b" executionId="b7eefa9a-d418-43de-b67f-af4951bb5ef1" testListId="8c84fa94-04c1-424b-9868-57a2d4851a1d" />
    <TestEntry testId="80e7863e-5ffe-c3cd-cd16-f07a5b1559ac" executionId="e9f4854b-7b42-459a-ac5f-1d84c66fa377" testListId="8c84fa94-04c1-424b-9868-57a2d4851a1d" />
    <TestEntry testId="810cf42c-d2a3-bdea-fa2f-d39d9edba95e" executionId="bbccd16b-53e5-4fa4-8365-b14d8f7e782c" testListId="8c84fa94-04c1-424b-9868-57a2d4851a1d" />
    <TestEntry testId="810d7f6a-b98f-7242-2073-92bc5597ea82" executionId="753458b2-3ca9-42be-a747-34b78d3a820b" testListId="8c84fa94-04c1-424b-9868-57a2d4851a1d" />
    <TestEntry testId="8284c4be-8839-bddb-9ece-0d4d5db952a4" executionId="1a0f8c50-6df6-440f-a115-1fc96137f910" testListId="8c84fa94-04c1-424b-9868-57a2d4851a1d" />
    <TestEntry testId="83667c25-b34f-4628-925c-856c06d747d6" executionId="cdd62956-2b42-466f-8ca9-8354a7e85355" testListId="8c84fa94-04c1-424b-9868-57a2d4851a1d" />
    <TestEntry testId="85032354-14d4-ae89-4c28-0c200f1562c2" executionId="80c46b9b-4061-4d9b-879a-97bc7d45ed18" testListId="8c84fa94-04c1-424b-9868-57a2d4851a1d" />
    <TestEntry testId="87c50d92-c6e4-d688-8db7-deacefae9875" executionId="c2c27d93-a52d-49ec-9d67-879b314f9849" testListId="8c84fa94-04c1-424b-9868-57a2d4851a1d" />
    <TestEntry testId="897c2449-2d21-15c5-0adc-996965cae64f" executionId="3403c1eb-279e-4732-9fa6-cbba7a59c930" testListId="8c84fa94-04c1-424b-9868-57a2d4851a1d" />
    <TestEntry testId="8a0cf115-8fc1-0017-60c1-a738afa55aa0" executionId="ebb03a04-57de-4eac-be4f-4d77889436de" testListId="8c84fa94-04c1-424b-9868-57a2d4851a1d" />
    <TestEntry testId="8ac17e60-92ec-b600-c324-e9c114dadd5b" executionId="18a24983-cacc-497a-8c7b-757ef977596f" testListId="8c84fa94-04c1-424b-9868-57a2d4851a1d" />
    <TestEntry testId="8f0966ee-1abe-fc98-80a7-ff17f171a868" executionId="b974b1e8-9de9-4ab3-bbdd-9b66d107910c" testListId="8c84fa94-04c1-424b-9868-57a2d4851a1d" />
    <TestEntry testId="905c8e79-bcfe-2b72-2ec4-d94f7431f710" executionId="5903e608-5e60-4f20-868e-ed17ce31d9c0" testListId="8c84fa94-04c1-424b-9868-57a2d4851a1d" />
    <TestEntry testId="90a6d0db-4512-2f79-0708-f1e04e94d27b" executionId="a04640f3-cfc5-4303-b1a2-d5be3737e9a4" testListId="8c84fa94-04c1-424b-9868-57a2d4851a1d" />
    <TestEntry testId="93d08b9a-bf34-943d-1231-51037a22b627" executionId="0b5c43d8-500c-4802-882b-f7b0b95d1bee" testListId="8c84fa94-04c1-424b-9868-57a2d4851a1d" />
    <TestEntry testId="9442c588-cc40-e8a5-a732-3bc544770112" executionId="6a5eb822-0248-4b31-9aae-9ecee22098d0" testListId="8c84fa94-04c1-424b-9868-57a2d4851a1d" />
    <TestEntry testId="94d20dcf-bd1e-9f2d-bd8f-1fc1af4a9320" executionId="d569923b-f87c-4b5f-91b7-e2d1d9167bae" testListId="8c84fa94-04c1-424b-9868-57a2d4851a1d" />
    <TestEntry testId="95b9bebe-35c9-39a1-f16b-fca269062e3b" executionId="37294912-081e-402f-89ff-ddfa88c74139" testListId="8c84fa94-04c1-424b-9868-57a2d4851a1d" />
    <TestEntry testId="9613c4db-9cb9-4551-a162-fcb542a7f82c" executionId="197503fb-ef8f-4b5a-ad6e-8334b712028b" testListId="8c84fa94-04c1-424b-9868-57a2d4851a1d" />
    <TestEntry testId="9615de6b-1918-9780-a15f-1a19ad65978b" executionId="3888e12b-fd7a-4e06-9a1f-dc8c4d23867f" testListId="8c84fa94-04c1-424b-9868-57a2d4851a1d" />
    <TestEntry testId="96235396-be6b-76d4-3896-426bd11d119e" executionId="f468413b-a681-4623-b8b5-0502a5cf18f6" testListId="8c84fa94-04c1-424b-9868-57a2d4851a1d" />
    <TestEntry testId="967bb15f-68a1-002f-d2b9-9fa3ca3b9a84" executionId="139ddc44-53b4-48ff-9508-d1ee90dda784" testListId="8c84fa94-04c1-424b-9868-57a2d4851a1d" />
    <TestEntry testId="972c8046-482f-f6f3-abca-93b704b253d1" executionId="c9cfaff6-a36a-4075-8723-6407053687ee" testListId="8c84fa94-04c1-424b-9868-57a2d4851a1d" />
    <TestEntry testId="9750e1b3-f1c0-85f3-54d5-02af97f32398" executionId="8197c1e1-58e7-48c2-ac76-e4c312c52e31" testListId="8c84fa94-04c1-424b-9868-57a2d4851a1d" />
    <TestEntry testId="97fe033a-b2ee-a70b-1c5e-335d85a2cc44" executionId="26e85dfe-e0eb-4ae0-ace9-cd183f7d8056" testListId="8c84fa94-04c1-424b-9868-57a2d4851a1d" />
    <TestEntry testId="98efbab5-299f-3ef6-8083-efacca28f5ec" executionId="35350270-b589-4a2a-861a-8d67de257cb3" testListId="8c84fa94-04c1-424b-9868-57a2d4851a1d" />
    <TestEntry testId="9abd7e5b-68f8-2e2d-341f-78607c62e00d" executionId="0c01e2c0-c62a-41ff-9e77-1e27e9a6dd66" testListId="8c84fa94-04c1-424b-9868-57a2d4851a1d" />
    <TestEntry testId="9b03a9f3-e2fa-8a50-69e2-664a695c83ab" executionId="e5e2d993-0ecc-46dd-9416-d1666f6684d5" testListId="8c84fa94-04c1-424b-9868-57a2d4851a1d" />
    <TestEntry testId="9d5e5f93-4d49-9a2d-1820-f3e1dbc60d21" executionId="23439f68-6028-4100-88c8-54c80e61a680" testListId="8c84fa94-04c1-424b-9868-57a2d4851a1d" />
    <TestEntry testId="9f47b2c7-ce44-c38e-61ba-2a8e418e1150" executionId="30f368bd-d6fe-495b-86fa-eef52d161ce3" testListId="8c84fa94-04c1-424b-9868-57a2d4851a1d" />
    <TestEntry testId="9fc3f2c5-ca7b-7b06-b265-17abf82ec2c1" executionId="3539f302-a28e-45f4-bd7d-11cec7325e6d" testListId="8c84fa94-04c1-424b-9868-57a2d4851a1d" />
    <TestEntry testId="a03811f7-b98d-3f01-5f60-ea96b942a829" executionId="66c1c41a-ea55-4e2f-82e6-07d79391ce76" testListId="8c84fa94-04c1-424b-9868-57a2d4851a1d" />
    <TestEntry testId="a05e08ed-173a-96a7-1e59-d84dcf1b7ea8" executionId="ce1b92b1-78b6-4ce8-865b-8db38acfbaec" testListId="8c84fa94-04c1-424b-9868-57a2d4851a1d" />
    <TestEntry testId="a07e0c5f-c73c-3b05-6689-29aa03f694c5" executionId="0b873fd0-a888-42b3-867b-2ccb497995fa" testListId="8c84fa94-04c1-424b-9868-57a2d4851a1d" />
    <TestEntry testId="a2507719-9230-a97b-7f22-67dd86ccf715" executionId="7da94887-198f-438c-88a1-dc585d4cfe60" testListId="8c84fa94-04c1-424b-9868-57a2d4851a1d" />
    <TestEntry testId="a2c94055-ad70-113b-8904-d4fbef1809f4" executionId="3c3e4d56-2c37-48ac-978f-fefa23dbf804" testListId="8c84fa94-04c1-424b-9868-57a2d4851a1d" />
    <TestEntry testId="a2d8333b-3946-e7dc-870d-f15e3b5ada3c" executionId="4b52df1d-6c4b-4842-90f3-10fade0afe9c" testListId="8c84fa94-04c1-424b-9868-57a2d4851a1d" />
    <TestEntry testId="a50847e7-b8a2-5ee8-4d0d-2e3df7e69d28" executionId="4f4b4c30-a960-43a1-a6d4-6011308dee9b" testListId="8c84fa94-04c1-424b-9868-57a2d4851a1d" />
    <TestEntry testId="a5f34e5f-47fc-164f-058d-7d841f339ed5" executionId="0d4b377e-210f-4aa0-b102-7c2e53a1effe" testListId="8c84fa94-04c1-424b-9868-57a2d4851a1d" />
    <TestEntry testId="a7b259ef-850f-fd9a-570e-d86c6117cec4" executionId="fb5191f3-0e0e-43b4-b305-36f31d847173" testListId="8c84fa94-04c1-424b-9868-57a2d4851a1d" />
    <TestEntry testId="a7c77879-5b16-f595-0226-710690c886a1" executionId="1ce7762a-6938-4609-a051-903d0c278ee4" testListId="8c84fa94-04c1-424b-9868-57a2d4851a1d" />
    <TestEntry testId="adb4b2a4-1be2-f784-ba93-ff4df4e47351" executionId="13c46881-62f0-4fef-a96d-79e621faae91" testListId="8c84fa94-04c1-424b-9868-57a2d4851a1d" />
    <TestEntry testId="adbcf798-18a4-2d9c-cf77-e8c9c3135754" executionId="828707d0-0d4c-4023-b37b-6e321732bb86" testListId="8c84fa94-04c1-424b-9868-57a2d4851a1d" />
    <TestEntry testId="ae56fffb-c5d2-ad20-5e5d-0f29c456c51e" executionId="a0b17149-32ea-44e2-9606-a7933c1e4ade" testListId="8c84fa94-04c1-424b-9868-57a2d4851a1d" />
    <TestEntry testId="ae6b9d15-88c9-18b5-942c-997458adb99f" executionId="3002bd64-8200-4544-ae70-2190a4c5bbaa" testListId="8c84fa94-04c1-424b-9868-57a2d4851a1d" />
    <TestEntry testId="ae73fe09-8a16-80bc-fd0e-275f3a10bd47" executionId="1a633adb-57d0-45e1-8453-8cbd1ec50120" testListId="8c84fa94-04c1-424b-9868-57a2d4851a1d" />
    <TestEntry testId="aec60841-0f0f-aaaa-d5a8-e15a3cd42d2c" executionId="66d3564b-dce3-4de4-b3d3-e31465982cab" testListId="8c84fa94-04c1-424b-9868-57a2d4851a1d" />
    <TestEntry testId="b01e3434-0d00-60b3-81c0-bff12a1045ce" executionId="ac1a3bb2-382a-41f2-9fad-55fa2f8da4ab" testListId="8c84fa94-04c1-424b-9868-57a2d4851a1d" />
    <TestEntry testId="b166bd70-f213-7705-2488-c6256bb22ebf" executionId="c8b4c647-6699-4fe8-b6af-d97e20138222" testListId="8c84fa94-04c1-424b-9868-57a2d4851a1d" />
    <TestEntry testId="b17279e5-1b79-11eb-a420-c8a27ecbac1c" executionId="76745c1f-dec2-4b18-a923-367d1f1dae11" testListId="8c84fa94-04c1-424b-9868-57a2d4851a1d" />
    <TestEntry testId="b1aee546-8e41-6e6d-b894-d4d7258268a5" executionId="af0443cc-a864-4f46-884a-e0690cb7abc1" testListId="8c84fa94-04c1-424b-9868-57a2d4851a1d" />
    <TestEntry testId="b1e87fb1-c86d-d12c-d57a-a70c7a141530" executionId="54829eb7-9d5d-4fe1-9c96-57f83732a22a" testListId="8c84fa94-04c1-424b-9868-57a2d4851a1d" />
    <TestEntry testId="b356dca7-66e9-8e0b-a22b-b2c033985408" executionId="c0a87fca-7e14-43dc-8e9a-0b5e6a208a6e" testListId="8c84fa94-04c1-424b-9868-57a2d4851a1d" />
    <TestEntry testId="b3d342b6-74dd-9736-9184-1ccfa1cdce67" executionId="f1ca5a78-02ed-4d77-9b76-b7635a06ccdb" testListId="8c84fa94-04c1-424b-9868-57a2d4851a1d" />
    <TestEntry testId="b4d42cd9-88fa-a7ad-7a39-f5317a390a35" executionId="adae502e-cabe-46eb-af0e-28ea4b3f3918" testListId="8c84fa94-04c1-424b-9868-57a2d4851a1d" />
    <TestEntry testId="b6b1e8cd-45db-2c5f-ebec-23e8a3d44cfe" executionId="2e1ff4c7-2fb2-4faf-bd63-e75986df2db2" testListId="8c84fa94-04c1-424b-9868-57a2d4851a1d" />
    <TestEntry testId="b6eb61cf-6151-443a-4253-fa0d076a51b1" executionId="6e9b571f-a29b-4fa0-80fd-8c01ce9f5175" testListId="8c84fa94-04c1-424b-9868-57a2d4851a1d" />
    <TestEntry testId="b7c4df33-a9a4-5548-e5e2-aa36c4a352d1" executionId="db7d4f5d-9919-4d12-9131-90b3f7da767d" testListId="8c84fa94-04c1-424b-9868-57a2d4851a1d" />
    <TestEntry testId="b826a238-984a-886d-e03e-576a2959bb7d" executionId="2123cdd4-98d5-46ee-852f-1f89dbbcf2f3" testListId="8c84fa94-04c1-424b-9868-57a2d4851a1d" />
    <TestEntry testId="b84fef3f-bcb0-c4e4-f66a-7bc4d8c28443" executionId="e9b7e364-e33b-4a18-8a15-fdff4c2c1716" testListId="8c84fa94-04c1-424b-9868-57a2d4851a1d" />
    <TestEntry testId="b8ccf6b5-9d57-e51d-9e18-314579172388" executionId="51a8131a-e8df-46b3-85a1-cd6ccdb993b1" testListId="8c84fa94-04c1-424b-9868-57a2d4851a1d" />
    <TestEntry testId="b8da9a58-6766-09d5-1120-d32ef761438d" executionId="40c67714-4b3a-4689-bca7-ac6e002357f2" testListId="8c84fa94-04c1-424b-9868-57a2d4851a1d" />
    <TestEntry testId="ba42dd46-21b6-920a-0edd-46d4dca822f8" executionId="be0de378-b6be-4660-992f-ee62a0939ca0" testListId="8c84fa94-04c1-424b-9868-57a2d4851a1d" />
    <TestEntry testId="ba85ec7f-bfd2-eca0-8693-d4636a82d15c" executionId="aa32d585-3fb1-46c4-ac3a-e7e70f9d0438" testListId="8c84fa94-04c1-424b-9868-57a2d4851a1d" />
    <TestEntry testId="bb0b24a3-8b10-c9e3-2b19-d66443206ce8" executionId="f70f322b-26d2-4128-974d-a24d91534317" testListId="8c84fa94-04c1-424b-9868-57a2d4851a1d" />
    <TestEntry testId="be975037-27a5-c4ec-14c0-51bf9641569d" executionId="723b1757-6f97-44fe-ab24-7fae7a3b1a63" testListId="8c84fa94-04c1-424b-9868-57a2d4851a1d" />
    <TestEntry testId="c01f53b4-3adb-92ea-98d8-6e5122715027" executionId="d5352186-139d-4f5d-b55a-7d7ea899eea3" testListId="8c84fa94-04c1-424b-9868-57a2d4851a1d" />
    <TestEntry testId="c0b10dbe-d146-21de-e381-8a821cfe7bfb" executionId="d389b096-9852-44e3-9545-76bd61337cea" testListId="8c84fa94-04c1-424b-9868-57a2d4851a1d" />
    <TestEntry testId="c0be1ec3-10a5-6d99-6af3-0773b3d128b2" executionId="11fdce56-7a66-46f5-9735-784d16eacec3" testListId="8c84fa94-04c1-424b-9868-57a2d4851a1d" />
    <TestEntry testId="c2dbc761-eb84-3182-4560-ed6e00d100ed" executionId="9cb0632b-b238-4250-bb3c-cca74d7af0ad" testListId="8c84fa94-04c1-424b-9868-57a2d4851a1d" />
    <TestEntry testId="c2dda9f9-2a35-a46a-e645-51588e6762b9" executionId="15eec1cf-38e9-4dd1-8525-79d1543b3b70" testListId="8c84fa94-04c1-424b-9868-57a2d4851a1d" />
    <TestEntry testId="c3c1b77c-557a-3bb0-45f0-1295ab0b73e1" executionId="c77bd3e3-c2ab-4b98-8656-df085f8da9bf" testListId="8c84fa94-04c1-424b-9868-57a2d4851a1d" />
    <TestEntry testId="c41b964d-79f6-3eb8-9253-82212c527581" executionId="416ba7ca-72a1-4ffc-8681-8a33a33db46f" testListId="8c84fa94-04c1-424b-9868-57a2d4851a1d" />
    <TestEntry testId="c4aab5b1-a7f5-c03f-ca64-e611898fcff3" executionId="d1511b27-d737-4a6f-9b98-1b02814b776a" testListId="8c84fa94-04c1-424b-9868-57a2d4851a1d" />
    <TestEntry testId="c7241d66-4d00-cbae-2176-2727b8d732cd" executionId="a122b8a8-ae77-46a1-b63d-7ad3b8491c3d" testListId="8c84fa94-04c1-424b-9868-57a2d4851a1d" />
    <TestEntry testId="c976b72d-81d4-e2f3-3eed-060e9a7d2e88" executionId="e355f63c-c173-4923-9b76-ba5f0ef16902" testListId="8c84fa94-04c1-424b-9868-57a2d4851a1d" />
    <TestEntry testId="c97889a7-4b5d-47e2-de1a-f0e3096cbc00" executionId="468c1db0-208a-4efa-a93e-1e4562eb70aa" testListId="8c84fa94-04c1-424b-9868-57a2d4851a1d" />
    <TestEntry testId="c9ac96fe-9a82-fdb1-aeee-90af2e9cbf5e" executionId="ea6fe84f-100b-4ca1-a634-8b4d3c688481" testListId="8c84fa94-04c1-424b-9868-57a2d4851a1d" />
    <TestEntry testId="c9b90aa4-e89b-2717-cb3a-1de089946cb5" executionId="998941e1-f077-4fd1-853e-c523bf2d41c4" testListId="8c84fa94-04c1-424b-9868-57a2d4851a1d" />
    <TestEntry testId="cc2951bb-ff0b-e893-0ea6-907d2e46aaa8" executionId="726af1ac-2131-42ab-9163-a3a69b343b44" testListId="8c84fa94-04c1-424b-9868-57a2d4851a1d" />
    <TestEntry testId="cc40ece7-ddcc-640f-c690-0539470e58b0" executionId="1473ca8a-b975-4884-91af-812dede4148a" testListId="8c84fa94-04c1-424b-9868-57a2d4851a1d" />
    <TestEntry testId="cd63d5c4-d7f9-ff11-c133-8fb8e0a1f4ee" executionId="570335f1-2218-4dc6-b8f2-29f22b2cae28" testListId="8c84fa94-04c1-424b-9868-57a2d4851a1d" />
    <TestEntry testId="ce596f10-3082-c475-1ef7-3c9474252a5d" executionId="0494aac7-a184-4037-bbd7-b4a1a4c42641" testListId="8c84fa94-04c1-424b-9868-57a2d4851a1d" />
    <TestEntry testId="cf13f8a3-9920-5e65-e7ad-46f1eabd1504" executionId="a2ba5972-46f9-45a2-a0e6-dce376ec0b3b" testListId="8c84fa94-04c1-424b-9868-57a2d4851a1d" />
    <TestEntry testId="cf228363-163f-d848-2b92-5b3ff2a7046b" executionId="6ac5dfec-304a-423f-9ce1-8e0c6dd6164a" testListId="8c84fa94-04c1-424b-9868-57a2d4851a1d" />
    <TestEntry testId="cfc01c11-967b-136c-b3df-fb0fb0ddc934" executionId="7da497db-7165-406a-89a6-debbd6f25bd5" testListId="8c84fa94-04c1-424b-9868-57a2d4851a1d" />
    <TestEntry testId="cfd9ab29-3a80-6d75-5829-afdfe38d0a84" executionId="e8ddc04c-b19c-4de0-bbae-d3ba92364620" testListId="8c84fa94-04c1-424b-9868-57a2d4851a1d" />
    <TestEntry testId="d017efb9-1a33-3d32-304c-504b1d4379ee" executionId="8824dbf3-3500-4585-adb4-bb3e88df490d" testListId="8c84fa94-04c1-424b-9868-57a2d4851a1d" />
    <TestEntry testId="d06f0064-9d94-6ef6-f6d1-792c2bf3efcb" executionId="963f3a3a-d748-45d7-bb67-1c1c082c9eb8" testListId="8c84fa94-04c1-424b-9868-57a2d4851a1d" />
    <TestEntry testId="d0a1dd3e-0341-65a1-bd8f-d4823a9aa102" executionId="8efc1829-056a-4585-97f7-3a0b0d522d16" testListId="8c84fa94-04c1-424b-9868-57a2d4851a1d" />
    <TestEntry testId="d1ada082-d50c-d8f8-968f-cf6757a044f7" executionId="704d4cd1-4b9a-4b88-ae4e-a27174fda274" testListId="8c84fa94-04c1-424b-9868-57a2d4851a1d" />
    <TestEntry testId="d2097e09-73c7-825f-5e13-29b94eb629ce" executionId="002bc062-af3c-400c-94b9-7cc6e9d3f62a" testListId="8c84fa94-04c1-424b-9868-57a2d4851a1d" />
    <TestEntry testId="d4171f16-6e32-6c0e-3481-4121a5f607e8" executionId="f0edd6e9-ecee-4885-8afa-7ee7cd3e1e65" testListId="8c84fa94-04c1-424b-9868-57a2d4851a1d" />
    <TestEntry testId="d42296e9-ed3d-8097-d9d0-e1045aa7d342" executionId="f7a1786d-bf04-4cec-b0bd-20533fcd2bc0" testListId="8c84fa94-04c1-424b-9868-57a2d4851a1d" />
    <TestEntry testId="d5bd2e61-25d8-a373-4161-c3925781dba2" executionId="edc97105-617e-4acc-82f4-07954ac4b42b" testListId="8c84fa94-04c1-424b-9868-57a2d4851a1d" />
    <TestEntry testId="d6091b55-ef08-0a53-056e-fb56bf7d542e" executionId="d34e9b2a-d228-4372-885b-289f014ba53d" testListId="8c84fa94-04c1-424b-9868-57a2d4851a1d" />
    <TestEntry testId="d60a9a4b-30e2-3d2d-4821-ca0e9f8ea581" executionId="625ee27b-6280-41c0-9f1f-f3dc2921d126" testListId="8c84fa94-04c1-424b-9868-57a2d4851a1d" />
    <TestEntry testId="d68007fb-2284-43d5-95df-d4d670eb5e3d" executionId="824dbe77-f857-4f7f-a26d-8383e5a9e634" testListId="8c84fa94-04c1-424b-9868-57a2d4851a1d" />
    <TestEntry testId="d73a434d-2bdf-3dd2-5da0-6aa8b1e2f904" executionId="3f3fe6cb-ae19-41d8-a1c3-f6ff10fd6b3f" testListId="8c84fa94-04c1-424b-9868-57a2d4851a1d" />
    <TestEntry testId="da83e5c4-9018-ab23-cfa0-604e9da9250f" executionId="fcc7c8bd-d2f7-4a7e-bbb5-d15de3ab6b01" testListId="8c84fa94-04c1-424b-9868-57a2d4851a1d" />
    <TestEntry testId="db2fcafe-5d9e-db9a-522d-3234c6d53115" executionId="6433b098-42de-4105-b152-a72e31c2e54e" testListId="8c84fa94-04c1-424b-9868-57a2d4851a1d" />
    <TestEntry testId="dbe6b9e9-87f1-f01d-265b-91c29b7383a6" executionId="be5cefec-1ff7-413a-a664-9a9d939040bf" testListId="8c84fa94-04c1-424b-9868-57a2d4851a1d" />
    <TestEntry testId="dcad9806-70cc-6fca-7390-8ce405564c45" executionId="151bb19e-d0e4-4039-9f4f-8060bccbc1b2" testListId="8c84fa94-04c1-424b-9868-57a2d4851a1d" />
    <TestEntry testId="dcb46117-93d8-1747-b94f-cf176e4f62a8" executionId="85919bc7-61d9-46d0-9f24-ee98ff47a17d" testListId="8c84fa94-04c1-424b-9868-57a2d4851a1d" />
    <TestEntry testId="de0695d0-7786-7d69-1a33-a5ea63095f7d" executionId="8290c8b8-0a61-487c-8d4e-d81702434bb7" testListId="8c84fa94-04c1-424b-9868-57a2d4851a1d" />
    <TestEntry testId="de297bb4-9f9b-8faa-8b5a-608604be001c" executionId="29cb45f0-0c93-4ed1-a3ac-db47111b0b11" testListId="8c84fa94-04c1-424b-9868-57a2d4851a1d" />
    <TestEntry testId="dee67e30-0e15-4246-9876-2da4ce9ba59e" executionId="f2fcdbc4-551c-4beb-be1f-872420d43e04" testListId="8c84fa94-04c1-424b-9868-57a2d4851a1d" />
    <TestEntry testId="df61230b-55f4-b8d9-7965-c77266751ec2" executionId="a14f4675-1ce4-4785-bf58-6d90799b8856" testListId="8c84fa94-04c1-424b-9868-57a2d4851a1d" />
    <TestEntry testId="df9fc5a6-70a4-541a-a7bb-eb72c39eec4d" executionId="de9e5e10-10b6-4ac4-bcb3-b13822319b8c" testListId="8c84fa94-04c1-424b-9868-57a2d4851a1d" />
    <TestEntry testId="e02f9460-58eb-7330-ac89-ebcde7061b4c" executionId="13f90a70-347d-470a-ab09-41f1f8c8a579" testListId="8c84fa94-04c1-424b-9868-57a2d4851a1d" />
    <TestEntry testId="e0b544b7-3852-7359-6406-3f6cb97fb0f1" executionId="0297ccb5-cc56-4130-a30d-59a39ea9a046" testListId="8c84fa94-04c1-424b-9868-57a2d4851a1d" />
    <TestEntry testId="e32da9a0-4b50-9525-c72d-a203b0979c32" executionId="73c5d1c9-2643-4895-a1be-c9ab645d9bc2" testListId="8c84fa94-04c1-424b-9868-57a2d4851a1d" />
    <TestEntry testId="e3fbf6f8-4a3a-06ee-ab2e-dd7b0398d51b" executionId="696e5e61-7d58-4167-b8ab-1c21d9b84ff3" testListId="8c84fa94-04c1-424b-9868-57a2d4851a1d" />
    <TestEntry testId="e4b67b51-e33f-db05-0df9-7ce4103223cf" executionId="e17bd29f-6118-4e2f-97c3-3e622da0fda8" testListId="8c84fa94-04c1-424b-9868-57a2d4851a1d" />
    <TestEntry testId="e55020ee-49da-e874-77ed-6c2a1b29d28e" executionId="73561c22-29e0-4e78-9b60-803ade94f70e" testListId="8c84fa94-04c1-424b-9868-57a2d4851a1d" />
    <TestEntry testId="e5a98ddc-5c3a-98f8-e601-8693bb19d52c" executionId="a364670d-9723-452f-8949-a0fe0da05f35" testListId="8c84fa94-04c1-424b-9868-57a2d4851a1d" />
    <TestEntry testId="e68a66a6-43ed-5eb8-591e-9ee8ff535efc" executionId="4c639036-b8e9-4db4-95cf-b7acadeef310" testListId="8c84fa94-04c1-424b-9868-57a2d4851a1d" />
    <TestEntry testId="e6a3bd94-288e-081e-8024-0843b052bd78" executionId="4c8619a8-0eb8-47d6-b287-94187580909a" testListId="8c84fa94-04c1-424b-9868-57a2d4851a1d" />
    <TestEntry testId="e812cc4c-56c1-01b7-8eb1-fab03fa02e84" executionId="25c9a718-6842-42cc-a8c7-24607cee2d7e" testListId="8c84fa94-04c1-424b-9868-57a2d4851a1d" />
    <TestEntry testId="e8965505-e67d-50d3-82c8-91f1179b0e17" executionId="c2707a88-8496-41f7-b6c2-9f3f114eaf19" testListId="8c84fa94-04c1-424b-9868-57a2d4851a1d" />
    <TestEntry testId="ea7b7da7-c550-9d6f-0ca6-fe28fe53a0df" executionId="c2ee56d7-5544-49f0-b4c1-7c196ff2aa24" testListId="8c84fa94-04c1-424b-9868-57a2d4851a1d" />
    <TestEntry testId="ec0789fd-65f3-56bc-0ccc-7a912c9ad212" executionId="9536ce88-bae0-4ad3-a8b1-ddd63db57dc7" testListId="8c84fa94-04c1-424b-9868-57a2d4851a1d" />
    <TestEntry testId="ec19e082-3b1d-c286-9d06-aac237feecdb" executionId="7837fa31-3992-4d5f-bde9-bdfcf3fdbf98" testListId="8c84fa94-04c1-424b-9868-57a2d4851a1d" />
    <TestEntry testId="ed60cfa6-18d0-87ef-74c8-7553a5bd352b" executionId="4e123362-43ac-4baf-9492-71278e0bb404" testListId="8c84fa94-04c1-424b-9868-57a2d4851a1d" />
    <TestEntry testId="ef0916fb-ed65-557c-0c5c-2a45b9aac89a" executionId="bf52e8f0-2065-4ab9-a5f1-fd957db6aefc" testListId="8c84fa94-04c1-424b-9868-57a2d4851a1d" />
    <TestEntry testId="ef2d25c9-e612-1040-9214-47fe0c88f6f6" executionId="27f9ef77-27a8-4bf8-b14d-5cbe865255c1" testListId="8c84fa94-04c1-424b-9868-57a2d4851a1d" />
    <TestEntry testId="f06cd417-01ab-a679-8317-3e1f24b6edad" executionId="07ec9cf2-4e72-4f3d-92ff-9f83b8981f6a" testListId="8c84fa94-04c1-424b-9868-57a2d4851a1d" />
    <TestEntry testId="f11291b9-e086-3eb4-08e8-b2cf0edf5a03" executionId="a9a6f001-2dec-4ecd-914d-2566fb5f16e0" testListId="8c84fa94-04c1-424b-9868-57a2d4851a1d" />
    <TestEntry testId="f3365450-654d-2094-61b7-22f11cf8f848" executionId="4cdc0b63-3023-4d69-bbda-b66b0a19751c" testListId="8c84fa94-04c1-424b-9868-57a2d4851a1d" />
    <TestEntry testId="f445bb38-498f-fddb-3c49-3c704b0322f4" executionId="537cddcd-39c0-484d-9516-3ab80f0bf850" testListId="8c84fa94-04c1-424b-9868-57a2d4851a1d" />
    <TestEntry testId="f50cf82f-cd65-950b-04d9-4013880b79f8" executionId="79e2c9ff-b1eb-4875-94ef-fb7780820291" testListId="8c84fa94-04c1-424b-9868-57a2d4851a1d" />
    <TestEntry testId="f5f95521-3d48-55d5-079a-81869f00a403" executionId="1684698a-8769-4606-b7dc-dc0a910f73c3" testListId="8c84fa94-04c1-424b-9868-57a2d4851a1d" />
    <TestEntry testId="f7ab6e20-0f16-fc9f-e204-c90ad88c9f5a" executionId="ced5f22e-c772-4370-8cad-796663ed02ac" testListId="8c84fa94-04c1-424b-9868-57a2d4851a1d" />
    <TestEntry testId="f8bae1ea-a897-80c2-ce72-d62a853c3616" executionId="db903b40-fc12-490d-b73c-cfc9a3712778" testListId="8c84fa94-04c1-424b-9868-57a2d4851a1d" />
    <TestEntry testId="f9e221b9-0fba-fb63-b7c3-01c1f8629362" executionId="cf9fd2d6-f85c-4b5d-9fd2-ecf98843f4ea" testListId="8c84fa94-04c1-424b-9868-57a2d4851a1d" />
    <TestEntry testId="fb385faf-fd50-8b6f-fc63-2ba075af3cbc" executionId="959c709b-d0ae-4084-8e57-44ee31517415" testListId="8c84fa94-04c1-424b-9868-57a2d4851a1d" />
    <TestEntry testId="fc179cf8-b581-029e-3ba5-ae678b6edef3" executionId="93f9e0c1-acda-4c1f-bf82-6d67f0375df7" testListId="8c84fa94-04c1-424b-9868-57a2d4851a1d" />
    <TestEntry testId="fc570bf7-dc19-573b-3bfd-2b8231811c11" executionId="b0f3c9c4-88b6-4c7e-a0be-da7164a46713" testListId="8c84fa94-04c1-424b-9868-57a2d4851a1d" />
    <TestEntry testId="fd64fbbd-d910-c762-2cc7-a4920d322353" executionId="630c04f7-8af0-4a64-97f4-210333840629" testListId="8c84fa94-04c1-424b-9868-57a2d4851a1d" />
    <TestEntry testId="ff197499-a395-6992-e5be-e2b280b98015" executionId="b2789677-bdb7-4a45-b9bb-2c273507ec4a" testListId="8c84fa94-04c1-424b-9868-57a2d4851a1d" />
    <TestEntry testId="ff389c79-46a9-98a4-4928-686162ee5930" executionId="9564e9a4-5aaa-4c06-9020-bab8c72c449f" testListId="8c84fa94-04c1-424b-9868-57a2d4851a1d" />
  </TestEntries>
  <Results>
    <UnitTestResult executionId="9958b152-0be0-41ad-960f-09ad00dc5ac8" testId="01745444-28ed-bb79-3d04-bb3f966b11ec" testName="AuthenticationTest" computerName="N-ARG-DEV-034" duration="00:00:00.7290037" startTime="2014-09-22T14:10:33.2580530+07:00" endTime="2014-09-22T14:10:41.7298564+07:00" testType="13cdc9d9-ddb5-4fa4-a97d-d965ccfc6d4b" outcome="Failed" testListId="8c84fa94-04c1-424b-9868-57a2d4851a1d" relativeResultsDirectory="9958b152-0be0-41ad-960f-09ad00dc5ac8">
      <Output>
        <ErrorInfo>
          <Message>Assert.AreEqual failed. Expected:&lt;(null)&gt;. Actual:&lt;IAS.DTO.ResponseService`1[IAS.DTO.UserProfile]&gt;. </Message>
          <StackTrace>   at IAS.DataServices.Test.IPersonServiceTest.AuthenticationTest() in D:\[-PRO-]\IAS.DataServices.Test\PersonTest\IPersonServiceTest.cs:line 96
</StackTrace>
        </ErrorInfo>
      </Output>
    </UnitTestResult>
    <UnitTestResult executionId="f3d998fb-7953-4f93-b215-e020542cf2da" testId="01e03fc8-bcc4-acd4-da41-16175f95b6da" testName="GenPaymentNumberTest" computerName="N-ARG-DEV-034" duration="00:00:00.0664603" startTime="2014-09-22T14:10:41.7308634+07:00" endTime="2014-09-22T14:10:41.8011589+07:00" testType="13cdc9d9-ddb5-4fa4-a97d-d965ccfc6d4b" outcome="Failed" testListId="8c84fa94-04c1-424b-9868-57a2d4851a1d" relativeResultsDirectory="f3d998fb-7953-4f93-b215-e020542cf2da">
      <Output>
        <ErrorInfo>
          <Message>Assert.AreEqual failed. Expected:&lt;(null)&gt;. Actual:&lt;IAS.DTO.ResponseMessage`1[System.Boolean]&gt;. </Message>
          <StackTrace>   at IAS.DataServices.Test.IPaymentServiceTest.GenPaymentNumberTest() in D:\[-PRO-]\IAS.DataServices.Test\PaymentTest\IPaymentServiceTest.cs:line 217
</StackTrace>
        </ErrorInfo>
      </Output>
    </UnitTestResult>
    <UnitTestResult executionId="9726d355-7442-4604-aca6-a65fd8024192" testId="024e2195-e55a-82a9-a316-9c3fda838436" testName="SearchHolidayTest" computerName="N-ARG-DEV-034" duration="00:00:27.1780276" startTime="2014-09-22T14:10:41.8021585+07:00" endTime="2014-09-22T14:11:08.9830791+07:00" testType="13cdc9d9-ddb5-4fa4-a97d-d965ccfc6d4b" outcome="Failed" testListId="8c84fa94-04c1-424b-9868-57a2d4851a1d" relativeResultsDirectory="9726d355-7442-4604-aca6-a65fd8024192">
      <Output>
        <ErrorInfo>
          <Message>Assert.AreEqual failed. Expected:&lt;(null)&gt;. Actual:&lt;IAS.DTO.ResponseService`1[System.Collections.Generic.List`1[IAS.DTO.GBHoliday]]&gt;. </Message>
          <StackTrace>   at IAS.DataServices.Test.IExamServiceTest.SearchHolidayTest() in D:\[-PRO-]\IAS.DataServices.Test\ExamTest\IExamServiceTest.cs:line 726
</StackTrace>
        </ErrorInfo>
      </Output>
    </UnitTestResult>
    <UnitTestResult executionId="5ad49234-20b1-41cc-9eb5-08e6f56a284d" testId="0253b8c2-17e1-2808-3362-12369371651d" testName="DeleteExamTest" computerName="N-ARG-DEV-034" duration="00:00:00.0921102" startTime="2014-09-22T14:11:08.9850842+07:00" endTime="2014-09-22T14:11:09.0820202+07:00" testType="13cdc9d9-ddb5-4fa4-a97d-d965ccfc6d4b" outcome="Failed" testListId="8c84fa94-04c1-424b-9868-57a2d4851a1d" relativeResultsDirectory="5ad49234-20b1-41cc-9eb5-08e6f56a284d">
      <Output>
        <ErrorInfo>
          <Message>Assert.AreEqual failed. Expected:&lt;(null)&gt;. Actual:&lt;IAS.DTO.ResponseMessage`1[System.Boolean]&gt;. </Message>
          <StackTrace>   at IAS.DataServices.Test.IExamServiceTest.DeleteExamTest() in D:\[-PRO-]\IAS.DataServices.Test\ExamTest\IExamServiceTest.cs:line 167
</StackTrace>
        </ErrorInfo>
      </Output>
    </UnitTestResult>
    <UnitTestResult executionId="24f8da20-3250-4605-a655-81ac48c1f121" testId="0256e8b8-3a78-45c0-ecce-3177b083d335" testName="DeleteLicensetypeTest" computerName="N-ARG-DEV-034" duration="00:00:26.5680792" startTime="2014-09-22T14:11:09.0840211+07:00" endTime="2014-09-22T14:11:35.6557598+07:00" testType="13cdc9d9-ddb5-4fa4-a97d-d965ccfc6d4b" outcome="Failed" testListId="8c84fa94-04c1-424b-9868-57a2d4851a1d" relativeResultsDirectory="24f8da20-3250-4605-a655-81ac48c1f121">
      <Output>
        <ErrorInfo>
          <Message>Test method IAS.DataServices.Test.IExamServiceTest.DeleteLicensetypeTest threw exception: 
System.ArgumentNullException: Value cannot be null.
Parameter name: entity</Message>
          <StackTrace>    at System.Data.Objects.ObjectContext.DeleteObject(Object entity, EntitySet expectedEntitySet)
   at System.Data.Objects.ObjectContext.DeleteObject(Object entity)
   at IAS.DataServices.Exam.ExamService.DeleteLicensetype(String licensecode) in D:\[-PRO-]\WebService\IAS.DataServices\Exam\ExamService.svc.cs:line 2819
   at IAS.DataServices.Test.IExamServiceTest.DeleteLicensetypeTest() in D:\[-PRO-]\IAS.DataServices.Test\ExamTest\IExamServiceTest.cs:line 202
</StackTrace>
        </ErrorInfo>
      </Output>
    </UnitTestResult>
    <UnitTestResult executionId="7df2a6ba-1772-47ea-a892-72388edf587d" testId="046b0a32-c02b-7251-8432-bd95de36a601" testName="The_Finance_BillBiz_Can_SubmtPaymentBankUpload" computerName="N-ARG-DEV-034" duration="00:00:00.0113959" startTime="2014-09-22T14:11:35.6567603+07:00" endTime="2014-09-22T14:11:39.1059840+07:00" testType="13cdc9d9-ddb5-4fa4-a97d-d965ccfc6d4b" outcome="Passed" testListId="8c84fa94-04c1-424b-9868-57a2d4851a1d" relativeResultsDirectory="7df2a6ba-1772-47ea-a892-72388edf587d">
    </UnitTestResult>
    <UnitTestResult executionId="2b6050cf-51f5-4858-9899-87a8c52ed4d4" testId="04e2e48c-7d6a-ee4c-efb8-c537c27b6b82" testName="ValidateBeforeSubmitTest" computerName="N-ARG-DEV-034" duration="00:00:01.3332047" startTime="2014-09-22T14:11:39.1069853+07:00" endTime="2014-09-22T14:11:40.4450277+07:00" testType="13cdc9d9-ddb5-4fa4-a97d-d965ccfc6d4b" outcome="Failed" testListId="8c84fa94-04c1-424b-9868-57a2d4851a1d" relativeResultsDirectory="2b6050cf-51f5-4858-9899-87a8c52ed4d4">
      <Output>
        <ErrorInfo>
          <Message>Test method IAS.DataServices.Test.IRegistrationServiceTest.ValidateBeforeSubmitTest threw exception: 
System.NullReferenceException: Object reference not set to an instance of an object.</Message>
          <StackTrace>    at IAS.DataServices.Registration.RegistationService.ValidateBeforeSubmit(RegistrationType registerType, Registration entity) in D:\[-PRO-]\WebService\IAS.DataServices\Registration\RegistrationService.svc.cs:line 486
   at IAS.DataServices.Test.IRegistrationServiceTest.ValidateBeforeSubmitTest() in D:\[-PRO-]\IAS.DataServices.Test\RegistrationTest\IRegistrationServiceTest.cs:line 559
</StackTrace>
        </ErrorInfo>
      </Output>
    </UnitTestResult>
    <UnitTestResult executionId="ece7fbaf-d4e9-4ff7-98b3-f71c92f8a039" testId="05a79f07-b5cc-05ee-aa2d-a1e4eaf8b0ef" testName="CanChangeExamTest" computerName="N-ARG-DEV-034" duration="00:00:00.1726632" startTime="2014-09-22T14:11:40.4460282+07:00" endTime="2014-09-22T14:11:40.6211808+07:00" testType="13cdc9d9-ddb5-4fa4-a97d-d965ccfc6d4b" outcome="Failed" testListId="8c84fa94-04c1-424b-9868-57a2d4851a1d" relativeResultsDirectory="ece7fbaf-d4e9-4ff7-98b3-f71c92f8a039">
      <Output>
        <ErrorInfo>
          <Message>Assert.AreEqual failed. Expected:&lt;(null)&gt;. Actual:&lt;IAS.DTO.ResponseMessage`1[System.Boolean]&gt;. </Message>
          <StackTrace>   at IAS.DataServices.Test.IExamServiceTest.CanChangeExamTest() in D:\[-PRO-]\IAS.DataServices.Test\ExamTest\IExamServiceTest.cs:line 148
</StackTrace>
        </ErrorInfo>
      </Output>
    </UnitTestResult>
    <UnitTestResult executionId="46f74dc5-7927-4884-9958-97b16b4ef32a" testId="07a1ff01-2083-15b1-673c-de2fb2688a55" testName="GetBillNoTest" computerName="N-ARG-DEV-034" duration="00:00:09.5272803" startTime="2014-09-22T14:11:40.6241789+07:00" endTime="2014-09-22T14:11:50.1605037+07:00" testType="13cdc9d9-ddb5-4fa4-a97d-d965ccfc6d4b" outcome="Failed" testListId="8c84fa94-04c1-424b-9868-57a2d4851a1d" relativeResultsDirectory="46f74dc5-7927-4884-9958-97b16b4ef32a">
      <Output>
        <ErrorInfo>
          <Message>Test method IAS.DataServices.Test.IPaymentServiceTest.GetBillNoTest threw exception: 
System.NullReferenceException: Object reference not set to an instance of an object.</Message>
          <StackTrace>    at IAS.DataServices.Payment.PaymentService.GetBillNo(String user_id, String doc_date, String doc_code, String doc_type, String date_mode) in D:\[-PRO-]\WebService\IAS.DataServices\Payment\PaymentService.svc.cs:line 72
   at IAS.DataServices.Test.IPaymentServiceTest.GetBillNoTest() in D:\[-PRO-]\IAS.DataServices.Test\PaymentTest\IPaymentServiceTest.cs:line 351
</StackTrace>
        </ErrorInfo>
      </Output>
    </UnitTestResult>
    <UnitTestResult executionId="3c198d45-254c-4477-ad5a-fe938222be7a" testId="07a52d6e-5512-a85f-03e7-f116dafed311" testName="UpdateTest" computerName="N-ARG-DEV-034" duration="00:00:00.0883390" startTime="2014-09-22T14:11:50.1625046+07:00" endTime="2014-09-22T14:11:50.2533980+07:00" testType="13cdc9d9-ddb5-4fa4-a97d-d965ccfc6d4b" outcome="Passed" testListId="8c84fa94-04c1-424b-9868-57a2d4851a1d" relativeResultsDirectory="3c198d45-254c-4477-ad5a-fe938222be7a">
    </UnitTestResult>
    <UnitTestResult executionId="bdad84e5-390e-48ce-84d1-d215592bfeb7" testId="0885ba1c-0b71-a4ad-5dd7-834e227af79a" testName="GetDataFromSub_D_TTest" computerName="N-ARG-DEV-034" duration="00:00:00.2761373" startTime="2014-09-22T14:11:50.2543989+07:00" endTime="2014-09-22T14:11:50.5327247+07:00" testType="13cdc9d9-ddb5-4fa4-a97d-d965ccfc6d4b" outcome="Failed" testListId="8c84fa94-04c1-424b-9868-57a2d4851a1d" relativeResultsDirectory="bdad84e5-390e-48ce-84d1-d215592bfeb7">
      <Output>
        <ErrorInfo>
          <Message>Test method IAS.DataServices.Test.IPaymentServiceTest.GetDataFromSub_D_TTest threw exception: 
System.NullReferenceException: Object reference not set to an instance of an object.</Message>
          <StackTrace>    at IAS.DataServices.Payment.PaymentService.GetDataFromSub_D_T(String G_req_no, String UID, String IdWhenCareteInDetail) in D:\[-PRO-]\WebService\IAS.DataServices\Payment\PaymentService.svc.cs:line 5466
   at IAS.DataServices.Test.IPaymentServiceTest.GetDataFromSub_D_TTest() in D:\[-PRO-]\IAS.DataServices.Test\PaymentTest\IPaymentServiceTest.cs:line 396
</StackTrace>
        </ErrorInfo>
      </Output>
    </UnitTestResult>
    <UnitTestResult executionId="c32ee7c4-ea79-4366-95a9-7f61612142a3" testId="0bac3ba7-71a9-9170-31fc-6aff87f9b9ba" testName="ApplicantFileFactory_Can_Create_ApplicationFileHeader" computerName="N-ARG-DEV-034" duration="00:00:04.8181544" startTime="2014-09-22T14:11:50.5337256+07:00" endTime="2014-09-22T14:11:55.3555781+07:00" testType="13cdc9d9-ddb5-4fa4-a97d-d965ccfc6d4b" outcome="Failed" testListId="8c84fa94-04c1-424b-9868-57a2d4851a1d" relativeResultsDirectory="c32ee7c4-ea79-4366-95a9-7f61612142a3">
      <Output>
        <ErrorInfo>
          <Message>Test method IAS.DataServiceTest.ApplicationFileUploadTest.ApplicantFileFactory_Can_Create_ApplicationFileHeader threw exception: 
System.Reflection.TargetException: Non-static method requires a target.</Message>
          <StackTrace>    at System.Reflection.RuntimeMethodInfo.CheckConsistency(Object target)
   at System.Reflection.RuntimeMethodInfo.InvokeArgumentsCheck(Object obj, BindingFlags invokeAttr, Binder binder, Object[] parameters, CultureInfo culture)
   at System.Reflection.RuntimeMethodInfo.Invoke(Object obj, BindingFlags invokeAttr, Binder binder, Object[] parameters, CultureInfo culture)
   at System.Reflection.RuntimePropertyInfo.GetValue(Object obj, BindingFlags invokeAttr, Binder binder, Object[] index, CultureInfo culture)
   at System.Reflection.RuntimePropertyInfo.GetValue(Object obj, Object[] index)
   at System.Data.Objects.ELinq.QueryParameterExpression.TryGetFieldOrPropertyValue(MemberExpression me, Object instance, Object&amp; memberValue)
   at System.Data.Objects.ELinq.QueryParameterExpression.TryEvaluatePath(Expression expression, ConstantExpression&amp; constantExpression)
   at System.Data.Objects.ELinq.QueryParameterExpression.EvaluateParameter(Object[] arguments)
   at System.Data.Objects.ELinq.ELinqQueryState.GetExecutionPlan(Nullable`1 forMergeOption)
   at System.Data.Objects.ObjectQuery`1.GetResults(Nullable`1 forMergeOption)
   at System.Data.Objects.ObjectQuery`1.System.Collections.Generic.IEnumerable&lt;T&gt;.GetEnumerator()
   at System.Linq.Enumerable.FirstOrDefault[TSource](IEnumerable`1 source)
   at System.Data.Objects.ELinq.ObjectQueryProvider.&lt;GetElementFunction&gt;b__1[TResult](IEnumerable`1 sequence)
   at System.Data.Objects.ELinq.ObjectQueryProvider.ExecuteSingle[TResult](IEnumerable`1 query, Expression queryRoot)
   at System.Data.Objects.ELinq.ObjectQueryProvider.System.Linq.IQueryProvider.Execute[S](Expression expression)
   at System.Linq.Queryable.FirstOrDefault[TSource](IQueryable`1 source)
   at IAS.DataServices.Applicant.ApplicantRequestUploads.ApplicantFileFactory.CreateApplicantFileHeader(IIASPersonEntities ctx, ApplicantUploadRequest request) in D:\[-PRO-]\WebService\IAS.DataServices\Applicant\ApplicantRequestUploads\ApplicantFileFactory.cs:line 79
   at IAS.DataServices.Applicant.ApplicantRequestUploads.ApplicantFileFactory.ConcreateApplicantFileRequest(IIASPersonEntities ctx, ApplicantUploadRequest request) in D:\[-PRO-]\WebService\IAS.DataServices\Applicant\ApplicantRequestUploads\ApplicantFileFactory.cs:line 24
   at IAS.DataServiceTest.ApplicationFileUploadTest.ApplicantFileFactory_Can_Create_ApplicationFileHeader() in D:\[-PRO-]\IAS.DataServiceTest\ApplicationFileUploadTest.cs:line 145
</StackTrace>
        </ErrorInfo>
      </Output>
    </UnitTestResult>
    <UnitTestResult executionId="0850987f-72bd-4ca3-b565-700b6e28dab3" testId="0cd5be48-1093-b1b3-0d6c-53b853b506c3" testName="CityBankTextFileTotalType8_Can_SubString_To_BankFileTotal" computerName="N-ARG-DEV-034" duration="00:00:00.0408021" startTime="2014-09-22T14:11:55.3575795+07:00" endTime="2014-09-22T14:11:55.4116886+07:00" testType="13cdc9d9-ddb5-4fa4-a97d-d965ccfc6d4b" outcome="Passed" testListId="8c84fa94-04c1-424b-9868-57a2d4851a1d" relativeResultsDirectory="0850987f-72bd-4ca3-b565-700b6e28dab3">
    </UnitTestResult>
    <UnitTestResult executionId="0a943bcc-dc44-4bfe-8d31-bd37a0ad9c18" testId="0dd74b8d-1485-17a2-66af-e90449c0b954" testName="GetPaymentDetailTest" computerName="N-ARG-DEV-034" duration="00:00:01.0604747" startTime="2014-09-22T14:11:55.4126907+07:00" endTime="2014-09-22T14:11:56.4757842+07:00" testType="13cdc9d9-ddb5-4fa4-a97d-d965ccfc6d4b" outcome="Failed" testListId="8c84fa94-04c1-424b-9868-57a2d4851a1d" relativeResultsDirectory="0a943bcc-dc44-4bfe-8d31-bd37a0ad9c18">
      <Output>
        <ErrorInfo>
          <Message>Assert.AreEqual failed. Expected:&lt;(null)&gt;. Actual:&lt;IAS.DTO.ResponseService`1[IAS.DTO.PaymentDetail]&gt;. </Message>
          <StackTrace>   at IAS.DataServices.Test.IPaymentServiceTest.GetPaymentDetailTest() in D:\[-PRO-]\IAS.DataServices.Test\PaymentTest\IPaymentServiceTest.cs:line 587
</StackTrace>
        </ErrorInfo>
      </Output>
    </UnitTestResult>
    <UnitTestResult executionId="76c82453-cd1a-4c30-b7ef-ef0ee2ddde45" testId="0e43cf8f-e668-f637-10e5-c31e3ad775b1" testName="AddStatusReceiveCompletetoDBTest" computerName="N-ARG-DEV-034" duration="00:00:00.0148620" startTime="2014-09-22T14:11:56.4767843+07:00" endTime="2014-09-22T14:11:56.4937913+07:00" testType="13cdc9d9-ddb5-4fa4-a97d-d965ccfc6d4b" outcome="Failed" testListId="8c84fa94-04c1-424b-9868-57a2d4851a1d" relativeResultsDirectory="76c82453-cd1a-4c30-b7ef-ef0ee2ddde45">
      <Output>
        <ErrorInfo>
          <Message>Assert.AreEqual failed. Expected:&lt;&gt;. Actual:&lt;Y&gt;. </Message>
          <StackTrace>   at IAS.DataServices.Test.IPaymentServiceTest.AddStatusReceiveCompletetoDBTest() in D:\[-PRO-]\IAS.DataServices.Test\PaymentTest\IPaymentServiceTest.cs:line 101
</StackTrace>
        </ErrorInfo>
      </Output>
    </UnitTestResult>
    <UnitTestResult executionId="feaa48c7-2327-44f7-998e-1f21eb6aa441" testId="0fe06b35-7789-cbb5-c674-9e709a15faed" testName="ApplicantFileDetail_Can_Read_Text_To_Object" computerName="N-ARG-DEV-034" duration="00:00:00.1850263" startTime="2014-09-22T14:11:56.4947909+07:00" endTime="2014-09-22T14:11:56.6827181+07:00" testType="13cdc9d9-ddb5-4fa4-a97d-d965ccfc6d4b" outcome="Failed" testListId="8c84fa94-04c1-424b-9868-57a2d4851a1d" relativeResultsDirectory="feaa48c7-2327-44f7-998e-1f21eb6aa441">
      <Output>
        <ErrorInfo>
          <Message>Test method IAS.DataServiceTest.ApplicationFileUploadTest.ApplicantFileDetail_Can_Read_Text_To_Object threw exception: 
System.Reflection.TargetException: Non-static method requires a target.</Message>
          <StackTrace>    at System.Reflection.RuntimeMethodInfo.CheckConsistency(Object target)
   at System.Reflection.RuntimeMethodInfo.InvokeArgumentsCheck(Object obj, BindingFlags invokeAttr, Binder binder, Object[] parameters, CultureInfo culture)
   at System.Reflection.RuntimeMethodInfo.Invoke(Object obj, BindingFlags invokeAttr, Binder binder, Object[] parameters, CultureInfo culture)
   at System.Reflection.RuntimePropertyInfo.GetValue(Object obj, BindingFlags invokeAttr, Binder binder, Object[] index, CultureInfo culture)
   at System.Reflection.RuntimePropertyInfo.GetValue(Object obj, Object[] index)
   at System.Data.Objects.ELinq.QueryParameterExpression.TryGetFieldOrPropertyValue(MemberExpression me, Object instance, Object&amp; memberValue)
   at System.Data.Objects.ELinq.QueryParameterExpression.TryEvaluatePath(Expression expression, ConstantExpression&amp; constantExpression)
   at System.Data.Objects.ELinq.QueryParameterExpression.EvaluateParameter(Object[] arguments)
   at System.Data.Objects.ELinq.ELinqQueryState.GetExecutionPlan(Nullable`1 forMergeOption)
   at System.Data.Objects.ObjectQuery`1.GetResults(Nullable`1 forMergeOption)
   at System.Data.Objects.ObjectQuery`1.System.Collections.Generic.IEnumerable&lt;T&gt;.GetEnumerator()
   at System.Linq.Enumerable.SingleOrDefault[TSource](IEnumerable`1 source)
   at System.Data.Objects.ELinq.ObjectQueryProvider.&lt;GetElementFunction&gt;b__2[TResult](IEnumerable`1 sequence)
   at System.Data.Objects.ELinq.ObjectQueryProvider.ExecuteSingle[TResult](IEnumerable`1 query, Expression queryRoot)
   at System.Data.Objects.ELinq.ObjectQueryProvider.System.Linq.IQueryProvider.Execute[S](Expression expression)
   at System.Linq.Queryable.SingleOrDefault[TSource](IQueryable`1 source, Expression`1 predicate)
   at IAS.DataServices.Applicant.ApplicantRequestUploads.ApplicantFileHeader..ctor(ApplicantHeaderRequest request) in D:\[-PRO-]\WebService\IAS.DataServices\Applicant\ApplicantRequestUploads\ApplicantFileHeader.cs:line 71
   at IAS.DataServiceTest.ApplicationFileUploadTest.ConcreateApplicantFileHeader(ApplicantHeaderRequest request) in D:\[-PRO-]\IAS.DataServiceTest\ApplicationFileUploadTest.cs:line 109
   at IAS.DataServiceTest.ApplicationFileUploadTest.CreateHeader() in D:\[-PRO-]\IAS.DataServiceTest\ApplicationFileUploadTest.cs:line 100
   at IAS.DataServiceTest.ApplicationFileUploadTest.ApplicantFileDetail_Can_Read_Text_To_Object() in D:\[-PRO-]\IAS.DataServiceTest\ApplicationFileUploadTest.cs:line 64
</StackTrace>
        </ErrorInfo>
      </Output>
    </UnitTestResult>
    <UnitTestResult executionId="b93b8466-5610-43ff-8e7f-11090501dc31" testId="108c4675-6607-ea28-e2f9-eb7b4f21d1f4" testName="UpdateWithAttachFilesTest" computerName="N-ARG-DEV-034" duration="00:00:00.0682805" startTime="2014-09-22T14:11:56.6837189+07:00" endTime="2014-09-22T14:11:56.7546520+07:00" testType="13cdc9d9-ddb5-4fa4-a97d-d965ccfc6d4b" outcome="Failed" testListId="8c84fa94-04c1-424b-9868-57a2d4851a1d" relativeResultsDirectory="b93b8466-5610-43ff-8e7f-11090501dc31">
      <Output>
        <ErrorInfo>
          <Message>Test method IAS.DataServices.Test.IRegistrationServiceTest.UpdateWithAttachFilesTest threw exception: 
System.NullReferenceException: Object reference not set to an instance of an object.</Message>
          <StackTrace>    at IAS.DataServices.Registration.RegistationService.UpdateWithAttachFiles(Registration entity, List`1 listAttatchFile) in D:\[-PRO-]\WebService\IAS.DataServices\Registration\RegistrationService.svc.cs:line 909
   at IAS.DataServices.Test.IRegistrationServiceTest.UpdateWithAttachFilesTest() in D:\[-PRO-]\IAS.DataServices.Test\RegistrationTest\IRegistrationServiceTest.cs:line 540
</StackTrace>
        </ErrorInfo>
      </Output>
    </UnitTestResult>
    <UnitTestResult executionId="3867e3a6-7c7f-4489-a1c4-924c2a218808" testId="11483d63-d980-3c98-0047-8247aa64fc40" testName="InsertWithAttatchFileTest" computerName="N-ARG-DEV-034" duration="00:00:00.5294167" startTime="2014-09-22T14:11:56.7566443+07:00" endTime="2014-09-22T14:11:57.2895394+07:00" testType="13cdc9d9-ddb5-4fa4-a97d-d965ccfc6d4b" outcome="Failed" testListId="8c84fa94-04c1-424b-9868-57a2d4851a1d" relativeResultsDirectory="3867e3a6-7c7f-4489-a1c4-924c2a218808">
      <Output>
        <ErrorInfo>
          <Message>Assert.AreEqual failed. Expected:&lt;(null)&gt;. Actual:&lt;IAS.DTO.ResponseService`1[IAS.DTO.Registration]&gt;. </Message>
          <StackTrace>   at IAS.DataServices.Test.RegistationServiceTest.InsertWithAttatchFileTest() in D:\[-PRO-]\IAS.DataServices.Test\RegistationServiceTest.cs:line 155
</StackTrace>
        </ErrorInfo>
      </Output>
    </UnitTestResult>
    <UnitTestResult executionId="51e0d3fe-ed0d-4d34-8f56-ff5e24681895" testId="11769955-d806-e55b-6abd-f068feecc8d1" testName="TestCompressFolder" computerName="N-ARG-DEV-034" duration="00:00:00.0609945" startTime="2014-09-22T14:11:57.2905428+07:00" endTime="2014-09-22T14:11:57.3541331+07:00" testType="13cdc9d9-ddb5-4fa4-a97d-d965ccfc6d4b" outcome="Failed" testListId="8c84fa94-04c1-424b-9868-57a2d4851a1d" relativeResultsDirectory="51e0d3fe-ed0d-4d34-8f56-ff5e24681895">
      <Output>
        <ErrorInfo>
          <Message>Test method IAS.DataServiceTest.CompressFolderTest.TestCompressFolder threw exception: 
System.IO.DirectoryNotFoundException: Could not find a part of the path 'D:\OIC\Branch\IAS-branch-finance\IAS.DataServiceTest\SimpleFile\TestZip'.</Message>
          <StackTrace>    at System.IO.__Error.WinIOError(Int32 errorCode, String maybeFullPath)
   at System.IO.FileSystemEnumerableIterator`1.CommonInit()
   at System.IO.FileSystemEnumerableIterator`1..ctor(String path, String originalUserPath, String searchPattern, SearchOption searchOption, SearchResultHandler`1 resultHandler, Boolean checkHost)
   at System.IO.DirectoryInfo.InternalGetDirectories(String searchPattern, SearchOption searchOption)
   at System.IO.DirectoryInfo.GetDirectories()
   at IAS.DataServiceTest.CompressFolderTest.CompressFolder(DirectoryInfo dir, FileInfo targetFile) in D:\[-PRO-]\IAS.DataServiceTest\CompressFolderTest.cs:line 28
   at IAS.DataServiceTest.CompressFolderTest.TestCompressFolder() in D:\[-PRO-]\IAS.DataServiceTest\CompressFolderTest.cs:line 19
</StackTrace>
        </ErrorInfo>
      </Output>
    </UnitTestResult>
    <UnitTestResult executionId="c6f7d763-6991-438d-aa47-76f30c7aa39b" testId="123a0cd9-f562-3f72-c147-254507bbcc0a" testName="InsertExamTest" computerName="N-ARG-DEV-034" duration="00:00:00.1134540" startTime="2014-09-22T14:11:57.3571336+07:00" endTime="2014-09-22T14:11:57.4781854+07:00" testType="13cdc9d9-ddb5-4fa4-a97d-d965ccfc6d4b" outcome="Failed" testListId="8c84fa94-04c1-424b-9868-57a2d4851a1d" relativeResultsDirectory="c6f7d763-6991-438d-aa47-76f30c7aa39b">
      <Output>
        <ErrorInfo>
          <Message>Test method IAS.DataServices.Test.IExamServiceTest.InsertExamTest threw exception: 
System.NullReferenceException: Object reference not set to an instance of an object.</Message>
          <StackTrace>    at IAS.DataServices.Exam.ExamService.InsertExam(ExamSchedule ent) in D:\[-PRO-]\WebService\IAS.DataServices\Exam\ExamService.svc.cs:line 122
   at IAS.DataServices.Test.IExamServiceTest.InsertExamTest() in D:\[-PRO-]\IAS.DataServices.Test\ExamTest\IExamServiceTest.cs:line 668
</StackTrace>
        </ErrorInfo>
      </Output>
    </UnitTestResult>
    <UnitTestResult executionId="64f8a170-43ee-4270-816a-46fdc55c09cc" testId="13e6559f-a869-6892-2b1d-299ff65982ba" testName="SendMailConfirmRegistration_Can_Sent_Email" computerName="N-ARG-DEV-034" duration="00:00:00.0450339" startTime="2014-09-22T14:11:57.4801872+07:00" endTime="2014-09-22T14:11:57.5282200+07:00" testType="13cdc9d9-ddb5-4fa4-a97d-d965ccfc6d4b" outcome="Failed" testListId="8c84fa94-04c1-424b-9868-57a2d4851a1d" relativeResultsDirectory="64f8a170-43ee-4270-816a-46fdc55c09cc">
      <Output>
        <ErrorInfo>
          <Message>Assert.IsNotNull failed. </Message>
          <StackTrace>   at IAS.DataServiceTest.MailConfirmHelperTest.SendMailConfirmRegistration_Can_Sent_Email() in D:\[-PRO-]\IAS.DataServiceTest\MailConfirmHelperTest.cs:line 21
</StackTrace>
        </ErrorInfo>
      </Output>
    </UnitTestResult>
    <UnitTestResult executionId="e2405458-83a3-4686-8823-4468058da488" testId="146d97a5-1fec-9fb4-13d5-5cbcc4856c57" testName="UpdateTestTest" computerName="N-ARG-DEV-034" duration="00:00:00.0097324" startTime="2014-09-22T14:11:57.5292205+07:00" endTime="2014-09-22T14:11:57.5422285+07:00" testType="13cdc9d9-ddb5-4fa4-a97d-d965ccfc6d4b" outcome="Passed" testListId="8c84fa94-04c1-424b-9868-57a2d4851a1d" relativeResultsDirectory="e2405458-83a3-4686-8823-4468058da488">
    </UnitTestResult>
    <UnitTestResult executionId="c7c7692d-bf43-42c3-95f3-1f1a102fe946" testId="150d4805-b608-77cd-ebbc-b7eff8e9d68d" testName="getGroupDetailTest" computerName="N-ARG-DEV-034" duration="00:00:00.0239544" startTime="2014-09-22T14:11:57.5432298+07:00" endTime="2014-09-22T14:11:57.5702472+07:00" testType="13cdc9d9-ddb5-4fa4-a97d-d965ccfc6d4b" outcome="Failed" testListId="8c84fa94-04c1-424b-9868-57a2d4851a1d" relativeResultsDirectory="c7c7692d-bf43-42c3-95f3-1f1a102fe946">
      <Output>
        <ErrorInfo>
          <Message>Assert.AreEqual failed. Expected:&lt;(null)&gt;. Actual:&lt;IAS.DTO.ResponseService`1[System.Data.DataSet]&gt;. </Message>
          <StackTrace>   at IAS.DataServices.Test.IPaymentServiceTest.getGroupDetailTest() in D:\[-PRO-]\IAS.DataServices.Test\PaymentTest\IPaymentServiceTest.cs:line 1138
</StackTrace>
        </ErrorInfo>
      </Output>
    </UnitTestResult>
    <UnitTestResult executionId="bd2ea59a-cb9b-4a5b-acca-fd905a71d2b5" testId="15b1af2b-0af6-9791-b1d4-1c8950ee84dc" testName="GetTitleNameFromSexTest" computerName="N-ARG-DEV-034" duration="00:00:00.1731373" startTime="2014-09-22T14:11:57.5722485+07:00" endTime="2014-09-22T14:11:57.7510307+07:00" testType="13cdc9d9-ddb5-4fa4-a97d-d965ccfc6d4b" outcome="Failed" testListId="8c84fa94-04c1-424b-9868-57a2d4851a1d" relativeResultsDirectory="bd2ea59a-cb9b-4a5b-acca-fd905a71d2b5">
      <Output>
        <ErrorInfo>
          <Message>Assert.AreEqual failed. Expected:&lt;(null)&gt;. Actual:&lt;IAS.DTO.ResponseService`1[System.Collections.Generic.List`1[IAS.DTO.TitleName]]&gt;. </Message>
          <StackTrace>   at IAS.DataServices.Test.DataCenterServiceTest.GetTitleNameFromSexTest() in D:\[-PRO-]\IAS.DataServices.Test\DataCenterServiceTest.cs:line 85
</StackTrace>
        </ErrorInfo>
      </Output>
    </UnitTestResult>
    <UnitTestResult executionId="15305470-de67-4b06-b941-aed443b5b4b8" testId="16e700d8-4b7e-e1cb-8624-89fcd9c4d585" testName="TestMethod1" computerName="N-ARG-DEV-034" duration="00:00:00.0009483" startTime="2014-09-22T14:11:57.7520312+07:00" endTime="2014-09-22T14:11:57.7550330+07:00" testType="13cdc9d9-ddb5-4fa4-a97d-d965ccfc6d4b" outcome="Passed" testListId="8c84fa94-04c1-424b-9868-57a2d4851a1d" relativeResultsDirectory="15305470-de67-4b06-b941-aed443b5b4b8">
    </UnitTestResult>
    <UnitTestResult executionId="ffd9cb4f-f58d-4ef6-bf7e-67dfb144f928" testId="1776689f-a3f5-3811-38dc-e0d28d5b49e0" testName="TestValueCodingIndexData" computerName="N-ARG-DEV-034" duration="00:00:00.0002652" startTime="2014-09-22T14:11:57.7560342+07:00" endTime="2014-09-22T14:11:57.7590373+07:00" testType="13cdc9d9-ddb5-4fa4-a97d-d965ccfc6d4b" outcome="Passed" testListId="8c84fa94-04c1-424b-9868-57a2d4851a1d" relativeResultsDirectory="ffd9cb4f-f58d-4ef6-bf7e-67dfb144f928">
    </UnitTestResult>
    <UnitTestResult executionId="73852a90-396b-45f3-a560-d6255c6c232f" testId="186393ca-1d38-7703-ec60-12946f62e548" testName="Auto_CancelAppNoPayTest" computerName="N-ARG-DEV-034" duration="00:00:08.9941959" startTime="2014-09-22T14:11:57.7600365+07:00" endTime="2014-09-22T14:12:06.7559168+07:00" testType="13cdc9d9-ddb5-4fa4-a97d-d965ccfc6d4b" outcome="Failed" testListId="8c84fa94-04c1-424b-9868-57a2d4851a1d" relativeResultsDirectory="73852a90-396b-45f3-a560-d6255c6c232f">
      <Output>
        <ErrorInfo>
          <Message>Assert.AreEqual failed. Expected:&lt;(null)&gt;. Actual:&lt;IAS.DTO.ResponseMessage`1[System.Boolean]&gt;. </Message>
          <StackTrace>   at IAS.DataServices.Test.PaymentServiceTest.Auto_CancelAppNoPayTest() in D:\[-PRO-]\IAS.DataServices.Test\PaymentServiceTest.cs:line 173
</StackTrace>
        </ErrorInfo>
      </Output>
    </UnitTestResult>
    <UnitTestResult executionId="59d0af8b-ac98-47a3-b95c-b1aa20f2c36b" testId="18aeab10-a06d-984c-4508-a89e5543819b" testName="GetLicenseGroupRequestPaidTest" computerName="N-ARG-DEV-034" duration="00:00:00.4801075" startTime="2014-09-22T14:12:06.7589190+07:00" endTime="2014-09-22T14:12:07.2432419+07:00" testType="13cdc9d9-ddb5-4fa4-a97d-d965ccfc6d4b" outcome="Failed" testListId="8c84fa94-04c1-424b-9868-57a2d4851a1d" relativeResultsDirectory="59d0af8b-ac98-47a3-b95c-b1aa20f2c36b">
      <Output>
        <ErrorInfo>
          <Message>Assert.AreEqual failed. Expected:&lt;(null)&gt;. Actual:&lt;IAS.DTO.ResponseService`1[System.Collections.Generic.IEnumerable`1[System.DateTime]]&gt;. </Message>
          <StackTrace>   at IAS.DataServices.Test.IPaymentServiceTest.GetLicenseGroupRequestPaidTest() in D:\[-PRO-]\IAS.DataServices.Test\PaymentTest\IPaymentServiceTest.cs:line 539
</StackTrace>
        </ErrorInfo>
      </Output>
    </UnitTestResult>
    <UnitTestResult executionId="66b39035-1d79-4caf-87d5-05ff6599e9a3" testId="19808bd3-f7ef-5ad0-c654-0ed0a173c92c" testName="InsertOICTest" computerName="N-ARG-DEV-034" duration="00:00:00.0203048" startTime="2014-09-22T14:12:07.2542490+07:00" endTime="2014-09-22T14:12:07.2982784+07:00" testType="13cdc9d9-ddb5-4fa4-a97d-d965ccfc6d4b" outcome="Failed" testListId="8c84fa94-04c1-424b-9868-57a2d4851a1d" relativeResultsDirectory="66b39035-1d79-4caf-87d5-05ff6599e9a3">
      <Output>
        <ErrorInfo>
          <Message>Assert.AreEqual failed. Expected:&lt;(null)&gt;. Actual:&lt;IAS.DTO.ResponseMessage`1[System.Boolean]&gt;. </Message>
          <StackTrace>   at IAS.DataServices.Test.IPersonServiceTest.InsertOICTest() in D:\[-PRO-]\IAS.DataServices.Test\PersonTest\IPersonServiceTest.cs:line 465
</StackTrace>
        </ErrorInfo>
      </Output>
    </UnitTestResult>
    <UnitTestResult executionId="ae3bf956-7287-4d24-a85d-24399d57b79b" testId="1ade5249-963a-4e04-9346-ece88272e3e7" testName="Test" computerName="N-ARG-DEV-034" duration="00:00:00.0915822" startTime="2014-09-22T14:12:07.3002801+07:00" endTime="2014-09-22T14:12:07.4103527+07:00" testType="13cdc9d9-ddb5-4fa4-a97d-d965ccfc6d4b" outcome="Failed" testListId="8c84fa94-04c1-424b-9868-57a2d4851a1d" relativeResultsDirectory="ae3bf956-7287-4d24-a85d-24399d57b79b">
      <Output>
        <ErrorInfo>
          <Message>Assert.IsNotNull failed. </Message>
          <StackTrace>   at IAS.DataServiceTest.SelectDataTesting.Test() in D:\[-PRO-]\IAS.DataServiceTest\SelectDataTesting.cs:line 35
</StackTrace>
        </ErrorInfo>
      </Output>
    </UnitTestResult>
    <UnitTestResult executionId="05ef6d55-5d13-4c58-8c7c-c3788fc43167" testId="1ccbc4da-c795-8ba7-8679-5201fa66f039" testName="TestCreateDirectory" computerName="N-ARG-DEV-034" duration="00:00:00.6805792" startTime="2014-09-22T14:12:07.4113540+07:00" endTime="2014-09-22T14:12:08.0937979+07:00" testType="13cdc9d9-ddb5-4fa4-a97d-d965ccfc6d4b" outcome="Failed" testListId="8c84fa94-04c1-424b-9868-57a2d4851a1d" relativeResultsDirectory="05ef6d55-5d13-4c58-8c7c-c3788fc43167">
      <Output>
        <ErrorInfo>
          <Message>Test method IAS.DataServiceTest.GenerateComposeLicenseRequestTest.TestCreateDirectory threw exception: 
System.IO.IOException: The username or password is incorrect.
</Message>
          <StackTrace>    at System.IO.__Error.WinIOError(Int32 errorCode, String maybeFullPath)
   at System.IO.Directory.InternalCreateDirectory(String fullPath, String path, Object dirSecurityObj, Boolean checkHost)
   at System.IO.DirectoryInfo.Create()
   at IAS.DataServiceTest.GenerateComposeLicenseRequestTest.TestCreateDirectory() in D:\[-PRO-]\IAS.DataServiceTest\GenerateComposeLicenseRequestTest.cs:line 480
</StackTrace>
        </ErrorInfo>
      </Output>
    </UnitTestResult>
    <UnitTestResult executionId="35c3bb08-06a7-4535-8488-dbaf178cb773" testId="1cf74ae7-04bf-963e-0c14-5b319c2e7b63" testName="IsGeneralUserRegisteredTest" computerName="N-ARG-DEV-034" duration="00:00:00.0060828" startTime="2014-09-22T14:12:08.0998027+07:00" endTime="2014-09-22T14:12:08.1108090+07:00" testType="13cdc9d9-ddb5-4fa4-a97d-d965ccfc6d4b" outcome="Failed" testListId="8c84fa94-04c1-424b-9868-57a2d4851a1d" relativeResultsDirectory="35c3bb08-06a7-4535-8488-dbaf178cb773">
      <Output>
        <ErrorInfo>
          <Message>Assert.AreEqual failed. Expected:&lt;(null)&gt;. Actual:&lt;IAS.DTO.ResponseService`1[IAS.DTO.Registration]&gt;. </Message>
          <StackTrace>   at IAS.DataServices.Test.IRegistrationServiceTest.IsGeneralUserRegisteredTest() in D:\[-PRO-]\IAS.DataServices.Test\RegistrationTest\IRegistrationServiceTest.cs:line 409
</StackTrace>
        </ErrorInfo>
      </Output>
    </UnitTestResult>
    <UnitTestResult executionId="cc4c2d16-cf93-4f03-bed5-cfc0b1971885" testId="1d4888f9-5fdc-2790-1d40-be72858fc0ab" testName="GetPaymentDetailByCriteriaTest" computerName="N-ARG-DEV-034" duration="00:00:00.0599792" startTime="2014-09-22T14:12:08.1128108+07:00" endTime="2014-09-22T14:12:08.1818566+07:00" testType="13cdc9d9-ddb5-4fa4-a97d-d965ccfc6d4b" outcome="Failed" testListId="8c84fa94-04c1-424b-9868-57a2d4851a1d" relativeResultsDirectory="cc4c2d16-cf93-4f03-bed5-cfc0b1971885">
      <Output>
        <ErrorInfo>
          <Message>Test method IAS.DataServices.Test.IPaymentServiceTest.GetPaymentDetailByCriteriaTest threw exception: 
System.NullReferenceException: Object reference not set to an instance of an object.</Message>
          <StackTrace>    at IAS.DataServices.Payment.PaymentService.GetPaymentDetailByCriteria(UserProfile userProfile, String paymentType, String order, Nullable`1 startDate, Nullable`1 toDate, String idCard, String billNo, Int32 pageNo, Int32 recordPerPage, String ViewYear) in D:\[-PRO-]\WebService\IAS.DataServices\Payment\PaymentService.svc.cs:line 3179
   at IAS.DataServices.Test.IPaymentServiceTest.GetPaymentDetailByCriteriaTest() in D:\[-PRO-]\IAS.DataServices.Test\PaymentTest\IPaymentServiceTest.cs:line 613
</StackTrace>
        </ErrorInfo>
      </Output>
    </UnitTestResult>
    <UnitTestResult executionId="1729fc06-6fd4-481f-9ed9-87483e58f77d" testId="20ecbc30-a52a-34d4-a8e5-8c0211e3bcad" testName="Validate_Name_IsValid" computerName="N-ARG-DEV-034" duration="00:00:00.0005706" startTime="2014-09-22T14:12:08.1828570+07:00" endTime="2014-09-22T14:12:08.1858592+07:00" testType="13cdc9d9-ddb5-4fa4-a97d-d965ccfc6d4b" outcome="Passed" testListId="8c84fa94-04c1-424b-9868-57a2d4851a1d" relativeResultsDirectory="1729fc06-6fd4-481f-9ed9-87483e58f77d">
    </UnitTestResult>
    <UnitTestResult executionId="ba418eff-04e7-4f2b-aaad-9f50edb24b0b" testId="21006443-6258-bbf0-6a9a-f4f64b7a3f05" testName="RenewPasswordTest" computerName="N-ARG-DEV-034" duration="00:00:00.0058126" startTime="2014-09-22T14:12:08.1878614+07:00" endTime="2014-09-22T14:12:08.1968664+07:00" testType="13cdc9d9-ddb5-4fa4-a97d-d965ccfc6d4b" outcome="Failed" testListId="8c84fa94-04c1-424b-9868-57a2d4851a1d" relativeResultsDirectory="ba418eff-04e7-4f2b-aaad-9f50edb24b0b">
      <Output>
        <ErrorInfo>
          <Message>Assert.AreEqual failed. Expected:&lt;(null)&gt;. Actual:&lt;IAS.DTO.ResponseMessage`1[System.Boolean]&gt;. </Message>
          <StackTrace>   at IAS.DataServices.Test.IPersonServiceTest.RenewPasswordTest() in D:\[-PRO-]\IAS.DataServices.Test\PersonTest\IPersonServiceTest.cs:line 560
</StackTrace>
        </ErrorInfo>
      </Output>
    </UnitTestResult>
    <UnitTestResult executionId="4125d2ad-00f4-4d93-a3d7-b0d03c1fc3ac" testId="21e012be-2a78-2936-4a87-6ec31f28eb82" testName="GetPersonalTrainByCriteria" computerName="N-ARG-DEV-034" duration="00:00:02.5384377" startTime="2014-09-22T14:12:08.1978673+07:00" endTime="2014-09-22T14:12:10.7408147+07:00" testType="13cdc9d9-ddb5-4fa4-a97d-d965ccfc6d4b" outcome="Failed" testListId="8c84fa94-04c1-424b-9868-57a2d4851a1d" relativeResultsDirectory="4125d2ad-00f4-4d93-a3d7-b0d03c1fc3ac">
      <Output>
        <ErrorInfo>
          <Message>Assert.AreEqual failed. Expected:&lt;(null)&gt;. Actual:&lt;IAS.DTO.ResponseService`1[IAS.DTO.TrainPersonHistory]&gt;. </Message>
          <StackTrace>   at IAS.DataServices.Test.LicenseServiceTest.GetPersonalTrainByCriteria() in D:\[-PRO-]\IAS.DataServices.Test\LicenseServiceTest.cs:line 182
</StackTrace>
        </ErrorInfo>
      </Output>
    </UnitTestResult>
    <UnitTestResult executionId="5bece064-010d-4339-8057-009b4ea3301b" testId="226bf8e7-6ce1-9fc2-a00d-e1919f11f508" testName="TestChangeIndexDownCollection" computerName="N-ARG-DEV-034" duration="00:00:00.0131074" startTime="2014-09-22T14:12:10.7418151+07:00" endTime="2014-09-22T14:12:10.7598271+07:00" testType="13cdc9d9-ddb5-4fa4-a97d-d965ccfc6d4b" outcome="Passed" testListId="8c84fa94-04c1-424b-9868-57a2d4851a1d" relativeResultsDirectory="5bece064-010d-4339-8057-009b4ea3301b">
    </UnitTestResult>
    <UnitTestResult executionId="8860c797-a79f-4a4e-9e57-06fa33c0f43f" testId="2278f96b-e4b0-ef47-2c89-2e2569052f73" testName="ApplicantFileFactory_Can_Read_DataFromFile" computerName="N-ARG-DEV-034" duration="00:00:00.0007964" startTime="2014-09-22T14:12:10.7608280+07:00" endTime="2014-09-22T14:12:10.7638290+07:00" testType="13cdc9d9-ddb5-4fa4-a97d-d965ccfc6d4b" outcome="Passed" testListId="8c84fa94-04c1-424b-9868-57a2d4851a1d" relativeResultsDirectory="8860c797-a79f-4a4e-9e57-06fa33c0f43f">
    </UnitTestResult>
    <UnitTestResult executionId="8f37d6b3-e9fd-451e-99b4-f0f621dfe487" testId="23a1b287-50f1-9331-e8ca-9a0e653a1ccc" testName="InsertSingleApplicantTest" computerName="N-ARG-DEV-034" duration="00:00:00.0078657" startTime="2014-09-22T14:12:10.7648303+07:00" endTime="2014-09-22T14:12:10.7758374+07:00" testType="13cdc9d9-ddb5-4fa4-a97d-d965ccfc6d4b" outcome="Failed" testListId="8c84fa94-04c1-424b-9868-57a2d4851a1d" relativeResultsDirectory="8f37d6b3-e9fd-451e-99b4-f0f621dfe487">
      <Output>
        <ErrorInfo>
          <Message>Assert.AreEqual failed. Expected:&lt;(null)&gt;. Actual:&lt;IAS.DTO.ResponseService`1[System.String]&gt;. </Message>
          <StackTrace>   at IAS.DataServices.Test.IApplicantServiceTest.InsertSingleApplicantTest() in D:\[-PRO-]\IAS.DataServices.Test\ApplicantTest\IApplicantServiceTest.cs:line 307
</StackTrace>
        </ErrorInfo>
      </Output>
    </UnitTestResult>
    <UnitTestResult executionId="3759b0ef-e225-46d7-89fb-1c5582e46237" testId="267143bb-9322-e814-64ee-20acdc201c2f" testName="GetAgentTypeListTest" computerName="N-ARG-DEV-034" duration="00:00:00.1288112" startTime="2014-09-22T14:12:10.7768387+07:00" endTime="2014-09-22T14:12:10.9098656+07:00" testType="13cdc9d9-ddb5-4fa4-a97d-d965ccfc6d4b" outcome="Failed" testListId="8c84fa94-04c1-424b-9868-57a2d4851a1d" relativeResultsDirectory="3759b0ef-e225-46d7-89fb-1c5582e46237">
      <Output>
        <ErrorInfo>
          <Message>Assert.AreEqual failed. Expected:&lt;(null)&gt;. Actual:&lt;IAS.DTO.ResponseService`1[System.Collections.Generic.List`1[IAS.DTO.AgentType]]&gt;. </Message>
          <StackTrace>   at IAS.DataServices.Test.IExamServiceTest.GetAgentTypeListTest() in D:\[-PRO-]\IAS.DataServices.Test\ExamTest\IExamServiceTest.cs:line 278
</StackTrace>
        </ErrorInfo>
      </Output>
    </UnitTestResult>
    <UnitTestResult executionId="389fd70a-b8fc-44f5-8dcc-8dc908b21215" testId="26769c55-50c7-a7d8-6e44-b0f55da5040a" testName="GetSubjectrListTest" computerName="N-ARG-DEV-034" duration="00:00:00.1013126" startTime="2014-09-22T14:12:10.9128625+07:00" endTime="2014-09-22T14:12:11.0219333+07:00" testType="13cdc9d9-ddb5-4fa4-a97d-d965ccfc6d4b" outcome="Failed" testListId="8c84fa94-04c1-424b-9868-57a2d4851a1d" relativeResultsDirectory="389fd70a-b8fc-44f5-8dcc-8dc908b21215">
      <Output>
        <ErrorInfo>
          <Message>Assert.AreEqual failed. Expected:&lt;(null)&gt;. Actual:&lt;IAS.DTO.ResponseService`1[System.Collections.Generic.List`1[IAS.DTO.Subjectr]]&gt;. </Message>
          <StackTrace>   at IAS.DataServices.Test.IExamServiceTest.GetSubjectrListTest() in D:\[-PRO-]\IAS.DataServices.Test\ExamTest\IExamServiceTest.cs:line 631
</StackTrace>
        </ErrorInfo>
      </Output>
    </UnitTestResult>
    <UnitTestResult executionId="ab6bbb76-8c96-41a2-8c7a-7385765b607c" testId="2691d309-a525-46d8-786f-50a16e46c1bc" testName="InsertPersonLicenseTest" computerName="N-ARG-DEV-034" duration="00:00:00.4182357" startTime="2014-09-22T14:12:11.0229346+07:00" endTime="2014-09-22T14:12:11.4442966+07:00" testType="13cdc9d9-ddb5-4fa4-a97d-d965ccfc6d4b" outcome="Failed" testListId="8c84fa94-04c1-424b-9868-57a2d4851a1d" relativeResultsDirectory="ab6bbb76-8c96-41a2-8c7a-7385765b607c">
      <Output>
        <ErrorInfo>
          <Message>Test method IAS.DataServices.Test.LicenseServiceTest.InsertPersonLicenseTest threw exception: 
System.NullReferenceException: Object reference not set to an instance of an object.</Message>
          <StackTrace>    at IAS.DataServices.License.LicenseService.InsertPersonLicense(List`1 header, List`1 detail, UserProfile userProfile, List`1 files) in D:\[-PRO-]\WebService\IAS.DataServices\License\LicenseService.svc.cs:line 5814
   at IAS.DataServices.Test.LicenseServiceTest.InsertPersonLicenseTest() in D:\[-PRO-]\IAS.DataServices.Test\LicenseServiceTest.cs:line 410
</StackTrace>
        </ErrorInfo>
      </Output>
    </UnitTestResult>
    <UnitTestResult executionId="48c48f86-a17d-4894-938a-d74eda1d9399" testId="26db8a55-b1ae-a3ee-f981-d52bdffff1b9" testName="TestObjectClassBindStringObjectClass" computerName="N-ARG-DEV-034" duration="00:00:00.0189816" startTime="2014-09-22T14:12:11.4452978+07:00" endTime="2014-09-22T14:12:11.4673129+07:00" testType="13cdc9d9-ddb5-4fa4-a97d-d965ccfc6d4b" outcome="Passed" testListId="8c84fa94-04c1-424b-9868-57a2d4851a1d" relativeResultsDirectory="48c48f86-a17d-4894-938a-d74eda1d9399">
    </UnitTestResult>
    <UnitTestResult executionId="fa20f6c3-2f5e-4725-9a2a-2ab46a274ead" testId="27823be6-46e3-1433-846d-84b67729fffe" testName="DeleteTest" computerName="N-ARG-DEV-034" duration="00:00:00.0050835" startTime="2014-09-22T14:12:11.4683130+07:00" endTime="2014-09-22T14:12:11.4763179+07:00" testType="13cdc9d9-ddb5-4fa4-a97d-d965ccfc6d4b" outcome="Failed" testListId="8c84fa94-04c1-424b-9868-57a2d4851a1d" relativeResultsDirectory="fa20f6c3-2f5e-4725-9a2a-2ab46a274ead">
      <Output>
        <ErrorInfo>
          <Message>Assert.AreEqual failed. Expected:&lt;(null)&gt;. Actual:&lt;IAS.DTO.ResponseMessage`1[System.Boolean]&gt;. </Message>
          <StackTrace>   at IAS.DataServices.Test.IApplicantServiceTest.DeleteTest() in D:\[-PRO-]\IAS.DataServices.Test\ApplicantTest\IApplicantServiceTest.cs:line 112
</StackTrace>
        </ErrorInfo>
      </Output>
    </UnitTestResult>
    <UnitTestResult executionId="9830eda8-0e18-4338-b8b9-cb53591733f5" testId="27c4f348-9e33-b1a6-54e4-d1457acec12a" testName="GetExamCodeTest" computerName="N-ARG-DEV-034" duration="00:00:00.0127732" startTime="2014-09-22T14:12:11.4773192+07:00" endTime="2014-09-22T14:12:11.4933299+07:00" testType="13cdc9d9-ddb5-4fa4-a97d-d965ccfc6d4b" outcome="Failed" testListId="8c84fa94-04c1-424b-9868-57a2d4851a1d" relativeResultsDirectory="9830eda8-0e18-4338-b8b9-cb53591733f5">
      <Output>
        <ErrorInfo>
          <Message>Assert.AreEqual failed. Expected:&lt;(null)&gt;. Actual:&lt;IAS.DTO.ResponseService`1[System.Data.DataSet]&gt;. </Message>
          <StackTrace>   at IAS.DataServices.Test.IPaymentServiceTest.GetExamCodeTest() in D:\[-PRO-]\IAS.DataServices.Test\PaymentTest\IPaymentServiceTest.cs:line 456
</StackTrace>
        </ErrorInfo>
      </Output>
    </UnitTestResult>
    <UnitTestResult executionId="2f6c0929-b2f9-469b-bac9-dd484b34898d" testId="28599269-b17f-93df-1de0-288ddf37e78f" testName="VerifyIdCardTest" computerName="N-ARG-DEV-034" duration="00:00:00.0398144" startTime="2014-09-22T14:12:11.4973325+07:00" endTime="2014-09-22T14:12:11.5393601+07:00" testType="13cdc9d9-ddb5-4fa4-a97d-d965ccfc6d4b" outcome="Failed" testListId="8c84fa94-04c1-424b-9868-57a2d4851a1d" relativeResultsDirectory="2f6c0929-b2f9-469b-bac9-dd484b34898d">
      <Output>
        <ErrorInfo>
          <Message>Assert.AreEqual failed. Expected:&lt;(null)&gt;. Actual:&lt;IAS.DTO.ResponseMessage`1[System.Boolean]&gt;. </Message>
          <StackTrace>   at IAS.DataServices.Test.IRegistrationServiceTest.VerifyIdCardTest() in D:\[-PRO-]\IAS.DataServices.Test\RegistrationTest\IRegistrationServiceTest.cs:line 578
</StackTrace>
        </ErrorInfo>
      </Output>
    </UnitTestResult>
    <UnitTestResult executionId="01189a36-307f-4814-9aba-979be40582c0" testId="28ea2903-1a0b-7cce-3b35-96988561c73e" testName="GetPersonTempTest" computerName="N-ARG-DEV-034" duration="00:00:00.0317023" startTime="2014-09-22T14:12:11.5413615+07:00" endTime="2014-09-22T14:12:11.5773855+07:00" testType="13cdc9d9-ddb5-4fa4-a97d-d965ccfc6d4b" outcome="Failed" testListId="8c84fa94-04c1-424b-9868-57a2d4851a1d" relativeResultsDirectory="01189a36-307f-4814-9aba-979be40582c0">
      <Output>
        <ErrorInfo>
          <Message>Test method IAS.DataServices.Test.IPersonServiceTest.GetPersonTempTest threw exception: 
System.NullReferenceException: Object reference not set to an instance of an object.</Message>
          <StackTrace>    at IAS.DataServices.Person.PersonService.GetPersonTemp(String Id) in D:\[-PRO-]\WebService\IAS.DataServices\Person\PersonService.svc.cs:line 297
   at IAS.DataServices.Test.IPersonServiceTest.GetPersonTempTest() in D:\[-PRO-]\IAS.DataServices.Test\PersonTest\IPersonServiceTest.cs:line 298
</StackTrace>
        </ErrorInfo>
      </Output>
    </UnitTestResult>
    <UnitTestResult executionId="cfdbbc97-36c3-43ad-b5e5-40a6dbd65024" testId="2a1c7639-6cfb-c9ee-0b0e-26d40b623521" testName="IsRightUserOICTest" computerName="N-ARG-DEV-034" duration="00:00:06.2777039" startTime="2014-09-22T14:12:11.5783868+07:00" endTime="2014-09-22T14:12:17.8582911+07:00" testType="13cdc9d9-ddb5-4fa4-a97d-d965ccfc6d4b" outcome="Failed" testListId="8c84fa94-04c1-424b-9868-57a2d4851a1d" relativeResultsDirectory="cfdbbc97-36c3-43ad-b5e5-40a6dbd65024">
      <Output>
        <ErrorInfo>
          <Message>Test method IAS.DataServices.Test.IPersonServiceTest.IsRightUserOICTest threw exception: 
System.NullReferenceException: Object reference not set to an instance of an object.</Message>
          <StackTrace>    at IAS.DataServices.Person.PersonService.IsRightUserOIC(String oicUserName) in D:\[-PRO-]\WebService\IAS.DataServices\Person\PersonService.svc.cs:line 1487
   at IAS.DataServices.Test.IPersonServiceTest.IsRightUserOICTest() in D:\[-PRO-]\IAS.DataServices.Test\PersonTest\IPersonServiceTest.cs:line 482
</StackTrace>
        </ErrorInfo>
      </Output>
    </UnitTestResult>
    <UnitTestResult executionId="3c905a5e-447e-467f-b8b3-87f090cd3a6a" testId="2ada07dd-cc50-1be2-0af3-b3511c5b025b" testName="TestGmailSendMail" computerName="N-ARG-DEV-034" duration="00:00:31.2436212" startTime="2014-09-22T14:12:17.8602925+07:00" endTime="2014-09-22T14:12:49.1086632+07:00" testType="13cdc9d9-ddb5-4fa4-a97d-d965ccfc6d4b" outcome="Failed" testListId="8c84fa94-04c1-424b-9868-57a2d4851a1d" relativeResultsDirectory="3c905a5e-447e-467f-b8b3-87f090cd3a6a">
      <Output>
        <StdOut>Service not available, closing transmission channel. The server response was: Cannot connect to SMTP server 74.125.68.108 (74.125.68.108:587), NB connect error 1460</StdOut>
        <ErrorInfo>
          <Message>Test method IAS.DataServiceTest.DataServiceEmailTesting.TestGmailSendMail threw exception: 
System.Exception: Service not available, closing transmission channel. The server response was: Cannot connect to SMTP server 74.125.68.108 (74.125.68.108:587), NB connect error 1460</Message>
          <StackTrace>    at IAS.DataServiceTest.DataServiceEmailTesting.TestGmailSendMail() in D:\[-PRO-]\IAS.DataServiceTest\DataServiceEmailTesting.cs:line 60
</StackTrace>
        </ErrorInfo>
      </Output>
    </UnitTestResult>
    <UnitTestResult executionId="fdced9a9-5f62-4cbd-a1aa-c2f6cf1f76b2" testId="2da54dcb-babc-da32-5efd-f50feecc7db9" testName="Insert12TTest" computerName="N-ARG-DEV-034" duration="00:00:00.0078378" startTime="2014-09-22T14:12:49.1106641+07:00" endTime="2014-09-22T14:12:49.1216708+07:00" testType="13cdc9d9-ddb5-4fa4-a97d-d965ccfc6d4b" outcome="Failed" testListId="8c84fa94-04c1-424b-9868-57a2d4851a1d" relativeResultsDirectory="fdced9a9-5f62-4cbd-a1aa-c2f6cf1f76b2">
      <Output>
        <ErrorInfo>
          <Message>Test method IAS.DataServices.Test.IPaymentServiceTest.Insert12TTest threw exception: 
System.NullReferenceException: Object reference not set to an instance of an object.</Message>
          <StackTrace>    at IAS.DataServices.Test.IPaymentServiceTest.Insert12TTest() in D:\[-PRO-]\IAS.DataServices.Test\PaymentTest\IPaymentServiceTest.cs:line 859
</StackTrace>
        </ErrorInfo>
      </Output>
    </UnitTestResult>
    <UnitTestResult executionId="57bd47c0-2c7d-4c51-8450-508258ac60f7" testId="2e519d45-6dad-1797-5835-165bfb8cc48b" testName="ApplicantGroupUploadToSubmitTest" computerName="N-ARG-DEV-034" duration="00:00:00.0589948" startTime="2014-09-22T14:12:49.1226717+07:00" endTime="2014-09-22T14:12:49.1857156+07:00" testType="13cdc9d9-ddb5-4fa4-a97d-d965ccfc6d4b" outcome="Failed" testListId="8c84fa94-04c1-424b-9868-57a2d4851a1d" relativeResultsDirectory="57bd47c0-2c7d-4c51-8450-508258ac60f7">
      <Output>
        <ErrorInfo>
          <Message>Test method IAS.DataServices.Test.IApplicantServiceTest.ApplicantGroupUploadToSubmitTest threw exception: 
System.NullReferenceException: Object reference not set to an instance of an object.</Message>
          <StackTrace>    at IAS.DataServices.Applicant.ApplicantService.ApplicantGroupUploadToSubmit(String groupId, UserProfile userProfile) in D:\[-PRO-]\WebService\IAS.DataServices\Applicant\ApplicantService.svc.cs:line 2287
   at IAS.DataServices.Test.IApplicantServiceTest.ApplicantGroupUploadToSubmitTest() in D:\[-PRO-]\IAS.DataServices.Test\ApplicantTest\IApplicantServiceTest.cs:line 93
</StackTrace>
        </ErrorInfo>
      </Output>
    </UnitTestResult>
    <UnitTestResult executionId="deb9b9a4-3e60-43b4-a5dc-ce4fdb7e9637" testId="2ea34e50-2ab1-5548-3727-1e47fc13cae1" testName="DeleteTest" computerName="N-ARG-DEV-034" duration="00:00:00.0107094" startTime="2014-09-22T14:12:49.1917183+07:00" endTime="2014-09-22T14:12:49.2067285+07:00" testType="13cdc9d9-ddb5-4fa4-a97d-d965ccfc6d4b" outcome="Failed" testListId="8c84fa94-04c1-424b-9868-57a2d4851a1d" relativeResultsDirectory="deb9b9a4-3e60-43b4-a5dc-ce4fdb7e9637">
      <Output>
        <ErrorInfo>
          <Message>Assert.AreEqual failed. Expected:&lt;(null)&gt;. Actual:&lt;IAS.DTO.ResponseService`1[IAS.DTO.Registration]&gt;. </Message>
          <StackTrace>   at IAS.DataServices.Test.IRegistrationServiceTest.DeleteTest() in D:\[-PRO-]\IAS.DataServices.Test\RegistrationTest\IRegistrationServiceTest.cs:line 97
</StackTrace>
        </ErrorInfo>
      </Output>
    </UnitTestResult>
    <UnitTestResult executionId="38bb6309-b4ee-406e-9a48-0ef13f4932eb" testId="2f3855f3-b225-8ae8-10b7-e832d36f36e4" testName="EntityValidationTest" computerName="N-ARG-DEV-034" duration="00:00:00.0247336" startTime="2014-09-22T14:12:49.2107333+07:00" endTime="2014-09-22T14:12:49.2377482+07:00" testType="13cdc9d9-ddb5-4fa4-a97d-d965ccfc6d4b" outcome="Failed" testListId="8c84fa94-04c1-424b-9868-57a2d4851a1d" relativeResultsDirectory="38bb6309-b4ee-406e-9a48-0ef13f4932eb">
      <Output>
        <ErrorInfo>
          <Message>Test method IAS.DataServices.Test.IRegistrationServiceTest.EntityValidationTest threw exception: 
System.NullReferenceException: Object reference not set to an instance of an object.</Message>
          <StackTrace>    at IAS.DataServices.Registration.RegistationService.EntityValidation(RegistrationType registerType, Registration entity) in D:\[-PRO-]\WebService\IAS.DataServices\Registration\RegistrationService.svc.cs:line 1934
   at IAS.DataServices.Test.IRegistrationServiceTest.EntityValidationTest() in D:\[-PRO-]\IAS.DataServices.Test\RegistrationTest\IRegistrationServiceTest.cs:line 133
</StackTrace>
        </ErrorInfo>
      </Output>
    </UnitTestResult>
    <UnitTestResult executionId="422183dd-8c4c-41c7-a4fd-c3229cf9b833" testId="2f8221e5-b8d6-7000-19fe-e778a707fe4d" testName="GetExamRoomByPlaceCodeAndTimeCodeTest" computerName="N-ARG-DEV-034" duration="00:00:00.3223892" startTime="2014-09-22T14:12:49.2427534+07:00" endTime="2014-09-22T14:12:49.5709710+07:00" testType="13cdc9d9-ddb5-4fa4-a97d-d965ccfc6d4b" outcome="Failed" testListId="8c84fa94-04c1-424b-9868-57a2d4851a1d" relativeResultsDirectory="422183dd-8c4c-41c7-a4fd-c3229cf9b833">
      <Output>
        <ErrorInfo>
          <Message>Assert.AreEqual failed. Expected:&lt;(null)&gt;. Actual:&lt;IAS.DTO.ResponseService`1[System.Data.DataSet]&gt;. </Message>
          <StackTrace>   at IAS.DataServices.Test.ExamServiceTest.GetExamRoomByPlaceCodeAndTimeCodeTest() in D:\[-PRO-]\IAS.DataServices.Test\ExamServiceTest.cs:line 187
</StackTrace>
        </ErrorInfo>
      </Output>
    </UnitTestResult>
    <UnitTestResult executionId="95436240-6bae-4e02-8b97-48866e52d140" testId="305bde25-8653-8bfa-c52a-0f0b59f1c16c" testName="UpdateLicenseTypeTest" computerName="N-ARG-DEV-034" duration="00:00:00.0544367" startTime="2014-09-22T14:12:49.5789763+07:00" endTime="2014-09-22T14:12:49.6450203+07:00" testType="13cdc9d9-ddb5-4fa4-a97d-d965ccfc6d4b" outcome="Failed" testListId="8c84fa94-04c1-424b-9868-57a2d4851a1d" relativeResultsDirectory="95436240-6bae-4e02-8b97-48866e52d140">
      <Output>
        <ErrorInfo>
          <Message>Test method IAS.DataServices.Test.IExamServiceTest.UpdateLicenseTypeTest threw exception: 
System.Reflection.TargetException: Non-static method requires a target.</Message>
          <StackTrace>    at System.Reflection.RuntimeMethodInfo.CheckConsistency(Object target)
   at System.Reflection.RuntimeMethodInfo.InvokeArgumentsCheck(Object obj, BindingFlags invokeAttr, Binder binder, Object[] parameters, CultureInfo culture)
   at System.Reflection.RuntimeMethodInfo.Invoke(Object obj, BindingFlags invokeAttr, Binder binder, Object[] parameters, CultureInfo culture)
   at System.Reflection.RuntimePropertyInfo.GetValue(Object obj, BindingFlags invokeAttr, Binder binder, Object[] index, CultureInfo culture)
   at System.Reflection.RuntimePropertyInfo.GetValue(Object obj, Object[] index)
   at System.Data.Objects.ELinq.QueryParameterExpression.TryGetFieldOrPropertyValue(MemberExpression me, Object instance, Object&amp; memberValue)
   at System.Data.Objects.ELinq.QueryParameterExpression.TryEvaluatePath(Expression expression, ConstantExpression&amp; constantExpression)
   at System.Data.Objects.ELinq.QueryParameterExpression.EvaluateParameter(Object[] arguments)
   at System.Data.Objects.ELinq.ELinqQueryState.GetExecutionPlan(Nullable`1 forMergeOption)
   at System.Data.Objects.ObjectQuery`1.GetResults(Nullable`1 forMergeOption)
   at System.Data.Objects.ObjectQuery`1.System.Collections.Generic.IEnumerable&lt;T&gt;.GetEnumerator()
   at System.Linq.Enumerable.FirstOrDefault[TSource](IEnumerable`1 source)
   at System.Data.Objects.ELinq.ObjectQueryProvider.&lt;GetElementFunction&gt;b__1[TResult](IEnumerable`1 sequence)
   at System.Data.Objects.ELinq.ObjectQueryProvider.ExecuteSingle[TResult](IEnumerable`1 query, Expression queryRoot)
   at System.Data.Objects.ELinq.ObjectQueryProvider.System.Linq.IQueryProvider.Execute[S](Expression expression)
   at System.Linq.Queryable.FirstOrDefault[TSource](IQueryable`1 source, Expression`1 predicate)
   at IAS.DataServices.Exam.ExamService.UpdateLicenseType(LicenseTypet licensetype) in D:\[-PRO-]\WebService\IAS.DataServices\Exam\ExamService.svc.cs:line 2777
   at IAS.DataServices.Test.IExamServiceTest.UpdateLicenseTypeTest() in D:\[-PRO-]\IAS.DataServices.Test\ExamTest\IExamServiceTest.cs:line 816
</StackTrace>
        </ErrorInfo>
      </Output>
    </UnitTestResult>
    <UnitTestResult executionId="a68bc36b-c615-48b9-8490-4e207bc640f7" testId="30978d91-de0d-a3c3-8fcf-d5753a885a3c" testName="IsCompAssoUserRegisteredTest" computerName="N-ARG-DEV-034" duration="00:00:00.0077056" startTime="2014-09-22T14:12:49.6460208+07:00" endTime="2014-09-22T14:12:49.6550270+07:00" testType="13cdc9d9-ddb5-4fa4-a97d-d965ccfc6d4b" outcome="Failed" testListId="8c84fa94-04c1-424b-9868-57a2d4851a1d" relativeResultsDirectory="a68bc36b-c615-48b9-8490-4e207bc640f7">
      <Output>
        <ErrorInfo>
          <Message>Assert.AreEqual failed. Expected:&lt;(null)&gt;. Actual:&lt;IAS.DTO.ResponseService`1[IAS.DTO.Registration]&gt;. </Message>
          <StackTrace>   at IAS.DataServices.Test.IRegistrationServiceTest.IsCompAssoUserRegisteredTest() in D:\[-PRO-]\IAS.DataServices.Test\RegistrationTest\IRegistrationServiceTest.cs:line 391
</StackTrace>
        </ErrorInfo>
      </Output>
    </UnitTestResult>
    <UnitTestResult executionId="51472bac-7938-4e6f-8617-73227c361f21" testId="32c924aa-5ca0-c42a-39d4-9a2db9d09a7b" testName="TestMethod1" computerName="N-ARG-DEV-034" duration="00:00:00.0002721" startTime="2014-09-22T14:12:49.6560275+07:00" endTime="2014-09-22T14:12:49.6610310+07:00" testType="13cdc9d9-ddb5-4fa4-a97d-d965ccfc6d4b" outcome="Passed" testListId="8c84fa94-04c1-424b-9868-57a2d4851a1d" relativeResultsDirectory="51472bac-7938-4e6f-8617-73227c361f21">
    </UnitTestResult>
    <UnitTestResult executionId="24e39daf-68a9-42b0-bf61-ad31a7b79fe9" testId="32cf3856-5b34-fc87-28f3-f69e9e7fede1" testName="GetByIdTest" computerName="N-ARG-DEV-034" duration="00:00:00.0091905" startTime="2014-09-22T14:12:49.6620319+07:00" endTime="2014-09-22T14:12:49.6770433+07:00" testType="13cdc9d9-ddb5-4fa4-a97d-d965ccfc6d4b" outcome="Failed" testListId="8c84fa94-04c1-424b-9868-57a2d4851a1d" relativeResultsDirectory="24e39daf-68a9-42b0-bf61-ad31a7b79fe9">
      <Output>
        <ErrorInfo>
          <Message>Assert.AreEqual failed. Expected:&lt;(null)&gt;. Actual:&lt;IAS.DTO.ResponseService`1[IAS.DTO.Registration]&gt;. </Message>
          <StackTrace>   at IAS.DataServices.Test.IRegistrationServiceTest.GetByIdTest() in D:\[-PRO-]\IAS.DataServices.Test\RegistrationTest\IRegistrationServiceTest.cs:line 238
</StackTrace>
        </ErrorInfo>
      </Output>
    </UnitTestResult>
    <UnitTestResult executionId="a69be03a-816b-4ec6-9605-01fc456b0046" testId="36057584-3845-9aec-1363-c9569b93f03d" testName="TestWhereEntity" computerName="N-ARG-DEV-034" duration="00:00:00.0025477" startTime="2014-09-22T14:12:49.6780421+07:00" endTime="2014-09-22T14:12:49.6850478+07:00" testType="13cdc9d9-ddb5-4fa4-a97d-d965ccfc6d4b" outcome="Failed" testListId="8c84fa94-04c1-424b-9868-57a2d4851a1d" relativeResultsDirectory="a69be03a-816b-4ec6-9605-01fc456b0046">
      <Output>
        <ErrorInfo>
          <Message>Assert.AreEqual failed. Expected:&lt;0&gt;. Actual:&lt;2&gt;. </Message>
          <StackTrace>   at IAS.DataServiceTest.GenerateComposeLicenseRequestTest.TestWhereEntity() in D:\[-PRO-]\IAS.DataServiceTest\GenerateComposeLicenseRequestTest.cs:line 497
</StackTrace>
        </ErrorInfo>
      </Output>
    </UnitTestResult>
    <UnitTestResult executionId="857256f1-450b-4ef2-92aa-5b8731f46d1a" testId="380cc155-e51b-99f0-f8a1-6a7e42547a74" testName="GetPersonByCriteriaAtPageTest" computerName="N-ARG-DEV-034" duration="00:00:00.1058096" startTime="2014-09-22T14:12:49.6860475+07:00" endTime="2014-09-22T14:12:49.7953117+07:00" testType="13cdc9d9-ddb5-4fa4-a97d-d965ccfc6d4b" outcome="Failed" testListId="8c84fa94-04c1-424b-9868-57a2d4851a1d" relativeResultsDirectory="857256f1-450b-4ef2-92aa-5b8731f46d1a">
      <Output>
        <ErrorInfo>
          <Message>Assert.AreEqual failed. Expected:&lt;(null)&gt;. Actual:&lt;IAS.DTO.ResponseService`1[System.Data.DataSet]&gt;. </Message>
          <StackTrace>   at IAS.DataServices.Test.IPersonServiceTest.GetPersonByCriteriaAtPageTest() in D:\[-PRO-]\IAS.DataServices.Test\PersonTest\IPersonServiceTest.cs:line 281
</StackTrace>
        </ErrorInfo>
      </Output>
    </UnitTestResult>
    <UnitTestResult executionId="59ed3b08-8302-44e3-ba03-9a8e849dfb81" testId="384be727-3822-8210-3645-82e695872148" testName="TestSelectGroupPaymentLicenseDaily" computerName="N-ARG-DEV-034" duration="00:00:04.2065155" startTime="2014-09-22T14:12:49.7963126+07:00" endTime="2014-09-22T14:12:54.0052482+07:00" testType="13cdc9d9-ddb5-4fa4-a97d-d965ccfc6d4b" outcome="Failed" testListId="8c84fa94-04c1-424b-9868-57a2d4851a1d" relativeResultsDirectory="59ed3b08-8302-44e3-ba03-9a8e849dfb81">
      <Output>
        <ErrorInfo>
          <Message>Assert.AreEqual failed. Expected:&lt;127&gt;. Actual:&lt;4&gt;. </Message>
          <StackTrace>   at IAS.DataServiceTest.GenerateComposeLicenseRequestTest.TestSelectGroupPaymentLicenseDaily() in D:\[-PRO-]\IAS.DataServiceTest\GenerateComposeLicenseRequestTest.cs:line 521
</StackTrace>
        </ErrorInfo>
      </Output>
    </UnitTestResult>
    <UnitTestResult executionId="98c8305a-5135-49c9-b634-3fb57dce49d7" testId="385802fc-0091-0fce-153d-bf9d52685681" testName="GetAllLicenseByIDCardTest" computerName="N-ARG-DEV-034" duration="00:00:02.0982098" startTime="2014-09-22T14:12:54.0062490+07:00" endTime="2014-09-22T14:12:56.1080511+07:00" testType="13cdc9d9-ddb5-4fa4-a97d-d965ccfc6d4b" outcome="Failed" testListId="8c84fa94-04c1-424b-9868-57a2d4851a1d" relativeResultsDirectory="98c8305a-5135-49c9-b634-3fb57dce49d7">
      <Output>
        <ErrorInfo>
          <Message>Assert.AreEqual failed. Expected:&lt;(null)&gt;. Actual:&lt;IAS.DTO.ResponseService`1[System.Collections.Generic.List`1[IAS.DTO.PersonLicenseTransaction]]&gt;. </Message>
          <StackTrace>   at IAS.DataServices.Test.LicenseServiceTest.GetAllLicenseByIDCardTest() in D:\[-PRO-]\IAS.DataServices.Test\LicenseServiceTest.cs:line 85
</StackTrace>
        </ErrorInfo>
      </Output>
    </UnitTestResult>
    <UnitTestResult executionId="e924bd98-9ac1-4ff0-a611-428a35361df2" testId="389d2920-6b64-b085-8768-3a3c872177d0" testName="Insert12TTest" computerName="N-ARG-DEV-034" duration="00:00:14.7813032" startTime="2014-09-22T14:12:56.1110529+07:00" endTime="2014-09-22T14:13:10.8974582+07:00" testType="13cdc9d9-ddb5-4fa4-a97d-d965ccfc6d4b" outcome="Failed" testListId="8c84fa94-04c1-424b-9868-57a2d4851a1d" relativeResultsDirectory="e924bd98-9ac1-4ff0-a611-428a35361df2">
      <Output>
        <ErrorInfo>
          <Message>Assert.AreEqual failed. Expected:&lt;IAS.DTO.ResponseMessage`1[System.Boolean]&gt;. Actual:&lt;IAS.DTO.ResponseMessage`1[System.Boolean]&gt;. </Message>
          <StackTrace>   at IAS.DataServices.Test.PaymentServiceTest.Insert12TTest() in D:\[-PRO-]\IAS.DataServices.Test\PaymentServiceTest.cs:line 153
</StackTrace>
        </ErrorInfo>
      </Output>
    </UnitTestResult>
    <UnitTestResult executionId="a263c86a-efb3-43d0-bd9c-14c536c6f1e6" testId="3a5bdce7-1094-17ee-d309-48b19d1fcee8" testName="Test_Method_GenBankImportFile_From_Datebase" computerName="N-ARG-DEV-034" duration="00:00:00.0609534" startTime="2014-09-22T14:13:10.8994595+07:00" endTime="2014-09-22T14:13:10.9685049+07:00" testType="13cdc9d9-ddb5-4fa4-a97d-d965ccfc6d4b" outcome="Failed" testListId="8c84fa94-04c1-424b-9868-57a2d4851a1d" relativeResultsDirectory="a263c86a-efb3-43d0-bd9c-14c536c6f1e6">
      <Output>
        <ErrorInfo>
          <Message>Assert.IsTrue failed. </Message>
          <StackTrace>   at IAS.DataServiceTest.BillBizTests.Test_Method_GenBankImportFile_From_Datebase() in D:\[-PRO-]\IAS.DataServiceTest\BillBizTests.cs:line 96
</StackTrace>
        </ErrorInfo>
      </Output>
    </UnitTestResult>
    <UnitTestResult executionId="de858dea-a82f-4b09-ad43-708fe3c69154" testId="3bdd7b65-255e-9691-3596-d6d0f8d64b33" testName="TestUploadFileBankSubmit_Then_Update_License_By_OracleStoreProdcedure" computerName="N-ARG-DEV-034" duration="00:00:03.3582191" startTime="2014-09-22T14:13:10.9695062+07:00" endTime="2014-09-22T14:13:14.3318479+07:00" testType="13cdc9d9-ddb5-4fa4-a97d-d965ccfc6d4b" outcome="Failed" testListId="8c84fa94-04c1-424b-9868-57a2d4851a1d" relativeResultsDirectory="de858dea-a82f-4b09-ad43-708fe3c69154">
      <Output>
        <ErrorInfo>
          <Message>Assert.AreEqual failed. Expected:&lt;1&gt;. Actual:&lt;2&gt;. </Message>
          <StackTrace>   at IAS.DataServiceTest.UpdateLicenseOracleStoreProdTest.TestUploadFileBankSubmit_Then_Update_License_By_OracleStoreProdcedure() in D:\[-PRO-]\IAS.DataServiceTest\UpdateLicenseOracleStoreProdTest.cs:line 40
</StackTrace>
        </ErrorInfo>
      </Output>
    </UnitTestResult>
    <UnitTestResult executionId="9fa4a998-bc89-48f6-b37b-1541ce399cd2" testId="3d8cf73c-4d4a-2b87-efd4-5c83b604b421" testName="GetDataTo8ReportTest" computerName="N-ARG-DEV-034" duration="00:00:01.6814844" startTime="2014-09-22T14:13:14.3328463+07:00" endTime="2014-09-22T14:13:16.0170242+07:00" testType="13cdc9d9-ddb5-4fa4-a97d-d965ccfc6d4b" outcome="Failed" testListId="8c84fa94-04c1-424b-9868-57a2d4851a1d" relativeResultsDirectory="9fa4a998-bc89-48f6-b37b-1541ce399cd2">
      <Output>
        <ErrorInfo>
          <Message>Assert.AreEqual failed. Expected:&lt;(null)&gt;. Actual:&lt;IAS.DTO.ResponseService`1[System.Data.DataSet]&gt;. </Message>
          <StackTrace>   at IAS.DataServices.Test.IPersonServiceTest.GetDataTo8ReportTest() in D:\[-PRO-]\IAS.DataServices.Test\PersonTest\IPersonServiceTest.cs:line 226
</StackTrace>
        </ErrorInfo>
      </Output>
    </UnitTestResult>
    <UnitTestResult executionId="f55e4104-3690-4c7c-b9e6-cd382756a25c" testId="3e1b6808-f461-9d6a-9f2a-44122376dd48" testName="InsertAndCheckPaymentUploadTest" computerName="N-ARG-DEV-034" duration="00:00:00.0067856" startTime="2014-09-22T14:13:16.0190264+07:00" endTime="2014-09-22T14:13:16.0290331+07:00" testType="13cdc9d9-ddb5-4fa4-a97d-d965ccfc6d4b" outcome="Failed" testListId="8c84fa94-04c1-424b-9868-57a2d4851a1d" relativeResultsDirectory="f55e4104-3690-4c7c-b9e6-cd382756a25c">
      <Output>
        <ErrorInfo>
          <Message>Test method IAS.DataServices.Test.IPaymentServiceTest.InsertAndCheckPaymentUploadTest threw exception: 
System.NullReferenceException: Object reference not set to an instance of an object.</Message>
          <StackTrace>    at IAS.DataServices.Payment.PaymentService.InsertAndCheckPaymentUpload(UploadData data, String fileName, String userId) in D:\[-PRO-]\WebService\IAS.DataServices\Payment\PaymentService.svc.cs:line 2362
   at IAS.DataServices.Test.IPaymentServiceTest.InsertAndCheckPaymentUploadTest() in D:\[-PRO-]\IAS.DataServices.Test\PaymentTest\IPaymentServiceTest.cs:line 894
</StackTrace>
        </ErrorInfo>
      </Output>
    </UnitTestResult>
    <UnitTestResult executionId="4dcc884e-d093-4903-bbe3-f0f90672cc8d" testId="3ec49255-8cf8-4103-ae2a-846aecb64f6f" testName="CancelApplicantsHeaderTest" computerName="N-ARG-DEV-034" duration="00:00:00.0095497" startTime="2014-09-22T14:13:16.0310340+07:00" endTime="2014-09-22T14:13:16.0470447+07:00" testType="13cdc9d9-ddb5-4fa4-a97d-d965ccfc6d4b" outcome="Failed" testListId="8c84fa94-04c1-424b-9868-57a2d4851a1d" relativeResultsDirectory="4dcc884e-d093-4903-bbe3-f0f90672cc8d">
      <Output>
        <ErrorInfo>
          <Message>Test method IAS.DataServices.Test.IPaymentServiceTest.CancelApplicantsHeaderTest threw exception: 
System.NullReferenceException: Object reference not set to an instance of an object.</Message>
          <StackTrace>    at IAS.DataServices.Payment.PaymentService.CancelApplicantsHeader(List`1 GroupNo, Boolean IsAuto) in D:\[-PRO-]\WebService\IAS.DataServices\Payment\PaymentService.svc.cs:line 7892
   at IAS.DataServices.Test.IPaymentServiceTest.CancelApplicantsHeaderTest() in D:\[-PRO-]\IAS.DataServices.Test\PaymentTest\IPaymentServiceTest.cs:line 118
</StackTrace>
        </ErrorInfo>
      </Output>
    </UnitTestResult>
    <UnitTestResult executionId="60bed5e1-d466-4fa7-b074-511f26cb29b7" testId="3f0d60ff-fe87-5d36-6aca-87f28ee1a458" testName="TestMailServer" computerName="N-ARG-DEV-034" duration="00:00:03.8219600" startTime="2014-09-22T14:13:16.0500469+07:00" endTime="2014-09-22T14:13:19.8804667+07:00" testType="13cdc9d9-ddb5-4fa4-a97d-d965ccfc6d4b" outcome="Failed" testListId="8c84fa94-04c1-424b-9868-57a2d4851a1d" relativeResultsDirectory="60bed5e1-d466-4fa7-b074-511f26cb29b7">
      <Output>
        <StdOut>Mailbox unavailable. The server response was: 5.7.1 Client does not have permissions to send as this sender</StdOut>
        <ErrorInfo>
          <Message>Test method IAS.DataServiceTest.DataServiceEmailTesting.TestMailServer threw exception: 
System.Exception: Mailbox unavailable. The server response was: 5.7.1 Client does not have permissions to send as this sender</Message>
          <StackTrace>    at IAS.DataServiceTest.DataServiceEmailTesting.TestMailServer() in D:\[-PRO-]\IAS.DataServiceTest\DataServiceEmailTesting.cs:line 30
</StackTrace>
        </ErrorInfo>
      </Output>
    </UnitTestResult>
    <UnitTestResult executionId="bb356c08-cd10-4109-ac0d-4e4d400a5c9b" testId="3f65c837-0ebd-6848-c106-420108716635" testName="GetExamResultTempEditTest" computerName="N-ARG-DEV-034" duration="00:00:00.0222507" startTime="2014-09-22T14:13:19.8824685+07:00" endTime="2014-09-22T14:13:19.9074845+07:00" testType="13cdc9d9-ddb5-4fa4-a97d-d965ccfc6d4b" outcome="Failed" testListId="8c84fa94-04c1-424b-9868-57a2d4851a1d" relativeResultsDirectory="bb356c08-cd10-4109-ac0d-4e4d400a5c9b">
      <Output>
        <ErrorInfo>
          <Message>Assert.AreEqual failed. Expected:&lt;(null)&gt;. Actual:&lt;IAS.DTO.ResponseService`1[IAS.DTO.ExamResultTempEdit]&gt;. </Message>
          <StackTrace>   at IAS.DataServices.Test.IExamServiceTest.GetExamResultTempEditTest() in D:\[-PRO-]\IAS.DataServices.Test\ExamTest\IExamServiceTest.cs:line 470
</StackTrace>
        </ErrorInfo>
      </Output>
    </UnitTestResult>
    <UnitTestResult executionId="70eecaa6-b0d2-41b9-9c23-1c2541f8dece" testId="405402c9-bdd0-8e4b-c6c7-69a36d2bbe57" testName="getPDetailByIDCardTest" computerName="N-ARG-DEV-034" duration="00:00:00.0031040" startTime="2014-09-22T14:13:19.9084858+07:00" endTime="2014-09-22T14:13:19.9154915+07:00" testType="13cdc9d9-ddb5-4fa4-a97d-d965ccfc6d4b" outcome="Failed" testListId="8c84fa94-04c1-424b-9868-57a2d4851a1d" relativeResultsDirectory="70eecaa6-b0d2-41b9-9c23-1c2541f8dece">
      <Output>
        <ErrorInfo>
          <Message>Assert.AreEqual failed. Expected:&lt;(null)&gt;. Actual:&lt;IAS.DTO.ResponseService`1[IAS.DTO.Registration]&gt;. </Message>
          <StackTrace>   at IAS.DataServices.Test.IPersonServiceTest.getPDetailByIDCardTest() in D:\[-PRO-]\IAS.DataServices.Test\PersonTest\IPersonServiceTest.cs:line 640
</StackTrace>
        </ErrorInfo>
      </Output>
    </UnitTestResult>
    <UnitTestResult executionId="17adbe10-7c59-4091-907f-3e97ac44cc1b" testId="4125855b-18c4-d994-a4cd-f5df113e3c2f" testName="InsertExamRoomTest" computerName="N-ARG-DEV-034" duration="00:00:00.0047169" startTime="2014-09-22T14:13:19.9164912+07:00" endTime="2014-09-22T14:13:19.9234956+07:00" testType="13cdc9d9-ddb5-4fa4-a97d-d965ccfc6d4b" outcome="Failed" testListId="8c84fa94-04c1-424b-9868-57a2d4851a1d" relativeResultsDirectory="17adbe10-7c59-4091-907f-3e97ac44cc1b">
      <Output>
        <ErrorInfo>
          <Message>Assert.AreEqual failed. Expected:&lt;(null)&gt;. Actual:&lt;IAS.DTO.ResponseMessage`1[System.Boolean]&gt;. </Message>
          <StackTrace>   at IAS.DataServices.Test.IExamServiceTest.InsertExamRoomTest() in D:\[-PRO-]\IAS.DataServices.Test\ExamTest\IExamServiceTest.cs:line 688
</StackTrace>
        </ErrorInfo>
      </Output>
    </UnitTestResult>
    <UnitTestResult executionId="15ecc4f6-940f-45ea-ab72-c49c999a90cc" testId="414b1559-1c77-a839-8022-ad12f3d8f278" testName="GetCountPaymentDetailByCriteriaTest" computerName="N-ARG-DEV-034" duration="00:00:00.0042042" startTime="2014-09-22T14:13:19.9244965+07:00" endTime="2014-09-22T14:13:19.9305021+07:00" testType="13cdc9d9-ddb5-4fa4-a97d-d965ccfc6d4b" outcome="Failed" testListId="8c84fa94-04c1-424b-9868-57a2d4851a1d" relativeResultsDirectory="15ecc4f6-940f-45ea-ab72-c49c999a90cc">
      <Output>
        <ErrorInfo>
          <Message>Test method IAS.DataServices.Test.IPaymentServiceTest.GetCountPaymentDetailByCriteriaTest threw exception: 
System.NullReferenceException: Object reference not set to an instance of an object.</Message>
          <StackTrace>    at IAS.DataServices.Payment.PaymentService.GetCountPaymentDetailByCriteria(UserProfile userProfile, String paymentType, String order, Nullable`1 startDate, Nullable`1 toDate, String idCard, String billNo, String ViewYear) in D:\[-PRO-]\WebService\IAS.DataServices\Payment\PaymentService.svc.cs:line 2785
   at IAS.DataServices.Test.IPaymentServiceTest.GetCountPaymentDetailByCriteriaTest() in D:\[-PRO-]\IAS.DataServices.Test\PaymentTest\IPaymentServiceTest.cs:line 376
</StackTrace>
        </ErrorInfo>
      </Output>
    </UnitTestResult>
    <UnitTestResult executionId="f74c5546-654f-42d3-8995-0cefce538311" testId="41e0ab99-e87a-bf66-081a-1b116ae3b8c8" testName="TestPersisAfterAddObject" computerName="N-ARG-DEV-034" duration="00:00:00.1664063" startTime="2014-09-22T14:13:19.9315014+07:00" endTime="2014-09-22T14:13:20.0989915+07:00" testType="13cdc9d9-ddb5-4fa4-a97d-d965ccfc6d4b" outcome="Failed" testListId="8c84fa94-04c1-424b-9868-57a2d4851a1d" relativeResultsDirectory="f74c5546-654f-42d3-8995-0cefce538311">
      <Output>
        <ErrorInfo>
          <Message>Test method IAS.DataServiceTest.LinqTestingSumEntitiesValue.TestPersisAfterAddObject threw exception: 
System.ArgumentException: Object of type 'System.String' cannot be converted to type 'System.Nullable`1[System.DateTime]'.</Message>
          <StackTrace>    at System.RuntimeType.TryChangeType(Object value, Binder binder, CultureInfo culture, Boolean needsSpecialCast)
   at System.RuntimeType.CheckValue(Object value, Binder binder, CultureInfo culture, BindingFlags invokeAttr)
   at System.Reflection.MethodBase.CheckArguments(Object[] parameters, Binder binder, BindingFlags invokeAttr, CultureInfo culture, Signature sig)
   at System.Reflection.RuntimeMethodInfo.InvokeArgumentsCheck(Object obj, BindingFlags invokeAttr, Binder binder, Object[] parameters, CultureInfo culture)
   at System.Reflection.RuntimeMethodInfo.Invoke(Object obj, BindingFlags invokeAttr, Binder binder, Object[] parameters, CultureInfo culture)
   at System.Reflection.RuntimePropertyInfo.SetValue(Object obj, Object value, BindingFlags invokeAttr, Binder binder, Object[] index, CultureInfo culture)
   at System.Reflection.RuntimePropertyInfo.SetValue(Object obj, Object value, Object[] index)
   at IAS.Utils.Mapper.MappingToEntity[T,U](T sourceEntity, U targetEntity) in D:\[-PRO-]\Web\IAS.Utils\Mapper.cs:line 95
   at IAS.DataServiceTest.LinqTestingSumEntitiesValue.TestPersisAfterAddObject() in D:\[-PRO-]\IAS.DataServiceTest\LinqTestingSumEntitiesValue.cs:line 32
</StackTrace>
        </ErrorInfo>
      </Output>
    </UnitTestResult>
    <UnitTestResult executionId="054d6d33-b8b4-4cb3-a0aa-2e3a7ce79d1d" testId="42430dc1-0c24-99d2-7d6f-c62f898735c7" testName="InsertAndCheckApplicantGroupUploadTest" computerName="N-ARG-DEV-034" duration="00:00:00.0010016" startTime="2014-09-22T14:13:20.1009916+07:00" endTime="2014-09-22T14:13:20.1039950+07:00" testType="13cdc9d9-ddb5-4fa4-a97d-d965ccfc6d4b" outcome="Inconclusive" testListId="8c84fa94-04c1-424b-9868-57a2d4851a1d" relativeResultsDirectory="054d6d33-b8b4-4cb3-a0aa-2e3a7ce79d1d">
      <Output>
        <ErrorInfo>
          <Message>Assert.Inconclusive failed. Verify the correctness of this test method.</Message>
          <StackTrace>   at IAS.DataServices.Test.IApplicantServiceTest.InsertAndCheckApplicantGroupUploadTest() in D:\[-PRO-]\IAS.DataServices.Test\ApplicantTest\IApplicantServiceTest.cs:line 289
</StackTrace>
        </ErrorInfo>
      </Output>
    </UnitTestResult>
    <UnitTestResult executionId="f956102e-e1c7-44ba-9efc-5fda446a3f1e" testId="42765432-bc77-847a-1a7c-2c1109779a2a" testName="GetByIdCardTest" computerName="N-ARG-DEV-034" duration="00:00:00.0060023" startTime="2014-09-22T14:13:20.1049943+07:00" endTime="2014-09-22T14:13:20.1130000+07:00" testType="13cdc9d9-ddb5-4fa4-a97d-d965ccfc6d4b" outcome="Failed" testListId="8c84fa94-04c1-424b-9868-57a2d4851a1d" relativeResultsDirectory="f956102e-e1c7-44ba-9efc-5fda446a3f1e">
      <Output>
        <ErrorInfo>
          <Message>Test method IAS.DataServices.Test.IRegistrationServiceTest.GetByIdCardTest threw exception: 
System.NullReferenceException: Object reference not set to an instance of an object.</Message>
          <StackTrace>    at IAS.DataServices.Registration.RegistationService.GetByIdCard(String idCard) in D:\[-PRO-]\WebService\IAS.DataServices\Registration\RegistrationService.svc.cs:line 1372
   at IAS.DataServices.Test.IRegistrationServiceTest.GetByIdCardTest() in D:\[-PRO-]\IAS.DataServices.Test\RegistrationTest\IRegistrationServiceTest.cs:line 255
</StackTrace>
        </ErrorInfo>
      </Output>
    </UnitTestResult>
    <UnitTestResult executionId="a358d0dc-7291-43b5-9d50-fa087f8b0631" testId="462b1419-3006-008a-e11e-188c29a1db54" testName="GetTempBankTransDetailTest" computerName="N-ARG-DEV-034" duration="00:00:00.0275592" startTime="2014-09-22T14:13:20.1140001+07:00" endTime="2014-09-22T14:13:20.1437233+07:00" testType="13cdc9d9-ddb5-4fa4-a97d-d965ccfc6d4b" outcome="Failed" testListId="8c84fa94-04c1-424b-9868-57a2d4851a1d" relativeResultsDirectory="a358d0dc-7291-43b5-9d50-fa087f8b0631">
      <Output>
        <ErrorInfo>
          <Message>Assert.AreEqual failed. Expected:&lt;(null)&gt;. Actual:&lt;IAS.DTO.ResponseService`1[IAS.DTO.BankTransDetail]&gt;. </Message>
          <StackTrace>   at IAS.DataServices.Test.IPaymentServiceTest.GetTempBankTransDetailTest() in D:\[-PRO-]\IAS.DataServices.Test\PaymentTest\IPaymentServiceTest.cs:line 842
</StackTrace>
        </ErrorInfo>
      </Output>
    </UnitTestResult>
    <UnitTestResult executionId="a4fa3bf0-ab12-40f7-83e5-95bec58b74ce" testId="476c3ee8-edf8-8830-d37c-9464e4e2f0ea" testName="SetOffLineStatusTest" computerName="N-ARG-DEV-034" duration="00:00:00.0050421" startTime="2014-09-22T14:13:20.1447233+07:00" endTime="2014-09-22T14:13:20.1527274+07:00" testType="13cdc9d9-ddb5-4fa4-a97d-d965ccfc6d4b" outcome="Failed" testListId="8c84fa94-04c1-424b-9868-57a2d4851a1d" relativeResultsDirectory="a4fa3bf0-ab12-40f7-83e5-95bec58b74ce">
      <Output>
        <ErrorInfo>
          <Message>Assert.AreEqual failed. Expected:&lt;(null)&gt;. Actual:&lt;IAS.DTO.ResponseMessage`1[System.Boolean]&gt;. </Message>
          <StackTrace>   at IAS.DataServices.Test.IPersonServiceTest.SetOffLineStatusTest() in D:\[-PRO-]\IAS.DataServices.Test\PersonTest\IPersonServiceTest.cs:line 578
</StackTrace>
        </ErrorInfo>
      </Output>
    </UnitTestResult>
    <UnitTestResult executionId="b76854b3-d3d9-4813-85ab-8e8d7b8a2183" testId="49cfa703-0b1a-8a6e-4dbb-2c777e5dad0c" testName="getViewPersonLicenseTest" computerName="N-ARG-DEV-034" duration="00:00:00.2647594" startTime="2014-09-22T14:13:20.1607323+07:00" endTime="2014-09-22T14:13:20.4330776+07:00" testType="13cdc9d9-ddb5-4fa4-a97d-d965ccfc6d4b" outcome="Failed" testListId="8c84fa94-04c1-424b-9868-57a2d4851a1d" relativeResultsDirectory="b76854b3-d3d9-4813-85ab-8e8d7b8a2183">
      <Output>
        <ErrorInfo>
          <Message>Assert.AreEqual failed. Expected:&lt;(null)&gt;. Actual:&lt;IAS.DTO.ResponseService`1[System.Collections.Generic.List`1[IAS.DTO.PersonLicenseTransaction]]&gt;. </Message>
          <StackTrace>   at IAS.DataServices.Test.LicenseServiceTest.getViewPersonLicenseTest() in D:\[-PRO-]\IAS.DataServices.Test\LicenseServiceTest.cs:line 434
</StackTrace>
        </ErrorInfo>
      </Output>
    </UnitTestResult>
    <UnitTestResult executionId="e5fda6b8-dce2-4059-9527-c212391be0ae" testId="4a3059af-a7d9-7d7c-70c0-39bf7561822b" testName="GetHolidayListTest" computerName="N-ARG-DEV-034" duration="00:00:00.0136640" startTime="2014-09-22T14:13:20.4350789+07:00" endTime="2014-09-22T14:13:20.4540914+07:00" testType="13cdc9d9-ddb5-4fa4-a97d-d965ccfc6d4b" outcome="Failed" testListId="8c84fa94-04c1-424b-9868-57a2d4851a1d" relativeResultsDirectory="e5fda6b8-dce2-4059-9527-c212391be0ae">
      <Output>
        <ErrorInfo>
          <Message>Assert.AreEqual failed. Expected:&lt;(null)&gt;. Actual:&lt;IAS.DTO.ResponseService`1[System.Collections.Generic.List`1[IAS.DTO.GBHoliday]]&gt;. </Message>
          <StackTrace>   at IAS.DataServices.Test.IExamServiceTest.GetHolidayListTest() in D:\[-PRO-]\IAS.DataServices.Test\ExamTest\IExamServiceTest.cs:line 542
</StackTrace>
        </ErrorInfo>
      </Output>
    </UnitTestResult>
    <UnitTestResult executionId="4495afa4-8240-4906-8d6e-8c2a79c39219" testId="4a972cc9-1060-94a9-3157-fe71bea5f5b6" testName="OICAuthenWithADServiceTest" computerName="N-ARG-DEV-034" duration="00:00:01.5990401" startTime="2014-09-22T14:13:20.4580941+07:00" endTime="2014-09-22T14:13:22.0617359+07:00" testType="13cdc9d9-ddb5-4fa4-a97d-d965ccfc6d4b" outcome="Failed" testListId="8c84fa94-04c1-424b-9868-57a2d4851a1d" relativeResultsDirectory="4495afa4-8240-4906-8d6e-8c2a79c39219">
      <Output>
        <ErrorInfo>
          <Message>Test method IAS.DataServices.Test.PersonServiceTest.OICAuthenWithADServiceTest threw exception: 
System.NullReferenceException: Object reference not set to an instance of an object.</Message>
          <StackTrace>   at IAS.DataServices.Person.PersonService_Accessor.OICAuthenWithADService(String ADUserName, String ADPassword)
   at IAS.DataServices.Test.PersonServiceTest.OICAuthenWithADServiceTest() in D:\[-PRO-]\IAS.DataServices.Test\PersonServiceTest.cs:line 103
</StackTrace>
        </ErrorInfo>
      </Output>
    </UnitTestResult>
    <UnitTestResult executionId="4964f836-b586-4641-9d59-daa936a98906" testId="4b1bf85b-9ec8-e09c-080c-e2b4529df4d3" testName="TestPersisAfterAttach" computerName="N-ARG-DEV-034" duration="00:00:00.1313384" startTime="2014-09-22T14:13:22.0647385+07:00" endTime="2014-09-22T14:13:22.1998284+07:00" testType="13cdc9d9-ddb5-4fa4-a97d-d965ccfc6d4b" outcome="Failed" testListId="8c84fa94-04c1-424b-9868-57a2d4851a1d" relativeResultsDirectory="4964f836-b586-4641-9d59-daa936a98906">
      <Output>
        <ErrorInfo>
          <Message>Test method IAS.DataServiceTest.LinqTestingSumEntitiesValue.TestPersisAfterAttach threw exception: 
System.ArgumentException: Object of type 'System.String' cannot be converted to type 'System.Nullable`1[System.DateTime]'.</Message>
          <StackTrace>    at System.RuntimeType.TryChangeType(Object value, Binder binder, CultureInfo culture, Boolean needsSpecialCast)
   at System.RuntimeType.CheckValue(Object value, Binder binder, CultureInfo culture, BindingFlags invokeAttr)
   at System.Reflection.MethodBase.CheckArguments(Object[] parameters, Binder binder, BindingFlags invokeAttr, CultureInfo culture, Signature sig)
   at System.Reflection.RuntimeMethodInfo.InvokeArgumentsCheck(Object obj, BindingFlags invokeAttr, Binder binder, Object[] parameters, CultureInfo culture)
   at System.Reflection.RuntimeMethodInfo.Invoke(Object obj, BindingFlags invokeAttr, Binder binder, Object[] parameters, CultureInfo culture)
   at System.Reflection.RuntimePropertyInfo.SetValue(Object obj, Object value, BindingFlags invokeAttr, Binder binder, Object[] index, CultureInfo culture)
   at System.Reflection.RuntimePropertyInfo.SetValue(Object obj, Object value, Object[] index)
   at IAS.Utils.Mapper.MappingToEntity[T,U](T sourceEntity, U targetEntity) in D:\[-PRO-]\Web\IAS.Utils\Mapper.cs:line 95
   at IAS.DataServiceTest.LinqTestingSumEntitiesValue.TestPersisAfterAttach() in D:\[-PRO-]\IAS.DataServiceTest\LinqTestingSumEntitiesValue.cs:line 72
</StackTrace>
        </ErrorInfo>
      </Output>
    </UnitTestResult>
    <UnitTestResult executionId="f6ce095f-7881-427a-b0e9-146fbe9ce890" testId="4b48a539-69a6-cd0e-dd10-a6a8069ee87e" testName="AssemblyInfo_showVersionTest" computerName="N-ARG-DEV-034" duration="00:00:00.0003514" startTime="2014-09-22T14:13:22.2018297+07:00" endTime="2014-09-22T14:13:22.2058320+07:00" testType="13cdc9d9-ddb5-4fa4-a97d-d965ccfc6d4b" outcome="Passed" testListId="8c84fa94-04c1-424b-9868-57a2d4851a1d" relativeResultsDirectory="f6ce095f-7881-427a-b0e9-146fbe9ce890">
    </UnitTestResult>
    <UnitTestResult executionId="6fda40d4-12e9-437e-8d6d-c24ff7c4c1b5" testId="4b52304b-7264-6696-7819-a85e63ef6fdb" testName="GetApplicantInfoTest" computerName="N-ARG-DEV-034" duration="00:00:00.0530601" startTime="2014-09-22T14:13:22.2068328+07:00" endTime="2014-09-22T14:13:22.2623743+07:00" testType="13cdc9d9-ddb5-4fa4-a97d-d965ccfc6d4b" outcome="Failed" testListId="8c84fa94-04c1-424b-9868-57a2d4851a1d" relativeResultsDirectory="6fda40d4-12e9-437e-8d6d-c24ff7c4c1b5">
      <Output>
        <ErrorInfo>
          <Message>Test method IAS.DataServices.Test.IApplicantServiceTest.GetApplicantInfoTest threw exception: 
System.NullReferenceException: Object reference not set to an instance of an object.</Message>
          <StackTrace>    at IAS.DataServices.Applicant.ApplicantService.GetApplicantInfo(String applicantCode, String testingNo, String examPlaceCode, Int32 num_page, Int32 RowPerPage, Boolean Count) in D:\[-PRO-]\WebService\IAS.DataServices\Applicant\ApplicantService.svc.cs:line 3040
   at IAS.DataServices.Test.IApplicantServiceTest.GetApplicantInfoTest() in D:\[-PRO-]\IAS.DataServices.Test\ApplicantTest\IApplicantServiceTest.cs:line 210
</StackTrace>
        </ErrorInfo>
      </Output>
    </UnitTestResult>
    <UnitTestResult executionId="4a07db4e-a0d5-4b81-8815-a096eef9c558" testId="4b547bf7-1e7a-e584-676c-dbbd913e4252" testName="GetApplicantNoPaymentHeadderTest" computerName="N-ARG-DEV-034" duration="00:00:00.0001206" startTime="2014-09-22T14:13:22.2633747+07:00" endTime="2014-09-22T14:13:22.2653756+07:00" testType="13cdc9d9-ddb5-4fa4-a97d-d965ccfc6d4b" outcome="Passed" testListId="8c84fa94-04c1-424b-9868-57a2d4851a1d" relativeResultsDirectory="4a07db4e-a0d5-4b81-8815-a096eef9c558">
    </UnitTestResult>
    <UnitTestResult executionId="beca21c7-9823-4332-9948-b16a7b9a562f" testId="4ba8afd7-e2c0-dd58-4687-ba64303c6172" testName="SubmitBankTransTest" computerName="N-ARG-DEV-034" duration="00:00:00.0001161" startTime="2014-09-22T14:13:22.2663765+07:00" endTime="2014-09-22T14:13:22.2683779+07:00" testType="13cdc9d9-ddb5-4fa4-a97d-d965ccfc6d4b" outcome="Passed" testListId="8c84fa94-04c1-424b-9868-57a2d4851a1d" relativeResultsDirectory="beca21c7-9823-4332-9948-b16a7b9a562f">
    </UnitTestResult>
    <UnitTestResult executionId="e64f345a-437a-4e77-9543-e787ca983430" testId="4bb9b35b-50d2-8cde-e923-693bf4231ef4" testName="LicenseRequestFactory_Can_Reader_ComposeFile" computerName="N-ARG-DEV-034" duration="00:00:00.1192819" startTime="2014-09-22T14:13:22.2703792+07:00" endTime="2014-09-22T14:13:22.3918366+07:00" testType="13cdc9d9-ddb5-4fa4-a97d-d965ccfc6d4b" outcome="Failed" testListId="8c84fa94-04c1-424b-9868-57a2d4851a1d" relativeResultsDirectory="e64f345a-437a-4e77-9543-e787ca983430">
      <Output>
        <ErrorInfo>
          <Message>Assert.IsNotNull failed. </Message>
          <StackTrace>   at IAS.DataServiceTest.LicenseRequestFileUploadTest.LicenseRequestFactory_Can_Reader_ComposeFile() in D:\[-PRO-]\IAS.DataServiceTest\LicenseRequestFileUploadTest.cs:line 290
</StackTrace>
        </ErrorInfo>
      </Output>
    </UnitTestResult>
    <UnitTestResult executionId="3cec6c53-a55c-46a9-bc23-02692ec657e8" testId="4bcd01a8-6975-6b3c-24fa-4e775b1a5fcc" testName="getBindbillPaymentExamTest" computerName="N-ARG-DEV-034" duration="00:00:00.0100173" startTime="2014-09-22T14:13:22.3928379+07:00" endTime="2014-09-22T14:13:22.4058459+07:00" testType="13cdc9d9-ddb5-4fa4-a97d-d965ccfc6d4b" outcome="Failed" testListId="8c84fa94-04c1-424b-9868-57a2d4851a1d" relativeResultsDirectory="3cec6c53-a55c-46a9-bc23-02692ec657e8">
      <Output>
        <ErrorInfo>
          <Message>Assert.AreEqual failed. Expected:&lt;(null)&gt;. Actual:&lt;IAS.DTO.ResponseService`1[System.Data.DataSet]&gt;. </Message>
          <StackTrace>   at IAS.DataServices.Test.IPaymentServiceTest.getBindbillPaymentExamTest() in D:\[-PRO-]\IAS.DataServices.Test\PaymentTest\IPaymentServiceTest.cs:line 1120
</StackTrace>
        </ErrorInfo>
      </Output>
    </UnitTestResult>
    <UnitTestResult executionId="b08bff0f-6e2e-4005-841a-743af1bf57ca" testId="4cdcd52b-2d3e-682b-c129-04f34e69b4a3" testName="InsertTest" computerName="N-ARG-DEV-034" duration="00:00:00.0027838" startTime="2014-09-22T14:13:22.4078477+07:00" endTime="2014-09-22T14:13:22.4128516+07:00" testType="13cdc9d9-ddb5-4fa4-a97d-d965ccfc6d4b" outcome="Failed" testListId="8c84fa94-04c1-424b-9868-57a2d4851a1d" relativeResultsDirectory="b08bff0f-6e2e-4005-841a-743af1bf57ca">
      <Output>
        <ErrorInfo>
          <Message>Test method IAS.DataServices.Test.IApplicantServiceTest.InsertTest threw exception: 
System.NullReferenceException: Object reference not set to an instance of an object.</Message>
          <StackTrace>    at IAS.DataServices.Applicant.ApplicantService.Insert(Applicant appl) in D:\[-PRO-]\WebService\IAS.DataServices\Applicant\ApplicantService.svc.cs:line 67
   at IAS.DataServices.Test.IApplicantServiceTest.InsertTest() in D:\[-PRO-]\IAS.DataServices.Test\ApplicantTest\IApplicantServiceTest.cs:line 265
</StackTrace>
        </ErrorInfo>
      </Output>
    </UnitTestResult>
    <UnitTestResult executionId="a6d2b400-63e0-41d3-b903-c8a9864de754" testId="4e4d5f99-747b-bf54-46cc-81e51553f753" testName="GetRegistrationsByCriteriaAtPageTest" computerName="N-ARG-DEV-034" duration="00:00:00.1004049" startTime="2014-09-22T14:13:22.4138512+07:00" endTime="2014-09-22T14:13:22.5169202+07:00" testType="13cdc9d9-ddb5-4fa4-a97d-d965ccfc6d4b" outcome="Failed" testListId="8c84fa94-04c1-424b-9868-57a2d4851a1d" relativeResultsDirectory="a6d2b400-63e0-41d3-b903-c8a9864de754">
      <Output>
        <ErrorInfo>
          <Message>Test method IAS.DataServices.Test.IRegistrationServiceTest.GetRegistrationsByCriteriaAtPageTest threw exception: 
System.NullReferenceException: Object reference not set to an instance of an object.</Message>
          <StackTrace>    at IAS.DataServices.Registration.RegistationService.GetRegistrationsByCriteriaAtPage(String firstName, String lastName, String IdCard, String memberTypeCode, String email, String compCode, String status, Int32 pageIndex, Int32 pageSize) in D:\[-PRO-]\WebService\IAS.DataServices\Registration\RegistrationService.svc.cs:line 1344
   at IAS.DataServices.Test.IRegistrationServiceTest.GetRegistrationsByCriteriaAtPageTest() in D:\[-PRO-]\IAS.DataServices.Test\RegistrationTest\IRegistrationServiceTest.cs:line 311
</StackTrace>
        </ErrorInfo>
      </Output>
    </UnitTestResult>
    <UnitTestResult executionId="d5f4e676-f676-46c2-af0d-320d56c11441" testId="501f0d6e-3b3b-54d6-f840-7572caa94b95" testName="The_BankReferanceNumber_Test_True_Formating" computerName="N-ARG-DEV-034" duration="00:00:00.1200180" startTime="2014-09-22T14:13:22.5189215+07:00" endTime="2014-09-22T14:13:22.6410021+07:00" testType="13cdc9d9-ddb5-4fa4-a97d-d965ccfc6d4b" outcome="Failed" testListId="8c84fa94-04c1-424b-9868-57a2d4851a1d" relativeResultsDirectory="d5f4e676-f676-46c2-af0d-320d56c11441">
      <Output>
        <ErrorInfo>
          <Message>Assert.AreEqual failed. Expected:&lt;18&gt;. Actual:&lt;20&gt;. </Message>
          <StackTrace>   at IAS.DataServiceTest.BankReferanceNumberTest.The_BankReferanceNumber_Test_True_Formating() in D:\[-PRO-]\IAS.DataServiceTest\BankReferanceNumberTest.cs:line 35
</StackTrace>
        </ErrorInfo>
      </Output>
    </UnitTestResult>
    <UnitTestResult executionId="9a82ba60-4e97-428c-8d58-3d3d4e4d928c" testId="51400ccc-ef46-8359-8206-81ccf44fa5b2" testName="UpdateHolidayTest" computerName="N-ARG-DEV-034" duration="00:00:00.0476026" startTime="2014-09-22T14:13:22.6420038+07:00" endTime="2014-09-22T14:13:22.6920371+07:00" testType="13cdc9d9-ddb5-4fa4-a97d-d965ccfc6d4b" outcome="Failed" testListId="8c84fa94-04c1-424b-9868-57a2d4851a1d" relativeResultsDirectory="9a82ba60-4e97-428c-8d58-3d3d4e4d928c">
      <Output>
        <ErrorInfo>
          <Message>Assert.AreEqual failed. Expected:&lt;(null)&gt;. Actual:&lt;IAS.DTO.ResponseService`1[System.String]&gt;. </Message>
          <StackTrace>   at IAS.DataServices.Test.IExamServiceTest.UpdateHolidayTest() in D:\[-PRO-]\IAS.DataServices.Test\ExamTest\IExamServiceTest.cs:line 799
</StackTrace>
        </ErrorInfo>
      </Output>
    </UnitTestResult>
    <UnitTestResult executionId="ec929e70-0a0d-4299-bd24-71c9c0177145" testId="51da17ee-8ca5-b6ec-7408-2897d1cccf52" testName="GetExamHistoryByIDTest" computerName="N-ARG-DEV-034" duration="00:00:01.3780095" startTime="2014-09-22T14:13:22.6940389+07:00" endTime="2014-09-22T14:13:24.0742332+07:00" testType="13cdc9d9-ddb5-4fa4-a97d-d965ccfc6d4b" outcome="Inconclusive" testListId="8c84fa94-04c1-424b-9868-57a2d4851a1d" relativeResultsDirectory="ec929e70-0a0d-4299-bd24-71c9c0177145">
      <Output>
        <ErrorInfo>
          <Message>Assert.Inconclusive failed. Verify the correctness of this test method.</Message>
          <StackTrace>   at IAS.DataServices.Test.PaymentServiceTest.GetExamHistoryByIDTest() in D:\[-PRO-]\IAS.DataServices.Test\PaymentServiceTest.cs:line 90
</StackTrace>
        </ErrorInfo>
      </Output>
    </UnitTestResult>
    <UnitTestResult executionId="6762f3cd-dcf1-4246-97d2-8707d8512b6a" testId="52268dde-4e96-16ed-65f8-e8f04f4f6edd" testName="GetApplicantNoPayByIdTest" computerName="N-ARG-DEV-034" duration="00:00:18.0403809" startTime="2014-09-22T14:13:24.0752341+07:00" endTime="2014-09-22T14:13:42.1202319+07:00" testType="13cdc9d9-ddb5-4fa4-a97d-d965ccfc6d4b" outcome="Failed" testListId="8c84fa94-04c1-424b-9868-57a2d4851a1d" relativeResultsDirectory="6762f3cd-dcf1-4246-97d2-8707d8512b6a">
      <Output>
        <ErrorInfo>
          <Message>Test method IAS.DataServices.Test.IPaymentServiceTest.GetApplicantNoPayByIdTest threw exception: 
System.NullReferenceException: Object reference not set to an instance of an object.</Message>
          <StackTrace>    at IAS.DataServices.Applicant.ApplicantService.GetApplicantById(String applicantCode, String testingNo, String examPlaceCode) in D:\[-PRO-]\WebService\IAS.DataServices\Applicant\ApplicantService.svc.cs:line 157
   at IAS.DataServices.Payment.PaymentService.GetApplicantNoPayById(String applicantCode, String testingNo, String examPlaceCode) in D:\[-PRO-]\WebService\IAS.DataServices\Payment\PaymentService.svc.cs:line 7884
   at IAS.DataServices.Test.IPaymentServiceTest.GetApplicantNoPayByIdTest() in D:\[-PRO-]\IAS.DataServices.Test\PaymentTest\IPaymentServiceTest.cs:line 281
</StackTrace>
        </ErrorInfo>
      </Output>
    </UnitTestResult>
    <UnitTestResult executionId="a97f3818-c079-4a1d-a3e1-2d6fb3612e7e" testId="5339b57d-c695-1fdd-32d4-1508cb1dda52" testName="GetExamHistoryByIDWithConditionTest" computerName="N-ARG-DEV-034" duration="00:00:01.2112243" startTime="2014-09-22T14:13:42.1242350+07:00" endTime="2014-09-22T14:13:43.3392883+07:00" testType="13cdc9d9-ddb5-4fa4-a97d-d965ccfc6d4b" outcome="Failed" testListId="8c84fa94-04c1-424b-9868-57a2d4851a1d" relativeResultsDirectory="a97f3818-c079-4a1d-a3e1-2d6fb3612e7e">
      <Output>
        <ErrorInfo>
          <Message>Assert.AreEqual failed. Expected:&lt;IAS.DTO.ResponseService`1[System.Collections.Generic.List`1[IAS.DTO.ExamHistory]]&gt;. Actual:&lt;IAS.DTO.ResponseService`1[System.Collections.Generic.List`1[IAS.DTO.ExamHistory]]&gt;. </Message>
          <StackTrace>   at IAS.DataServices.Test.LicenseServiceTest.GetExamHistoryByIDWithConditionTest() in D:\[-PRO-]\IAS.DataServices.Test\LicenseServiceTest.cs:line 237
</StackTrace>
        </ErrorInfo>
      </Output>
    </UnitTestResult>
    <UnitTestResult executionId="726dbcc1-3797-49fb-9b27-0165bddfa3ba" testId="5352e3f1-1e8c-8485-f5bd-5e2fa27cf289" testName="TestZipFile_NotFound" computerName="N-ARG-DEV-034" duration="00:00:00.1320203" startTime="2014-09-22T14:13:43.3432873+07:00" endTime="2014-09-22T14:13:43.4823790+07:00" testType="13cdc9d9-ddb5-4fa4-a97d-d965ccfc6d4b" outcome="Passed" testListId="8c84fa94-04c1-424b-9868-57a2d4851a1d" relativeResultsDirectory="726dbcc1-3797-49fb-9b27-0165bddfa3ba">
    </UnitTestResult>
    <UnitTestResult executionId="d3622761-3e83-4f51-b737-9d9d16a89056" testId="542d6242-b6aa-62ef-b9a8-11717e33ad08" testName="GetLicensetypeListTest" computerName="N-ARG-DEV-034" duration="00:00:00.0128742" startTime="2014-09-22T14:13:43.4843803+07:00" endTime="2014-09-22T14:13:43.4993901+07:00" testType="13cdc9d9-ddb5-4fa4-a97d-d965ccfc6d4b" outcome="Failed" testListId="8c84fa94-04c1-424b-9868-57a2d4851a1d" relativeResultsDirectory="d3622761-3e83-4f51-b737-9d9d16a89056">
      <Output>
        <ErrorInfo>
          <Message>Assert.AreEqual failed. Expected:&lt;(null)&gt;. Actual:&lt;IAS.DTO.ResponseService`1[System.Collections.Generic.List`1[IAS.DTO.LicenseTyperDropDrown]]&gt;. </Message>
          <StackTrace>   at IAS.DataServices.Test.IExamServiceTest.GetLicensetypeListTest() in D:\[-PRO-]\IAS.DataServices.Test\ExamTest\IExamServiceTest.cs:line 577
</StackTrace>
        </ErrorInfo>
      </Output>
    </UnitTestResult>
    <UnitTestResult executionId="575ba6a9-c9d9-4fe8-97c8-f02e1a04debc" testId="5522dfa8-f3f9-278f-dc66-8ca45aeb1cda" testName="GetPersonalHistoryByIdCardTest" computerName="N-ARG-DEV-034" duration="00:00:02.2653641" startTime="2014-09-22T14:13:43.5043933+07:00" endTime="2014-09-22T14:13:45.7725334+07:00" testType="13cdc9d9-ddb5-4fa4-a97d-d965ccfc6d4b" outcome="Failed" testListId="8c84fa94-04c1-424b-9868-57a2d4851a1d" relativeResultsDirectory="575ba6a9-c9d9-4fe8-97c8-f02e1a04debc">
      <Output>
        <ErrorInfo>
          <Message>Assert.AreEqual failed. Expected:&lt;(null)&gt;. Actual:&lt;IAS.DTO.ResponseService`1[IAS.DTO.PersonalHistory]&gt;. </Message>
          <StackTrace>   at IAS.DataServices.Test.LicenseServiceTest.GetPersonalHistoryByIdCardTest() in D:\[-PRO-]\IAS.DataServices.Test\LicenseServiceTest.cs:line 147
</StackTrace>
        </ErrorInfo>
      </Output>
    </UnitTestResult>
    <UnitTestResult executionId="6fcf27c7-b7b8-4eb1-8ecf-5db72356f270" testId="55e5dd54-9d18-6ac0-dc30-2afe3b9aaa17" testName="TestSelectDatabase" computerName="N-ARG-DEV-034" duration="00:00:09.1305740" startTime="2014-09-22T14:13:45.7745356+07:00" endTime="2014-09-22T14:13:54.9083996+07:00" testType="13cdc9d9-ddb5-4fa4-a97d-d965ccfc6d4b" outcome="Failed" testListId="8c84fa94-04c1-424b-9868-57a2d4851a1d" relativeResultsDirectory="6fcf27c7-b7b8-4eb1-8ecf-5db72356f270">
      <Output>
        <ErrorInfo>
          <Message>Test method IAS.DataServiceTest.FinanceDALTest.TestSelectDatabase threw exception: 
System.Data.EntityException: The underlying provider failed on Open. ---&gt; Oracle.DataAccess.Client.OracleException: ORA-12154: TNS:could not resolve the connect identifier specified</Message>
          <StackTrace>    at Oracle.DataAccess.Client.OracleException.HandleErrorHelper(Int32 errCode, OracleConnection conn, IntPtr opsErrCtx, OpoSqlValCtx* pOpoSqlValCtx, Object src, String procedure, Boolean bCheck)
   at Oracle.DataAccess.Client.OracleException.HandleError(Int32 errCode, OracleConnection conn, IntPtr opsErrCtx, Object src)
   at Oracle.DataAccess.Client.OracleConnection.Open()
   at System.Data.EntityClient.EntityConnection.OpenStoreConnectionIf(Boolean openCondition, DbConnection storeConnectionToOpen, DbConnection originalConnection, String exceptionCode, String attemptedOperation, Boolean&amp; closeStoreConnectionOnFailure)
 --- End of inner exception stack trace ---
    at System.Data.EntityClient.EntityConnection.OpenStoreConnectionIf(Boolean openCondition, DbConnection storeConnectionToOpen, DbConnection originalConnection, String exceptionCode, String attemptedOperation, Boolean&amp; closeStoreConnectionOnFailure)
   at System.Data.EntityClient.EntityConnection.Open()
   at System.Data.Objects.ObjectContext.EnsureConnection()
   at System.Data.Objects.ObjectQuery`1.GetResults(Nullable`1 forMergeOption)
   at System.Data.Objects.ObjectQuery`1.System.Collections.Generic.IEnumerable&lt;T&gt;.GetEnumerator()
   at System.Linq.Enumerable.FirstOrDefault[TSource](IEnumerable`1 source)
   at System.Data.Objects.ELinq.ObjectQueryProvider.&lt;GetElementFunction&gt;b__1[TResult](IEnumerable`1 sequence)
   at System.Data.Objects.ELinq.ObjectQueryProvider.ExecuteSingle[TResult](IEnumerable`1 query, Expression queryRoot)
   at System.Data.Objects.ELinq.ObjectQueryProvider.System.Linq.IQueryProvider.Execute[S](Expression expression)
   at System.Linq.Queryable.FirstOrDefault[TSource](IQueryable`1 source)
   at IAS.DataServiceTest.FinanceDALTest.TestSelectDatabase() in D:\[-PRO-]\IAS.DataServiceTest\FinanceDALTest.cs:line 28
</StackTrace>
        </ErrorInfo>
      </Output>
    </UnitTestResult>
    <UnitTestResult executionId="dbfb832f-21bb-4858-8da6-7db404c38ec4" testId="56b6189c-a9e7-6473-967d-eedb9cb70abd" testName="GetUserProfileByIdTest" computerName="N-ARG-DEV-034" duration="00:00:00.0120211" startTime="2014-09-22T14:13:54.9113916+07:00" endTime="2014-09-22T14:13:54.9304028+07:00" testType="13cdc9d9-ddb5-4fa4-a97d-d965ccfc6d4b" outcome="Failed" testListId="8c84fa94-04c1-424b-9868-57a2d4851a1d" relativeResultsDirectory="dbfb832f-21bb-4858-8da6-7db404c38ec4">
      <Output>
        <ErrorInfo>
          <Message>Assert.AreEqual failed. Expected:&lt;(null)&gt;. Actual:&lt;IAS.DTO.ResponseService`1[IAS.DTO.Person]&gt;. </Message>
          <StackTrace>   at IAS.DataServices.Test.IPersonServiceTest.GetUserProfileByIdTest() in D:\[-PRO-]\IAS.DataServices.Test\PersonTest\IPersonServiceTest.cs:line 421
</StackTrace>
        </ErrorInfo>
      </Output>
    </UnitTestResult>
    <UnitTestResult executionId="24a2aad2-35a1-4398-82c1-4b1069d649e4" testId="588dc306-4acb-7637-abbb-5eb4dbbc2c1e" testName="UpdateAttachFileTest" computerName="N-ARG-DEV-034" duration="00:00:00.0099216" startTime="2014-09-22T14:13:54.9324037+07:00" endTime="2014-09-22T14:13:54.9464126+07:00" testType="13cdc9d9-ddb5-4fa4-a97d-d965ccfc6d4b" outcome="Failed" testListId="8c84fa94-04c1-424b-9868-57a2d4851a1d" relativeResultsDirectory="24a2aad2-35a1-4398-82c1-4b1069d649e4">
      <Output>
        <ErrorInfo>
          <Message>Test method IAS.DataServices.Test.IRegistrationServiceTest.UpdateAttachFileTest threw exception: 
System.NullReferenceException: Object reference not set to an instance of an object.</Message>
          <StackTrace>    at IAS.DataServices.Registration.RegistationService.UpdateAttachFile(RegistrationAttatchFile entity) in D:\[-PRO-]\WebService\IAS.DataServices\Registration\RegistrationService.svc.cs:line 1014
   at IAS.DataServices.Test.IRegistrationServiceTest.UpdateAttachFileTest() in D:\[-PRO-]\IAS.DataServices.Test\RegistrationTest\IRegistrationServiceTest.cs:line 521
</StackTrace>
        </ErrorInfo>
      </Output>
    </UnitTestResult>
    <UnitTestResult executionId="c3a45710-661c-4b5c-9ef3-2c8b572efd68" testId="58f549bc-6d6c-9453-1a42-733c5798ce30" testName="TestEntityWhenNot_Save" computerName="N-ARG-DEV-034" duration="00:00:00.0117169" startTime="2014-09-22T14:13:54.9474135+07:00" endTime="2014-09-22T14:13:54.9624455+07:00" testType="13cdc9d9-ddb5-4fa4-a97d-d965ccfc6d4b" outcome="Failed" testListId="8c84fa94-04c1-424b-9868-57a2d4851a1d" relativeResultsDirectory="c3a45710-661c-4b5c-9ef3-2c8b572efd68">
      <Output>
        <ErrorInfo>
          <Message>Test method IAS.DataServiceTest.TestEntity.TestEntityWhenNot_Save threw exception: 
System.NullReferenceException: Object reference not set to an instance of an object.</Message>
          <StackTrace>    at IAS.DataServiceTest.TestEntity.TestEntityWhenNot_Save() in D:\[-PRO-]\IAS.DataServiceTest\TestEntity.cs:line 21
</StackTrace>
        </ErrorInfo>
      </Output>
    </UnitTestResult>
    <UnitTestResult executionId="f3e205d9-e721-47de-adbc-cd4afcf25401" testId="593b8aac-2d22-ebc7-10de-1f3334922ac5" testName="GetUserProfileAttatchFileByPersonIdTest" computerName="N-ARG-DEV-034" duration="00:00:00.0074757" startTime="2014-09-22T14:13:54.9644460+07:00" endTime="2014-09-22T14:13:54.9734530+07:00" testType="13cdc9d9-ddb5-4fa4-a97d-d965ccfc6d4b" outcome="Failed" testListId="8c84fa94-04c1-424b-9868-57a2d4851a1d" relativeResultsDirectory="f3e205d9-e721-47de-adbc-cd4afcf25401">
      <Output>
        <ErrorInfo>
          <Message>Test method IAS.DataServices.Test.IPersonServiceTest.GetUserProfileAttatchFileByPersonIdTest threw exception: 
System.NullReferenceException: Object reference not set to an instance of an object.</Message>
          <StackTrace>    at IAS.DataServices.Person.PersonService.GetUserProfileAttatchFileByPersonId(String personId) in D:\[-PRO-]\WebService\IAS.DataServices\Person\PersonService.svc.cs:line 769
   at IAS.DataServices.Test.IPersonServiceTest.GetUserProfileAttatchFileByPersonIdTest() in D:\[-PRO-]\IAS.DataServices.Test\PersonTest\IPersonServiceTest.cs:line 402
</StackTrace>
        </ErrorInfo>
      </Output>
    </UnitTestResult>
    <UnitTestResult executionId="76bc273f-614a-4aec-98a9-c45f856f9b43" testId="5a2ada94-562d-4f5a-0c45-1896c532caa6" testName="CreatePdfTest" computerName="N-ARG-DEV-034" duration="00:00:00.1205172" startTime="2014-09-22T14:13:54.9744535+07:00" endTime="2014-09-22T14:13:55.0985346+07:00" testType="13cdc9d9-ddb5-4fa4-a97d-d965ccfc6d4b" outcome="Failed" testListId="8c84fa94-04c1-424b-9868-57a2d4851a1d" relativeResultsDirectory="76bc273f-614a-4aec-98a9-c45f856f9b43">
      <Output>
        <ErrorInfo>
          <Message>Test method IAS.DataServices.Test.IPaymentServiceTest.CreatePdfTest threw exception: 
System.IO.IOException: The network name cannot be found.
</Message>
          <StackTrace>    at System.IO.__Error.WinIOError(Int32 errorCode, String maybeFullPath)
   at System.IO.Directory.InternalCreateDirectory(String fullPath, String path, Object dirSecurityObj, Boolean checkHost)
   at System.IO.DirectoryInfo.Create()
   at IAS.DataServices.Payment.PaymentService.CreatePdf(String[] fileNames) in D:\[-PRO-]\WebService\IAS.DataServices\Payment\PaymentService.svc.cs:line 5310
   at IAS.DataServices.Test.IPaymentServiceTest.CreatePdfTest() in D:\[-PRO-]\IAS.DataServices.Test\PaymentTest\IPaymentServiceTest.cs:line 161
</StackTrace>
        </ErrorInfo>
      </Output>
    </UnitTestResult>
    <UnitTestResult executionId="407af52d-1a9a-4b79-a291-f2bb628ef8f0" testId="5ac928d2-37bf-6c73-78bf-2fa4e905cd81" testName="GetDataPayment_BeforeSentToReportTest" computerName="N-ARG-DEV-034" duration="00:00:00.0854855" startTime="2014-09-22T14:13:55.0995359+07:00" endTime="2014-09-22T14:13:55.1888303+07:00" testType="13cdc9d9-ddb5-4fa4-a97d-d965ccfc6d4b" outcome="Failed" testListId="8c84fa94-04c1-424b-9868-57a2d4851a1d" relativeResultsDirectory="407af52d-1a9a-4b79-a291-f2bb628ef8f0">
      <Output>
        <ErrorInfo>
          <Message>Assert.AreEqual failed. Expected:&lt;(null)&gt;. Actual:&lt;IAS.DTO.ResponseService`1[System.Data.DataSet]&gt;. </Message>
          <StackTrace>   at IAS.DataServices.Test.IPaymentServiceTest.GetDataPayment_BeforeSentToReportTest() in D:\[-PRO-]\IAS.DataServices.Test\PaymentTest\IPaymentServiceTest.cs:line 417
</StackTrace>
        </ErrorInfo>
      </Output>
    </UnitTestResult>
    <UnitTestResult executionId="9abd88ce-f22e-4fd4-a32d-732bb020a5d4" testId="5c29fd8f-f147-77f6-cdfc-adac8f5b22cf" testName="GetPersonalDetailByIDCard" computerName="N-ARG-DEV-034" duration="00:00:00.0075131" startTime="2014-09-22T14:13:55.1898299+07:00" endTime="2014-09-22T14:13:55.1988361+07:00" testType="13cdc9d9-ddb5-4fa4-a97d-d965ccfc6d4b" outcome="Failed" testListId="8c84fa94-04c1-424b-9868-57a2d4851a1d" relativeResultsDirectory="9abd88ce-f22e-4fd4-a32d-732bb020a5d4">
      <Output>
        <ErrorInfo>
          <Message>Assert.AreEqual failed. Expected:&lt;(null)&gt;. Actual:&lt;IAS.DTO.ResponseService`1[IAS.DTO.Person]&gt;. </Message>
          <StackTrace>   at IAS.DataServices.Test.IRegistrationServiceTest.GetPersonalDetailByIDCard() in D:\[-PRO-]\IAS.DataServices.Test\RegistrationTest\IRegistrationServiceTest.cs:line 146
</StackTrace>
        </ErrorInfo>
      </Output>
    </UnitTestResult>
    <UnitTestResult executionId="8847a46e-d559-4e30-b16a-674fce4e9d19" testId="5cebc25d-0c38-f23b-390e-f075ce249335" testName="SetOffLineAllStatusTest" computerName="N-ARG-DEV-034" duration="00:00:00.3176497" startTime="2014-09-22T14:13:55.1998362+07:00" endTime="2014-09-22T14:13:55.6137925+07:00" testType="13cdc9d9-ddb5-4fa4-a97d-d965ccfc6d4b" outcome="Inconclusive" testListId="8c84fa94-04c1-424b-9868-57a2d4851a1d" relativeResultsDirectory="8847a46e-d559-4e30-b16a-674fce4e9d19">
      <Output>
        <ErrorInfo>
          <Message>Assert.Inconclusive failed. Verify the correctness of this test method.</Message>
          <StackTrace>   at IAS.DataServices.Test.PersonServiceTest.SetOffLineAllStatusTest() in D:\[-PRO-]\IAS.DataServices.Test\PersonServiceTest.cs:line 85
</StackTrace>
        </ErrorInfo>
      </Output>
    </UnitTestResult>
    <UnitTestResult executionId="f83f7a7a-cc14-4943-ac03-319fc6ee88fe" testId="5f173446-56b6-2e92-c930-7c0cd96e5d43" testName="GetByIdTest" computerName="N-ARG-DEV-034" duration="00:00:00.0040342" startTime="2014-09-22T14:13:55.6167948+07:00" endTime="2014-09-22T14:13:55.6238021+07:00" testType="13cdc9d9-ddb5-4fa4-a97d-d965ccfc6d4b" outcome="Failed" testListId="8c84fa94-04c1-424b-9868-57a2d4851a1d" relativeResultsDirectory="f83f7a7a-cc14-4943-ac03-319fc6ee88fe">
      <Output>
        <ErrorInfo>
          <Message>Assert.AreEqual failed. Expected:&lt;(null)&gt;. Actual:&lt;IAS.DTO.ResponseService`1[IAS.DTO.Person]&gt;. </Message>
          <StackTrace>   at IAS.DataServices.Test.IPersonServiceTest.GetByIdTest() in D:\[-PRO-]\IAS.DataServices.Test\PersonTest\IPersonServiceTest.cs:line 207
</StackTrace>
        </ErrorInfo>
      </Output>
    </UnitTestResult>
    <UnitTestResult executionId="dbaeb795-a195-40c5-9ca9-5bcdca484a25" testId="5f48f7d2-3f4a-f8b0-1cab-a878f38fc05d" testName="GetExamFeeTest" computerName="N-ARG-DEV-034" duration="00:00:00.0050478" startTime="2014-09-22T14:13:55.6248001+07:00" endTime="2014-09-22T14:13:55.6318050+07:00" testType="13cdc9d9-ddb5-4fa4-a97d-d965ccfc6d4b" outcome="Failed" testListId="8c84fa94-04c1-424b-9868-57a2d4851a1d" relativeResultsDirectory="dbaeb795-a195-40c5-9ca9-5bcdca484a25">
      <Output>
        <ErrorInfo>
          <Message>Assert.AreEqual failed. Expected:&lt;(null)&gt;. Actual:&lt;IAS.DTO.ResponseService`1[System.String]&gt;. </Message>
          <StackTrace>   at IAS.DataServices.Test.IExamServiceTest.GetExamFeeTest() in D:\[-PRO-]\IAS.DataServices.Test\ExamTest\IExamServiceTest.cs:line 428
</StackTrace>
        </ErrorInfo>
      </Output>
    </UnitTestResult>
    <UnitTestResult executionId="da5437bb-ebdb-4c48-904c-c99c8a6886e4" testId="60bd089b-0cb6-235c-3c43-9d4433caa2b7" testName="PersonNotApproveTest" computerName="N-ARG-DEV-034" duration="00:00:00.0040346" startTime="2014-09-22T14:13:55.6338067+07:00" endTime="2014-09-22T14:13:55.6408112+07:00" testType="13cdc9d9-ddb5-4fa4-a97d-d965ccfc6d4b" outcome="Failed" testListId="8c84fa94-04c1-424b-9868-57a2d4851a1d" relativeResultsDirectory="da5437bb-ebdb-4c48-904c-c99c8a6886e4">
      <Output>
        <ErrorInfo>
          <Message>Test method IAS.DataServices.Test.IPersonServiceTest.PersonNotApproveTest threw exception: 
System.NullReferenceException: Object reference not set to an instance of an object.</Message>
          <StackTrace>    at IAS.DataServices.Person.PersonService.PersonNotApprove(List`1 listId) in D:\[-PRO-]\WebService\IAS.DataServices\Person\PersonService.svc.cs:line 884
   at IAS.DataServices.Test.IPersonServiceTest.PersonNotApproveTest() in D:\[-PRO-]\IAS.DataServices.Test\PersonTest\IPersonServiceTest.cs:line 538
</StackTrace>
        </ErrorInfo>
      </Output>
    </UnitTestResult>
    <UnitTestResult executionId="e3cd8a27-d5e1-41e6-85d8-44276c904e05" testId="63a7c11e-5e1b-640b-f596-ccb683c01c97" testName="UpdateOICTest" computerName="N-ARG-DEV-034" duration="00:00:00.0065927" startTime="2014-09-22T14:13:55.6428121+07:00" endTime="2014-09-22T14:13:55.6538200+07:00" testType="13cdc9d9-ddb5-4fa4-a97d-d965ccfc6d4b" outcome="Failed" testListId="8c84fa94-04c1-424b-9868-57a2d4851a1d" relativeResultsDirectory="e3cd8a27-d5e1-41e6-85d8-44276c904e05">
      <Output>
        <ErrorInfo>
          <Message>Assert.AreEqual failed. Expected:&lt;(null)&gt;. Actual:&lt;IAS.DTO.ResponseMessage`1[System.Boolean]&gt;. </Message>
          <StackTrace>   at IAS.DataServices.Test.IPersonServiceTest.UpdateOICTest() in D:\[-PRO-]\IAS.DataServices.Test\PersonTest\IPersonServiceTest.cs:line 622
</StackTrace>
        </ErrorInfo>
      </Output>
    </UnitTestResult>
    <UnitTestResult executionId="56a6370e-5a5d-4b68-9b38-f12ee3665b0f" testId="649e34f0-da26-3af9-7353-90cf8383ca36" testName="PersonEditApproveTest" computerName="N-ARG-DEV-034" duration="00:00:00.0111368" startTime="2014-09-22T14:13:55.6548209+07:00" endTime="2014-09-22T14:13:55.6698303+07:00" testType="13cdc9d9-ddb5-4fa4-a97d-d965ccfc6d4b" outcome="Failed" testListId="8c84fa94-04c1-424b-9868-57a2d4851a1d" relativeResultsDirectory="56a6370e-5a5d-4b68-9b38-f12ee3665b0f">
      <Output>
        <ErrorInfo>
          <Message>Test method IAS.DataServices.Test.IPersonServiceTest.PersonEditApproveTest threw exception: 
System.NullReferenceException: Object reference not set to an instance of an object.</Message>
          <StackTrace>    at IAS.DataServices.Person.PersonService.PersonEditApprove(List`1 listId, String appresult, String userid) in D:\[-PRO-]\WebService\IAS.DataServices\Person\PersonService.svc.cs:line 957
   at IAS.DataServices.Test.IPersonServiceTest.PersonEditApproveTest() in D:\[-PRO-]\IAS.DataServices.Test\PersonTest\IPersonServiceTest.cs:line 520
</StackTrace>
        </ErrorInfo>
      </Output>
    </UnitTestResult>
    <UnitTestResult executionId="a1e6fa8a-33dc-4297-bd8d-f3551cca8788" testId="65337b8b-5253-b27a-7e76-e44981ce9ebc" testName="GetExamMonthByCriteriaTest" computerName="N-ARG-DEV-034" duration="00:00:00.1064118" startTime="2014-09-22T14:13:55.6798374+07:00" endTime="2014-09-22T14:13:55.7959140+07:00" testType="13cdc9d9-ddb5-4fa4-a97d-d965ccfc6d4b" outcome="Failed" testListId="8c84fa94-04c1-424b-9868-57a2d4851a1d" relativeResultsDirectory="a1e6fa8a-33dc-4297-bd8d-f3551cca8788">
      <Output>
        <ErrorInfo>
          <Message>Assert.AreEqual failed. Expected:&lt;(null)&gt;. Actual:&lt;IAS.DTO.ResponseService`1[System.Data.DataSet]&gt;. </Message>
          <StackTrace>   at IAS.DataServices.Test.IExamServiceTest.GetExamMonthByCriteriaTest() in D:\[-PRO-]\IAS.DataServices.Test\ExamTest\IExamServiceTest.cs:line 451
</StackTrace>
        </ErrorInfo>
      </Output>
    </UnitTestResult>
    <UnitTestResult executionId="f3c76b8c-b465-4e11-9996-540a0095091a" testId="65eab05c-a154-8e78-4bf9-537920ebb237" testName="GetLicenseListTest" computerName="N-ARG-DEV-034" duration="00:00:00.0107879" startTime="2014-09-22T14:13:55.7969152+07:00" endTime="2014-09-22T14:13:55.8112842+07:00" testType="13cdc9d9-ddb5-4fa4-a97d-d965ccfc6d4b" outcome="Failed" testListId="8c84fa94-04c1-424b-9868-57a2d4851a1d" relativeResultsDirectory="f3c76b8c-b465-4e11-9996-540a0095091a">
      <Output>
        <ErrorInfo>
          <Message>Assert.AreEqual failed. Expected:&lt;(null)&gt;. Actual:&lt;IAS.DTO.ResponseService`1[System.Collections.Generic.List`1[IAS.DTO.LicenseTypet]]&gt;. </Message>
          <StackTrace>   at IAS.DataServices.Test.IExamServiceTest.GetLicenseListTest() in D:\[-PRO-]\IAS.DataServices.Test\ExamTest\IExamServiceTest.cs:line 560
</StackTrace>
        </ErrorInfo>
      </Output>
    </UnitTestResult>
    <UnitTestResult executionId="9798f80d-769f-4918-92c9-8e150239b96b" testId="669f0d5e-7f05-7f47-10d5-f753d1e80fcd" testName="getNamePaymentByTest" computerName="N-ARG-DEV-034" duration="00:00:00.0107214" startTime="2014-09-22T14:13:55.8112842+07:00" endTime="2014-09-22T14:13:55.8250304+07:00" testType="13cdc9d9-ddb5-4fa4-a97d-d965ccfc6d4b" outcome="Failed" testListId="8c84fa94-04c1-424b-9868-57a2d4851a1d" relativeResultsDirectory="9798f80d-769f-4918-92c9-8e150239b96b">
      <Output>
        <ErrorInfo>
          <Message>Assert.AreEqual failed. Expected:&lt;(null)&gt;. Actual:&lt;IAS.DTO.ResponseService`1[System.Data.DataSet]&gt;. </Message>
          <StackTrace>   at IAS.DataServices.Test.IPaymentServiceTest.getNamePaymentByTest() in D:\[-PRO-]\IAS.DataServices.Test\PaymentTest\IPaymentServiceTest.cs:line 1156
</StackTrace>
        </ErrorInfo>
      </Output>
    </UnitTestResult>
    <UnitTestResult executionId="3f986dc2-bc5c-47fa-8918-ef2493bc165e" testId="66f70cea-707e-5c9c-00f8-93e8f8a1f848" testName="Signature_ImgTest" computerName="N-ARG-DEV-034" duration="00:00:00.0321239" startTime="2014-09-22T14:13:55.8260300+07:00" endTime="2014-09-22T14:13:55.8604899+07:00" testType="13cdc9d9-ddb5-4fa4-a97d-d965ccfc6d4b" outcome="Failed" testListId="8c84fa94-04c1-424b-9868-57a2d4851a1d" relativeResultsDirectory="3f986dc2-bc5c-47fa-8918-ef2493bc165e">
      <Output>
        <ErrorInfo>
          <Message>Test method IAS.DataServices.Test.IPaymentServiceTest.Signature_ImgTest threw exception: 
System.IO.IOException: The network name cannot be found.
</Message>
          <StackTrace>    at System.IO.__Error.WinIOError(Int32 errorCode, String maybeFullPath)
   at System.IO.FileStream.Init(String path, FileMode mode, FileAccess access, Int32 rights, Boolean useRights, FileShare share, Int32 bufferSize, FileOptions options, SECURITY_ATTRIBUTES secAttrs, String msgPath, Boolean bFromProxy, Boolean useLongPath, Boolean checkHost)
   at System.IO.FileStream..ctor(String path, FileMode mode, FileAccess access, FileShare share, Int32 bufferSize, FileOptions options, String msgPath, Boolean bFromProxy)
   at System.IO.FileStream..ctor(String path, FileMode mode)
   at IAS.DataServices.Payment.PaymentService.Signature_Img(String ImgPath) in D:\[-PRO-]\WebService\IAS.DataServices\Payment\PaymentService.svc.cs:line 5971
   at IAS.DataServices.Test.IPaymentServiceTest.Signature_ImgTest() in D:\[-PRO-]\IAS.DataServices.Test\PaymentTest\IPaymentServiceTest.cs:line 1019
</StackTrace>
        </ErrorInfo>
      </Output>
    </UnitTestResult>
    <UnitTestResult executionId="d0c94675-aada-4de2-946a-2f77835bec3d" testId="67364603-b1a9-aa6b-36ce-8896a5ccf935" testName="SetPersonTempTest" computerName="N-ARG-DEV-034" duration="00:00:00.0084417" startTime="2014-09-22T14:13:55.8614908+07:00" endTime="2014-09-22T14:13:55.8714975+07:00" testType="13cdc9d9-ddb5-4fa4-a97d-d965ccfc6d4b" outcome="Failed" testListId="8c84fa94-04c1-424b-9868-57a2d4851a1d" relativeResultsDirectory="d0c94675-aada-4de2-946a-2f77835bec3d">
      <Output>
        <ErrorInfo>
          <Message>Test method IAS.DataServices.Test.IPersonServiceTest.SetPersonTempTest threw exception: 
System.NullReferenceException: Object reference not set to an instance of an object.</Message>
          <StackTrace>    at IAS.DataServices.Person.PersonService.SetPersonTemp(PersonTemp tmpPerson, List`1 tmpFiles) in D:\[-PRO-]\WebService\IAS.DataServices\Person\PersonService.svc.cs:line 423
   at IAS.DataServices.Test.IPersonServiceTest.SetPersonTempTest() in D:\[-PRO-]\IAS.DataServices.Test\PersonTest\IPersonServiceTest.cs:line 596
</StackTrace>
        </ErrorInfo>
      </Output>
    </UnitTestResult>
    <UnitTestResult executionId="7a073ee8-17ae-4621-916d-8e6584f28fa5" testId="67408b6c-ca88-782d-f579-86683367cc81" testName="SetSubGroupTest" computerName="N-ARG-DEV-034" duration="00:00:00.0224022" startTime="2014-09-22T14:13:55.8724983+07:00" endTime="2014-09-22T14:13:55.8972311+07:00" testType="13cdc9d9-ddb5-4fa4-a97d-d965ccfc6d4b" outcome="Failed" testListId="8c84fa94-04c1-424b-9868-57a2d4851a1d" relativeResultsDirectory="7a073ee8-17ae-4621-916d-8e6584f28fa5">
      <Output>
        <ErrorInfo>
          <Message>Test method IAS.DataServices.Test.IPaymentServiceTest.SetSubGroupTest threw exception: 
System.NullReferenceException: Object reference not set to an instance of an object.</Message>
          <StackTrace>    at IAS.DataServices.Payment.PaymentService.SetSubGroupSingle(List`1 subGroups, String userId, String compCode, String&amp; groupHeaderNo, String typeUser) in D:\[-PRO-]\WebService\IAS.DataServices\Payment\PaymentService.svc.cs:line 419
   at IAS.DataServices.Payment.PaymentService.SetSubGroup(List`1 subGroups, String userId, String compCode, String typeUser) in D:\[-PRO-]\WebService\IAS.DataServices\Payment\PaymentService.svc.cs:line 409
   at IAS.DataServices.Test.IPaymentServiceTest.SetSubGroupTest() in D:\[-PRO-]\IAS.DataServices.Test\PaymentTest\IPaymentServiceTest.cs:line 978
</StackTrace>
        </ErrorInfo>
      </Output>
    </UnitTestResult>
    <UnitTestResult executionId="882d8200-a02e-4f60-9e14-7ab9549b7358" testId="68532a04-6112-ed9f-5ce1-9b8b6ff51e08" testName="CodedUITestMethod1" computerName="N-ARG-DEV-034" duration="00:00:03.4855306" startTime="2014-09-22T14:13:55.8982320+07:00" endTime="2014-09-22T14:13:59.5425582+07:00" testType="13cdc9d9-ddb5-4fa4-a97d-d965ccfc6d4b" outcome="Passed" testListId="8c84fa94-04c1-424b-9868-57a2d4851a1d" relativeResultsDirectory="882d8200-a02e-4f60-9e14-7ab9549b7358">
    </UnitTestResult>
    <UnitTestResult executionId="9e4be4f8-0160-446f-8879-c81da353efc1" testId="685335d2-bc66-6c85-1860-eabf4e2a71ef" testName="GetPersonalDetailByIDCardTest" computerName="N-ARG-DEV-034" duration="00:00:00.3048140" startTime="2014-09-22T14:13:59.5435595+07:00" endTime="2014-09-22T14:13:59.8501027+07:00" testType="13cdc9d9-ddb5-4fa4-a97d-d965ccfc6d4b" outcome="Failed" testListId="8c84fa94-04c1-424b-9868-57a2d4851a1d" relativeResultsDirectory="9e4be4f8-0160-446f-8879-c81da353efc1">
      <Output>
        <ErrorInfo>
          <Message>Test method IAS.DataServiceTest.RegistationServiceTest.GetPersonalDetailByIDCardTest threw exception: 
System.TypeInitializationException: The type initializer for 'IAS.DataServices.Registration.RegistationService' threw an exception. ---&gt; System.NullReferenceException: Object reference not set to an instance of an object.</Message>
          <StackTrace>    at IAS.DataServices.Registration.RegistationService..cctor() in D:\[-PRO-]\WebService\IAS.DataServices\Registration\RegistrationService.svc.cs:line 27
 --- End of inner exception stack trace ---
    at IAS.DataServices.Registration.RegistationService..ctor()
   at IAS.DataServiceTest.RegistationServiceTest.GetPersonalDetailByIDCardTest() in D:\[-PRO-]\IAS.DataServiceTest\RegistationServiceTest.cs:line 79
</StackTrace>
        </ErrorInfo>
      </Output>
    </UnitTestResult>
    <UnitTestResult executionId="48df7959-6bdd-487e-8c6f-b16e9ee1bb35" testId="6a3048ea-117a-9c27-8c98-6fcab51d9ac0" testName="TestInitailDataPromeUse" computerName="N-ARG-DEV-034" duration="00:00:00.0028342" startTime="2014-09-22T14:13:59.8521024+07:00" endTime="2014-09-22T14:13:59.8571059+07:00" testType="13cdc9d9-ddb5-4fa4-a97d-d965ccfc6d4b" outcome="Failed" testListId="8c84fa94-04c1-424b-9868-57a2d4851a1d" relativeResultsDirectory="48df7959-6bdd-487e-8c6f-b16e9ee1bb35">
      <Output>
        <ErrorInfo>
          <Message>Assert.AreEqual failed. Expected:&lt;0&gt;. Actual:&lt;2&gt;. </Message>
          <StackTrace>   at IAS.DataServiceTest.GenerateComposeLicenseRequestTest.TestInitailDataPromeUse() in D:\[-PRO-]\IAS.DataServiceTest\GenerateComposeLicenseRequestTest.cs:line 113
</StackTrace>
        </ErrorInfo>
      </Output>
    </UnitTestResult>
    <UnitTestResult executionId="b843a547-3f83-4666-b25f-da00ea34ad9a" testId="6a524b33-560e-6b23-ae8d-b08f78514cc9" testName="GetApplicantNoPaymentTest" computerName="N-ARG-DEV-034" duration="00:00:00.0827887" startTime="2014-09-22T14:13:59.8581068+07:00" endTime="2014-09-22T14:13:59.9431625+07:00" testType="13cdc9d9-ddb5-4fa4-a97d-d965ccfc6d4b" outcome="Failed" testListId="8c84fa94-04c1-424b-9868-57a2d4851a1d" relativeResultsDirectory="b843a547-3f83-4666-b25f-da00ea34ad9a">
      <Output>
        <ErrorInfo>
          <Message>Assert.AreEqual failed. Expected:&lt;(null)&gt;. Actual:&lt;IAS.DTO.ResponseService`1[System.Data.DataSet]&gt;. </Message>
          <StackTrace>   at IAS.DataServices.Test.PaymentServiceTest.GetApplicantNoPaymentTest() in D:\[-PRO-]\IAS.DataServices.Test\PaymentServiceTest.cs:line 253
</StackTrace>
        </ErrorInfo>
      </Output>
    </UnitTestResult>
    <UnitTestResult executionId="39140359-9810-4654-a64e-ba88beb77707" testId="6b7253cd-ac12-f0dd-2ce8-e24e3aed9dcd" testName="GetSubject_ListTest" computerName="N-ARG-DEV-034" duration="00:00:00.0183860" startTime="2014-09-22T14:13:59.9441638+07:00" endTime="2014-09-22T14:13:59.9641779+07:00" testType="13cdc9d9-ddb5-4fa4-a97d-d965ccfc6d4b" outcome="Failed" testListId="8c84fa94-04c1-424b-9868-57a2d4851a1d" relativeResultsDirectory="39140359-9810-4654-a64e-ba88beb77707">
      <Output>
        <ErrorInfo>
          <Message>Assert.AreEqual failed. Expected:&lt;(null)&gt;. Actual:&lt;IAS.DTO.ResponseService`1[System.Data.DataSet]&gt;. </Message>
          <StackTrace>   at IAS.DataServices.Test.IExamServiceTest.GetSubject_ListTest() in D:\[-PRO-]\IAS.DataServices.Test\ExamTest\IExamServiceTest.cs:line 613
</StackTrace>
        </ErrorInfo>
      </Output>
    </UnitTestResult>
    <UnitTestResult executionId="87826b6b-22ed-46d9-a8a9-e889537b7763" testId="6e661af5-eb0c-d3d2-3e09-8ab73a93b59b" testName="GetAllLicenseByIDCardTest1" computerName="N-ARG-DEV-034" duration="00:00:01.6110773" startTime="2014-09-22T14:13:59.9661784+07:00" endTime="2014-09-22T14:14:01.5811554+07:00" testType="13cdc9d9-ddb5-4fa4-a97d-d965ccfc6d4b" outcome="Failed" testListId="8c84fa94-04c1-424b-9868-57a2d4851a1d" relativeResultsDirectory="87826b6b-22ed-46d9-a8a9-e889537b7763">
      <Output>
        <ErrorInfo>
          <Message>Assert.AreEqual failed. Expected:&lt;(null)&gt;. Actual:&lt;IAS.DTO.ResponseService`1[System.Collections.Generic.List`1[IAS.DTO.PersonLicenseTransaction]]&gt;. </Message>
          <StackTrace>   at IAS.DataServices.Test.LicenseServiceTest.GetAllLicenseByIDCardTest1() in D:\[-PRO-]\IAS.DataServices.Test\LicenseServiceTest.cs:line 454
</StackTrace>
        </ErrorInfo>
      </Output>
    </UnitTestResult>
    <UnitTestResult executionId="fe7d2df1-4023-4570-a001-9c8d402052b0" testId="6e685cae-ea33-49d1-39f3-42a519f66862" testName="GetReportNumberPrintBillTest" computerName="N-ARG-DEV-034" duration="00:00:00.1463178" startTime="2014-09-22T14:14:01.5841584+07:00" endTime="2014-09-22T14:14:01.7369257+07:00" testType="13cdc9d9-ddb5-4fa4-a97d-d965ccfc6d4b" outcome="Failed" testListId="8c84fa94-04c1-424b-9868-57a2d4851a1d" relativeResultsDirectory="fe7d2df1-4023-4570-a001-9c8d402052b0">
      <Output>
        <ErrorInfo>
          <Message>Assert.AreEqual failed. Expected:&lt;(null)&gt;. Actual:&lt;IAS.DTO.ResponseService`1[System.Data.DataSet]&gt;. </Message>
          <StackTrace>   at IAS.DataServices.Test.IPaymentServiceTest.GetReportNumberPrintBillTest() in D:\[-PRO-]\IAS.DataServices.Test\PaymentTest\IPaymentServiceTest.cs:line 729
</StackTrace>
        </ErrorInfo>
      </Output>
    </UnitTestResult>
    <UnitTestResult executionId="dd5e5649-4ae6-4461-b1d8-c81cfd347aa2" testId="6ef3b947-97e7-2d54-940c-7176f92b5a56" testName="LicenseRevokedValidationTest" computerName="N-ARG-DEV-034" duration="00:00:00.5507199" startTime="2014-09-22T14:14:01.7379270+07:00" endTime="2014-09-22T14:14:02.2910929+07:00" testType="13cdc9d9-ddb5-4fa4-a97d-d965ccfc6d4b" outcome="Failed" testListId="8c84fa94-04c1-424b-9868-57a2d4851a1d" relativeResultsDirectory="dd5e5649-4ae6-4461-b1d8-c81cfd347aa2">
      <Output>
        <ErrorInfo>
          <Message>Assert.AreEqual failed. Expected:&lt;True&gt;. Actual:&lt;False&gt;. </Message>
          <StackTrace>   at IAS.DataServices.Test.LicenseServiceTest.LicenseRevokedValidationTest() in D:\[-PRO-]\IAS.DataServices.Test\LicenseServiceTest.cs:line 167
</StackTrace>
        </ErrorInfo>
      </Output>
    </UnitTestResult>
    <UnitTestResult executionId="e3ec10e8-f40b-448d-868b-b4d3d050ad6f" testId="707ab96a-bf2b-7a28-27d6-7e7ef15e4322" testName="GetSinglePaymentTest" computerName="N-ARG-DEV-034" duration="00:00:00.0057285" startTime="2014-09-22T14:14:02.2920938+07:00" endTime="2014-09-22T14:14:02.3000995+07:00" testType="13cdc9d9-ddb5-4fa4-a97d-d965ccfc6d4b" outcome="Failed" testListId="8c84fa94-04c1-424b-9868-57a2d4851a1d" relativeResultsDirectory="e3ec10e8-f40b-448d-868b-b4d3d050ad6f">
      <Output>
        <ErrorInfo>
          <Message>Test method IAS.DataServices.Test.IPaymentServiceTest.GetSinglePaymentTest threw exception: 
System.NullReferenceException: Object reference not set to an instance of an object.</Message>
          <StackTrace>    at IAS.DataServices.Payment.PaymentService.GetSinglePayment(String compCode, Nullable`1 startDate, Nullable`1 toDate, String paymentCode, Nullable`1 startExamDate, Nullable`1 EndExamDate, String licenseType, String testingNo, String para, Int32 pageNo, Int32 recordPerPage, String Totalrecoad) in D:\[-PRO-]\WebService\IAS.DataServices\Payment\PaymentService.svc.cs:line 1615
   at IAS.DataServices.Test.IPaymentServiceTest.GetSinglePaymentTest() in D:\[-PRO-]\IAS.DataServices.Test\PaymentTest\IPaymentServiceTest.cs:line 757
</StackTrace>
        </ErrorInfo>
      </Output>
    </UnitTestResult>
    <UnitTestResult executionId="3ffe1a27-e875-48ae-bb74-cc896419c345" testId="70e7121a-5ffa-c52c-05fa-12360a058ed4" testName="GetRenewLicneseByIdCard" computerName="N-ARG-DEV-034" duration="00:00:04.4636740" startTime="2014-09-22T14:14:02.3011000+07:00" endTime="2014-09-22T14:14:06.7674527+07:00" testType="13cdc9d9-ddb5-4fa4-a97d-d965ccfc6d4b" outcome="Failed" testListId="8c84fa94-04c1-424b-9868-57a2d4851a1d" relativeResultsDirectory="3ffe1a27-e875-48ae-bb74-cc896419c345">
      <Output>
        <ErrorInfo>
          <Message>Assert.AreEqual failed. Expected:&lt;(null)&gt;. Actual:&lt;IAS.DTO.ResponseService`1[System.Collections.Generic.List`1[IAS.DTO.PersonLicenseTransaction]]&gt;. </Message>
          <StackTrace>   at IAS.DataServices.Test.LicenseServiceTest.GetRenewLicneseByIdCard() in D:\[-PRO-]\IAS.DataServices.Test\LicenseServiceTest.cs:line 194
</StackTrace>
        </ErrorInfo>
      </Output>
    </UnitTestResult>
    <UnitTestResult executionId="4f3a7e85-9393-4f34-8c6d-226a1eb2cc6d" testId="71101bc9-174b-1138-9a64-908a069120d2" testName="AccountInFinance_WhereTest" computerName="N-ARG-DEV-034" duration="00:00:09.0772026" startTime="2014-09-22T14:14:06.7694537+07:00" endTime="2014-09-22T14:14:15.8516069+07:00" testType="13cdc9d9-ddb5-4fa4-a97d-d965ccfc6d4b" outcome="Failed" testListId="8c84fa94-04c1-424b-9868-57a2d4851a1d" relativeResultsDirectory="4f3a7e85-9393-4f34-8c6d-226a1eb2cc6d">
      <Output>
        <ErrorInfo>
          <Message>Test method IAS.DataServiceTest.FinanceAccountTest.AccountInFinance_WhereTest threw exception: 
System.Data.EntityException: The underlying provider failed on Open. ---&gt; Oracle.DataAccess.Client.OracleException: ORA-12154: TNS:could not resolve the connect identifier specified</Message>
          <StackTrace>    at Oracle.DataAccess.Client.OracleException.HandleErrorHelper(Int32 errCode, OracleConnection conn, IntPtr opsErrCtx, OpoSqlValCtx* pOpoSqlValCtx, Object src, String procedure, Boolean bCheck)
   at Oracle.DataAccess.Client.OracleException.HandleError(Int32 errCode, OracleConnection conn, IntPtr opsErrCtx, Object src)
   at Oracle.DataAccess.Client.OracleConnection.Open()
   at System.Data.EntityClient.EntityConnection.OpenStoreConnectionIf(Boolean openCondition, DbConnection storeConnectionToOpen, DbConnection originalConnection, String exceptionCode, String attemptedOperation, Boolean&amp; closeStoreConnectionOnFailure)
 --- End of inner exception stack trace ---
    at System.Data.EntityClient.EntityConnection.OpenStoreConnectionIf(Boolean openCondition, DbConnection storeConnectionToOpen, DbConnection originalConnection, String exceptionCode, String attemptedOperation, Boolean&amp; closeStoreConnectionOnFailure)
   at System.Data.EntityClient.EntityConnection.Open()
   at System.Data.Objects.ObjectContext.EnsureConnection()
   at System.Data.Objects.ObjectQuery`1.GetResults(Nullable`1 forMergeOption)
   at System.Data.Objects.ObjectQuery`1.System.Collections.Generic.IEnumerable&lt;T&gt;.GetEnumerator()
   at System.Linq.Enumerable.SingleOrDefault[TSource](IEnumerable`1 source)
   at System.Data.Objects.ELinq.ObjectQueryProvider.&lt;GetElementFunction&gt;b__2[TResult](IEnumerable`1 sequence)
   at System.Data.Objects.ELinq.ObjectQueryProvider.ExecuteSingle[TResult](IEnumerable`1 query, Expression queryRoot)
   at System.Data.Objects.ELinq.ObjectQueryProvider.System.Linq.IQueryProvider.Execute[S](Expression expression)
   at System.Linq.Queryable.SingleOrDefault[TSource](IQueryable`1 source, Expression`1 predicate)
   at IAS.DataServiceTest.FinanceAccountTest.AccountInFinance_WhereTest() in D:\[-PRO-]\IAS.DataServiceTest\FinanceAccountTest.cs:line 18
</StackTrace>
        </ErrorInfo>
      </Output>
    </UnitTestResult>
    <UnitTestResult executionId="29c1c492-271b-43f3-8ae0-c7e6d502682e" testId="71c85e39-2b22-5ae3-f017-6fc5fa3c70b0" testName="Zip_PrintDownloadCountTest" computerName="N-ARG-DEV-034" duration="00:00:00.0048865" startTime="2014-09-22T14:14:15.8526065+07:00" endTime="2014-09-22T14:14:15.8606127+07:00" testType="13cdc9d9-ddb5-4fa4-a97d-d965ccfc6d4b" outcome="Failed" testListId="8c84fa94-04c1-424b-9868-57a2d4851a1d" relativeResultsDirectory="29c1c492-271b-43f3-8ae0-c7e6d502682e">
      <Output>
        <ErrorInfo>
          <Message>Test method IAS.DataServices.Test.IPaymentServiceTest.Zip_PrintDownloadCountTest threw exception: 
System.NullReferenceException: Object reference not set to an instance of an object.</Message>
          <StackTrace>    at IAS.DataServices.Payment.PaymentService.Zip_PrintDownloadCount(String[] rcvPath, String EventZip, String id_card, String createby) in D:\[-PRO-]\WebService\IAS.DataServices\Payment\PaymentService.svc.cs:line 3459
   at IAS.DataServices.Test.IPaymentServiceTest.Zip_PrintDownloadCountTest() in D:\[-PRO-]\IAS.DataServices.Test\PaymentTest\IPaymentServiceTest.cs:line 1098
</StackTrace>
        </ErrorInfo>
      </Output>
    </UnitTestResult>
    <UnitTestResult executionId="1fbb6301-13b2-4ca8-adff-73d097ba3869" testId="7223cede-90fd-ecd3-9657-5cfbf10535e5" testName="InsertAndCheckExamResultUploadTest" computerName="N-ARG-DEV-034" duration="00:00:00.0957914" startTime="2014-09-22T14:14:15.8616123+07:00" endTime="2014-09-22T14:14:15.9599811+07:00" testType="13cdc9d9-ddb5-4fa4-a97d-d965ccfc6d4b" outcome="Failed" testListId="8c84fa94-04c1-424b-9868-57a2d4851a1d" relativeResultsDirectory="1fbb6301-13b2-4ca8-adff-73d097ba3869">
      <Output>
        <ErrorInfo>
          <Message>Test method IAS.DataServices.Test.ExamServiceTest.InsertAndCheckExamResultUploadTest threw exception: 
System.NullReferenceException: Object reference not set to an instance of an object.</Message>
          <StackTrace>    at IAS.DataServices.Exam.ExamService.ReadFileUpload(String fileData) in D:\[-PRO-]\WebService\IAS.DataServices\Exam\ExamService.svc.cs:line 827
   at IAS.DataServices.Exam.ExamService.InsertAndCheckExamResultUpload(String fileName, String userId, String Default_TESTING_NO) in D:\[-PRO-]\WebService\IAS.DataServices\Exam\ExamService.svc.cs:line 910
   at IAS.DataServices.Test.ExamServiceTest.InsertAndCheckExamResultUploadTest() in D:\[-PRO-]\IAS.DataServices.Test\ExamServiceTest.cs:line 117
</StackTrace>
        </ErrorInfo>
      </Output>
    </UnitTestResult>
    <UnitTestResult executionId="e25c2720-0d24-438d-b188-bd740d8dae58" testId="730d8be0-5300-28aa-e422-24cae39d8197" testName="InsertAndCheckExamResultUploadTest" computerName="N-ARG-DEV-034" duration="00:00:00.0001211" startTime="2014-09-22T14:14:15.9609828+07:00" endTime="2014-09-22T14:14:15.9639842+07:00" testType="13cdc9d9-ddb5-4fa4-a97d-d965ccfc6d4b" outcome="Passed" testListId="8c84fa94-04c1-424b-9868-57a2d4851a1d" relativeResultsDirectory="e25c2720-0d24-438d-b188-bd740d8dae58">
    </UnitTestResult>
    <UnitTestResult executionId="3dab408a-7148-4c7d-945e-eb2d3d445684" testId="741d43f8-ea39-3768-ce5f-d6374f290868" testName="GetAttatchFilesByRegisterationNoTest" computerName="N-ARG-DEV-034" duration="00:00:00.0067175" startTime="2014-09-22T14:14:15.9970064+07:00" endTime="2014-09-22T14:14:16.0060134+07:00" testType="13cdc9d9-ddb5-4fa4-a97d-d965ccfc6d4b" outcome="Failed" testListId="8c84fa94-04c1-424b-9868-57a2d4851a1d" relativeResultsDirectory="3dab408a-7148-4c7d-945e-eb2d3d445684">
      <Output>
        <ErrorInfo>
          <Message>Assert.AreEqual failed. Expected:&lt;(null)&gt;. Actual:&lt;IAS.DTO.ResponseService`1[System.Collections.Generic.IList`1[IAS.DTO.RegistrationAttatchFile]]&gt;. </Message>
          <StackTrace>   at IAS.DataServices.Test.IRegistrationServiceTest.GetAttatchFilesByRegisterationNoTest() in D:\[-PRO-]\IAS.DataServices.Test\RegistrationTest\IRegistrationServiceTest.cs:line 200
</StackTrace>
        </ErrorInfo>
      </Output>
    </UnitTestResult>
    <UnitTestResult executionId="24504d5b-ea3c-4405-acaa-46094d8fc092" testId="75082207-4c45-47d8-ab69-ff883ac8ddd8" testName="TestSelect_PaymentRequestLicense_From_MockData" computerName="N-ARG-DEV-034" duration="00:00:00.2332373" startTime="2014-09-22T14:14:16.0070126+07:00" endTime="2014-09-22T14:14:16.2434747+07:00" testType="13cdc9d9-ddb5-4fa4-a97d-d965ccfc6d4b" outcome="Failed" testListId="8c84fa94-04c1-424b-9868-57a2d4851a1d" relativeResultsDirectory="24504d5b-ea3c-4405-acaa-46094d8fc092">
      <Output>
        <ErrorInfo>
          <Message>Test method IAS.DataServiceTest.GenerateComposeLicenseRequestTest.TestSelect_PaymentRequestLicense_From_MockData threw exception: 
System.IO.IOException: The username or password is incorrect.
</Message>
          <StackTrace>    at System.IO.__Error.WinIOError(Int32 errorCode, String maybeFullPath)
   at System.IO.Directory.InternalCreateDirectory(String fullPath, String path, Object dirSecurityObj, Boolean checkHost)
   at System.IO.DirectoryInfo.Create()
   at IAS.DataServiceTest.GenerateComposeLicenseRequestTest.CreateDirectory(String path, String folderName, Int16 num) in D:\[-PRO-]\IAS.DataServiceTest\GenerateComposeLicenseRequestTest.cs:line 368
   at IAS.DataServiceTest.GenerateComposeLicenseRequestTest.TestSelect_PaymentRequestLicense_From_MockData() in D:\[-PRO-]\IAS.DataServiceTest\GenerateComposeLicenseRequestTest.cs:line 224
</StackTrace>
        </ErrorInfo>
      </Output>
    </UnitTestResult>
    <UnitTestResult executionId="8a862d27-b475-4586-808d-ed5595c2a1ff" testId="758185ac-1720-ec32-bb7a-b6769ca307f5" testName="GetAttatchFileByPersonIdTest" computerName="N-ARG-DEV-034" duration="00:00:00.0037727" startTime="2014-09-22T14:14:16.2444747+07:00" endTime="2014-09-22T14:14:16.2504804+07:00" testType="13cdc9d9-ddb5-4fa4-a97d-d965ccfc6d4b" outcome="Failed" testListId="8c84fa94-04c1-424b-9868-57a2d4851a1d" relativeResultsDirectory="8a862d27-b475-4586-808d-ed5595c2a1ff">
      <Output>
        <ErrorInfo>
          <Message>Assert.AreEqual failed. Expected:&lt;(null)&gt;. Actual:&lt;IAS.DTO.ResponseService`1[System.Collections.Generic.List`1[IAS.DTO.PersonAttatchFile]]&gt;. </Message>
          <StackTrace>   at IAS.DataServices.Test.IPersonServiceTest.GetAttatchFileByPersonIdTest() in D:\[-PRO-]\IAS.DataServices.Test\PersonTest\IPersonServiceTest.cs:line 189
</StackTrace>
        </ErrorInfo>
      </Output>
    </UnitTestResult>
    <UnitTestResult executionId="3e546c88-e42b-4ab6-b567-093bf9c2cdfa" testId="763fd23b-f2d4-b85b-ed67-7a7c646ccb54" testName="GetApplicantByCriteriaTest" computerName="N-ARG-DEV-034" duration="00:00:00.0091728" startTime="2014-09-22T14:14:16.2514796+07:00" endTime="2014-09-22T14:14:16.2622478+07:00" testType="13cdc9d9-ddb5-4fa4-a97d-d965ccfc6d4b" outcome="Failed" testListId="8c84fa94-04c1-424b-9868-57a2d4851a1d" relativeResultsDirectory="3e546c88-e42b-4ab6-b567-093bf9c2cdfa">
      <Output>
        <ErrorInfo>
          <Message>Test method IAS.DataServices.Test.IApplicantServiceTest.GetApplicantByCriteriaTest threw exception: 
System.NullReferenceException: Object reference not set to an instance of an object.</Message>
          <StackTrace>    at IAS.DataServices.Applicant.ApplicantService.GetApplicantByCriteria(RegistrationType userRegType, String compCode, String idCard, String testingNo, String firstName, String lastName, Nullable`1 startDate, Nullable`1 toDate, String paymentNo, String billNo, Int32 pageNo, Int32 recordPerPage, Boolean Count, String license, String time, String examPlaceGroupCode, String examPlaceCode, String chequeNo, String examResult, Nullable`1 startCandidates, Nullable`1 endCandidates) in D:\[-PRO-]\WebService\IAS.DataServices\Applicant\ApplicantService.svc.cs:line 2853
   at IAS.DataServices.Test.IApplicantServiceTest.GetApplicantByCriteriaTest() in D:\[-PRO-]\IAS.DataServices.Test\ApplicantTest\IApplicantServiceTest.cs:line 149
</StackTrace>
        </ErrorInfo>
      </Output>
    </UnitTestResult>
    <UnitTestResult executionId="56ee2567-8fd7-4773-ac99-fdd5d7e596ca" testId="77ef5ffd-ddfe-afbe-7b91-4afc227f287d" testName="GetExamRoomByTestingNoforManageTest" computerName="N-ARG-DEV-034" duration="00:00:06.1059647" startTime="2014-09-22T14:14:16.2632475+07:00" endTime="2014-09-22T14:14:22.3722633+07:00" testType="13cdc9d9-ddb5-4fa4-a97d-d965ccfc6d4b" outcome="Failed" testListId="8c84fa94-04c1-424b-9868-57a2d4851a1d" relativeResultsDirectory="56ee2567-8fd7-4773-ac99-fdd5d7e596ca">
      <Output>
        <ErrorInfo>
          <Message>Assert.AreEqual failed. Expected:&lt;(null)&gt;. Actual:&lt;IAS.DTO.ResponseService`1[System.Collections.Generic.List`1[IAS.DTO.DataItem]]&gt;. </Message>
          <StackTrace>   at IAS.DataServices.Test.ApplicantServiceTest.GetExamRoomByTestingNoforManageTest() in D:\[-PRO-]\IAS.DataServices.Test\ApplicantServiceTest.cs:line 220
</StackTrace>
        </ErrorInfo>
      </Output>
    </UnitTestResult>
    <UnitTestResult executionId="71f12f05-e49a-4d13-9402-acd8b3dca6e9" testId="7801fab5-f2a2-85e8-fb8d-94012e60fe88" testName="GetRcvHisDetailTest" computerName="N-ARG-DEV-034" duration="00:00:00.0539284" startTime="2014-09-22T14:14:22.3732642+07:00" endTime="2014-09-22T14:14:22.4293011+07:00" testType="13cdc9d9-ddb5-4fa4-a97d-d965ccfc6d4b" outcome="Failed" testListId="8c84fa94-04c1-424b-9868-57a2d4851a1d" relativeResultsDirectory="71f12f05-e49a-4d13-9402-acd8b3dca6e9">
      <Output>
        <ErrorInfo>
          <Message>Test method IAS.DataServices.Test.IPaymentServiceTest.GetRcvHisDetailTest threw exception: 
System.NullReferenceException: Object reference not set to an instance of an object.</Message>
          <StackTrace>    at IAS.DataServices.Payment.PaymentService.GetRcvHisDetail(String RcvId, String EventCode, String st_num, String en_num) in D:\[-PRO-]\WebService\IAS.DataServices\Payment\PaymentService.svc.cs:line 6185
   at IAS.DataServices.Test.IPaymentServiceTest.GetRcvHisDetailTest() in D:\[-PRO-]\IAS.DataServices.Test\PaymentTest\IPaymentServiceTest.cs:line 704
</StackTrace>
        </ErrorInfo>
      </Output>
    </UnitTestResult>
    <UnitTestResult executionId="e09755f4-1053-496d-aefb-694c5030135c" testId="78362feb-ddbb-8a48-6e69-ff3bc3a30cbe" testName="PlusPrintDownloadCountTest" computerName="N-ARG-DEV-034" duration="00:00:00.0051020" startTime="2014-09-22T14:14:22.4313025+07:00" endTime="2014-09-22T14:14:22.4393078+07:00" testType="13cdc9d9-ddb5-4fa4-a97d-d965ccfc6d4b" outcome="Failed" testListId="8c84fa94-04c1-424b-9868-57a2d4851a1d" relativeResultsDirectory="e09755f4-1053-496d-aefb-694c5030135c">
      <Output>
        <ErrorInfo>
          <Message>Test method IAS.DataServices.Test.IPaymentServiceTest.PlusPrintDownloadCountTest threw exception: 
System.NullReferenceException: Object reference not set to an instance of an object.</Message>
          <StackTrace>    at IAS.DataServices.Payment.PaymentService.PlusPrintDownloadCount(List`1 subPaymentDetail) in D:\[-PRO-]\WebService\IAS.DataServices\Payment\PaymentService.svc.cs:line 3315
   at IAS.DataServices.Test.IPaymentServiceTest.PlusPrintDownloadCountTest() in D:\[-PRO-]\IAS.DataServices.Test\PaymentTest\IPaymentServiceTest.cs:line 937
</StackTrace>
        </ErrorInfo>
      </Output>
    </UnitTestResult>
    <UnitTestResult executionId="e5a5e9c6-58a3-4467-a340-b5389e4364ee" testId="789d94cc-ec89-0fe6-e5f3-58c59d03169d" testName="GetExamResultUploadByGroupIdTest" computerName="N-ARG-DEV-034" duration="00:00:00.0059251" startTime="2014-09-22T14:14:22.4413087+07:00" endTime="2014-09-22T14:14:22.4493153+07:00" testType="13cdc9d9-ddb5-4fa4-a97d-d965ccfc6d4b" outcome="Failed" testListId="8c84fa94-04c1-424b-9868-57a2d4851a1d" relativeResultsDirectory="e5a5e9c6-58a3-4467-a340-b5389e4364ee">
      <Output>
        <ErrorInfo>
          <Message>Assert.AreEqual failed. Expected:&lt;(null)&gt;. Actual:&lt;IAS.DTO.ResponseService`1[IAS.DTO.UploadResult`2[IAS.DTO.UploadHeader,IAS.DTO.ExamResultTemp]]&gt;. </Message>
          <StackTrace>   at IAS.DataServices.Test.IExamServiceTest.GetExamResultUploadByGroupIdTest() in D:\[-PRO-]\IAS.DataServices.Test\ExamTest\IExamServiceTest.cs:line 488
</StackTrace>
        </ErrorInfo>
      </Output>
    </UnitTestResult>
    <UnitTestResult executionId="a3547635-7f57-4bd2-a1ab-109c2e12c9f2" testId="79f4275e-6b07-0262-6c88-366f9f974a13" testName="GetCompanyNameByIdToTextTest" computerName="N-ARG-DEV-034" startTime="2014-09-22T14:14:22.8601738+07:00" endTime="2014-09-22T14:14:23.1832676+07:00" testType="13cdc9d9-ddb5-4fa4-a97d-d965ccfc6d4b" outcome="Failed" testListId="8c84fa94-04c1-424b-9868-57a2d4851a1d" relativeResultsDirectory="a3547635-7f57-4bd2-a1ab-109c2e12c9f2">
      <Output>
        <ErrorInfo>
          <Message>The Web site path 'D:\AIS_NEW_NEW_NEW\WebService\IAS.DataServices' does not exist. Tests configured to run in ASP.NET Development Server must specify a valid path to the Web site. Correct the AspNetDevelopmentServerHost attribute for the test. For more information about ASP.NET unit tests, see "How to: Create an ASP.NET Unit Test" (http://go.microsoft.com/fwlink/?LinkId=62608) and "Testing Web Services" (http://go.microsoft.com/fwlink/?LinkId=62609) in the MSDN Library.</Message>
        </ErrorInfo>
      </Output>
    </UnitTestResult>
    <UnitTestResult executionId="74239fd6-8e88-40af-afd1-e26cdafae458" testId="7a60701a-03be-9b92-699b-a17ff1b339c9" testName="GetSpecialDocTypeTest" computerName="N-ARG-DEV-034" duration="00:00:00.0117325" startTime="2014-09-22T14:14:23.1862694+07:00" endTime="2014-09-22T14:14:23.2022796+07:00" testType="13cdc9d9-ddb5-4fa4-a97d-d965ccfc6d4b" outcome="Failed" testListId="8c84fa94-04c1-424b-9868-57a2d4851a1d" relativeResultsDirectory="74239fd6-8e88-40af-afd1-e26cdafae458">
      <Output>
        <ErrorInfo>
          <Message>Assert.AreEqual failed. Expected:&lt;(null)&gt;. Actual:&lt;IAS.DTO.ResponseService`1[System.Collections.Generic.List`1[IAS.DTO.SpecialDocument]]&gt;. </Message>
          <StackTrace>   at IAS.DataServices.Test.DataCenterServiceTest.GetSpecialDocTypeTest() in D:\[-PRO-]\IAS.DataServices.Test\DataCenterServiceTest.cs:line 104
</StackTrace>
        </ErrorInfo>
      </Output>
    </UnitTestResult>
    <UnitTestResult executionId="9d567ec4-bbdc-4d63-b355-5afc46340d89" testId="7c3f6a9d-e55f-46eb-8f9d-1befc067dae2" testName="GenPaymentNumberTableTest" computerName="N-ARG-DEV-034" duration="00:00:00.0163620" startTime="2014-09-22T14:14:23.2032809+07:00" endTime="2014-09-22T14:14:23.2212938+07:00" testType="13cdc9d9-ddb5-4fa4-a97d-d965ccfc6d4b" outcome="Failed" testListId="8c84fa94-04c1-424b-9868-57a2d4851a1d" relativeResultsDirectory="9d567ec4-bbdc-4d63-b355-5afc46340d89">
      <Output>
        <ErrorInfo>
          <Message>Assert.AreEqual failed. Expected:&lt;(null)&gt;. Actual:&lt;IAS.DTO.ResponseService`1[System.Data.DataSet]&gt;. </Message>
          <StackTrace>   at IAS.DataServices.Test.IPaymentServiceTest.GenPaymentNumberTableTest() in D:\[-PRO-]\IAS.DataServices.Test\PaymentTest\IPaymentServiceTest.cs:line 241
</StackTrace>
        </ErrorInfo>
      </Output>
    </UnitTestResult>
    <UnitTestResult executionId="066e416a-ac67-4e1a-b84e-5004b41eb3ce" testId="7ed60232-b82b-7192-5cbe-9cd14c7ff10f" testName="GetLicenseConfigByPetitionTest" computerName="N-ARG-DEV-034" duration="00:00:00.0523565" startTime="2014-09-22T14:14:23.2222934+07:00" endTime="2014-09-22T14:14:23.2773311+07:00" testType="13cdc9d9-ddb5-4fa4-a97d-d965ccfc6d4b" outcome="Failed" testListId="8c84fa94-04c1-424b-9868-57a2d4851a1d" relativeResultsDirectory="066e416a-ac67-4e1a-b84e-5004b41eb3ce">
      <Output>
        <ErrorInfo>
          <Message>Assert.AreEqual failed. Expected:&lt;(null)&gt;. Actual:&lt;IAS.DTO.ResponseService`1[System.Collections.Generic.List`1[IAS.DTO.ConfigDocument]]&gt;. </Message>
          <StackTrace>   at IAS.DataServices.Test.LicenseServiceTest.GetLicenseConfigByPetitionTest() in D:\[-PRO-]\IAS.DataServices.Test\LicenseServiceTest.cs:line 256
</StackTrace>
        </ErrorInfo>
      </Output>
    </UnitTestResult>
    <UnitTestResult executionId="b7eefa9a-d418-43de-b67f-af4951bb5ef1" testId="803dc5c7-5e99-a0d5-1be7-b344c74eab8b" testName="InsertSingleApplicantTest" computerName="N-ARG-DEV-034" duration="00:00:25.0032534" startTime="2014-09-22T14:14:23.2803321+07:00" endTime="2014-09-22T14:14:48.2862318+07:00" testType="13cdc9d9-ddb5-4fa4-a97d-d965ccfc6d4b" outcome="Failed" testListId="8c84fa94-04c1-424b-9868-57a2d4851a1d" relativeResultsDirectory="b7eefa9a-d418-43de-b67f-af4951bb5ef1">
      <Output>
        <ErrorInfo>
          <Message>Assert.AreEqual failed. Expected:&lt;999999570500000865&gt;. Actual:&lt;999999570900001376&gt;. </Message>
          <StackTrace>   at IAS.DataServices.Test.ApplicantServiceTest.InsertSingleApplicantTest() in D:\[-PRO-]\IAS.DataServices.Test\ApplicantServiceTest.cs:line 108
</StackTrace>
        </ErrorInfo>
      </Output>
    </UnitTestResult>
    <UnitTestResult executionId="e9f4854b-7b42-459a-ac5f-1d84c66fa377" testId="80e7863e-5ffe-c3cd-cd16-f07a5b1559ac" testName="TestMethod1" computerName="N-ARG-DEV-034" duration="00:00:00.0010608" startTime="2014-09-22T14:14:48.2892348+07:00" endTime="2014-09-22T14:14:48.2922362+07:00" testType="13cdc9d9-ddb5-4fa4-a97d-d965ccfc6d4b" outcome="Passed" testListId="8c84fa94-04c1-424b-9868-57a2d4851a1d" relativeResultsDirectory="e9f4854b-7b42-459a-ac5f-1d84c66fa377">
    </UnitTestResult>
    <UnitTestResult executionId="bbccd16b-53e5-4fa4-8365-b14d8f7e782c" testId="810cf42c-d2a3-bdea-fa2f-d39d9edba95e" testName="TestSelect_PaymentRequestLicense_From_DAL" computerName="N-ARG-DEV-034" duration="00:00:00.1821571" startTime="2014-09-22T14:14:48.2932379+07:00" endTime="2014-09-22T14:14:48.4783615+07:00" testType="13cdc9d9-ddb5-4fa4-a97d-d965ccfc6d4b" outcome="Failed" testListId="8c84fa94-04c1-424b-9868-57a2d4851a1d" relativeResultsDirectory="bbccd16b-53e5-4fa4-8365-b14d8f7e782c">
      <Output>
        <ErrorInfo>
          <Message>Test method IAS.DataServiceTest.GenerateComposeLicenseRequestTest.TestSelect_PaymentRequestLicense_From_DAL threw exception: 
System.IO.IOException: The username or password is incorrect.
</Message>
          <StackTrace>    at System.IO.__Error.WinIOError(Int32 errorCode, String maybeFullPath)
   at System.IO.Directory.InternalCreateDirectory(String fullPath, String path, Object dirSecurityObj, Boolean checkHost)
   at System.IO.DirectoryInfo.Create()
   at IAS.DataServiceTest.GenerateComposeLicenseRequestTest.CreateDirectory(String path, String folderName, Int16 num) in D:\[-PRO-]\IAS.DataServiceTest\GenerateComposeLicenseRequestTest.cs:line 368
   at IAS.DataServiceTest.GenerateComposeLicenseRequestTest.TestSelect_PaymentRequestLicense_From_DAL() in D:\[-PRO-]\IAS.DataServiceTest\GenerateComposeLicenseRequestTest.cs:line 132
</StackTrace>
        </ErrorInfo>
      </Output>
    </UnitTestResult>
    <UnitTestResult executionId="753458b2-3ca9-42be-a747-34b78d3a820b" testId="810d7f6a-b98f-7242-2073-92bc5597ea82" testName="CreateReferanceNumberTest" computerName="N-ARG-DEV-034" duration="00:00:00.0114045" startTime="2014-09-22T14:14:48.4793612+07:00" endTime="2014-09-22T14:14:48.4943710+07:00" testType="13cdc9d9-ddb5-4fa4-a97d-d965ccfc6d4b" outcome="Failed" testListId="8c84fa94-04c1-424b-9868-57a2d4851a1d" relativeResultsDirectory="753458b2-3ca9-42be-a747-34b78d3a820b">
      <Output>
        <ErrorInfo>
          <Message>Assert.AreEqual failed. Expected:&lt;(null)&gt;. Actual:&lt;IAS.DTO.ResponseService`1[IAS.DTO.ReferanceNumber]&gt;. </Message>
          <StackTrace>   at IAS.DataServices.Test.IPaymentServiceTest.CreateReferanceNumberTest() in D:\[-PRO-]\IAS.DataServices.Test\PaymentTest\IPaymentServiceTest.cs:line 179
</StackTrace>
        </ErrorInfo>
      </Output>
    </UnitTestResult>
    <UnitTestResult executionId="1a0f8c50-6df6-440f-a115-1fc96137f910" testId="8284c4be-8839-bddb-9ece-0d4d5db952a4" testName="GetSubGroupTest" computerName="N-ARG-DEV-034" duration="00:00:00.0095731" startTime="2014-09-22T14:14:48.4953719+07:00" endTime="2014-09-22T14:14:48.5093816+07:00" testType="13cdc9d9-ddb5-4fa4-a97d-d965ccfc6d4b" outcome="Failed" testListId="8c84fa94-04c1-424b-9868-57a2d4851a1d" relativeResultsDirectory="1a0f8c50-6df6-440f-a115-1fc96137f910">
      <Output>
        <ErrorInfo>
          <Message>Test method IAS.DataServices.Test.IPaymentServiceTest.GetSubGroupTest threw exception: 
System.NullReferenceException: Object reference not set to an instance of an object.</Message>
          <StackTrace>    at IAS.DataServices.Payment.PaymentService.GetSubGroup(String paymentType, Nullable`1 startDate, Nullable`1 toDate, UserProfile userProfile, String CompanyCode, Int32 pageNo, Int32 recordPerPage, String CountTotalRecord) in D:\[-PRO-]\WebService\IAS.DataServices\Payment\PaymentService.svc.cs:line 392
   at IAS.DataServices.Test.IPaymentServiceTest.GetSubGroupTest() in D:\[-PRO-]\IAS.DataServices.Test\PaymentTest\IPaymentServiceTest.cs:line 783
</StackTrace>
        </ErrorInfo>
      </Output>
    </UnitTestResult>
    <UnitTestResult executionId="cdd62956-2b42-466f-8ca9-8354a7e85355" testId="83667c25-b34f-4628-925c-856c06d747d6" testName="TestSubLinq" computerName="N-ARG-DEV-034" duration="00:00:00.3603341" startTime="2014-09-22T14:14:48.5103817+07:00" endTime="2014-09-22T14:14:48.8745067+07:00" testType="13cdc9d9-ddb5-4fa4-a97d-d965ccfc6d4b" outcome="Passed" testListId="8c84fa94-04c1-424b-9868-57a2d4851a1d" relativeResultsDirectory="cdd62956-2b42-466f-8ca9-8354a7e85355">
    </UnitTestResult>
    <UnitTestResult executionId="80c46b9b-4061-4d9b-879a-97bc7d45ed18" testId="85032354-14d4-ae89-4c28-0c200f1562c2" testName="GetPersonTempEditByCriteriaTest" computerName="N-ARG-DEV-034" duration="00:00:00.0050429" startTime="2014-09-22T14:14:48.8755055+07:00" endTime="2014-09-22T14:14:48.8845117+07:00" testType="13cdc9d9-ddb5-4fa4-a97d-d965ccfc6d4b" outcome="Failed" testListId="8c84fa94-04c1-424b-9868-57a2d4851a1d" relativeResultsDirectory="80c46b9b-4061-4d9b-879a-97bc7d45ed18">
      <Output>
        <ErrorInfo>
          <Message>Assert.AreEqual failed. Expected:&lt;(null)&gt;. Actual:&lt;IAS.DTO.ResponseService`1[System.Data.DataSet]&gt;. </Message>
          <StackTrace>   at IAS.DataServices.Test.IPersonServiceTest.GetPersonTempEditByCriteriaTest() in D:\[-PRO-]\IAS.DataServices.Test\PersonTest\IPersonServiceTest.cs:line 328
</StackTrace>
        </ErrorInfo>
      </Output>
    </UnitTestResult>
    <UnitTestResult executionId="c2c27d93-a52d-49ec-9d67-879b314f9849" testId="87c50d92-c6e4-d688-8db7-deacefae9875" testName="LicenseHelper_Can_PhaseToDate" computerName="N-ARG-DEV-034" duration="00:00:00.0203278" startTime="2014-09-22T14:14:48.8865130+07:00" endTime="2014-09-22T14:14:48.9097133+07:00" testType="13cdc9d9-ddb5-4fa4-a97d-d965ccfc6d4b" outcome="Passed" testListId="8c84fa94-04c1-424b-9868-57a2d4851a1d" relativeResultsDirectory="c2c27d93-a52d-49ec-9d67-879b314f9849">
    </UnitTestResult>
    <UnitTestResult executionId="3403c1eb-279e-4732-9fa6-cbba7a59c930" testId="897c2449-2d21-15c5-0adc-996965cae64f" testName="ApplicantFileHeader_Can_Read_Text_To_Object" computerName="N-ARG-DEV-034" duration="00:00:00.0389539" startTime="2014-09-22T14:14:48.9117151+07:00" endTime="2014-09-22T14:14:48.9532628+07:00" testType="13cdc9d9-ddb5-4fa4-a97d-d965ccfc6d4b" outcome="Failed" testListId="8c84fa94-04c1-424b-9868-57a2d4851a1d" relativeResultsDirectory="3403c1eb-279e-4732-9fa6-cbba7a59c930">
      <Output>
        <ErrorInfo>
          <Message>Test method IAS.DataServiceTest.ApplicationFileUploadTest.ApplicantFileHeader_Can_Read_Text_To_Object threw exception: 
System.Reflection.TargetException: Non-static method requires a target.</Message>
          <StackTrace>    at System.Reflection.RuntimeMethodInfo.CheckConsistency(Object target)
   at System.Reflection.RuntimeMethodInfo.InvokeArgumentsCheck(Object obj, BindingFlags invokeAttr, Binder binder, Object[] parameters, CultureInfo culture)
   at System.Reflection.RuntimeMethodInfo.Invoke(Object obj, BindingFlags invokeAttr, Binder binder, Object[] parameters, CultureInfo culture)
   at System.Reflection.RuntimePropertyInfo.GetValue(Object obj, BindingFlags invokeAttr, Binder binder, Object[] index, CultureInfo culture)
   at System.Reflection.RuntimePropertyInfo.GetValue(Object obj, Object[] index)
   at System.Data.Objects.ELinq.QueryParameterExpression.TryGetFieldOrPropertyValue(MemberExpression me, Object instance, Object&amp; memberValue)
   at System.Data.Objects.ELinq.QueryParameterExpression.TryEvaluatePath(Expression expression, ConstantExpression&amp; constantExpression)
   at System.Data.Objects.ELinq.QueryParameterExpression.EvaluateParameter(Object[] arguments)
   at System.Data.Objects.ELinq.ELinqQueryState.GetExecutionPlan(Nullable`1 forMergeOption)
   at System.Data.Objects.ObjectQuery`1.GetResults(Nullable`1 forMergeOption)
   at System.Data.Objects.ObjectQuery`1.System.Collections.Generic.IEnumerable&lt;T&gt;.GetEnumerator()
   at System.Linq.Enumerable.SingleOrDefault[TSource](IEnumerable`1 source)
   at System.Data.Objects.ELinq.ObjectQueryProvider.&lt;GetElementFunction&gt;b__2[TResult](IEnumerable`1 sequence)
   at System.Data.Objects.ELinq.ObjectQueryProvider.ExecuteSingle[TResult](IEnumerable`1 query, Expression queryRoot)
   at System.Data.Objects.ELinq.ObjectQueryProvider.System.Linq.IQueryProvider.Execute[S](Expression expression)
   at System.Linq.Queryable.SingleOrDefault[TSource](IQueryable`1 source, Expression`1 predicate)
   at IAS.DataServices.Applicant.ApplicantRequestUploads.ApplicantFileHeader..ctor(ApplicantHeaderRequest request) in D:\[-PRO-]\WebService\IAS.DataServices\Applicant\ApplicantRequestUploads\ApplicantFileHeader.cs:line 71
   at IAS.DataServiceTest.ApplicationFileUploadTest.ConcreateApplicantFileHeader(ApplicantHeaderRequest request) in D:\[-PRO-]\IAS.DataServiceTest\ApplicationFileUploadTest.cs:line 109
   at IAS.DataServiceTest.ApplicationFileUploadTest.CreateHeader() in D:\[-PRO-]\IAS.DataServiceTest\ApplicationFileUploadTest.cs:line 100
   at IAS.DataServiceTest.ApplicationFileUploadTest.ApplicantFileHeader_Can_Read_Text_To_Object() in D:\[-PRO-]\IAS.DataServiceTest\ApplicationFileUploadTest.cs:line 48
</StackTrace>
        </ErrorInfo>
      </Output>
    </UnitTestResult>
    <UnitTestResult executionId="ebb03a04-57de-4eac-be4f-4d77889436de" testId="8a0cf115-8fc1-0017-60c1-a738afa55aa0" testName="TestCanSetTimer" computerName="N-ARG-DEV-034" duration="00:00:00.0015604" startTime="2014-09-22T14:14:48.9552633+07:00" endTime="2014-09-22T14:14:48.9612677+07:00" testType="13cdc9d9-ddb5-4fa4-a97d-d965ccfc6d4b" outcome="Passed" testListId="8c84fa94-04c1-424b-9868-57a2d4851a1d" relativeResultsDirectory="ebb03a04-57de-4eac-be4f-4d77889436de">
    </UnitTestResult>
    <UnitTestResult executionId="18a24983-cacc-497a-8c7b-757ef977596f" testId="8ac17e60-92ec-b600-c324-e9c114dadd5b" testName="GetAllGroupPaymentTest" computerName="N-ARG-DEV-034" duration="00:00:00.0127301" startTime="2014-09-22T14:14:48.9642691+07:00" endTime="2014-09-22T14:14:48.9796861+07:00" testType="13cdc9d9-ddb5-4fa4-a97d-d965ccfc6d4b" outcome="Failed" testListId="8c84fa94-04c1-424b-9868-57a2d4851a1d" relativeResultsDirectory="18a24983-cacc-497a-8c7b-757ef977596f">
      <Output>
        <ErrorInfo>
          <Message>Assert.AreEqual failed. Expected:&lt;(null)&gt;. Actual:&lt;IAS.DTO.ResponseService`1[System.Data.DataSet]&gt;. </Message>
          <StackTrace>   at IAS.DataServices.Test.IPaymentServiceTest.GetAllGroupPaymentTest() in D:\[-PRO-]\IAS.DataServices.Test\PaymentTest\IPaymentServiceTest.cs:line 262
</StackTrace>
        </ErrorInfo>
      </Output>
    </UnitTestResult>
    <UnitTestResult executionId="b974b1e8-9de9-4ab3-bbdd-9b66d107910c" testId="8f0966ee-1abe-fc98-80a7-ff17f171a868" testName="CityBankTextFileHeaderType1_Can_SubString_To_BankFileHeader" computerName="N-ARG-DEV-034" duration="00:00:00.0054206" startTime="2014-09-22T14:14:48.9806853+07:00" endTime="2014-09-22T14:14:48.9896899+07:00" testType="13cdc9d9-ddb5-4fa4-a97d-d965ccfc6d4b" outcome="Passed" testListId="8c84fa94-04c1-424b-9868-57a2d4851a1d" relativeResultsDirectory="b974b1e8-9de9-4ab3-bbdd-9b66d107910c">
    </UnitTestResult>
    <UnitTestResult executionId="5903e608-5e60-4f20-868e-ed17ce31d9c0" testId="905c8e79-bcfe-2b72-2ec4-d94f7431f710" testName="GetApplicantNoPaymentTest" computerName="N-ARG-DEV-034" duration="00:00:00.0032374" startTime="2014-09-22T14:14:49.2478624+07:00" endTime="2014-09-22T14:14:49.2528656+07:00" testType="13cdc9d9-ddb5-4fa4-a97d-d965ccfc6d4b" outcome="Failed" testListId="8c84fa94-04c1-424b-9868-57a2d4851a1d" relativeResultsDirectory="5903e608-5e60-4f20-868e-ed17ce31d9c0">
      <Output>
        <ErrorInfo>
          <Message>Test method IAS.DataServices.Test.IPaymentServiceTest.GetApplicantNoPaymentTest threw exception: 
System.NullReferenceException: Object reference not set to an instance of an object.</Message>
          <StackTrace>    at IAS.DataServices.Payment.PaymentService.GetApplicantNoPayment(String testingDate, String testing_no, String examPlace, Nullable`1 startDate, Nullable`1 toDate, String GroupNo, Int32 resultPage, Int32 PageSizeDetail, Boolean Count) in D:\[-PRO-]\WebService\IAS.DataServices\Payment\PaymentService.svc.cs:line 7868
   at IAS.DataServices.Test.IPaymentServiceTest.GetApplicantNoPaymentTest() in D:\[-PRO-]\IAS.DataServices.Test\PaymentTest\IPaymentServiceTest.cs:line 307
</StackTrace>
        </ErrorInfo>
      </Output>
    </UnitTestResult>
    <UnitTestResult executionId="a04640f3-cfc5-4303-b1a2-d5be3737e9a4" testId="90a6d0db-4512-2f79-0708-f1e04e94d27b" testName="MailConfirmHelper_Can_send_mail_registration_toMember" computerName="N-ARG-DEV-034" duration="00:00:00.1241340" startTime="2014-09-22T14:14:49.2538669+07:00" endTime="2014-09-22T14:14:49.3821546+07:00" testType="13cdc9d9-ddb5-4fa4-a97d-d965ccfc6d4b" outcome="Failed" testListId="8c84fa94-04c1-424b-9868-57a2d4851a1d" relativeResultsDirectory="a04640f3-cfc5-4303-b1a2-d5be3737e9a4">
      <Output>
        <ErrorInfo>
          <Message>Test method IAS.DataServiceTest.EmailDataServiceTest.MailConfirmHelper_Can_send_mail_registration_toMember threw exception: 
System.NullReferenceException: Object reference not set to an instance of an object.</Message>
          <StackTrace>    at IAS.DataServices.Registration.Helpers.MailConfirmHelper.SendMailConfirmRegistration(AG_IAS_REGISTRATION_T reg) in D:\[-PRO-]\WebService\IAS.DataServices\Registration\Helpers\MailConfirmHelper.cs:line 22
   at IAS.DataServiceTest.EmailDataServiceTest.MailConfirmHelper_Can_send_mail_registration_toMember() in D:\[-PRO-]\IAS.DataServiceTest\EmailDataServiceTest.cs:line 20
</StackTrace>
        </ErrorInfo>
      </Output>
    </UnitTestResult>
    <UnitTestResult executionId="0b5c43d8-500c-4802-882b-f7b0b95d1bee" testId="93d08b9a-bf34-943d-1231-51037a22b627" testName="CreatePaymentTest" computerName="N-ARG-DEV-034" duration="00:00:00.0328727" startTime="2014-09-22T14:14:49.3831563+07:00" endTime="2014-09-22T14:14:49.4191795+07:00" testType="13cdc9d9-ddb5-4fa4-a97d-d965ccfc6d4b" outcome="Failed" testListId="8c84fa94-04c1-424b-9868-57a2d4851a1d" relativeResultsDirectory="0b5c43d8-500c-4802-882b-f7b0b95d1bee">
      <Output>
        <ErrorInfo>
          <Message>Test method IAS.DataServices.Test.IPaymentServiceTest.CreatePaymentTest threw exception: 
System.NullReferenceException: Object reference not set to an instance of an object.</Message>
          <StackTrace>    at IAS.DataServices.Payment.PaymentService.CreatePayment(List`1 reqList, String remark, String paymentId, String userId, String compCode, String&amp; groupRequestNo) in D:\[-PRO-]\WebService\IAS.DataServices\Payment\PaymentService.svc.cs:line 1074
   at IAS.DataServices.Test.IPaymentServiceTest.CreatePaymentTest() in D:\[-PRO-]\IAS.DataServices.Test\PaymentTest\IPaymentServiceTest.cs:line 142
</StackTrace>
        </ErrorInfo>
      </Output>
    </UnitTestResult>
    <UnitTestResult executionId="6a5eb822-0248-4b31-9aae-9ecee22098d0" testId="9442c588-cc40-e8a5-a732-3bc544770112" testName="UpdateCountDownloadTest" computerName="N-ARG-DEV-034" duration="00:00:00.0053368" startTime="2014-09-22T14:14:49.4201804+07:00" endTime="2014-09-22T14:14:49.4271857+07:00" testType="13cdc9d9-ddb5-4fa4-a97d-d965ccfc6d4b" outcome="Failed" testListId="8c84fa94-04c1-424b-9868-57a2d4851a1d" relativeResultsDirectory="6a5eb822-0248-4b31-9aae-9ecee22098d0">
      <Output>
        <ErrorInfo>
          <Message>Assert.AreEqual failed. Expected:&lt;(null)&gt;. Actual:&lt;IAS.DTO.ResponseMessage`1[System.Boolean]&gt;. </Message>
          <StackTrace>   at IAS.DataServices.Test.IPaymentServiceTest.UpdateCountDownloadTest() in D:\[-PRO-]\IAS.DataServices.Test\PaymentTest\IPaymentServiceTest.cs:line 1059
</StackTrace>
        </ErrorInfo>
      </Output>
    </UnitTestResult>
    <UnitTestResult executionId="d569923b-f87c-4b5f-91b7-e2d1d9167bae" testId="94d20dcf-bd1e-9f2d-bd8f-1fc1af4a9320" testName="GetAttatchFileByIdTest" computerName="N-ARG-DEV-034" duration="00:00:00.0050556" startTime="2014-09-22T14:14:49.4291866+07:00" endTime="2014-09-22T14:14:49.4361907+07:00" testType="13cdc9d9-ddb5-4fa4-a97d-d965ccfc6d4b" outcome="Failed" testListId="8c84fa94-04c1-424b-9868-57a2d4851a1d" relativeResultsDirectory="d569923b-f87c-4b5f-91b7-e2d1d9167bae">
      <Output>
        <ErrorInfo>
          <Message>Test method IAS.DataServices.Test.IRegistrationServiceTest.GetAttatchFileByIdTest threw exception: 
System.NullReferenceException: Object reference not set to an instance of an object.</Message>
          <StackTrace>    at IAS.DataServices.Registration.RegistationService.GetAttatchFileById(String Id) in D:\[-PRO-]\WebService\IAS.DataServices\Registration\RegistrationService.svc.cs:line 1061
   at IAS.DataServices.Test.IRegistrationServiceTest.GetAttatchFileByIdTest() in D:\[-PRO-]\IAS.DataServices.Test\RegistrationTest\IRegistrationServiceTest.cs:line 181
</StackTrace>
        </ErrorInfo>
      </Output>
    </UnitTestResult>
    <UnitTestResult executionId="37294912-081e-402f-89ff-ddfa88c74139" testId="95b9bebe-35c9-39a1-f16b-fca269062e3b" testName="GetGroupPaymentByCriteriaTest" computerName="N-ARG-DEV-034" duration="00:00:00.0418900" startTime="2014-09-22T14:14:49.4371919+07:00" endTime="2014-09-22T14:14:49.4816540+07:00" testType="13cdc9d9-ddb5-4fa4-a97d-d965ccfc6d4b" outcome="Failed" testListId="8c84fa94-04c1-424b-9868-57a2d4851a1d" relativeResultsDirectory="37294912-081e-402f-89ff-ddfa88c74139">
      <Output>
        <ErrorInfo>
          <Message>Assert.AreEqual failed. Expected:&lt;(null)&gt;. Actual:&lt;IAS.DTO.ResponseService`1[System.Data.DataSet]&gt;. </Message>
          <StackTrace>   at IAS.DataServices.Test.IPaymentServiceTest.GetGroupPaymentByCriteriaTest() in D:\[-PRO-]\IAS.DataServices.Test\PaymentTest\IPaymentServiceTest.cs:line 521
</StackTrace>
        </ErrorInfo>
      </Output>
    </UnitTestResult>
    <UnitTestResult executionId="197503fb-ef8f-4b5a-ad6e-8334b712028b" testId="9613c4db-9cb9-4551-a162-fcb542a7f82c" testName="Duplicate_Data_Test_Not_Duplicant" computerName="N-ARG-DEV-034" duration="00:00:00.0431943" startTime="2014-09-22T14:14:49.4826536+07:00" endTime="2014-09-22T14:14:49.5276588+07:00" testType="13cdc9d9-ddb5-4fa4-a97d-d965ccfc6d4b" outcome="Failed" testListId="8c84fa94-04c1-424b-9868-57a2d4851a1d" relativeResultsDirectory="197503fb-ef8f-4b5a-ad6e-8334b712028b">
      <Output>
        <ErrorInfo>
          <Message>Assert.AreEqual failed. Expected:&lt;0&gt;. Actual:&lt;3&gt;. </Message>
          <StackTrace>   at IAS.DataServiceTest.MethodDuplicateTest.Duplicate_Data_Test_Not_Duplicant() in D:\[-PRO-]\IAS.DataServiceTest\MethodDuplicateTest.cs:line 39
</StackTrace>
        </ErrorInfo>
      </Output>
    </UnitTestResult>
    <UnitTestResult executionId="3888e12b-fd7a-4e06-9a1f-dc8c4d23867f" testId="9615de6b-1918-9780-a15f-1a19ad65978b" testName="DeleteHolidayTest" computerName="N-ARG-DEV-034" duration="00:00:00.0043347" startTime="2014-09-22T14:14:49.5286585+07:00" endTime="2014-09-22T14:14:49.5356662+07:00" testType="13cdc9d9-ddb5-4fa4-a97d-d965ccfc6d4b" outcome="Failed" testListId="8c84fa94-04c1-424b-9868-57a2d4851a1d" relativeResultsDirectory="3888e12b-fd7a-4e06-9a1f-dc8c4d23867f">
      <Output>
        <ErrorInfo>
          <Message>Assert.AreEqual failed. Expected:&lt;(null)&gt;. Actual:&lt;IAS.DTO.ResponseService`1[System.String]&gt;. </Message>
          <StackTrace>   at IAS.DataServices.Test.IExamServiceTest.DeleteHolidayTest() in D:\[-PRO-]\IAS.DataServices.Test\ExamTest\IExamServiceTest.cs:line 185
</StackTrace>
        </ErrorInfo>
      </Output>
    </UnitTestResult>
    <UnitTestResult executionId="f468413b-a681-4623-b8b5-0502a5cf18f6" testId="96235396-be6b-76d4-3896-426bd11d119e" testName="CityBank_Upload_Can_Commit_ToEntity" computerName="N-ARG-DEV-034" duration="00:00:00.0909188" startTime="2014-09-22T14:14:49.5376651+07:00" endTime="2014-09-22T14:14:49.6322044+07:00" testType="13cdc9d9-ddb5-4fa4-a97d-d965ccfc6d4b" outcome="Failed" testListId="8c84fa94-04c1-424b-9868-57a2d4851a1d" relativeResultsDirectory="f468413b-a681-4623-b8b5-0502a5cf18f6">
      <Output>
        <ErrorInfo>
          <Message>Test method IAS.DataServiceTest.CityBankTextFileTest.CityBank_Upload_Can_Commit_ToEntity threw exception: 
System.ApplicationException: ไม่พบเอกสาร</Message>
          <StackTrace>    at IAS.DataServiceTest.CityBankTextFileTest.ReadDataFromFile() in D:\[-PRO-]\IAS.DataServiceTest\CityBankTextFileTest.cs:line 154
   at IAS.DataServiceTest.CityBankTextFileTest.CityBank_Upload_Can_Commit_ToEntity() in D:\[-PRO-]\IAS.DataServiceTest\CityBankTextFileTest.cs:line 185
</StackTrace>
        </ErrorInfo>
      </Output>
    </UnitTestResult>
    <UnitTestResult executionId="139ddc44-53b4-48ff-9508-d1ee90dda784" testId="967bb15f-68a1-002f-d2b9-9fa3ca3b9a84" testName="GetExamByYearMonthTest" computerName="N-ARG-DEV-034" duration="00:00:00.0328317" startTime="2014-09-22T14:14:49.6342033+07:00" endTime="2014-09-22T14:14:49.6713021+07:00" testType="13cdc9d9-ddb5-4fa4-a97d-d965ccfc6d4b" outcome="Failed" testListId="8c84fa94-04c1-424b-9868-57a2d4851a1d" relativeResultsDirectory="139ddc44-53b4-48ff-9508-d1ee90dda784">
      <Output>
        <ErrorInfo>
          <Message>Assert.AreEqual failed. Expected:&lt;(null)&gt;. Actual:&lt;IAS.DTO.ResponseService`1[System.Collections.Generic.List`1[System.DateTime]]&gt;. </Message>
          <StackTrace>   at IAS.DataServices.Test.IExamServiceTest.GetExamByYearMonthTest() in D:\[-PRO-]\IAS.DataServices.Test\ExamTest\IExamServiceTest.cs:line 411
</StackTrace>
        </ErrorInfo>
      </Output>
    </UnitTestResult>
    <UnitTestResult executionId="c9cfaff6-a36a-4075-8723-6407053687ee" testId="972c8046-482f-f6f3-abca-93b704b253d1" testName="CityBankTextFileDetailType6_Can_SubString_To_BankFileDetail" computerName="N-ARG-DEV-034" duration="00:00:00.0011790" startTime="2014-09-22T14:14:49.6733042+07:00" endTime="2014-09-22T14:14:49.6853122+07:00" testType="13cdc9d9-ddb5-4fa4-a97d-d965ccfc6d4b" outcome="Passed" testListId="8c84fa94-04c1-424b-9868-57a2d4851a1d" relativeResultsDirectory="c9cfaff6-a36a-4075-8723-6407053687ee">
    </UnitTestResult>
    <UnitTestResult executionId="8197c1e1-58e7-48c2-ac76-e4c312c52e31" testId="9750e1b3-f1c0-85f3-54d5-02af97f32398" testName="EntityValidation" computerName="N-ARG-DEV-034" duration="00:00:00.0053853" startTime="2014-09-22T14:14:49.6863119+07:00" endTime="2014-09-22T14:14:49.6943168+07:00" testType="13cdc9d9-ddb5-4fa4-a97d-d965ccfc6d4b" outcome="Passed" testListId="8c84fa94-04c1-424b-9868-57a2d4851a1d" relativeResultsDirectory="8197c1e1-58e7-48c2-ac76-e4c312c52e31">
    </UnitTestResult>
    <UnitTestResult executionId="26e85dfe-e0eb-4ae0-ace9-cd183f7d8056" testId="97fe033a-b2ee-a70b-1c5e-335d85a2cc44" testName="GetApplicantByIdTest" computerName="N-ARG-DEV-034" duration="00:00:00.0086112" startTime="2014-09-22T14:14:49.6953181+07:00" endTime="2014-09-22T14:14:49.7055772+07:00" testType="13cdc9d9-ddb5-4fa4-a97d-d965ccfc6d4b" outcome="Passed" testListId="8c84fa94-04c1-424b-9868-57a2d4851a1d" relativeResultsDirectory="26e85dfe-e0eb-4ae0-ace9-cd183f7d8056">
    </UnitTestResult>
    <UnitTestResult executionId="35350270-b589-4a2a-861a-8d67de257cb3" testId="98efbab5-299f-3ef6-8083-efacca28f5ec" testName="ExamResultUploadToSubmitNewTest" computerName="N-ARG-DEV-034" duration="00:00:00.3335364" startTime="2014-09-22T14:14:49.7065781+07:00" endTime="2014-09-22T14:14:50.0425793+07:00" testType="13cdc9d9-ddb5-4fa4-a97d-d965ccfc6d4b" outcome="Failed" testListId="8c84fa94-04c1-424b-9868-57a2d4851a1d" relativeResultsDirectory="35350270-b589-4a2a-861a-8d67de257cb3">
      <Output>
        <ErrorInfo>
          <Message>Assert.AreEqual failed. Expected:&lt;True&gt;. Actual:&lt;False&gt;. </Message>
          <StackTrace>   at IAS.DataServices.Test.ExamServiceTest.ExamResultUploadToSubmitNewTest() in D:\[-PRO-]\IAS.DataServices.Test\ExamServiceTest.cs:line 90
</StackTrace>
        </ErrorInfo>
      </Output>
    </UnitTestResult>
    <UnitTestResult executionId="0c01e2c0-c62a-41ff-9e77-1e27e9a6dd66" testId="9abd7e5b-68f8-2e2d-341f-78607c62e00d" testName="GetSubPaymentHeadByHeadRequestNoTest" computerName="N-ARG-DEV-034" duration="00:00:00.0044185" startTime="2014-09-22T14:14:50.0435794+07:00" endTime="2014-09-22T14:14:50.0505851+07:00" testType="13cdc9d9-ddb5-4fa4-a97d-d965ccfc6d4b" outcome="Failed" testListId="8c84fa94-04c1-424b-9868-57a2d4851a1d" relativeResultsDirectory="0c01e2c0-c62a-41ff-9e77-1e27e9a6dd66">
      <Output>
        <ErrorInfo>
          <Message>Assert.AreEqual failed. Expected:&lt;(null)&gt;. Actual:&lt;IAS.DTO.ResponseService`1[IAS.DTO.SubPaymentHead]&gt;. </Message>
          <StackTrace>   at IAS.DataServices.Test.IPaymentServiceTest.GetSubPaymentHeadByHeadRequestNoTest() in D:\[-PRO-]\IAS.DataServices.Test\PaymentTest\IPaymentServiceTest.cs:line 823
</StackTrace>
        </ErrorInfo>
      </Output>
    </UnitTestResult>
    <UnitTestResult executionId="e5e2d993-0ecc-46dd-9416-d1666f6684d5" testId="9b03a9f3-e2fa-8a50-69e2-664a695c83ab" testName="CreateZipTest" computerName="N-ARG-DEV-034" duration="00:00:00.3265943" startTime="2014-09-22T14:14:50.0515851+07:00" endTime="2014-09-22T14:14:50.3804477+07:00" testType="13cdc9d9-ddb5-4fa4-a97d-d965ccfc6d4b" outcome="Failed" testListId="8c84fa94-04c1-424b-9868-57a2d4851a1d" relativeResultsDirectory="e5e2d993-0ecc-46dd-9416-d1666f6684d5">
      <Output>
        <ErrorInfo>
          <Message>Test method IAS.DataServices.Test.IPaymentServiceTest.CreateZipTest threw exception: 
System.IO.IOException: The network name cannot be found.
</Message>
          <StackTrace>    at System.IO.__Error.WinIOError(Int32 errorCode, String maybeFullPath)
   at System.IO.Directory.InternalCreateDirectory(String fullPath, String path, Object dirSecurityObj, Boolean checkHost)
   at System.IO.DirectoryInfo.Create()
   at IAS.DataServices.Payment.PaymentService.CreateZip(String parthpdf) in D:\[-PRO-]\WebService\IAS.DataServices\Payment\PaymentService.svc.cs:line 5408
   at IAS.DataServices.Test.IPaymentServiceTest.CreateZipTest() in D:\[-PRO-]\IAS.DataServices.Test\PaymentTest\IPaymentServiceTest.cs:line 196
</StackTrace>
        </ErrorInfo>
      </Output>
    </UnitTestResult>
    <UnitTestResult executionId="23439f68-6028-4100-88c8-54c80e61a680" testId="9d5e5f93-4d49-9a2d-1820-f3e1dbc60d21" testName="TestCopyTransaction" computerName="N-ARG-DEV-034" duration="00:00:00.0511458" startTime="2014-09-22T14:14:50.3814477+07:00" endTime="2014-09-22T14:14:50.4344837+07:00" testType="13cdc9d9-ddb5-4fa4-a97d-d965ccfc6d4b" outcome="Failed" testListId="8c84fa94-04c1-424b-9868-57a2d4851a1d" relativeResultsDirectory="23439f68-6028-4100-88c8-54c80e61a680">
      <Output>
        <ErrorInfo>
          <Message>Test method IAS.DataServiceTest.LinqTestingSumEntitiesValue.TestCopyTransaction threw exception: 
System.ArgumentException: Object of type 'System.String' cannot be converted to type 'System.Nullable`1[System.DateTime]'.</Message>
          <StackTrace>    at System.RuntimeType.TryChangeType(Object value, Binder binder, CultureInfo culture, Boolean needsSpecialCast)
   at System.RuntimeType.CheckValue(Object value, Binder binder, CultureInfo culture, BindingFlags invokeAttr)
   at System.Reflection.MethodBase.CheckArguments(Object[] parameters, Binder binder, BindingFlags invokeAttr, CultureInfo culture, Signature sig)
   at System.Reflection.RuntimeMethodInfo.InvokeArgumentsCheck(Object obj, BindingFlags invokeAttr, Binder binder, Object[] parameters, CultureInfo culture)
   at System.Reflection.RuntimeMethodInfo.Invoke(Object obj, BindingFlags invokeAttr, Binder binder, Object[] parameters, CultureInfo culture)
   at System.Reflection.RuntimePropertyInfo.SetValue(Object obj, Object value, BindingFlags invokeAttr, Binder binder, Object[] index, CultureInfo culture)
   at System.Reflection.RuntimePropertyInfo.SetValue(Object obj, Object value, Object[] index)
   at IAS.Utils.Mapper.MappingToEntity[T,U](T sourceEntity, U targetEntity) in D:\[-PRO-]\Web\IAS.Utils\Mapper.cs:line 95
   at IAS.DataServiceTest.LinqTestingSumEntitiesValue.TestCopyTransaction() in D:\[-PRO-]\IAS.DataServiceTest\LinqTestingSumEntitiesValue.cs:line 114
</StackTrace>
        </ErrorInfo>
      </Output>
    </UnitTestResult>
    <UnitTestResult executionId="30f368bd-d6fe-495b-86fa-eef52d161ce3" testId="9f47b2c7-ce44-c38e-61ba-2a8e418e1150" testName="DateTimeCompair" computerName="N-ARG-DEV-034" duration="00:00:00.0003485" startTime="2014-09-22T14:14:50.4364842+07:00" endTime="2014-09-22T14:14:50.4384851+07:00" testType="13cdc9d9-ddb5-4fa4-a97d-d965ccfc6d4b" outcome="Passed" testListId="8c84fa94-04c1-424b-9868-57a2d4851a1d" relativeResultsDirectory="30f368bd-d6fe-495b-86fa-eef52d161ce3">
    </UnitTestResult>
    <UnitTestResult executionId="3539f302-a28e-45f4-bd7d-11cec7325e6d" testId="9fc3f2c5-ca7b-7b06-b265-17abf82ec2c1" testName="AddHolidayTest" computerName="N-ARG-DEV-034" duration="00:00:00.0064457" startTime="2014-09-22T14:14:50.4394864+07:00" endTime="2014-09-22T14:14:50.4484930+07:00" testType="13cdc9d9-ddb5-4fa4-a97d-d965ccfc6d4b" outcome="Failed" testListId="8c84fa94-04c1-424b-9868-57a2d4851a1d" relativeResultsDirectory="3539f302-a28e-45f4-bd7d-11cec7325e6d">
      <Output>
        <ErrorInfo>
          <Message>Assert.AreEqual failed. Expected:&lt;(null)&gt;. Actual:&lt;IAS.DTO.ResponseService`1[System.String]&gt;. </Message>
          <StackTrace>   at IAS.DataServices.Test.IExamServiceTest.AddHolidayTest() in D:\[-PRO-]\IAS.DataServices.Test\ExamTest\IExamServiceTest.cs:line 93
</StackTrace>
        </ErrorInfo>
      </Output>
    </UnitTestResult>
    <UnitTestResult executionId="66c1c41a-ea55-4e2f-82e6-07d79391ce76" testId="a03811f7-b98d-3f01-5f60-ea96b942a829" testName="GetStatisticResetPasswordTest" computerName="N-ARG-DEV-034" duration="00:00:00.0396728" startTime="2014-09-22T14:14:50.4504935+07:00" endTime="2014-09-22T14:14:50.4915211+07:00" testType="13cdc9d9-ddb5-4fa4-a97d-d965ccfc6d4b" outcome="Failed" testListId="8c84fa94-04c1-424b-9868-57a2d4851a1d" relativeResultsDirectory="66c1c41a-ea55-4e2f-82e6-07d79391ce76">
      <Output>
        <ErrorInfo>
          <Message>Assert.AreEqual failed. Expected:&lt;(null)&gt;. Actual:&lt;IAS.DTO.ResponseService`1[System.Data.DataSet]&gt;. </Message>
          <StackTrace>   at IAS.DataServices.Test.IPersonServiceTest.GetStatisticResetPasswordTest() in D:\[-PRO-]\IAS.DataServices.Test\PersonTest\IPersonServiceTest.cs:line 348
</StackTrace>
        </ErrorInfo>
      </Output>
    </UnitTestResult>
    <UnitTestResult executionId="ce1b92b1-78b6-4ce8-865b-8db38acfbaec" testId="a05e08ed-173a-96a7-1e59-d84dcf1b7ea8" testName="TestChangeIndexUpCollection" computerName="N-ARG-DEV-034" duration="00:00:00.0007525" startTime="2014-09-22T14:14:50.4935228+07:00" endTime="2014-09-22T14:14:50.4965242+07:00" testType="13cdc9d9-ddb5-4fa4-a97d-d965ccfc6d4b" outcome="Passed" testListId="8c84fa94-04c1-424b-9868-57a2d4851a1d" relativeResultsDirectory="ce1b92b1-78b6-4ce8-865b-8db38acfbaec">
    </UnitTestResult>
    <UnitTestResult executionId="0b873fd0-a888-42b3-867b-2ccb497995fa" testId="a07e0c5f-c73c-3b05-6689-29aa03f694c5" testName="LicenseRequest_Can_Seperate_DataRowHeader" computerName="N-ARG-DEV-034" duration="00:00:00.1432479" startTime="2014-09-22T14:14:50.4985255+07:00" endTime="2014-09-22T14:14:50.6438015+07:00" testType="13cdc9d9-ddb5-4fa4-a97d-d965ccfc6d4b" outcome="Passed" testListId="8c84fa94-04c1-424b-9868-57a2d4851a1d" relativeResultsDirectory="0b873fd0-a888-42b3-867b-2ccb497995fa">
    </UnitTestResult>
    <UnitTestResult executionId="7da94887-198f-438c-88a1-dc585d4cfe60" testId="a2507719-9230-a97b-7f22-67dd86ccf715" testName="GetByFirstLastNameTest" computerName="N-ARG-DEV-034" duration="00:00:00.0081830" startTime="2014-09-22T14:14:50.6448015+07:00" endTime="2014-09-22T14:14:50.6558091+07:00" testType="13cdc9d9-ddb5-4fa4-a97d-d965ccfc6d4b" outcome="Failed" testListId="8c84fa94-04c1-424b-9868-57a2d4851a1d" relativeResultsDirectory="7da94887-198f-438c-88a1-dc585d4cfe60">
      <Output>
        <ErrorInfo>
          <Message>Test method IAS.DataServices.Test.IRegistrationServiceTest.GetByFirstLastNameTest threw exception: 
System.NullReferenceException: Object reference not set to an instance of an object.</Message>
          <StackTrace>    at IAS.DataServices.Registration.RegistationService.GetByFirstLastName(GetByFirstLastNameRequest request) in D:\[-PRO-]\WebService\IAS.DataServices\Registration\RegistrationService.svc.cs:line 1399
   at IAS.DataServices.Test.IRegistrationServiceTest.GetByFirstLastNameTest() in D:\[-PRO-]\IAS.DataServices.Test\RegistrationTest\IRegistrationServiceTest.cs:line 219
</StackTrace>
        </ErrorInfo>
      </Output>
    </UnitTestResult>
    <UnitTestResult executionId="3c3e4d56-2c37-48ac-978f-fefa23dbf804" testId="a2c94055-ad70-113b-8904-d4fbef1809f4" testName="GetAcceptOffNameByIdTest" computerName="N-ARG-DEV-034" duration="00:00:00.0893781" startTime="2014-09-22T14:14:50.6648145+07:00" endTime="2014-09-22T14:14:50.7638803+07:00" testType="13cdc9d9-ddb5-4fa4-a97d-d965ccfc6d4b" outcome="Failed" testListId="8c84fa94-04c1-424b-9868-57a2d4851a1d" relativeResultsDirectory="3c3e4d56-2c37-48ac-978f-fefa23dbf804">
      <Output>
        <ErrorInfo>
          <Message>Assert.AreEqual failed. Expected:&lt;(null)&gt;. Actual:&lt;IAS.DTO.ResponseService`1[System.String]&gt;. </Message>
          <StackTrace>   at IAS.DataServices.Test.DataCenterServiceTest.GetAcceptOffNameByIdTest() in D:\[-PRO-]\IAS.DataServices.Test\DataCenterServiceTest.cs:line 140
</StackTrace>
        </ErrorInfo>
      </Output>
    </UnitTestResult>
    <UnitTestResult executionId="4b52df1d-6c4b-4842-90f3-10fade0afe9c" testId="a2d8333b-3946-e7dc-870d-f15e3b5ada3c" testName="TestEncodeAndDecode" computerName="N-ARG-DEV-034" duration="00:00:00.0023367" startTime="2014-09-22T14:14:50.7648812+07:00" endTime="2014-09-22T14:14:50.7688847+07:00" testType="13cdc9d9-ddb5-4fa4-a97d-d965ccfc6d4b" outcome="Failed" testListId="8c84fa94-04c1-424b-9868-57a2d4851a1d" relativeResultsDirectory="4b52df1d-6c4b-4842-90f3-10fade0afe9c">
      <Output>
        <ErrorInfo>
          <Message>Test method IAS.DataServiceTest.ByteArrayHelperTest.TestEncodeAndDecode threw exception: 
System.IO.DirectoryNotFoundException: Could not find a part of the path 'D:\OIC\IAS\Web\IAS\image\a-1.png'.</Message>
          <StackTrace>    at System.IO.__Error.WinIOError(Int32 errorCode, String maybeFullPath)
   at System.IO.FileStream.Init(String path, FileMode mode, FileAccess access, Int32 rights, Boolean useRights, FileShare share, Int32 bufferSize, FileOptions options, SECURITY_ATTRIBUTES secAttrs, String msgPath, Boolean bFromProxy, Boolean useLongPath, Boolean checkHost)
   at System.IO.FileStream..ctor(String path, FileMode mode, FileAccess access)
   at IAS.DataServiceTest.ByteArrayHelperTest.FileToByteArray(String fileName) in D:\[-PRO-]\IAS.DataServiceTest\ByteArrayHelperTest.cs:line 30
   at IAS.DataServiceTest.ByteArrayHelperTest.TestEncodeAndDecode() in D:\[-PRO-]\IAS.DataServiceTest\ByteArrayHelperTest.cs:line 18
</StackTrace>
        </ErrorInfo>
      </Output>
    </UnitTestResult>
    <UnitTestResult executionId="4f4b4c30-a960-43a1-a6d4-6011308dee9b" testId="a50847e7-b8a2-5ee8-4d0d-2e3df7e69d28" testName="TestMethod1" computerName="N-ARG-DEV-034" duration="00:00:00.0026200" startTime="2014-09-22T14:14:50.7708852+07:00" endTime="2014-09-22T14:14:50.7888972+07:00" testType="13cdc9d9-ddb5-4fa4-a97d-d965ccfc6d4b" outcome="Passed" testListId="8c84fa94-04c1-424b-9868-57a2d4851a1d" relativeResultsDirectory="4f4b4c30-a960-43a1-a6d4-6011308dee9b">
    </UnitTestResult>
    <UnitTestResult executionId="0d4b377e-210f-4aa0-b102-7c2e53a1effe" testId="a5f34e5f-47fc-164f-058d-7d841f339ed5" testName="TestMethod1" computerName="N-ARG-DEV-034" duration="00:00:00.2605659" startTime="2014-09-22T14:14:50.7908985+07:00" endTime="2014-09-22T14:14:51.0534957+07:00" testType="13cdc9d9-ddb5-4fa4-a97d-d965ccfc6d4b" outcome="Failed" testListId="8c84fa94-04c1-424b-9868-57a2d4851a1d" relativeResultsDirectory="0d4b377e-210f-4aa0-b102-7c2e53a1effe">
      <Output>
        <ErrorInfo>
          <Message>Test method IAS.DataServiceTest.InsertEntityTest.TestMethod1 threw exception: 
System.NullReferenceException: Object reference not set to an instance of an object.</Message>
          <StackTrace>    at IAS.DataServiceTest.InsertEntityTest.TestMethod1() in D:\[-PRO-]\IAS.DataServiceTest\InsertEntityTest.cs:line 75
</StackTrace>
        </ErrorInfo>
      </Output>
    </UnitTestResult>
    <UnitTestResult executionId="fb5191f3-0e0e-43b4-b305-36f31d847173" testId="a7b259ef-850f-fd9a-570e-d86c6117cec4" testName="GetExamByCriteriaDefaultTest" computerName="N-ARG-DEV-034" duration="00:00:00.1029506" startTime="2014-09-22T14:14:51.0544946+07:00" endTime="2014-09-22T14:14:51.1604897+07:00" testType="13cdc9d9-ddb5-4fa4-a97d-d965ccfc6d4b" outcome="Failed" testListId="8c84fa94-04c1-424b-9868-57a2d4851a1d" relativeResultsDirectory="fb5191f3-0e0e-43b4-b305-36f31d847173">
      <Output>
        <ErrorInfo>
          <Message>Assert.AreEqual failed. Expected:&lt;(null)&gt;. Actual:&lt;IAS.DTO.ResponseService`1[System.Data.DataSet]&gt;. </Message>
          <StackTrace>   at IAS.DataServices.Test.IExamServiceTest.GetExamByCriteriaDefaultTest() in D:\[-PRO-]\IAS.DataServices.Test\ExamTest\IExamServiceTest.cs:line 332
</StackTrace>
        </ErrorInfo>
      </Output>
    </UnitTestResult>
    <UnitTestResult executionId="1ce7762a-6938-4609-a051-903d0c278ee4" testId="a7c77879-5b16-f595-0226-710690c886a1" testName="GetApplicantByCriteriaTest" computerName="N-ARG-DEV-034" duration="00:00:00.2791522" startTime="2014-09-22T14:14:51.1634919+07:00" endTime="2014-09-22T14:14:51.4494147+07:00" testType="13cdc9d9-ddb5-4fa4-a97d-d965ccfc6d4b" outcome="Failed" testListId="8c84fa94-04c1-424b-9868-57a2d4851a1d" relativeResultsDirectory="1ce7762a-6938-4609-a051-903d0c278ee4">
      <Output>
        <ErrorInfo>
          <Message>Assert.AreEqual failed. Expected:&lt;(null)&gt;. Actual:&lt;IAS.DTO.ResponseService`1[System.Data.DataSet]&gt;. </Message>
          <StackTrace>   at IAS.DataServices.Test.ApplicantServiceTest.GetApplicantByCriteriaTest() in D:\[-PRO-]\IAS.DataServices.Test\ApplicantServiceTest.cs:line 179
</StackTrace>
        </ErrorInfo>
      </Output>
    </UnitTestResult>
    <UnitTestResult executionId="13c46881-62f0-4fef-a96d-79e621faae91" testId="adb4b2a4-1be2-f784-ba93-ff4df4e47351" testName="GetExamByTestingNoTest" computerName="N-ARG-DEV-034" duration="00:00:00.0130655" startTime="2014-09-22T14:14:51.4524156+07:00" endTime="2014-09-22T14:14:51.4724327+07:00" testType="13cdc9d9-ddb5-4fa4-a97d-d965ccfc6d4b" outcome="Failed" testListId="8c84fa94-04c1-424b-9868-57a2d4851a1d" relativeResultsDirectory="13c46881-62f0-4fef-a96d-79e621faae91">
      <Output>
        <ErrorInfo>
          <Message>Assert.AreEqual failed. Expected:&lt;(null)&gt;. Actual:&lt;IAS.DTO.ResponseService`1[IAS.DTO.ExamSchedule]&gt;. </Message>
          <StackTrace>   at IAS.DataServices.Test.IExamServiceTest.GetExamByTestingNoTest() in D:\[-PRO-]\IAS.DataServices.Test\ExamTest\IExamServiceTest.cs:line 374
</StackTrace>
        </ErrorInfo>
      </Output>
    </UnitTestResult>
    <UnitTestResult executionId="828707d0-0d4c-4023-b37b-6e321732bb86" testId="adbcf798-18a4-2d9c-cf77-e8c9c3135754" testName="UpdateExamTest" computerName="N-ARG-DEV-034" duration="00:00:00.0060335" startTime="2014-09-22T14:14:51.4764316+07:00" endTime="2014-09-22T14:14:51.4874380+07:00" testType="13cdc9d9-ddb5-4fa4-a97d-d965ccfc6d4b" outcome="Failed" testListId="8c84fa94-04c1-424b-9868-57a2d4851a1d" relativeResultsDirectory="828707d0-0d4c-4023-b37b-6e321732bb86">
      <Output>
        <ErrorInfo>
          <Message>Test method IAS.DataServices.Test.IExamServiceTest.UpdateExamTest threw exception: 
System.NullReferenceException: Object reference not set to an instance of an object.</Message>
          <StackTrace>    at IAS.DataServices.Exam.ExamService.UpdateExam(ExamSchedule ent) in D:\[-PRO-]\WebService\IAS.DataServices\Exam\ExamService.svc.cs:line 144
   at IAS.DataServices.Test.IExamServiceTest.UpdateExamTest() in D:\[-PRO-]\IAS.DataServices.Test\ExamTest\IExamServiceTest.cs:line 743
</StackTrace>
        </ErrorInfo>
      </Output>
    </UnitTestResult>
    <UnitTestResult executionId="a0b17149-32ea-44e2-9606-a7933c1e4ade" testId="ae56fffb-c5d2-ad20-5e5d-0f29c456c51e" testName="AddSubjectTest" computerName="N-ARG-DEV-034" duration="00:00:00.0250998" startTime="2014-09-22T14:14:51.4894393+07:00" endTime="2014-09-22T14:14:51.5174576+07:00" testType="13cdc9d9-ddb5-4fa4-a97d-d965ccfc6d4b" outcome="Failed" testListId="8c84fa94-04c1-424b-9868-57a2d4851a1d" relativeResultsDirectory="a0b17149-32ea-44e2-9606-a7933c1e4ade">
      <Output>
        <ErrorInfo>
          <Message>Assert.AreEqual failed. Expected:&lt;(null)&gt;. Actual:&lt;IAS.DTO.ResponseService`1[System.String]&gt;. </Message>
          <StackTrace>   at IAS.DataServices.Test.IExamServiceTest.AddSubjectTest() in D:\[-PRO-]\IAS.DataServices.Test\ExamTest\IExamServiceTest.cs:line 129
</StackTrace>
        </ErrorInfo>
      </Output>
    </UnitTestResult>
    <UnitTestResult executionId="3002bd64-8200-4544-ae70-2190a4c5bbaa" testId="ae6b9d15-88c9-18b5-942c-997458adb99f" testName="UpdateExamResultEditTest" computerName="N-ARG-DEV-034" duration="00:00:00.0042296" startTime="2014-09-22T14:14:51.5184588+07:00" endTime="2014-09-22T14:14:51.5254625+07:00" testType="13cdc9d9-ddb5-4fa4-a97d-d965ccfc6d4b" outcome="Inconclusive" testListId="8c84fa94-04c1-424b-9868-57a2d4851a1d" relativeResultsDirectory="3002bd64-8200-4544-ae70-2190a4c5bbaa">
      <Output>
        <ErrorInfo>
          <Message>Assert.Inconclusive failed. Verify the correctness of this test method.</Message>
          <StackTrace>   at IAS.DataServices.Test.IExamServiceTest.UpdateExamResultEditTest() in D:\[-PRO-]\IAS.DataServices.Test\ExamTest\IExamServiceTest.cs:line 763
</StackTrace>
        </ErrorInfo>
      </Output>
    </UnitTestResult>
    <UnitTestResult executionId="1a633adb-57d0-45e1-8453-8cbd1ec50120" testId="ae73fe09-8a16-80bc-fd0e-275f3a10bd47" testName="ChangePasswordTest" computerName="N-ARG-DEV-034" duration="00:00:00.0073911" startTime="2014-09-22T14:14:51.5264642+07:00" endTime="2014-09-22T14:14:51.5354708+07:00" testType="13cdc9d9-ddb5-4fa4-a97d-d965ccfc6d4b" outcome="Failed" testListId="8c84fa94-04c1-424b-9868-57a2d4851a1d" relativeResultsDirectory="1a633adb-57d0-45e1-8453-8cbd1ec50120">
      <Output>
        <ErrorInfo>
          <Message>Assert.AreEqual failed. Expected:&lt;(null)&gt;. Actual:&lt;IAS.DTO.ResponseMessage`1[System.Boolean]&gt;. </Message>
          <StackTrace>   at IAS.DataServices.Test.IPersonServiceTest.ChangePasswordTest() in D:\[-PRO-]\IAS.DataServices.Test\PersonTest\IPersonServiceTest.cs:line 116
</StackTrace>
        </ErrorInfo>
      </Output>
    </UnitTestResult>
    <UnitTestResult executionId="66d3564b-dce3-4de4-b3d3-e31465982cab" testId="aec60841-0f0f-aaaa-d5a8-e15a3cd42d2c" testName="TestCase_Class_KTBFileHeader_To_AG_IAS_PAYMENT_G_T" computerName="N-ARG-DEV-034" duration="00:00:00.0001716" startTime="2014-09-22T14:14:51.5364713+07:00" endTime="2014-09-22T14:14:51.5394722+07:00" testType="13cdc9d9-ddb5-4fa4-a97d-d965ccfc6d4b" outcome="Passed" testListId="8c84fa94-04c1-424b-9868-57a2d4851a1d" relativeResultsDirectory="66d3564b-dce3-4de4-b3d3-e31465982cab">
    </UnitTestResult>
    <UnitTestResult executionId="ac1a3bb2-382a-41f2-9fad-55fa2f8da4ab" testId="b01e3434-0d00-60b3-81c0-bff12a1045ce" testName="GetTempAttatchFileByPersonIdTest" computerName="N-ARG-DEV-034" duration="00:00:00.0047732" startTime="2014-09-22T14:14:51.5404731+07:00" endTime="2014-09-22T14:14:51.5474792+07:00" testType="13cdc9d9-ddb5-4fa4-a97d-d965ccfc6d4b" outcome="Failed" testListId="8c84fa94-04c1-424b-9868-57a2d4851a1d" relativeResultsDirectory="ac1a3bb2-382a-41f2-9fad-55fa2f8da4ab">
      <Output>
        <ErrorInfo>
          <Message>Assert.AreEqual failed. Expected:&lt;(null)&gt;. Actual:&lt;IAS.DTO.ResponseService`1[System.Collections.Generic.List`1[IAS.DTO.PersonAttatchFile]]&gt;. </Message>
          <StackTrace>   at IAS.DataServices.Test.IPersonServiceTest.GetTempAttatchFileByPersonIdTest() in D:\[-PRO-]\IAS.DataServices.Test\PersonTest\IPersonServiceTest.cs:line 366
</StackTrace>
        </ErrorInfo>
      </Output>
    </UnitTestResult>
    <UnitTestResult executionId="c8b4c647-6699-4fe8-b6af-d97e20138222" testId="b166bd70-f213-7705-2488-c6256bb22ebf" testName="GetTestingNoGetTest" computerName="N-ARG-DEV-034" duration="00:00:00.6313977" startTime="2014-09-22T14:14:51.5484784+07:00" endTime="2014-09-22T14:14:52.1822359+07:00" testType="13cdc9d9-ddb5-4fa4-a97d-d965ccfc6d4b" outcome="Passed" testListId="8c84fa94-04c1-424b-9868-57a2d4851a1d" relativeResultsDirectory="c8b4c647-6699-4fe8-b6af-d97e20138222">
    </UnitTestResult>
    <UnitTestResult executionId="76745c1f-dec2-4b18-a923-367d1f1dae11" testId="b17279e5-1b79-11eb-a420-c8a27ecbac1c" testName="GetApplicantNoPaymentHeadderTest" computerName="N-ARG-DEV-034" duration="00:00:00.0598569" startTime="2014-09-22T14:14:52.1822359+07:00" endTime="2014-09-22T14:14:52.2455224+07:00" testType="13cdc9d9-ddb5-4fa4-a97d-d965ccfc6d4b" outcome="Failed" testListId="8c84fa94-04c1-424b-9868-57a2d4851a1d" relativeResultsDirectory="76745c1f-dec2-4b18-a923-367d1f1dae11">
      <Output>
        <ErrorInfo>
          <Message>Assert.AreEqual failed. Expected:&lt;(null)&gt;. Actual:&lt;IAS.DTO.ResponseService`1[System.Data.DataSet]&gt;. </Message>
          <StackTrace>   at IAS.DataServices.Test.PaymentServiceTest.GetApplicantNoPaymentHeadderTest() in D:\[-PRO-]\IAS.DataServices.Test\PaymentServiceTest.cs:line 225
</StackTrace>
        </ErrorInfo>
      </Output>
    </UnitTestResult>
    <UnitTestResult executionId="af0443cc-a864-4f46-884a-e0690cb7abc1" testId="b1aee546-8e41-6e6d-b894-d4d7258268a5" testName="UpdateTest" computerName="N-ARG-DEV-034" duration="00:00:00.0168321" startTime="2014-09-22T14:14:52.2485222+07:00" endTime="2014-09-22T14:14:52.2715365+07:00" testType="13cdc9d9-ddb5-4fa4-a97d-d965ccfc6d4b" outcome="Failed" testListId="8c84fa94-04c1-424b-9868-57a2d4851a1d" relativeResultsDirectory="af0443cc-a864-4f46-884a-e0690cb7abc1">
      <Output>
        <ErrorInfo>
          <Message>Test method IAS.DataServices.Test.IApplicantServiceTest.UpdateTest threw exception: 
System.NullReferenceException: Object reference not set to an instance of an object.</Message>
          <StackTrace>    at IAS.DataServices.Applicant.ApplicantService.Update(Applicant appl) in D:\[-PRO-]\WebService\IAS.DataServices\Applicant\ApplicantService.svc.cs:line 107
   at IAS.DataServices.Test.IApplicantServiceTest.UpdateTest() in D:\[-PRO-]\IAS.DataServices.Test\ApplicantTest\IApplicantServiceTest.cs:line 324
</StackTrace>
        </ErrorInfo>
      </Output>
    </UnitTestResult>
    <UnitTestResult executionId="54829eb7-9d5d-4fe1-9c96-57f83732a22a" testId="b1e87fb1-c86d-d12c-d57a-a70c7a141530" testName="TestMultiTreadingTasks" computerName="N-ARG-DEV-034" duration="00:00:00.0636563" startTime="2014-09-22T14:14:52.2745391+07:00" endTime="2014-09-22T14:14:52.3457891+07:00" testType="13cdc9d9-ddb5-4fa4-a97d-d965ccfc6d4b" outcome="Passed" testListId="8c84fa94-04c1-424b-9868-57a2d4851a1d" relativeResultsDirectory="54829eb7-9d5d-4fe1-9c96-57f83732a22a">
      <Output>
        <StdOut>5050
20100
45150</StdOut>
        <DebugTrace>AppStart
System.Int32[]
</DebugTrace>
      </Output>
    </UnitTestResult>
    <UnitTestResult executionId="c0a87fca-7e14-43dc-8e9a-0b5e6a208a6e" testId="b356dca7-66e9-8e0b-a22b-b2c033985408" testName="HashAlgorithm_Can_create_same_data_before_and_afterTest2" computerName="N-ARG-DEV-034" duration="00:00:00.0480718" startTime="2014-09-22T14:14:52.3487806+07:00" endTime="2014-09-22T14:14:52.4048590+07:00" testType="13cdc9d9-ddb5-4fa4-a97d-d965ccfc6d4b" outcome="Failed" testListId="8c84fa94-04c1-424b-9868-57a2d4851a1d" relativeResultsDirectory="c0a87fca-7e14-43dc-8e9a-0b5e6a208a6e">
      <Output>
        <ErrorInfo>
          <Message>Test method IAS.DataServices.Test.PaymentTest.HashAlgorithmReceiptTest.HashAlgorithm_Can_create_same_data_before_and_afterTest2 threw exception: 
System.IO.DirectoryNotFoundException: Could not find a part of the path 'D:\OIC\IAS\IAS.DataServices.Test\PaymentTest\FileTest\NHibernate_3.pdf'.</Message>
          <StackTrace>    at System.IO.__Error.WinIOError(Int32 errorCode, String maybeFullPath)
   at System.IO.File.InternalCopy(String sourceFileName, String destFileName, Boolean overwrite, Boolean checkHost)
   at System.IO.File.Copy(String sourceFileName, String destFileName)
   at IAS.DataServices.Test.PaymentTest.HashAlgorithmReceiptTest.HashAlgorithm_Can_create_same_data_before_and_afterTest2() in D:\[-PRO-]\IAS.DataServices.Test\PaymentTest\HashAlgorithmReceiptTest.cs:line 49
</StackTrace>
        </ErrorInfo>
      </Output>
    </UnitTestResult>
    <UnitTestResult executionId="f1ca5a78-02ed-4d77-9b76-b7635a06ccdb" testId="b3d342b6-74dd-9736-9184-1ccfa1cdce67" testName="The_Finance_BillBiz_Can_GetBudgetYear_By_OIC_user" computerName="N-ARG-DEV-034" duration="00:00:09.2367966" startTime="2014-09-22T14:14:52.4078612+07:00" endTime="2014-09-22T14:15:01.6511947+07:00" testType="13cdc9d9-ddb5-4fa4-a97d-d965ccfc6d4b" outcome="Failed" testListId="8c84fa94-04c1-424b-9868-57a2d4851a1d" relativeResultsDirectory="f1ca5a78-02ed-4d77-9b76-b7635a06ccdb">
      <Output>
        <ErrorInfo>
          <Message>Test method IAS.DataServiceTest.BillBizTests.The_Finance_BillBiz_Can_GetBudgetYear_By_OIC_user threw exception: 
Oracle.DataAccess.Client.OracleException: ORA-12154: TNS:could not resolve the connect identifier specified</Message>
          <StackTrace>    at Oracle.DataAccess.Client.OracleException.HandleErrorHelper(Int32 errCode, OracleConnection conn, IntPtr opsErrCtx, OpoSqlValCtx* pOpoSqlValCtx, Object src, String procedure, Boolean bCheck)
   at Oracle.DataAccess.Client.OracleException.HandleError(Int32 errCode, OracleConnection conn, IntPtr opsErrCtx, Object src)
   at Oracle.DataAccess.Client.OracleConnection.Open()
   at IAS.DAL.OracleDB.InitConnection() in D:\[-PRO-]\WebService\IAS.DAL\OracleDB.cs:line 43
   at IAS.DAL.OracleDB.GetDataTable(String sql) in D:\[-PRO-]\WebService\IAS.DAL\OracleDB.cs:line 97
   at IAS.DataServiceTest.BillBizTests.fnBKOFFGetUserConfigByField(String user_id, String fieldName) in D:\[-PRO-]\IAS.DataServiceTest\BillBizTests.cs:line 69
   at IAS.DataServiceTest.BillBizTests.The_Finance_BillBiz_Can_GetBudgetYear_By_OIC_user() in D:\[-PRO-]\IAS.DataServiceTest\BillBizTests.cs:line 46
</StackTrace>
        </ErrorInfo>
      </Output>
    </UnitTestResult>
    <UnitTestResult executionId="adae502e-cabe-46eb-af0e-28ea4b3f3918" testId="b4d42cd9-88fa-a7ad-7a39-f5317a390a35" testName="GetPaymentDetailByGroupTest" computerName="N-ARG-DEV-034" duration="00:00:00.0231177" startTime="2014-09-22T14:15:01.6521952+07:00" endTime="2014-09-22T14:15:01.6782121+07:00" testType="13cdc9d9-ddb5-4fa4-a97d-d965ccfc6d4b" outcome="Failed" testListId="8c84fa94-04c1-424b-9868-57a2d4851a1d" relativeResultsDirectory="adae502e-cabe-46eb-af0e-28ea4b3f3918">
      <Output>
        <ErrorInfo>
          <Message>Test method IAS.DataServices.Test.IPaymentServiceTest.GetPaymentDetailByGroupTest threw exception: 
System.NullReferenceException: Object reference not set to an instance of an object.</Message>
          <StackTrace>    at IAS.DataServices.Payment.PaymentService.GetPaymentDetailByGroup(Int32 type, String Gcode, String Ccode, Nullable`1 startDate, Nullable`1 toDate, Int32 RowPerPage, Int32 num_page, Boolean Count, String CompCode) in D:\[-PRO-]\WebService\IAS.DataServices\Payment\PaymentService.svc.cs:line 2551
   at IAS.DataServices.Test.IPaymentServiceTest.GetPaymentDetailByGroupTest() in D:\[-PRO-]\IAS.DataServices.Test\PaymentTest\IPaymentServiceTest.cs:line 639
</StackTrace>
        </ErrorInfo>
      </Output>
    </UnitTestResult>
    <UnitTestResult executionId="2e1ff4c7-2fb2-4faf-bd63-e75986df2db2" testId="b6b1e8cd-45db-2c5f-ebec-23e8a3d44cfe" testName="TestCritiaReturn" computerName="N-ARG-DEV-034" duration="00:00:00.0003715" startTime="2014-09-22T14:15:01.6792134+07:00" endTime="2014-09-22T14:15:01.6832177+07:00" testType="13cdc9d9-ddb5-4fa4-a97d-d965ccfc6d4b" outcome="Passed" testListId="8c84fa94-04c1-424b-9868-57a2d4851a1d" relativeResultsDirectory="2e1ff4c7-2fb2-4faf-bd63-e75986df2db2">
    </UnitTestResult>
    <UnitTestResult executionId="6e9b571f-a29b-4fa0-80fd-8c01ce9f5175" testId="b6eb61cf-6151-443a-4253-fa0d076a51b1" testName="GetApplicantByIdTest" computerName="N-ARG-DEV-034" duration="00:00:23.1919285" startTime="2014-09-22T14:15:01.6842165+07:00" endTime="2014-09-22T14:15:24.8786842+07:00" testType="13cdc9d9-ddb5-4fa4-a97d-d965ccfc6d4b" outcome="Failed" testListId="8c84fa94-04c1-424b-9868-57a2d4851a1d" relativeResultsDirectory="6e9b571f-a29b-4fa0-80fd-8c01ce9f5175">
      <Output>
        <ErrorInfo>
          <Message>Test method IAS.DataServices.Test.IApplicantServiceTest.GetApplicantByIdTest threw exception: 
System.NullReferenceException: Object reference not set to an instance of an object.</Message>
          <StackTrace>    at IAS.DataServices.Applicant.ApplicantService.GetApplicantById(String applicantCode, String testingNo, String examPlaceCode) in D:\[-PRO-]\WebService\IAS.DataServices\Applicant\ApplicantService.svc.cs:line 157
   at IAS.DataServices.Test.IApplicantServiceTest.GetApplicantByIdTest() in D:\[-PRO-]\IAS.DataServices.Test\ApplicantTest\IApplicantServiceTest.cs:line 169
</StackTrace>
        </ErrorInfo>
      </Output>
    </UnitTestResult>
    <UnitTestResult executionId="db7d4f5d-9919-4d12-9131-90b3f7da767d" testId="b7c4df33-a9a4-5548-e5e2-aa36c4a352d1" testName="MoveExtachFileTest" computerName="N-ARG-DEV-034" duration="00:00:00.3236902" startTime="2014-09-22T14:15:24.8796851+07:00" endTime="2014-09-22T14:15:25.2060167+07:00" testType="13cdc9d9-ddb5-4fa4-a97d-d965ccfc6d4b" outcome="Failed" testListId="8c84fa94-04c1-424b-9868-57a2d4851a1d" relativeResultsDirectory="db7d4f5d-9919-4d12-9131-90b3f7da767d">
      <Output>
        <ErrorInfo>
          <Message>Test method IAS.DataServices.Test.LicenseServiceTest.MoveExtachFileTest threw exception: 
System.NullReferenceException: Object reference not set to an instance of an object.</Message>
          <StackTrace>    at IAS.DataServices.License.LicenseService.MoveExtachFile(String userId, String groupid, List`1 attachFiles) in D:\[-PRO-]\WebService\IAS.DataServices\License\LicenseService.svc.cs:line 2335
   at IAS.DataServices.Test.LicenseServiceTest.MoveExtachFileTest() in D:\[-PRO-]\IAS.DataServices.Test\LicenseServiceTest.cs:line 104
</StackTrace>
        </ErrorInfo>
      </Output>
    </UnitTestResult>
    <UnitTestResult executionId="2123cdd4-98d5-46ee-852f-1f89dbbcf2f3" testId="b826a238-984a-886d-e03e-576a2959bb7d" testName="EditPersonTest" computerName="N-ARG-DEV-034" duration="00:00:00.0319080" startTime="2014-09-22T14:15:25.2070180+07:00" endTime="2014-09-22T14:15:25.2410407+07:00" testType="13cdc9d9-ddb5-4fa4-a97d-d965ccfc6d4b" outcome="Failed" testListId="8c84fa94-04c1-424b-9868-57a2d4851a1d" relativeResultsDirectory="2123cdd4-98d5-46ee-852f-1f89dbbcf2f3">
      <Output>
        <ErrorInfo>
          <Message>Test method IAS.DataServices.Test.IPersonServiceTest.EditPersonTest threw exception: 
System.NullReferenceException: Object reference not set to an instance of an object.</Message>
          <StackTrace>    at IAS.DataServices.Person.PersonService.EditPerson(PersonTemp tmpPerson) in D:\[-PRO-]\WebService\IAS.DataServices\Person\PersonService.svc.cs:line 538
   at IAS.DataServices.Test.IPersonServiceTest.EditPersonTest() in D:\[-PRO-]\IAS.DataServices.Test\PersonTest\IPersonServiceTest.cs:line 151
</StackTrace>
        </ErrorInfo>
      </Output>
    </UnitTestResult>
    <UnitTestResult executionId="e9b7e364-e33b-4a18-8a15-fdff4c2c1716" testId="b84fef3f-bcb0-c4e4-f66a-7bc4d8c28443" testName="NewCreatePaymentTest" computerName="N-ARG-DEV-034" duration="00:00:00.0333674" startTime="2014-09-22T14:15:25.2420403+07:00" endTime="2014-09-22T14:15:25.2770565+07:00" testType="13cdc9d9-ddb5-4fa4-a97d-d965ccfc6d4b" outcome="Failed" testListId="8c84fa94-04c1-424b-9868-57a2d4851a1d" relativeResultsDirectory="e9b7e364-e33b-4a18-8a15-fdff4c2c1716">
      <Output>
        <ErrorInfo>
          <Message>Test method IAS.DataServices.Test.IPaymentServiceTest.NewCreatePaymentTest threw exception: 
System.NullReferenceException: Object reference not set to an instance of an object.</Message>
          <StackTrace>    at IAS.DataServices.Payment.PaymentService.NewCreatePayment(List`1 Groups, String remark, String userId, String compCode, String dayExp, String&amp; groupRequestNo) in D:\[-PRO-]\WebService\IAS.DataServices\Payment\PaymentService.svc.cs:line 1168
   at IAS.DataServices.Test.IPaymentServiceTest.NewCreatePaymentTest() in D:\[-PRO-]\IAS.DataServices.Test\PaymentTest\IPaymentServiceTest.cs:line 918
</StackTrace>
        </ErrorInfo>
      </Output>
    </UnitTestResult>
    <UnitTestResult executionId="51a8131a-e8df-46b3-85a1-cd6ccdb993b1" testId="b8ccf6b5-9d57-e51d-9e18-314579172388" testName="GetExamByTestingNoAndPlaceCodeTest" computerName="N-ARG-DEV-034" duration="00:00:00.0053024" startTime="2014-09-22T14:15:25.2790582+07:00" endTime="2014-09-22T14:15:25.2857326+07:00" testType="13cdc9d9-ddb5-4fa4-a97d-d965ccfc6d4b" outcome="Failed" testListId="8c84fa94-04c1-424b-9868-57a2d4851a1d" relativeResultsDirectory="51a8131a-e8df-46b3-85a1-cd6ccdb993b1">
      <Output>
        <ErrorInfo>
          <Message>Assert.AreEqual failed. Expected:&lt;(null)&gt;. Actual:&lt;IAS.DTO.ResponseService`1[IAS.DTO.ExamSchedule]&gt;. </Message>
          <StackTrace>   at IAS.DataServices.Test.IExamServiceTest.GetExamByTestingNoAndPlaceCodeTest() in D:\[-PRO-]\IAS.DataServices.Test\ExamTest\IExamServiceTest.cs:line 393
</StackTrace>
        </ErrorInfo>
      </Output>
    </UnitTestResult>
    <UnitTestResult executionId="40c67714-4b3a-4689-bca7-ac6e002357f2" testId="b8da9a58-6766-09d5-1120-d32ef761438d" testName="GetUserProfileByUsernameTest" computerName="N-ARG-DEV-034" duration="00:00:00.0068353" startTime="2014-09-22T14:15:25.2867281+07:00" endTime="2014-09-22T14:15:25.2957463+07:00" testType="13cdc9d9-ddb5-4fa4-a97d-d965ccfc6d4b" outcome="Failed" testListId="8c84fa94-04c1-424b-9868-57a2d4851a1d" relativeResultsDirectory="40c67714-4b3a-4689-bca7-ac6e002357f2">
      <Output>
        <ErrorInfo>
          <Message>Assert.AreEqual failed. Expected:&lt;(null)&gt;. Actual:&lt;IAS.DTO.ResponseService`1[System.Data.DataSet]&gt;. </Message>
          <StackTrace>   at IAS.DataServices.Test.IPersonServiceTest.GetUserProfileByUsernameTest() in D:\[-PRO-]\IAS.DataServices.Test\PersonTest\IPersonServiceTest.cs:line 440
</StackTrace>
        </ErrorInfo>
      </Output>
    </UnitTestResult>
    <UnitTestResult executionId="be0de378-b6be-4660-992f-ee62a0939ca0" testId="ba42dd46-21b6-920a-0edd-46d4dca822f8" testName="OnLoad_GetRequestTest" computerName="N-ARG-DEV-034" duration="00:00:00.0007631" startTime="2014-09-22T14:15:25.2967480+07:00" endTime="2014-09-22T14:15:25.2997489+07:00" testType="13cdc9d9-ddb5-4fa4-a97d-d965ccfc6d4b" outcome="Passed" testListId="8c84fa94-04c1-424b-9868-57a2d4851a1d" relativeResultsDirectory="be0de378-b6be-4660-992f-ee62a0939ca0">
    </UnitTestResult>
    <UnitTestResult executionId="aa32d585-3fb1-46c4-ac3a-e7e70f9d0438" testId="ba85ec7f-bfd2-eca0-8693-d4636a82d15c" testName="Validate_Name_IsInValid" computerName="N-ARG-DEV-034" duration="00:00:00.0002015" startTime="2014-09-22T14:15:25.3007498+07:00" endTime="2014-09-22T14:15:25.3037516+07:00" testType="13cdc9d9-ddb5-4fa4-a97d-d965ccfc6d4b" outcome="Passed" testListId="8c84fa94-04c1-424b-9868-57a2d4851a1d" relativeResultsDirectory="aa32d585-3fb1-46c4-ac3a-e7e70f9d0438">
    </UnitTestResult>
    <UnitTestResult executionId="f70f322b-26d2-4128-974d-a24d91534317" testId="bb0b24a3-8b10-c9e3-2b19-d66443206ce8" testName="InsertTest" computerName="N-ARG-DEV-034" duration="00:00:00.0091195" startTime="2014-09-22T14:15:25.3047525+07:00" endTime="2014-09-22T14:15:25.3167601+07:00" testType="13cdc9d9-ddb5-4fa4-a97d-d965ccfc6d4b" outcome="Failed" testListId="8c84fa94-04c1-424b-9868-57a2d4851a1d" relativeResultsDirectory="f70f322b-26d2-4128-974d-a24d91534317">
      <Output>
        <ErrorInfo>
          <Message>Assert.AreEqual failed. Expected:&lt;(null)&gt;. Actual:&lt;IAS.DTO.ResponseService`1[IAS.DTO.Registration]&gt;. </Message>
          <StackTrace>   at IAS.DataServices.Test.IRegistrationServiceTest.InsertTest() in D:\[-PRO-]\IAS.DataServices.Test\RegistrationTest\IRegistrationServiceTest.cs:line 331
</StackTrace>
        </ErrorInfo>
      </Output>
    </UnitTestResult>
    <UnitTestResult executionId="723b1757-6f97-44fe-ab24-7fae7a3b1a63" testId="be975037-27a5-c4ec-14c0-51bf9641569d" testName="GetSubPaymentByHeaderRequestNoTest" computerName="N-ARG-DEV-034" duration="00:00:00.0116615" startTime="2014-09-22T14:15:25.3177609+07:00" endTime="2014-09-22T14:15:25.3327707+07:00" testType="13cdc9d9-ddb5-4fa4-a97d-d965ccfc6d4b" outcome="Failed" testListId="8c84fa94-04c1-424b-9868-57a2d4851a1d" relativeResultsDirectory="723b1757-6f97-44fe-ab24-7fae7a3b1a63">
      <Output>
        <ErrorInfo>
          <Message>Assert.AreEqual failed. Expected:&lt;(null)&gt;. Actual:&lt;IAS.DTO.ResponseService`1[System.Data.DataSet]&gt;. </Message>
          <StackTrace>   at IAS.DataServices.Test.IPaymentServiceTest.GetSubPaymentByHeaderRequestNoTest() in D:\[-PRO-]\IAS.DataServices.Test\PaymentTest\IPaymentServiceTest.cs:line 805
</StackTrace>
        </ErrorInfo>
      </Output>
    </UnitTestResult>
    <UnitTestResult executionId="d5352186-139d-4f5d-b55a-7d7ea899eea3" testId="c01f53b4-3adb-92ea-98d8-6e5122715027" testName="GetReferanceNumberTest" computerName="N-ARG-DEV-034" duration="00:00:00.0105966" startTime="2014-09-22T14:15:25.3337720+07:00" endTime="2014-09-22T14:15:25.3467817+07:00" testType="13cdc9d9-ddb5-4fa4-a97d-d965ccfc6d4b" outcome="Failed" testListId="8c84fa94-04c1-424b-9868-57a2d4851a1d" relativeResultsDirectory="d5352186-139d-4f5d-b55a-7d7ea899eea3">
      <Output>
        <ErrorInfo>
          <Message>Assert.AreEqual failed. Expected:&lt;1380&gt;. Actual:&lt;82&gt;. </Message>
          <StackTrace>   at IAS.DataServiceTest.BankReferanceNumberTest.GetReferanceNumberTest() in D:\[-PRO-]\IAS.DataServiceTest\BankReferanceNumberTest.cs:line 20
</StackTrace>
        </ErrorInfo>
      </Output>
    </UnitTestResult>
    <UnitTestResult executionId="d389b096-9852-44e3-9545-76bd61337cea" testId="c0b10dbe-d146-21de-e381-8a821cfe7bfb" testName="PrintDownloadCountTest" computerName="N-ARG-DEV-034" duration="00:00:00.0038745" startTime="2014-09-22T14:15:25.3487818+07:00" endTime="2014-09-22T14:15:25.3547854+07:00" testType="13cdc9d9-ddb5-4fa4-a97d-d965ccfc6d4b" outcome="Failed" testListId="8c84fa94-04c1-424b-9868-57a2d4851a1d" relativeResultsDirectory="d389b096-9852-44e3-9545-76bd61337cea">
      <Output>
        <ErrorInfo>
          <Message>Test method IAS.DataServices.Test.IPaymentServiceTest.PrintDownloadCountTest threw exception: 
System.NullReferenceException: Object reference not set to an instance of an object.</Message>
          <StackTrace>    at IAS.DataServices.Payment.PaymentService.PrintDownloadCount(List`1 subPaymentDetail, String id_card, String createby) in D:\[-PRO-]\WebService\IAS.DataServices\Payment\PaymentService.svc.cs:line 3382
   at IAS.DataServices.Test.IPaymentServiceTest.PrintDownloadCountTest() in D:\[-PRO-]\IAS.DataServices.Test\PaymentTest\IPaymentServiceTest.cs:line 957
</StackTrace>
        </ErrorInfo>
      </Output>
    </UnitTestResult>
    <UnitTestResult executionId="11fdce56-7a66-46f5-9735-784d16eacec3" testId="c0be1ec3-10a5-6d99-6af3-0773b3d128b2" testName="SetSubGroupSingleLicenseTest" computerName="N-ARG-DEV-034" duration="00:00:00.0071128" startTime="2014-09-22T14:15:25.3567872+07:00" endTime="2014-09-22T14:15:25.3657934+07:00" testType="13cdc9d9-ddb5-4fa4-a97d-d965ccfc6d4b" outcome="Failed" testListId="8c84fa94-04c1-424b-9868-57a2d4851a1d" relativeResultsDirectory="11fdce56-7a66-46f5-9735-784d16eacec3">
      <Output>
        <ErrorInfo>
          <Message>Test method IAS.DataServices.Test.IPaymentServiceTest.SetSubGroupSingleLicenseTest threw exception: 
System.NullReferenceException: Object reference not set to an instance of an object.</Message>
          <StackTrace>    at IAS.DataServices.Payment.PaymentService.SetSubGroupSingleLicense(List`1 subGroups, String userId, String compCode, String&amp; groupHeaderNo) in D:\[-PRO-]\WebService\IAS.DataServices\Payment\PaymentService.svc.cs:line 701
   at IAS.DataServices.Test.IPaymentServiceTest.SetSubGroupSingleLicenseTest() in D:\[-PRO-]\IAS.DataServices.Test\PaymentTest\IPaymentServiceTest.cs:line 1000
</StackTrace>
        </ErrorInfo>
      </Output>
    </UnitTestResult>
    <UnitTestResult executionId="9cb0632b-b238-4250-bb3c-cca74d7af0ad" testId="c2dbc761-eb84-3182-4560-ed6e00d100ed" testName="CanGetConfig01_02_03" computerName="N-ARG-DEV-034" duration="00:00:00.0292383" startTime="2014-09-22T14:15:25.3667938+07:00" endTime="2014-09-22T14:15:25.3998161+07:00" testType="13cdc9d9-ddb5-4fa4-a97d-d965ccfc6d4b" outcome="Passed" testListId="8c84fa94-04c1-424b-9868-57a2d4851a1d" relativeResultsDirectory="9cb0632b-b238-4250-bb3c-cca74d7af0ad">
    </UnitTestResult>
    <UnitTestResult executionId="15eec1cf-38e9-4dd1-8525-79d1543b3b70" testId="c2dda9f9-2a35-a46a-e645-51588e6762b9" testName="GetRegistrationsByCriteriaTest" computerName="N-ARG-DEV-034" duration="00:00:00.0196110" startTime="2014-09-22T14:15:25.4008165+07:00" endTime="2014-09-22T14:15:25.4228308+07:00" testType="13cdc9d9-ddb5-4fa4-a97d-d965ccfc6d4b" outcome="Failed" testListId="8c84fa94-04c1-424b-9868-57a2d4851a1d" relativeResultsDirectory="15eec1cf-38e9-4dd1-8525-79d1543b3b70">
      <Output>
        <ErrorInfo>
          <Message>Assert.AreEqual failed. Expected:&lt;IAS.DTO.ResponseService`1[System.Data.DataSet]&gt;. Actual:&lt;IAS.DTO.ResponseService`1[System.Data.DataSet]&gt;. </Message>
          <StackTrace>   at IAS.DataServices.Test.RegistationServiceTest.GetRegistrationsByCriteriaTest() in D:\[-PRO-]\IAS.DataServices.Test\RegistationServiceTest.cs:line 186
</StackTrace>
        </ErrorInfo>
      </Output>
    </UnitTestResult>
    <UnitTestResult executionId="c77bd3e3-c2ab-4b98-8656-df085f8da9bf" testId="c3c1b77c-557a-3bb0-45f0-1295ab0b73e1" testName="GetUserProfileTest" computerName="N-ARG-DEV-034" duration="00:00:00.0050330" startTime="2014-09-22T14:15:25.4238325+07:00" endTime="2014-09-22T14:15:25.4318370+07:00" testType="13cdc9d9-ddb5-4fa4-a97d-d965ccfc6d4b" outcome="Failed" testListId="8c84fa94-04c1-424b-9868-57a2d4851a1d" relativeResultsDirectory="c77bd3e3-c2ab-4b98-8656-df085f8da9bf">
      <Output>
        <ErrorInfo>
          <Message>Assert.AreEqual failed. Expected:&lt;(null)&gt;. Actual:&lt;IAS.DTO.ResponseService`1[IAS.DTO.Person]&gt;. </Message>
          <StackTrace>   at IAS.DataServices.Test.IPersonServiceTest.GetUserProfileTest() in D:\[-PRO-]\IAS.DataServices.Test\PersonTest\IPersonServiceTest.cs:line 385
</StackTrace>
        </ErrorInfo>
      </Output>
    </UnitTestResult>
    <UnitTestResult executionId="416ba7ca-72a1-4ffc-8681-8a33a33db46f" testId="c41b964d-79f6-3eb8-9253-82212c527581" testName="GetAgentTypeTest" computerName="N-ARG-DEV-034" duration="00:00:00.0202892" startTime="2014-09-22T14:15:25.4328379+07:00" endTime="2014-09-22T14:15:25.4558530+07:00" testType="13cdc9d9-ddb5-4fa4-a97d-d965ccfc6d4b" outcome="Failed" testListId="8c84fa94-04c1-424b-9868-57a2d4851a1d" relativeResultsDirectory="416ba7ca-72a1-4ffc-8681-8a33a33db46f">
      <Output>
        <ErrorInfo>
          <Message>Assert.AreEqual failed. Expected:&lt;(null)&gt;. Actual:&lt;IAS.DTO.ResponseService`1[System.Collections.Generic.List`1[IAS.DTO.AgentTypeEntity]]&gt;. </Message>
          <StackTrace>   at IAS.DataServices.Test.IRegistrationServiceTest.GetAgentTypeTest() in D:\[-PRO-]\IAS.DataServices.Test\RegistrationTest\IRegistrationServiceTest.cs:line 164
</StackTrace>
        </ErrorInfo>
      </Output>
    </UnitTestResult>
    <UnitTestResult executionId="d1511b27-d737-4a6f-9b98-1b02814b776a" testId="c4aab5b1-a7f5-c03f-ca64-e611898fcff3" testName="KTBBankFile_Upload_Falit" computerName="N-ARG-DEV-034" duration="00:00:00.0106495" startTime="2014-09-22T14:15:25.4568535+07:00" endTime="2014-09-22T14:15:25.4698636+07:00" testType="13cdc9d9-ddb5-4fa4-a97d-d965ccfc6d4b" outcome="Failed" testListId="8c84fa94-04c1-424b-9868-57a2d4851a1d" relativeResultsDirectory="d1511b27-d737-4a6f-9b98-1b02814b776a">
      <Output>
        <ErrorInfo>
          <Message>Test method IAS.DataServiceTest.KTBFileTextFileUploadTest.KTBBankFile_Upload_Falit threw exception: 
System.ApplicationException: ไม่พบเอกสาร</Message>
          <StackTrace>    at IAS.DataServiceTest.KTBFileTextFileUploadTest.ReadDataFromFile(String filename) in D:\[-PRO-]\IAS.DataServiceTest\KTBFileTextFileUploadTest.cs:line 47
   at IAS.DataServiceTest.KTBFileTextFileUploadTest.KTBBankFile_Upload_Falit() in D:\[-PRO-]\IAS.DataServiceTest\KTBFileTextFileUploadTest.cs:line 25
</StackTrace>
        </ErrorInfo>
      </Output>
    </UnitTestResult>
    <UnitTestResult executionId="a122b8a8-ae77-46a1-b63d-7ad3b8491c3d" testId="c7241d66-4d00-cbae-2176-2727b8d732cd" testName="GetPaymentDetailByGroupTest" computerName="N-ARG-DEV-034" duration="00:00:00.0348733" startTime="2014-09-22T14:15:25.4718641+07:00" endTime="2014-09-22T14:15:25.5099555+07:00" testType="13cdc9d9-ddb5-4fa4-a97d-d965ccfc6d4b" outcome="Failed" testListId="8c84fa94-04c1-424b-9868-57a2d4851a1d" relativeResultsDirectory="a122b8a8-ae77-46a1-b63d-7ad3b8491c3d">
      <Output>
        <ErrorInfo>
          <Message>Test method IAS.DataServices.Test.PaymentServiceTest.GetPaymentDetailByGroupTest threw exception: 
System.FormatException: String was not recognized as a valid DateTime.</Message>
          <StackTrace>    at System.DateTimeParse.Parse(String s, DateTimeFormatInfo dtfi, DateTimeStyles styles)
   at System.Convert.ToDateTime(String value)
   at IAS.DataServices.Test.PaymentServiceTest.GetPaymentDetailByGroupTest() in D:\[-PRO-]\IAS.DataServices.Test\PaymentServiceTest.cs:line 190
</StackTrace>
        </ErrorInfo>
      </Output>
    </UnitTestResult>
    <UnitTestResult executionId="e355f63c-c173-4923-9b76-ba5f0ef16902" testId="c976b72d-81d4-e2f3-3eed-060e9a7d2e88" testName="ErrorTraceLog_ToDatabase_CanLogDatabase" computerName="N-ARG-DEV-034" duration="00:00:04.4616690" startTime="2014-09-22T14:15:25.5109568+07:00" endTime="2014-09-22T14:15:29.9744695+07:00" testType="13cdc9d9-ddb5-4fa4-a97d-d965ccfc6d4b" outcome="Passed" testListId="8c84fa94-04c1-424b-9868-57a2d4851a1d" relativeResultsDirectory="e355f63c-c173-4923-9b76-ba5f0ef16902">
      <Output>
        <StdErr>log4net:ERROR [WcfAppender] Failed in DoAppend
System.ServiceModel.EndpointNotFoundException: There was no endpoint listening at http://localhost:9999/Logging/ServiceLogger.svc that could accept the message. This is often caused by an incorrect address or SOAP action. See InnerException, if present, for more details. ---&gt; System.Net.WebException: Unable to connect to the remote server ---&gt; System.Net.Sockets.SocketException: No connection could be made because the target machine actively refused it 127.0.0.1:9999
   at System.Net.Sockets.Socket.DoConnect(EndPoint endPointSnapshot, SocketAddress socketAddress)
   at System.Net.ServicePoint.ConnectSocketInternal(Boolean connectFailure, Socket s4, Socket s6, Socket&amp; socket, IPAddress&amp; address, ConnectSocketState state, IAsyncResult asyncResult, Exception&amp; exception)
   --- End of inner exception stack trace ---
   at System.Net.HttpWebRequest.GetRequestStream(TransportContext&amp; context)
   at System.Net.HttpWebRequest.GetRequestStream()
   at System.ServiceModel.Channels.HttpOutput.WebRequestHttpOutput.GetOutputStream()
   --- End of inner exception stack trace ---

Server stack trace: 
   at System.ServiceModel.Channels.HttpOutput.WebRequestHttpOutput.GetOutputStream()
   at System.ServiceModel.Channels.HttpOutput.Send(TimeSpan timeout)
   at System.ServiceModel.Channels.HttpChannelFactory`1.HttpRequestChannel.HttpChannelRequest.SendRequest(Message message, TimeSpan timeout)
   at System.ServiceModel.Channels.RequestChannel.Request(Message message, TimeSpan timeout)
   at System.ServiceModel.Dispatcher.RequestChannelBinder.Request(Message message, TimeSpan timeout)
   at System.ServiceModel.Channels.ServiceChannel.Call(String action, Boolean oneway, ProxyOperationRuntime operation, Object[] ins, Object[] outs, TimeSpan timeout)
   at System.ServiceModel.Channels.ServiceChannelProxy.InvokeService(IMethodCallMessage methodCall, ProxyOperationRuntime operation)
   at System.ServiceModel.Channels.ServiceChannelProxy.Invoke(IMessage message)

Exception rethrown at [0]: 
   at System.Runtime.Remoting.Proxies.RealProxy.HandleReturnMessage(IMessage reqMsg, IMessage retMsg)
   at System.Runtime.Remoting.Proxies.RealProxy.PrivateInvoke(MessageData&amp; msgData, Int32 type)
   at IAS.Common.Logging.Services.IServiceLogger.NewLog(LogServiceMessage message)
   at IAS.Common.Logging.WcfAppender.Append(LoggingEvent loggingEvent) in D:\[-PRO-]\IAS.Common\Logging\Services\WcfAppender.cs:line 125
   at log4net.Appender.AppenderSkeleton.DoAppend(LoggingEvent loggingEvent)</StdErr>
        <DebugTrace>log4net:ERROR [WcfAppender] Failed in DoAppend
System.ServiceModel.EndpointNotFoundException: There was no endpoint listening at http://localhost:9999/Logging/ServiceLogger.svc that could accept the message. This is often caused by an incorrect address or SOAP action. See InnerException, if present, for more details. ---&gt; System.Net.WebException: Unable to connect to the remote server ---&gt; System.Net.Sockets.SocketException: No connection could be made because the target machine actively refused it 127.0.0.1:9999
   at System.Net.Sockets.Socket.DoConnect(EndPoint endPointSnapshot, SocketAddress socketAddress)
   at System.Net.ServicePoint.ConnectSocketInternal(Boolean connectFailure, Socket s4, Socket s6, Socket&amp; socket, IPAddress&amp; address, ConnectSocketState state, IAsyncResult asyncResult, Exception&amp; exception)
   --- End of inner exception stack trace ---
   at System.Net.HttpWebRequest.GetRequestStream(TransportContext&amp; context)
   at System.Net.HttpWebRequest.GetRequestStream()
   at System.ServiceModel.Channels.HttpOutput.WebRequestHttpOutput.GetOutputStream()
   --- End of inner exception stack trace ---

Server stack trace: 
   at System.ServiceModel.Channels.HttpOutput.WebRequestHttpOutput.GetOutputStream()
   at System.ServiceModel.Channels.HttpOutput.Send(TimeSpan timeout)
   at System.ServiceModel.Channels.HttpChannelFactory`1.HttpRequestChannel.HttpChannelRequest.SendRequest(Message message, TimeSpan timeout)
   at System.ServiceModel.Channels.RequestChannel.Request(Message message, TimeSpan timeout)
   at System.ServiceModel.Dispatcher.RequestChannelBinder.Request(Message message, TimeSpan timeout)
   at System.ServiceModel.Channels.ServiceChannel.Call(String action, Boolean oneway, ProxyOperationRuntime operation, Object[] ins, Object[] outs, TimeSpan timeout)
   at System.ServiceModel.Channels.ServiceChannelProxy.InvokeService(IMethodCallMessage methodCall, ProxyOperationRuntime operation)
   at System.ServiceModel.Channels.ServiceChannelProxy.Invoke(IMessage message)

Exception rethrown at [0]: 
   at System.Runtime.Remoting.Proxies.RealProxy.HandleReturnMessage(IMessage reqMsg, IMessage retMsg)
   at System.Runtime.Remoting.Proxies.RealProxy.PrivateInvoke(MessageData&amp; msgData, Int32 type)
   at IAS.Common.Logging.Services.IServiceLogger.NewLog(LogServiceMessage message)
   at IAS.Common.Logging.WcfAppender.Append(LoggingEvent loggingEvent) in D:\[-PRO-]\IAS.Common\Logging\Services\WcfAppender.cs:line 125
   at log4net.Appender.AppenderSkeleton.DoAppend(LoggingEvent loggingEvent)
</DebugTrace>
      </Output>
    </UnitTestResult>
    <UnitTestResult executionId="468c1db0-208a-4efa-a93e-1e4562eb70aa" testId="c97889a7-4b5d-47e2-de1a-f0e3096cbc00" testName="GetExamByCriteriaTest" computerName="N-ARG-DEV-034" duration="00:00:00.0847699" startTime="2014-09-22T14:15:29.9754700+07:00" endTime="2014-09-22T14:15:30.0629658+07:00" testType="13cdc9d9-ddb5-4fa4-a97d-d965ccfc6d4b" outcome="Failed" testListId="8c84fa94-04c1-424b-9868-57a2d4851a1d" relativeResultsDirectory="468c1db0-208a-4efa-a93e-1e4562eb70aa">
      <Output>
        <ErrorInfo>
          <Message>Assert.AreEqual failed. Expected:&lt;(null)&gt;. Actual:&lt;IAS.DTO.ResponseService`1[System.Data.DataSet]&gt;. </Message>
          <StackTrace>   at IAS.DataServices.Test.IExamServiceTest.GetExamByCriteriaTest() in D:\[-PRO-]\IAS.DataServices.Test\ExamTest\IExamServiceTest.cs:line 305
</StackTrace>
        </ErrorInfo>
      </Output>
    </UnitTestResult>
    <UnitTestResult executionId="ea6fe84f-100b-4ca1-a634-8b4d3c688481" testId="c9ac96fe-9a82-fdb1-aeee-90af2e9cbf5e" testName="GetPersonalDetailByIDCard" computerName="N-ARG-DEV-034" duration="00:00:00.0163460" startTime="2014-09-22T14:15:30.0649680+07:00" endTime="2014-09-22T14:15:30.0839801+07:00" testType="13cdc9d9-ddb5-4fa4-a97d-d965ccfc6d4b" outcome="Failed" testListId="8c84fa94-04c1-424b-9868-57a2d4851a1d" relativeResultsDirectory="ea6fe84f-100b-4ca1-a634-8b4d3c688481">
      <Output>
        <ErrorInfo>
          <Message>Assert.AreEqual failed. Expected:&lt;IAS.DTO.ResponseService`1[IAS.DTO.Person]&gt;. Actual:&lt;IAS.DTO.ResponseService`1[IAS.DTO.Person]&gt;. </Message>
          <StackTrace>   at IAS.DataServices.Test.RegistationServiceTest.GetPersonalDetailByIDCard() in D:\[-PRO-]\IAS.DataServices.Test\RegistationServiceTest.cs:line 113
</StackTrace>
        </ErrorInfo>
      </Output>
    </UnitTestResult>
    <UnitTestResult executionId="998941e1-f077-4fd1-853e-c523bf2d41c4" testId="c9b90aa4-e89b-2717-cb3a-1de089946cb5" testName="EntityValidationTest" computerName="N-ARG-DEV-034" duration="00:00:00.0688376" startTime="2014-09-22T14:15:30.0849813+07:00" endTime="2014-09-22T14:15:30.1570290+07:00" testType="13cdc9d9-ddb5-4fa4-a97d-d965ccfc6d4b" outcome="Failed" testListId="8c84fa94-04c1-424b-9868-57a2d4851a1d" relativeResultsDirectory="998941e1-f077-4fd1-853e-c523bf2d41c4">
      <Output>
        <ErrorInfo>
          <Message>Assert.AreEqual failed. Expected:&lt;True&gt;. Actual:&lt;False&gt;. </Message>
          <StackTrace>   at IAS.DataServices.Test.RegistationServiceTest.EntityValidationTest() in D:\[-PRO-]\IAS.DataServices.Test\RegistationServiceTest.cs:line 93
</StackTrace>
        </ErrorInfo>
      </Output>
    </UnitTestResult>
    <UnitTestResult executionId="726af1ac-2131-42ab-9163-a3a69b343b44" testId="cc2951bb-ff0b-e893-0ea6-907d2e46aaa8" testName="GetApplicantUploadTempByIdTest" computerName="N-ARG-DEV-034" duration="00:00:00.0047728" startTime="2014-09-22T14:15:30.1580294+07:00" endTime="2014-09-22T14:15:30.1670352+07:00" testType="13cdc9d9-ddb5-4fa4-a97d-d965ccfc6d4b" outcome="Failed" testListId="8c84fa94-04c1-424b-9868-57a2d4851a1d" relativeResultsDirectory="726af1ac-2131-42ab-9163-a3a69b343b44">
      <Output>
        <ErrorInfo>
          <Message>Assert.AreEqual failed. Expected:&lt;(null)&gt;. Actual:&lt;IAS.DTO.ResponseService`1[IAS.DTO.ApplicantTemp]&gt;. </Message>
          <StackTrace>   at IAS.DataServices.Test.IApplicantServiceTest.GetApplicantUploadTempByIdTest() in D:\[-PRO-]\IAS.DataServices.Test\ApplicantTest\IApplicantServiceTest.cs:line 230
</StackTrace>
        </ErrorInfo>
      </Output>
    </UnitTestResult>
    <UnitTestResult executionId="1473ca8a-b975-4884-91af-812dede4148a" testId="cc40ece7-ddcc-640f-c690-0539470e58b0" testName="LicenseRequestFactory_Can_Reader_ComposeFile2" computerName="N-ARG-DEV-034" duration="00:00:00.0316239" startTime="2014-09-22T14:15:30.1680361+07:00" endTime="2014-09-22T14:15:30.2020592+07:00" testType="13cdc9d9-ddb5-4fa4-a97d-d965ccfc6d4b" outcome="Failed" testListId="8c84fa94-04c1-424b-9868-57a2d4851a1d" relativeResultsDirectory="1473ca8a-b975-4884-91af-812dede4148a">
      <Output>
        <ErrorInfo>
          <Message>Test method IAS.DataServiceTest.LicenseRequestFileUploadTest.LicenseRequestFactory_Can_Reader_ComposeFile2 threw exception: 
System.NullReferenceException: Object reference not set to an instance of an object.</Message>
          <StackTrace>    at IAS.DataServiceTest.LicenseRequestFileUploadTest.LicenseRequestFactory_Can_Reader_ComposeFile2() in D:\[-PRO-]\IAS.DataServiceTest\LicenseRequestFileUploadTest.cs:line 311
</StackTrace>
        </ErrorInfo>
      </Output>
    </UnitTestResult>
    <UnitTestResult executionId="570335f1-2218-4dc6-b8f2-29f22b2cae28" testId="cd63d5c4-d7f9-ff11-c133-8fb8e0a1f4ee" testName="CreateReceiveNumber" computerName="N-ARG-DEV-034" duration="00:00:09.0942876" startTime="2014-09-22T14:15:30.2030605+07:00" endTime="2014-09-22T14:15:39.2999817+07:00" testType="13cdc9d9-ddb5-4fa4-a97d-d965ccfc6d4b" outcome="Failed" testListId="8c84fa94-04c1-424b-9868-57a2d4851a1d" relativeResultsDirectory="570335f1-2218-4dc6-b8f2-29f22b2cae28">
      <Output>
        <ErrorInfo>
          <Message>Test method IAS.DataServiceTest.GenerateReceiptNumberTest.CreateReceiveNumber threw exception: 
Oracle.DataAccess.Client.OracleException: ORA-12154: TNS:could not resolve the connect identifier specified</Message>
          <StackTrace>    at Oracle.DataAccess.Client.OracleException.HandleErrorHelper(Int32 errCode, OracleConnection conn, IntPtr opsErrCtx, OpoSqlValCtx* pOpoSqlValCtx, Object src, String procedure, Boolean bCheck)
   at Oracle.DataAccess.Client.OracleException.HandleError(Int32 errCode, OracleConnection conn, IntPtr opsErrCtx, Object src)
   at Oracle.DataAccess.Client.OracleConnection.Open()
   at IAS.DAL.OracleDB.InitConnection() in D:\[-PRO-]\WebService\IAS.DAL\OracleDB.cs:line 43
   at IAS.DAL.OracleDB.GetDataTable(String sql) in D:\[-PRO-]\WebService\IAS.DAL\OracleDB.cs:line 97
   at IAS.DataServices.Payment.Receipts.GenBillCodeFactory.GetBillNo(String user_id, String doc_date, String doc_code, String doc_type, String date_mode) in D:\[-PRO-]\WebService\IAS.DataServices\Payment\Receipts\GenBillCodeFactory.cs:line 27
   at IAS.DataServiceTest.GenerateReceiptNumberTest.CreateReceiveNumber() in D:\[-PRO-]\IAS.DataServiceTest\GenerateReceiptNumberTest.cs:line 20
</StackTrace>
        </ErrorInfo>
      </Output>
    </UnitTestResult>
    <UnitTestResult executionId="0494aac7-a184-4037-bbd7-b4a1a4c42641" testId="ce596f10-3082-c475-1ef7-3c9474252a5d" testName="InsertAttachFileToRegistrationTest" computerName="N-ARG-DEV-034" duration="00:00:00.0056579" startTime="2014-09-22T14:15:39.3009826+07:00" endTime="2014-09-22T14:15:39.3089879+07:00" testType="13cdc9d9-ddb5-4fa4-a97d-d965ccfc6d4b" outcome="Failed" testListId="8c84fa94-04c1-424b-9868-57a2d4851a1d" relativeResultsDirectory="0494aac7-a184-4037-bbd7-b4a1a4c42641">
      <Output>
        <ErrorInfo>
          <Message>Test method IAS.DataServices.Test.IRegistrationServiceTest.InsertAttachFileToRegistrationTest threw exception: 
System.NullReferenceException: Object reference not set to an instance of an object.</Message>
          <StackTrace>    at IAS.DataServices.Registration.RegistationService.InsertAttachFileToRegistration(String registrationId, RegistrationAttatchFile attachFile) in D:\[-PRO-]\WebService\IAS.DataServices\Registration\RegistrationService.svc.cs:line 1772
   at IAS.DataServices.Test.IRegistrationServiceTest.InsertAttachFileToRegistrationTest() in D:\[-PRO-]\IAS.DataServices.Test\RegistrationTest\IRegistrationServiceTest.cs:line 349
</StackTrace>
        </ErrorInfo>
      </Output>
    </UnitTestResult>
    <UnitTestResult executionId="a2ba5972-46f9-45a2-a0e6-dce376ec0b3b" testId="cf13f8a3-9920-5e65-e7ad-46f1eabd1504" testName="InsertWithAttatchFileTest" computerName="N-ARG-DEV-034" duration="00:00:00.0063759" startTime="2014-09-22T14:15:39.3099884+07:00" endTime="2014-09-22T14:15:39.3189946+07:00" testType="13cdc9d9-ddb5-4fa4-a97d-d965ccfc6d4b" outcome="Failed" testListId="8c84fa94-04c1-424b-9868-57a2d4851a1d" relativeResultsDirectory="a2ba5972-46f9-45a2-a0e6-dce376ec0b3b">
      <Output>
        <ErrorInfo>
          <Message>Test method IAS.DataServices.Test.IRegistrationServiceTest.InsertWithAttatchFileTest threw exception: 
System.NullReferenceException: Object reference not set to an instance of an object.</Message>
          <StackTrace>    at IAS.DataServices.Registration.RegistationService.InsertWithAttatchFile(RegistrationType registerType, Registration entity, List`1 listAttatchFile) in D:\[-PRO-]\WebService\IAS.DataServices\Registration\RegistrationService.svc.cs:line 809
   at IAS.DataServices.Test.IRegistrationServiceTest.InsertWithAttatchFileTest() in D:\[-PRO-]\IAS.DataServices.Test\RegistrationTest\IRegistrationServiceTest.cs:line 369
</StackTrace>
        </ErrorInfo>
      </Output>
    </UnitTestResult>
    <UnitTestResult executionId="6ac5dfec-304a-423f-9ce1-8e0c6dd6164a" testId="cf228363-163f-d848-2b92-5b3ff2a7046b" testName="Duplicate_Data_Test_Null_Data" computerName="N-ARG-DEV-034" duration="00:00:00.0113934" startTime="2014-09-22T14:15:39.3199955+07:00" endTime="2014-09-22T14:15:39.3350048+07:00" testType="13cdc9d9-ddb5-4fa4-a97d-d965ccfc6d4b" outcome="Passed" testListId="8c84fa94-04c1-424b-9868-57a2d4851a1d" relativeResultsDirectory="6ac5dfec-304a-423f-9ce1-8e0c6dd6164a">
    </UnitTestResult>
    <UnitTestResult executionId="7da497db-7165-406a-89a6-debbd6f25bd5" testId="cfc01c11-967b-136c-b3df-fb0fb0ddc934" testName="PersonApproveTest" computerName="N-ARG-DEV-034" duration="00:00:00.0045671" startTime="2014-09-22T14:15:39.3360065+07:00" endTime="2014-09-22T14:15:39.3430106+07:00" testType="13cdc9d9-ddb5-4fa4-a97d-d965ccfc6d4b" outcome="Failed" testListId="8c84fa94-04c1-424b-9868-57a2d4851a1d" relativeResultsDirectory="7da497db-7165-406a-89a6-debbd6f25bd5">
      <Output>
        <ErrorInfo>
          <Message>Test method IAS.DataServices.Test.IPersonServiceTest.PersonApproveTest threw exception: 
System.NullReferenceException: Object reference not set to an instance of an object.</Message>
          <StackTrace>    at IAS.DataServices.Person.PersonService.PersonApprove(List`1 listId) in D:\[-PRO-]\WebService\IAS.DataServices\Person\PersonService.svc.cs:line 860
   at IAS.DataServices.Test.IPersonServiceTest.PersonApproveTest() in D:\[-PRO-]\IAS.DataServices.Test\PersonTest\IPersonServiceTest.cs:line 500
</StackTrace>
        </ErrorInfo>
      </Output>
    </UnitTestResult>
    <UnitTestResult executionId="e8ddc04c-b19c-4de0-bbae-d3ba92364620" testId="cfd9ab29-3a80-6d75-5829-afdfe38d0a84" testName="UpdateExamRoomTest" computerName="N-ARG-DEV-034" duration="00:00:00.0043142" startTime="2014-09-22T14:15:39.3440115+07:00" endTime="2014-09-22T14:15:39.3520168+07:00" testType="13cdc9d9-ddb5-4fa4-a97d-d965ccfc6d4b" outcome="Failed" testListId="8c84fa94-04c1-424b-9868-57a2d4851a1d" relativeResultsDirectory="e8ddc04c-b19c-4de0-bbae-d3ba92364620">
      <Output>
        <ErrorInfo>
          <Message>Assert.AreEqual failed. Expected:&lt;(null)&gt;. Actual:&lt;IAS.DTO.ResponseMessage`1[System.Boolean]&gt;. </Message>
          <StackTrace>   at IAS.DataServices.Test.IExamServiceTest.UpdateExamRoomTest() in D:\[-PRO-]\IAS.DataServices.Test\ExamTest\IExamServiceTest.cs:line 781
</StackTrace>
        </ErrorInfo>
      </Output>
    </UnitTestResult>
    <UnitTestResult executionId="8824dbf3-3500-4585-adb4-bb3e88df490d" testId="d017efb9-1a33-3d32-304c-504b1d4379ee" testName="TestMethod1" computerName="N-ARG-DEV-034" duration="00:00:00.0002307" startTime="2014-09-22T14:15:39.3530173+07:00" endTime="2014-09-22T14:15:39.3560191+07:00" testType="13cdc9d9-ddb5-4fa4-a97d-d965ccfc6d4b" outcome="Passed" testListId="8c84fa94-04c1-424b-9868-57a2d4851a1d" relativeResultsDirectory="8824dbf3-3500-4585-adb4-bb3e88df490d">
    </UnitTestResult>
    <UnitTestResult executionId="963f3a3a-d748-45d7-bb67-1c1c082c9eb8" testId="d06f0064-9d94-6ef6-f6d1-792c2bf3efcb" testName="TestGuid" computerName="N-ARG-DEV-034" duration="00:00:00.0009277" startTime="2014-09-22T14:15:39.3570224+07:00" endTime="2014-09-22T14:15:39.3600221+07:00" testType="13cdc9d9-ddb5-4fa4-a97d-d965ccfc6d4b" outcome="Passed" testListId="8c84fa94-04c1-424b-9868-57a2d4851a1d" relativeResultsDirectory="963f3a3a-d748-45d7-bb67-1c1c082c9eb8">
    </UnitTestResult>
    <UnitTestResult executionId="8efc1829-056a-4585-97f7-3a0b0d522d16" testId="d0a1dd3e-0341-65a1-bd8f-d4823a9aa102" testName="GetPaymentExpireDayTest" computerName="N-ARG-DEV-034" duration="00:00:00.0277194" startTime="2014-09-22T14:15:39.3620239+07:00" endTime="2014-09-22T14:15:39.3920431+07:00" testType="13cdc9d9-ddb5-4fa4-a97d-d965ccfc6d4b" outcome="Failed" testListId="8c84fa94-04c1-424b-9868-57a2d4851a1d" relativeResultsDirectory="8efc1829-056a-4585-97f7-3a0b0d522d16">
      <Output>
        <ErrorInfo>
          <Message>Assert.AreEqual failed. Expected:&lt;(null)&gt;. Actual:&lt;IAS.DTO.ResponseService`1[System.Data.DataSet]&gt;. </Message>
          <StackTrace>   at IAS.DataServices.Test.IPaymentServiceTest.GetPaymentExpireDayTest() in D:\[-PRO-]\IAS.DataServices.Test\PaymentTest\IPaymentServiceTest.cs:line 657
</StackTrace>
        </ErrorInfo>
      </Output>
    </UnitTestResult>
    <UnitTestResult executionId="704d4cd1-4b9a-4b88-ae4e-a27174fda274" testId="d1ada082-d50c-d8f8-968f-cf6757a044f7" testName="GetExamRoomTest" computerName="N-ARG-DEV-034" duration="00:00:00.0403198" startTime="2014-09-22T14:15:39.3930444+07:00" endTime="2014-09-22T14:15:39.4360371+07:00" testType="13cdc9d9-ddb5-4fa4-a97d-d965ccfc6d4b" outcome="Failed" testListId="8c84fa94-04c1-424b-9868-57a2d4851a1d" relativeResultsDirectory="704d4cd1-4b9a-4b88-ae4e-a27174fda274">
      <Output>
        <ErrorInfo>
          <Message>Assert.AreEqual failed. Expected:&lt;(null)&gt;. Actual:&lt;IAS.DTO.ResponseService`1[System.Data.DataSet]&gt;. </Message>
          <StackTrace>   at IAS.DataServices.Test.IExamServiceTest.GetExamRoomTest() in D:\[-PRO-]\IAS.DataServices.Test\ExamTest\IExamServiceTest.cs:line 505
</StackTrace>
        </ErrorInfo>
      </Output>
    </UnitTestResult>
    <UnitTestResult executionId="002bc062-af3c-400c-94b9-7cc6e9d3f62a" testId="d2097e09-73c7-825f-5e13-29b94eb629ce" testName="UpdateApplicantGroupUploadTest" computerName="N-ARG-DEV-034" duration="00:00:00.0206090" startTime="2014-09-22T14:15:39.4370364+07:00" endTime="2014-09-22T14:15:39.4600523+07:00" testType="13cdc9d9-ddb5-4fa4-a97d-d965ccfc6d4b" outcome="Failed" testListId="8c84fa94-04c1-424b-9868-57a2d4851a1d" relativeResultsDirectory="002bc062-af3c-400c-94b9-7cc6e9d3f62a">
      <Output>
        <ErrorInfo>
          <Message>Test method IAS.DataServices.Test.IApplicantServiceTest.UpdateApplicantGroupUploadTest threw exception: 
System.NullReferenceException: Object reference not set to an instance of an object.</Message>
          <StackTrace>    at IAS.DataServices.Applicant.ApplicantService.UpdateApplicantGroupUpload(ApplicantTemp exam) in D:\[-PRO-]\WebService\IAS.DataServices\Applicant\ApplicantService.svc.cs:line 1885
   at IAS.DataServices.Test.IApplicantServiceTest.UpdateApplicantGroupUploadTest() in D:\[-PRO-]\IAS.DataServices.Test\ApplicantTest\IApplicantServiceTest.cs:line 342
</StackTrace>
        </ErrorInfo>
      </Output>
    </UnitTestResult>
    <UnitTestResult executionId="f0edd6e9-ecee-4885-8afa-7ee7cd3e1e65" testId="d4171f16-6e32-6c0e-3481-4121a5f607e8" testName="GetPaymentByCriteriaTest" computerName="N-ARG-DEV-034" duration="00:00:00.0218636" startTime="2014-09-22T14:15:39.4640574+07:00" endTime="2014-09-22T14:15:39.4900715+07:00" testType="13cdc9d9-ddb5-4fa4-a97d-d965ccfc6d4b" outcome="Failed" testListId="8c84fa94-04c1-424b-9868-57a2d4851a1d" relativeResultsDirectory="f0edd6e9-ecee-4885-8afa-7ee7cd3e1e65">
      <Output>
        <ErrorInfo>
          <Message>Test method IAS.DataServices.Test.IPaymentServiceTest.GetPaymentByCriteriaTest threw exception: 
System.NullReferenceException: Object reference not set to an instance of an object.</Message>
          <StackTrace>    at IAS.DataServices.Payment.PaymentService.GetPaymentByCriteria(UserProfile userProfile, String paymentType, Nullable`1 startDate, Nullable`1 toDate, String idCard, String billNo, Int32 pageNo, Int32 recordPerPage) in D:\[-PRO-]\WebService\IAS.DataServices\Payment\PaymentService.svc.cs:line 2068
   at IAS.DataServices.Test.IPaymentServiceTest.GetPaymentByCriteriaTest() in D:\[-PRO-]\IAS.DataServices.Test\PaymentTest\IPaymentServiceTest.cs:line 563
</StackTrace>
        </ErrorInfo>
      </Output>
    </UnitTestResult>
    <UnitTestResult executionId="f7a1786d-bf04-4cec-b0bd-20533fcd2bc0" testId="d42296e9-ed3d-8097-d9d0-e1045aa7d342" testName="TestFileName" computerName="N-ARG-DEV-034" duration="00:00:00.0004047" startTime="2014-09-22T14:15:39.4910716+07:00" endTime="2014-09-22T14:15:39.4940738+07:00" testType="13cdc9d9-ddb5-4fa4-a97d-d965ccfc6d4b" outcome="Passed" testListId="8c84fa94-04c1-424b-9868-57a2d4851a1d" relativeResultsDirectory="f7a1786d-bf04-4cec-b0bd-20533fcd2bc0">
    </UnitTestResult>
    <UnitTestResult executionId="edc97105-617e-4acc-82f4-07954ac4b42b" testId="d5bd2e61-25d8-a373-4161-c3925781dba2" testName="TestDupicate" computerName="N-ARG-DEV-034" duration="00:00:00.0229034" startTime="2014-09-22T14:15:39.4950750+07:00" endTime="2014-09-22T14:15:39.5197454+07:00" testType="13cdc9d9-ddb5-4fa4-a97d-d965ccfc6d4b" outcome="Passed" testListId="8c84fa94-04c1-424b-9868-57a2d4851a1d" relativeResultsDirectory="edc97105-617e-4acc-82f4-07954ac4b42b">
    </UnitTestResult>
    <UnitTestResult executionId="d34e9b2a-d228-4372-885b-289f014ba53d" testId="d6091b55-ef08-0a53-056e-fb56bf7d542e" testName="UpdatePaymentExpireDayTest" computerName="N-ARG-DEV-034" duration="00:00:00.0057954" startTime="2014-09-22T14:15:39.8009335+07:00" endTime="2014-09-22T14:15:39.8099389+07:00" testType="13cdc9d9-ddb5-4fa4-a97d-d965ccfc6d4b" outcome="Failed" testListId="8c84fa94-04c1-424b-9868-57a2d4851a1d" relativeResultsDirectory="d34e9b2a-d228-4372-885b-289f014ba53d">
      <Output>
        <ErrorInfo>
          <Message>Test method IAS.DataServices.Test.IPaymentServiceTest.UpdatePaymentExpireDayTest threw exception: 
System.NullReferenceException: Object reference not set to an instance of an object.</Message>
          <StackTrace>    at IAS.DataServices.Payment.PaymentService.UpdatePaymentExpireDay(List`1 ls, UserProfile userProfile) in D:\[-PRO-]\WebService\IAS.DataServices\Payment\PaymentService.svc.cs:line 6157
   at IAS.DataServices.Test.IPaymentServiceTest.UpdatePaymentExpireDayTest() in D:\[-PRO-]\IAS.DataServices.Test\PaymentTest\IPaymentServiceTest.cs:line 1077
</StackTrace>
        </ErrorInfo>
      </Output>
    </UnitTestResult>
    <UnitTestResult executionId="625ee27b-6280-41c0-9f1f-f3dc2921d126" testId="d60a9a4b-30e2-3d2d-4821-ca0e9f8ea581" testName="GeneratePasswordTest" computerName="N-ARG-DEV-034" duration="00:00:00.0039074" startTime="2014-09-22T14:15:39.8119402+07:00" endTime="2014-09-22T14:15:39.8189447+07:00" testType="13cdc9d9-ddb5-4fa4-a97d-d965ccfc6d4b" outcome="Failed" testListId="8c84fa94-04c1-424b-9868-57a2d4851a1d" relativeResultsDirectory="625ee27b-6280-41c0-9f1f-f3dc2921d126">
      <Output>
        <ErrorInfo>
          <Message>Assert.AreEqual failed. Expected:&lt;&gt;. Actual:&lt;Vd9*Y36V&gt;. </Message>
          <StackTrace>   at IAS.DataServices.Test.PersonService_RandomPasswordTest.GeneratePasswordTest() in D:\[-PRO-]\IAS.DataServices.Test\PersonService_RandomPasswordTest.cs:line 86
</StackTrace>
        </ErrorInfo>
      </Output>
    </UnitTestResult>
    <UnitTestResult executionId="824dbe77-f857-4f7f-a26d-8383e5a9e634" testId="d68007fb-2284-43d5-95df-d4d670eb5e3d" testName="RegistrationApproveTest" computerName="N-ARG-DEV-034" duration="00:00:00.0307487" startTime="2014-09-22T14:15:39.8209464+07:00" endTime="2014-09-22T14:15:39.8539683+07:00" testType="13cdc9d9-ddb5-4fa4-a97d-d965ccfc6d4b" outcome="Failed" testListId="8c84fa94-04c1-424b-9868-57a2d4851a1d" relativeResultsDirectory="824dbe77-f857-4f7f-a26d-8383e5a9e634">
      <Output>
        <ErrorInfo>
          <Message>Test method IAS.DataServices.Test.IRegistrationServiceTest.RegistrationApproveTest threw exception: 
System.NullReferenceException: Object reference not set to an instance of an object.</Message>
          <StackTrace>    at IAS.DataServices.Registration.RegistationService.RegistrationApprove(RegistrationApproveRequest request) in D:\[-PRO-]\WebService\IAS.DataServices\Registration\RegistrationService.svc.cs:line 1657
   at IAS.DataServices.Test.IRegistrationServiceTest.RegistrationApproveTest() in D:\[-PRO-]\IAS.DataServices.Test\RegistrationTest\IRegistrationServiceTest.cs:line 430
</StackTrace>
        </ErrorInfo>
      </Output>
    </UnitTestResult>
    <UnitTestResult executionId="3f3fe6cb-ae19-41d8-a1c3-f6ff10fd6b3f" testId="d73a434d-2bdf-3dd2-5da0-6aa8b1e2f904" testName="GetGroupExamTest" computerName="N-ARG-DEV-034" duration="00:00:00.0071522" startTime="2014-09-22T14:15:39.8559700+07:00" endTime="2014-09-22T14:15:39.8659771+07:00" testType="13cdc9d9-ddb5-4fa4-a97d-d965ccfc6d4b" outcome="Failed" testListId="8c84fa94-04c1-424b-9868-57a2d4851a1d" relativeResultsDirectory="3f3fe6cb-ae19-41d8-a1c3-f6ff10fd6b3f">
      <Output>
        <ErrorInfo>
          <Message>Assert.AreEqual failed. Expected:&lt;(null)&gt;. Actual:&lt;IAS.DTO.ResponseService`1[System.Data.DataSet]&gt;. </Message>
          <StackTrace>   at IAS.DataServices.Test.IPaymentServiceTest.GetGroupExamTest() in D:\[-PRO-]\IAS.DataServices.Test\PaymentTest\IPaymentServiceTest.cs:line 475
</StackTrace>
        </ErrorInfo>
      </Output>
    </UnitTestResult>
    <UnitTestResult executionId="fcc7c8bd-d2f7-4a7e-bbb5-d15de3ab6b01" testId="da83e5c4-9018-ab23-cfa0-604e9da9250f" testName="GetRegistrationsByCriteriaTest" computerName="N-ARG-DEV-034" duration="00:00:00.0046886" startTime="2014-09-22T14:15:39.8709802+07:00" endTime="2014-09-22T14:15:39.8789856+07:00" testType="13cdc9d9-ddb5-4fa4-a97d-d965ccfc6d4b" outcome="Failed" testListId="8c84fa94-04c1-424b-9868-57a2d4851a1d" relativeResultsDirectory="fcc7c8bd-d2f7-4a7e-bbb5-d15de3ab6b01">
      <Output>
        <ErrorInfo>
          <Message>Assert.AreEqual failed. Expected:&lt;(null)&gt;. Actual:&lt;IAS.DTO.ResponseService`1[System.Data.DataSet]&gt;. </Message>
          <StackTrace>   at IAS.DataServices.Test.IRegistrationServiceTest.GetRegistrationsByCriteriaTest() in D:\[-PRO-]\IAS.DataServices.Test\RegistrationTest\IRegistrationServiceTest.cs:line 286
</StackTrace>
        </ErrorInfo>
      </Output>
    </UnitTestResult>
    <UnitTestResult executionId="6433b098-42de-4105-b152-a72e31c2e54e" testId="db2fcafe-5d9e-db9a-522d-3234c6d53115" testName="KTBBankFile_Upload_File_bank_20131106" computerName="N-ARG-DEV-034" duration="00:00:00.0036578" startTime="2014-09-22T14:15:39.8809865+07:00" endTime="2014-09-22T14:15:39.8869905+07:00" testType="13cdc9d9-ddb5-4fa4-a97d-d965ccfc6d4b" outcome="Failed" testListId="8c84fa94-04c1-424b-9868-57a2d4851a1d" relativeResultsDirectory="6433b098-42de-4105-b152-a72e31c2e54e">
      <Output>
        <ErrorInfo>
          <Message>Test method IAS.DataServiceTest.KTBFileTextFileUploadTest.KTBBankFile_Upload_File_bank_20131106 threw exception: 
System.ApplicationException: ไม่พบเอกสาร</Message>
          <StackTrace>    at IAS.DataServiceTest.KTBFileTextFileUploadTest.ReadDataFromFile(String filename) in D:\[-PRO-]\IAS.DataServiceTest\KTBFileTextFileUploadTest.cs:line 47
   at IAS.DataServiceTest.KTBFileTextFileUploadTest.KTBBankFile_Upload_File_bank_20131106() in D:\[-PRO-]\IAS.DataServiceTest\KTBFileTextFileUploadTest.cs:line 83
</StackTrace>
        </ErrorInfo>
      </Output>
    </UnitTestResult>
    <UnitTestResult executionId="be5cefec-1ff7-413a-a664-9a9d939040bf" testId="dbe6b9e9-87f1-f01d-265b-91c29b7383a6" testName="LicenseRequestFactory_Can_Reader_ComposeFile_ขอใหม่_li01_1001_22_1" computerName="N-ARG-DEV-034" duration="00:00:00.0198236" startTime="2014-09-22T14:15:39.8879914+07:00" endTime="2014-09-22T14:15:39.9110065+07:00" testType="13cdc9d9-ddb5-4fa4-a97d-d965ccfc6d4b" outcome="Failed" testListId="8c84fa94-04c1-424b-9868-57a2d4851a1d" relativeResultsDirectory="be5cefec-1ff7-413a-a664-9a9d939040bf">
      <Output>
        <ErrorInfo>
          <Message>Test method IAS.DataServiceTest.LicenseRequestFileUploadTest.LicenseRequestFactory_Can_Reader_ComposeFile_ขอใหม่_li01_1001_22_1 threw exception: 
System.NullReferenceException: Object reference not set to an instance of an object.</Message>
          <StackTrace>    at IAS.DataServiceTest.LicenseRequestFileUploadTest.LicenseRequestFactory_Can_Reader_ComposeFile_ขอใหม่_li01_1001_22_1() in D:\[-PRO-]\IAS.DataServiceTest\LicenseRequestFileUploadTest.cs:line 332
</StackTrace>
        </ErrorInfo>
      </Output>
    </UnitTestResult>
    <UnitTestResult executionId="151bb19e-d0e4-4039-9f4f-8060bccbc1b2" testId="dcad9806-70cc-6fca-7390-8ce405564c45" testName="GetExamByTestCenterTest" computerName="N-ARG-DEV-034" duration="00:00:00.0065992" startTime="2014-09-22T14:15:39.9120082+07:00" endTime="2014-09-22T14:15:39.9209430+07:00" testType="13cdc9d9-ddb5-4fa4-a97d-d965ccfc6d4b" outcome="Failed" testListId="8c84fa94-04c1-424b-9868-57a2d4851a1d" relativeResultsDirectory="151bb19e-d0e4-4039-9f4f-8060bccbc1b2">
      <Output>
        <ErrorInfo>
          <Message>Assert.AreEqual failed. Expected:&lt;(null)&gt;. Actual:&lt;IAS.DTO.ResponseService`1[System.Data.DataSet]&gt;. </Message>
          <StackTrace>   at IAS.DataServices.Test.IExamServiceTest.GetExamByTestCenterTest() in D:\[-PRO-]\IAS.DataServices.Test\ExamTest\IExamServiceTest.cs:line 356
</StackTrace>
        </ErrorInfo>
      </Output>
    </UnitTestResult>
    <UnitTestResult executionId="85919bc7-61d9-46d0-9f24-ee98ff47a17d" testId="dcb46117-93d8-1747-b94f-cf176e4f62a8" testName="AddToAccountTest_Can_Default_Test" computerName="N-ARG-DEV-034" duration="00:00:09.0443655" startTime="2014-09-22T14:15:39.9219438+07:00" endTime="2014-09-22T14:15:48.9691507+07:00" testType="13cdc9d9-ddb5-4fa4-a97d-d965ccfc6d4b" outcome="Failed" testListId="8c84fa94-04c1-424b-9868-57a2d4851a1d" relativeResultsDirectory="85919bc7-61d9-46d0-9f24-ee98ff47a17d">
      <Output>
        <ErrorInfo>
          <Message>Test method IAS.DataServiceTest.Payment_BillBiz_AddToAccountTest.AddToAccountTest_Can_Default_Test threw exception: 
Oracle.DataAccess.Client.OracleException: ORA-12154: TNS:could not resolve the connect identifier specified</Message>
          <StackTrace>    at Oracle.DataAccess.Client.OracleException.HandleErrorHelper(Int32 errCode, OracleConnection conn, IntPtr opsErrCtx, OpoSqlValCtx* pOpoSqlValCtx, Object src, String procedure, Boolean bCheck)
   at Oracle.DataAccess.Client.OracleException.HandleError(Int32 errCode, OracleConnection conn, IntPtr opsErrCtx, Object src)
   at Oracle.DataAccess.Client.OracleConnection.Open()
   at IAS.DataServiceTest.Payment_BillBiz_AddToAccountTest.AddToAccountTest_Can_Default_Test() in D:\[-PRO-]\IAS.DataServiceTest\Payment_BillBiz_AddToAccountTest.cs:line 48
</StackTrace>
        </ErrorInfo>
      </Output>
    </UnitTestResult>
    <UnitTestResult executionId="8290c8b8-0a61-487c-8d4e-d81702434bb7" testId="de0695d0-7786-7d69-1a33-a5ea63095f7d" testName="GetExpiredLicneseByIdCard" computerName="N-ARG-DEV-034" duration="00:00:02.2708472" startTime="2014-09-22T14:15:48.9701512+07:00" endTime="2014-09-22T14:15:51.2431487+07:00" testType="13cdc9d9-ddb5-4fa4-a97d-d965ccfc6d4b" outcome="Failed" testListId="8c84fa94-04c1-424b-9868-57a2d4851a1d" relativeResultsDirectory="8290c8b8-0a61-487c-8d4e-d81702434bb7">
      <Output>
        <ErrorInfo>
          <Message>Assert.AreEqual failed. Expected:&lt;(null)&gt;. Actual:&lt;IAS.DTO.ResponseService`1[System.Collections.Generic.List`1[IAS.DTO.PersonLicenseTransaction]]&gt;. </Message>
          <StackTrace>   at IAS.DataServices.Test.LicenseServiceTest.GetExpiredLicneseByIdCard() in D:\[-PRO-]\IAS.DataServices.Test\LicenseServiceTest.cs:line 206
</StackTrace>
        </ErrorInfo>
      </Output>
    </UnitTestResult>
    <UnitTestResult executionId="29cb45f0-0c93-4ed1-a3ac-db47111b0b11" testId="de297bb4-9f9b-8faa-8b5a-608604be001c" testName="TestSpaceTest" computerName="N-ARG-DEV-034" duration="00:00:00.0208586" startTime="2014-09-22T14:15:51.2441500+07:00" endTime="2014-09-22T14:15:51.2673840+07:00" testType="13cdc9d9-ddb5-4fa4-a97d-d965ccfc6d4b" outcome="Passed" testListId="8c84fa94-04c1-424b-9868-57a2d4851a1d" relativeResultsDirectory="29cb45f0-0c93-4ed1-a3ac-db47111b0b11">
    </UnitTestResult>
    <UnitTestResult executionId="f2fcdbc4-551c-4beb-be1f-872420d43e04" testId="dee67e30-0e15-4246-9876-2da4ce9ba59e" testName="TestCritiaReturnBy_Replece" computerName="N-ARG-DEV-034" duration="00:00:00.0001740" startTime="2014-09-22T14:15:51.2681315+07:00" endTime="2014-09-22T14:15:51.2701362+07:00" testType="13cdc9d9-ddb5-4fa4-a97d-d965ccfc6d4b" outcome="Passed" testListId="8c84fa94-04c1-424b-9868-57a2d4851a1d" relativeResultsDirectory="f2fcdbc4-551c-4beb-be1f-872420d43e04">
    </UnitTestResult>
    <UnitTestResult executionId="a14f4675-1ce4-4785-bf58-6d90799b8856" testId="df61230b-55f4-b8d9-7965-c77266751ec2" testName="GetPersonByCriteriaTest" computerName="N-ARG-DEV-034" duration="00:00:00.0029246" startTime="2014-09-22T14:15:51.2711362+07:00" endTime="2014-09-22T14:15:51.2761393+07:00" testType="13cdc9d9-ddb5-4fa4-a97d-d965ccfc6d4b" outcome="Failed" testListId="8c84fa94-04c1-424b-9868-57a2d4851a1d" relativeResultsDirectory="a14f4675-1ce4-4785-bf58-6d90799b8856">
      <Output>
        <ErrorInfo>
          <Message>Assert.AreEqual failed. Expected:&lt;(null)&gt;. Actual:&lt;IAS.DTO.ResponseService`1[System.Data.DataSet]&gt;. </Message>
          <StackTrace>   at IAS.DataServices.Test.IPersonServiceTest.GetPersonByCriteriaTest() in D:\[-PRO-]\IAS.DataServices.Test\PersonTest\IPersonServiceTest.cs:line 255
</StackTrace>
        </ErrorInfo>
      </Output>
    </UnitTestResult>
    <UnitTestResult executionId="de9e5e10-10b6-4ac4-bcb3-b13822319b8c" testId="df9fc5a6-70a4-541a-a7bb-eb72c39eec4d" testName="GetSeatAmountTest" computerName="N-ARG-DEV-034" duration="00:00:00.0037070" startTime="2014-09-22T14:15:51.2771406+07:00" endTime="2014-09-22T14:15:51.2831450+07:00" testType="13cdc9d9-ddb5-4fa4-a97d-d965ccfc6d4b" outcome="Failed" testListId="8c84fa94-04c1-424b-9868-57a2d4851a1d" relativeResultsDirectory="de9e5e10-10b6-4ac4-bcb3-b13822319b8c">
      <Output>
        <ErrorInfo>
          <Message>Assert.AreEqual failed. Expected:&lt;(null)&gt;. Actual:&lt;IAS.DTO.ResponseService`1[System.String]&gt;. </Message>
          <StackTrace>   at IAS.DataServices.Test.IExamServiceTest.GetSeatAmountTest() in D:\[-PRO-]\IAS.DataServices.Test\ExamTest\IExamServiceTest.cs:line 595
</StackTrace>
        </ErrorInfo>
      </Output>
    </UnitTestResult>
    <UnitTestResult executionId="13f90a70-347d-470a-ab09-41f1f8c8a579" testId="e02f9460-58eb-7330-ac89-ebcde7061b4c" testName="LicenseRequest_UploadFile_ValidationTest" computerName="N-ARG-DEV-034" duration="00:00:00.0228603" startTime="2014-09-22T14:15:51.2841447+07:00" endTime="2014-09-22T14:15:51.3092236+07:00" testType="13cdc9d9-ddb5-4fa4-a97d-d965ccfc6d4b" outcome="Failed" testListId="8c84fa94-04c1-424b-9868-57a2d4851a1d" relativeResultsDirectory="13f90a70-347d-470a-ab09-41f1f8c8a579">
      <Output>
        <ErrorInfo>
          <Message>Test method IAS.DataServiceTest.LicenseRequestFileUploadTest.LicenseRequest_UploadFile_ValidationTest threw exception: 
System.ApplicationException: ไม่พบเอกสาร</Message>
          <StackTrace>    at IAS.DataServiceTest.LicenseRequestFileUploadTest.ReadDataFromFile(String filename) in D:\[-PRO-]\IAS.DataServiceTest\LicenseRequestFileUploadTest.cs:line 215
   at IAS.DataServiceTest.LicenseRequestFileUploadTest.LicenseRequest_UploadFile_ValidationTest() in D:\[-PRO-]\IAS.DataServiceTest\LicenseRequestFileUploadTest.cs:line 140
</StackTrace>
        </ErrorInfo>
      </Output>
    </UnitTestResult>
    <UnitTestResult executionId="0297ccb5-cc56-4130-a30d-59a39ea9a046" testId="e0b544b7-3852-7359-6406-3f6cb97fb0f1" testName="GetDetailSubPaymentTest" computerName="N-ARG-DEV-034" duration="00:00:00.0625450" startTime="2014-09-22T14:15:51.3102232+07:00" endTime="2014-09-22T14:15:51.3751026+07:00" testType="13cdc9d9-ddb5-4fa4-a97d-d965ccfc6d4b" outcome="Failed" testListId="8c84fa94-04c1-424b-9868-57a2d4851a1d" relativeResultsDirectory="0297ccb5-cc56-4130-a30d-59a39ea9a046">
      <Output>
        <ErrorInfo>
          <Message>Assert.AreEqual failed. Expected:&lt;(null)&gt;. Actual:&lt;IAS.DTO.ResponseService`1[System.Data.DataSet]&gt;. </Message>
          <StackTrace>   at IAS.DataServices.Test.IPaymentServiceTest.GetDetailSubPaymentTest() in D:\[-PRO-]\IAS.DataServices.Test\PaymentTest\IPaymentServiceTest.cs:line 438
</StackTrace>
        </ErrorInfo>
      </Output>
    </UnitTestResult>
    <UnitTestResult executionId="73c5d1c9-2643-4895-a1be-c9ab645d9bc2" testId="e32da9a0-4b50-9525-c72d-a203b0979c32" testName="TestCreateDirectory_And_Ordering_name_when_Exitsed" computerName="N-ARG-DEV-034" duration="00:00:00.1674893" startTime="2014-09-22T14:15:51.3781007+07:00" endTime="2014-09-22T14:15:51.5517204+07:00" testType="13cdc9d9-ddb5-4fa4-a97d-d965ccfc6d4b" outcome="Failed" testListId="8c84fa94-04c1-424b-9868-57a2d4851a1d" relativeResultsDirectory="73c5d1c9-2643-4895-a1be-c9ab645d9bc2">
      <Output>
        <ErrorInfo>
          <Message>Test method IAS.DataServiceTest.GenerateComposeLicenseRequestTest.TestCreateDirectory_And_Ordering_name_when_Exitsed threw exception: 
System.IO.IOException: The username or password is incorrect.
</Message>
          <StackTrace>    at System.IO.__Error.WinIOError(Int32 errorCode, String maybeFullPath)
   at System.IO.Directory.InternalCreateDirectory(String fullPath, String path, Object dirSecurityObj, Boolean checkHost)
   at System.IO.DirectoryInfo.Create()
   at IAS.DataServiceTest.GenerateComposeLicenseRequestTest.CreateDirectory(String path, String folderName, Int16 num) in D:\[-PRO-]\IAS.DataServiceTest\GenerateComposeLicenseRequestTest.cs:line 368
   at IAS.DataServiceTest.GenerateComposeLicenseRequestTest.TestCreateDirectory_And_Ordering_name_when_Exitsed() in D:\[-PRO-]\IAS.DataServiceTest\GenerateComposeLicenseRequestTest.cs:line 503
</StackTrace>
        </ErrorInfo>
      </Output>
    </UnitTestResult>
    <UnitTestResult executionId="696e5e61-7d58-4167-b8ab-1c21d9b84ff3" testId="e3fbf6f8-4a3a-06ee-ab2e-dd7b0398d51b" testName="The_Finance_BillBiz_Can_GetBillNo_By_pass_parameter" computerName="N-ARG-DEV-034" duration="00:00:09.0181643" startTime="2014-09-22T14:15:51.5537213+07:00" endTime="2014-09-22T14:16:00.5743932+07:00" testType="13cdc9d9-ddb5-4fa4-a97d-d965ccfc6d4b" outcome="Failed" testListId="8c84fa94-04c1-424b-9868-57a2d4851a1d" relativeResultsDirectory="696e5e61-7d58-4167-b8ab-1c21d9b84ff3">
      <Output>
        <ErrorInfo>
          <Message>Test method IAS.DataServiceTest.BillBizTests.The_Finance_BillBiz_Can_GetBillNo_By_pass_parameter threw exception: 
Oracle.DataAccess.Client.OracleException: ORA-12154: TNS:could not resolve the connect identifier specified</Message>
          <StackTrace>    at Oracle.DataAccess.Client.OracleException.HandleErrorHelper(Int32 errCode, OracleConnection conn, IntPtr opsErrCtx, OpoSqlValCtx* pOpoSqlValCtx, Object src, String procedure, Boolean bCheck)
   at Oracle.DataAccess.Client.OracleException.HandleError(Int32 errCode, OracleConnection conn, IntPtr opsErrCtx, Object src)
   at Oracle.DataAccess.Client.OracleConnection.Open()
   at IAS.DAL.OracleDB.InitConnection() in D:\[-PRO-]\WebService\IAS.DAL\OracleDB.cs:line 43
   at IAS.DAL.OracleDB.GetDataTable(String sql) in D:\[-PRO-]\WebService\IAS.DAL\OracleDB.cs:line 97
   at IAS.DataServices.Payment.Receipts.GenBillCodeFactory.GetBillNo(String user_id, String doc_date, String doc_code, String doc_type, String date_mode) in D:\[-PRO-]\WebService\IAS.DataServices\Payment\Receipts\GenBillCodeFactory.cs:line 27
   at IAS.DataServiceTest.BillBizTests.The_Finance_BillBiz_Can_GetBillNo_By_pass_parameter() in D:\[-PRO-]\IAS.DataServiceTest\BillBizTests.cs:line 29
</StackTrace>
        </ErrorInfo>
      </Output>
    </UnitTestResult>
    <UnitTestResult executionId="e17bd29f-6118-4e2f-97c3-3e622da0fda8" testId="e4b67b51-e33f-db05-0df9-7ce4103223cf" testName="GetByIdTest" computerName="N-ARG-DEV-034" duration="00:00:00.0031844" startTime="2014-09-22T14:16:00.5833994+07:00" endTime="2014-09-22T14:16:00.5894030+07:00" testType="13cdc9d9-ddb5-4fa4-a97d-d965ccfc6d4b" outcome="Failed" testListId="8c84fa94-04c1-424b-9868-57a2d4851a1d" relativeResultsDirectory="e17bd29f-6118-4e2f-97c3-3e622da0fda8">
      <Output>
        <ErrorInfo>
          <Message>Test method IAS.DataServices.Test.IApplicantServiceTest.GetByIdTest threw exception: 
System.NotImplementedException: The method or operation is not implemented.</Message>
          <StackTrace>    at IAS.DataServices.Applicant.ApplicantService.GetById(String Id) in D:\[-PRO-]\WebService\IAS.DataServices\Applicant\ApplicantService.svc.cs:line 116
   at IAS.DataServices.Test.IApplicantServiceTest.GetByIdTest() in D:\[-PRO-]\IAS.DataServices.Test\ApplicantTest\IApplicantServiceTest.cs:line 247
</StackTrace>
        </ErrorInfo>
      </Output>
    </UnitTestResult>
    <UnitTestResult executionId="73561c22-29e0-4e78-9b60-803ade94f70e" testId="e55020ee-49da-e874-77ed-6c2a1b29d28e" testName="ChangePasswordTimeTest" computerName="N-ARG-DEV-034" duration="00:00:00.0060237" startTime="2014-09-22T14:16:00.5904034+07:00" endTime="2014-09-22T14:16:00.5994100+07:00" testType="13cdc9d9-ddb5-4fa4-a97d-d965ccfc6d4b" outcome="Failed" testListId="8c84fa94-04c1-424b-9868-57a2d4851a1d" relativeResultsDirectory="73561c22-29e0-4e78-9b60-803ade94f70e">
      <Output>
        <ErrorInfo>
          <Message>Assert.AreEqual failed. Expected:&lt;False&gt;. Actual:&lt;True&gt;. </Message>
          <StackTrace>   at IAS.DataServices.Test.IPersonServiceTest.ChangePasswordTimeTest() in D:\[-PRO-]\IAS.DataServices.Test\PersonTest\IPersonServiceTest.cs:line 134
</StackTrace>
        </ErrorInfo>
      </Output>
    </UnitTestResult>
    <UnitTestResult executionId="a364670d-9723-452f-8949-a0fe0da05f35" testId="e5a98ddc-5c3a-98f8-e601-8693bb19d52c" testName="GetExamHistoryByID" computerName="N-ARG-DEV-034" duration="00:00:18.5899075" startTime="2014-09-22T14:16:00.6004109+07:00" endTime="2014-09-22T14:16:19.1946828+07:00" testType="13cdc9d9-ddb5-4fa4-a97d-d965ccfc6d4b" outcome="Failed" testListId="8c84fa94-04c1-424b-9868-57a2d4851a1d" relativeResultsDirectory="a364670d-9723-452f-8949-a0fe0da05f35">
      <Output>
        <ErrorInfo>
          <Message>Assert.AreEqual failed. Expected:&lt;(null)&gt;. Actual:&lt;IAS.DTO.ResponseService`1[System.Collections.Generic.List`1[IAS.DTO.ExamHistory]]&gt;. </Message>
          <StackTrace>   at IAS.DataServices.Test.LicenseServiceTest.GetExamHistoryByID() in D:\[-PRO-]\IAS.DataServices.Test\LicenseServiceTest.cs:line 218
</StackTrace>
        </ErrorInfo>
      </Output>
    </UnitTestResult>
    <UnitTestResult executionId="4c639036-b8e9-4db4-95cf-b7acadeef310" testId="e68a66a6-43ed-5eb8-591e-9ee8ff535efc" testName="IsRightTestingNoTest" computerName="N-ARG-DEV-034" duration="00:00:00.0045453" startTime="2014-09-22T14:16:19.1956837+07:00" endTime="2014-09-22T14:16:19.2146961+07:00" testType="13cdc9d9-ddb5-4fa4-a97d-d965ccfc6d4b" outcome="Failed" testListId="8c84fa94-04c1-424b-9868-57a2d4851a1d" relativeResultsDirectory="4c639036-b8e9-4db4-95cf-b7acadeef310">
      <Output>
        <ErrorInfo>
          <Message>Assert.AreEqual failed. Expected:&lt;(null)&gt;. Actual:&lt;IAS.DTO.ResponseMessage`1[System.Boolean]&gt;. </Message>
          <StackTrace>   at IAS.DataServices.Test.IExamServiceTest.IsRightTestingNoTest() in D:\[-PRO-]\IAS.DataServices.Test\ExamTest\IExamServiceTest.cs:line 706
</StackTrace>
        </ErrorInfo>
      </Output>
    </UnitTestResult>
    <UnitTestResult executionId="4c8619a8-0eb8-47d6-b287-94187580909a" testId="e6a3bd94-288e-081e-8024-0843b052bd78" testName="RegistrationNotApproveTest" computerName="N-ARG-DEV-034" duration="00:00:00.0075480" startTime="2014-09-22T14:16:19.2156966+07:00" endTime="2014-09-22T14:16:19.2267050+07:00" testType="13cdc9d9-ddb5-4fa4-a97d-d965ccfc6d4b" outcome="Failed" testListId="8c84fa94-04c1-424b-9868-57a2d4851a1d" relativeResultsDirectory="4c8619a8-0eb8-47d6-b287-94187580909a">
      <Output>
        <ErrorInfo>
          <Message>Test method IAS.DataServices.Test.IRegistrationServiceTest.RegistrationNotApproveTest threw exception: 
System.NullReferenceException: Object reference not set to an instance of an object.</Message>
          <StackTrace>    at IAS.DataServices.Registration.RegistationService.RegistrationNotApprove(RegistrationNotApproveRequest request) in D:\[-PRO-]\WebService\IAS.DataServices\Registration\RegistrationService.svc.cs:line 1737
   at IAS.DataServices.Test.IRegistrationServiceTest.RegistrationNotApproveTest() in D:\[-PRO-]\IAS.DataServices.Test\RegistrationTest\IRegistrationServiceTest.cs:line 452
</StackTrace>
        </ErrorInfo>
      </Output>
    </UnitTestResult>
    <UnitTestResult executionId="25c9a718-6842-42cc-a8c7-24607cee2d7e" testId="e812cc4c-56c1-01b7-8eb1-fab03fa02e84" testName="UpdateSubjectTest" computerName="N-ARG-DEV-034" duration="00:00:00.0062560" startTime="2014-09-22T14:16:19.2277046+07:00" endTime="2014-09-22T14:16:19.2357116+07:00" testType="13cdc9d9-ddb5-4fa4-a97d-d965ccfc6d4b" outcome="Failed" testListId="8c84fa94-04c1-424b-9868-57a2d4851a1d" relativeResultsDirectory="25c9a718-6842-42cc-a8c7-24607cee2d7e">
      <Output>
        <ErrorInfo>
          <Message>Assert.AreEqual failed. Expected:&lt;(null)&gt;. Actual:&lt;IAS.DTO.ResponseService`1[System.String]&gt;. </Message>
          <StackTrace>   at IAS.DataServices.Test.IExamServiceTest.UpdateSubjectTest() in D:\[-PRO-]\IAS.DataServices.Test\ExamTest\IExamServiceTest.cs:line 835
</StackTrace>
        </ErrorInfo>
      </Output>
    </UnitTestResult>
    <UnitTestResult executionId="c2707a88-8496-41f7-b6c2-9f3f114eaf19" testId="e8965505-e67d-50d3-82c8-91f1179b0e17" testName="CreateReceiptMapper_CanMap_DataRowTest" computerName="N-ARG-DEV-034" duration="00:00:00.1199445" startTime="2014-09-22T14:16:19.2377117+07:00" endTime="2014-09-22T14:16:19.3597943+07:00" testType="13cdc9d9-ddb5-4fa4-a97d-d965ccfc6d4b" outcome="Failed" testListId="8c84fa94-04c1-424b-9868-57a2d4851a1d" relativeResultsDirectory="c2707a88-8496-41f7-b6c2-9f3f114eaf19">
      <Output>
        <ErrorInfo>
          <Message>Test method IAS.DataServiceTest.IAS_DataService_PaymentServiceTest.CreateReceiptMapper_CanMap_DataRowTest threw exception: 
Oracle.DataAccess.Client.OracleException: ORA-00904: "IPT"."SIGNATURE_IMG": invalid identifier</Message>
          <StackTrace>    at Oracle.DataAccess.Client.OracleException.HandleErrorHelper(Int32 errCode, OracleConnection conn, IntPtr opsErrCtx, OpoSqlValCtx* pOpoSqlValCtx, Object src, String procedure, Boolean bCheck)
   at Oracle.DataAccess.Client.OracleException.HandleError(Int32 errCode, OracleConnection conn, String procedure, IntPtr opsErrCtx, OpoSqlValCtx* pOpoSqlValCtx, Object src, Boolean bCheck)
   at Oracle.DataAccess.Client.OracleCommand.ExecuteReader(Boolean requery, Boolean fillRequest, CommandBehavior behavior)
   at Oracle.DataAccess.Client.OracleDataAdapter.Fill(DataSet dataSet, Int32 startRecord, Int32 maxRecords, String srcTable, IDbCommand command, CommandBehavior behavior)
   at System.Data.Common.DbDataAdapter.Fill(DataSet dataSet)
   at IAS.DAL.OracleDB.GetDataSet(String sql) in D:\[-PRO-]\WebService\IAS.DAL\OracleDB.cs:line 53
   at IAS.DataServiceTest.IAS_DataService_PaymentServiceTest.CreateReceiptMapper_CanMap_DataRowTest() in D:\[-PRO-]\IAS.DataServiceTest\IAS_DataService_PaymentServiceTest.cs:line 75
</StackTrace>
        </ErrorInfo>
      </Output>
    </UnitTestResult>
    <UnitTestResult executionId="c2ee56d7-5544-49f0-b4c1-7c196ff2aa24" testId="ea7b7da7-c550-9d6f-0ca6-fe28fe53a0df" testName="GetHolidayTest" computerName="N-ARG-DEV-034" duration="00:00:00.0020739" startTime="2014-09-22T14:16:19.3617944+07:00" endTime="2014-09-22T14:16:19.3657979+07:00" testType="13cdc9d9-ddb5-4fa4-a97d-d965ccfc6d4b" outcome="Failed" testListId="8c84fa94-04c1-424b-9868-57a2d4851a1d" relativeResultsDirectory="c2ee56d7-5544-49f0-b4c1-7c196ff2aa24">
      <Output>
        <ErrorInfo>
          <Message>Test method IAS.DataServices.Test.IExamServiceTest.GetHolidayTest threw exception: 
System.NotImplementedException: The method or operation is not implemented.</Message>
          <StackTrace>    at IAS.DataServices.Exam.ExamService.GetHoliday(String date) in D:\[-PRO-]\WebService\IAS.DataServices\Exam\ExamService.svc.cs:line 2354
   at IAS.DataServices.Test.IExamServiceTest.GetHolidayTest() in D:\[-PRO-]\IAS.DataServices.Test\ExamTest\IExamServiceTest.cs:line 522
</StackTrace>
        </ErrorInfo>
      </Output>
    </UnitTestResult>
    <UnitTestResult executionId="9536ce88-bae0-4ad3-a8b1-ddd63db57dc7" testId="ec0789fd-65f3-56bc-0ccc-7a912c9ad212" testName="GetApplicantFromTestingNoForManageApplicantTest" computerName="N-ARG-DEV-034" duration="00:00:00.0587333" startTime="2014-09-22T14:16:19.3667975+07:00" endTime="2014-09-22T14:16:19.4278384+07:00" testType="13cdc9d9-ddb5-4fa4-a97d-d965ccfc6d4b" outcome="Failed" testListId="8c84fa94-04c1-424b-9868-57a2d4851a1d" relativeResultsDirectory="9536ce88-bae0-4ad3-a8b1-ddd63db57dc7">
      <Output>
        <ErrorInfo>
          <Message>Assert.AreEqual failed. Expected:&lt;(null)&gt;. Actual:&lt;IAS.DTO.ResponseService`1[System.Data.DataSet]&gt;. </Message>
          <StackTrace>   at IAS.DataServices.Test.ApplicantServiceTest.GetApplicantFromTestingNoForManageApplicantTest() in D:\[-PRO-]\IAS.DataServices.Test\ApplicantServiceTest.cs:line 201
</StackTrace>
        </ErrorInfo>
      </Output>
    </UnitTestResult>
    <UnitTestResult executionId="7837fa31-3992-4d5f-bde9-bdfcf3fdbf98" testId="ec19e082-3b1d-c286-9d06-aac237feecdb" testName="ValidatePropTest" computerName="N-ARG-DEV-034" duration="00:00:02.1351239" startTime="2014-09-22T14:16:19.4298398+07:00" endTime="2014-09-22T14:16:21.5677167+07:00" testType="13cdc9d9-ddb5-4fa4-a97d-d965ccfc6d4b" outcome="Failed" testListId="8c84fa94-04c1-424b-9868-57a2d4851a1d" relativeResultsDirectory="7837fa31-3992-4d5f-bde9-bdfcf3fdbf98">
      <Output>
        <ErrorInfo>
          <Message>Test method IAS.DataServices.Test.LicenseServiceTest.ValidatePropTest threw exception: 
System.NullReferenceException: Object reference not set to an instance of an object.</Message>
          <StackTrace>    at IAS.DataServices.License.LicenseService.ValidateProp(String groupId) in D:\[-PRO-]\WebService\IAS.DataServices\License\LicenseService.svc.cs:line 9894
   at IAS.DataServices.Test.LicenseServiceTest.ValidatePropTest() in D:\[-PRO-]\IAS.DataServices.Test\LicenseServiceTest.cs:line 127
</StackTrace>
        </ErrorInfo>
      </Output>
    </UnitTestResult>
    <UnitTestResult executionId="4e123362-43ac-4baf-9492-71278e0bb404" testId="ed60cfa6-18d0-87ef-74c8-7553a5bd352b" testName="Duplicate_Data_Test_Get_Clear_Duplicate" computerName="N-ARG-DEV-034" duration="00:00:00.0392852" startTime="2014-09-22T14:16:21.5687176+07:00" endTime="2014-09-22T14:16:21.6097455+07:00" testType="13cdc9d9-ddb5-4fa4-a97d-d965ccfc6d4b" outcome="Failed" testListId="8c84fa94-04c1-424b-9868-57a2d4851a1d" relativeResultsDirectory="4e123362-43ac-4baf-9492-71278e0bb404">
      <Output>
        <ErrorInfo>
          <Message>Assert.AreEqual failed. Expected:&lt;0&gt;. Actual:&lt;10&gt;. </Message>
          <StackTrace>   at IAS.DataServiceTest.MethodDuplicateTest.Duplicate_Data_Test_Get_Clear_Duplicate() in D:\[-PRO-]\IAS.DataServiceTest\MethodDuplicateTest.cs:line 21
</StackTrace>
        </ErrorInfo>
      </Output>
    </UnitTestResult>
    <UnitTestResult executionId="bf52e8f0-2065-4ab9-a5f1-fd957db6aefc" testId="ef0916fb-ed65-557c-0c5c-2a45b9aac89a" testName="ExamResultUploadToSubmitTest" computerName="N-ARG-DEV-034" duration="00:00:00.0001605" startTime="2014-09-22T14:16:21.6117469+07:00" endTime="2014-09-22T14:16:21.6147487+07:00" testType="13cdc9d9-ddb5-4fa4-a97d-d965ccfc6d4b" outcome="Passed" testListId="8c84fa94-04c1-424b-9868-57a2d4851a1d" relativeResultsDirectory="bf52e8f0-2065-4ab9-a5f1-fd957db6aefc">
    </UnitTestResult>
    <UnitTestResult executionId="27f9ef77-27a8-4bf8-b14d-5cbe865255c1" testId="ef2d25c9-e612-1040-9214-47fe0c88f6f6" testName="GetPaymentLicenseAppoveTest" computerName="N-ARG-DEV-034" duration="00:00:00.0903490" startTime="2014-09-22T14:16:21.6157496+07:00" endTime="2014-09-22T14:16:21.7078101+07:00" testType="13cdc9d9-ddb5-4fa4-a97d-d965ccfc6d4b" outcome="Failed" testListId="8c84fa94-04c1-424b-9868-57a2d4851a1d" relativeResultsDirectory="27f9ef77-27a8-4bf8-b14d-5cbe865255c1">
      <Output>
        <ErrorInfo>
          <Message>Assert.AreEqual failed. Expected:&lt;(null)&gt;. Actual:&lt;IAS.DTO.ResponseService`1[System.Data.DataSet]&gt;. </Message>
          <StackTrace>   at IAS.DataServices.Test.IPaymentServiceTest.GetPaymentLicenseAppoveTest() in D:\[-PRO-]\IAS.DataServices.Test\PaymentTest\IPaymentServiceTest.cs:line 684
</StackTrace>
        </ErrorInfo>
      </Output>
    </UnitTestResult>
    <UnitTestResult executionId="07ec9cf2-4e72-4f3d-92ff-9f83b8981f6a" testId="f06cd417-01ab-a679-8317-3e1f24b6edad" testName="CityBankTextFile_CanLoadFile_AndValidateData" computerName="N-ARG-DEV-034" duration="00:00:00.0031224" startTime="2014-09-22T14:16:21.7088110+07:00" endTime="2014-09-22T14:16:21.7178168+07:00" testType="13cdc9d9-ddb5-4fa4-a97d-d965ccfc6d4b" outcome="Failed" testListId="8c84fa94-04c1-424b-9868-57a2d4851a1d" relativeResultsDirectory="07ec9cf2-4e72-4f3d-92ff-9f83b8981f6a">
      <Output>
        <ErrorInfo>
          <Message>Test method IAS.DataServiceTest.CityBankTextFileTest.CityBankTextFile_CanLoadFile_AndValidateData threw exception: 
System.ApplicationException: ไม่พบเอกสาร</Message>
          <StackTrace>    at IAS.DataServiceTest.CityBankTextFileTest.ReadDataFromFile() in D:\[-PRO-]\IAS.DataServiceTest\CityBankTextFileTest.cs:line 154
   at IAS.DataServiceTest.CityBankTextFileTest.CityBankTextFile_CanLoadFile_AndValidateData() in D:\[-PRO-]\IAS.DataServiceTest\CityBankTextFileTest.cs:line 110
</StackTrace>
        </ErrorInfo>
      </Output>
    </UnitTestResult>
    <UnitTestResult executionId="a9a6f001-2dec-4ecd-914d-2566fb5f16e0" testId="f11291b9-e086-3eb4-08e8-b2cf0edf5a03" testName="TestZipFile_Found" computerName="N-ARG-DEV-034" duration="00:00:00.0309806" startTime="2014-09-22T14:16:21.7218194+07:00" endTime="2014-09-22T14:16:21.7548421+07:00" testType="13cdc9d9-ddb5-4fa4-a97d-d965ccfc6d4b" outcome="Failed" testListId="8c84fa94-04c1-424b-9868-57a2d4851a1d" relativeResultsDirectory="a9a6f001-2dec-4ecd-914d-2566fb5f16e0">
      <Output>
        <ErrorInfo>
          <Message>Assert.AreNotEqual failed. Expected any value except:&lt;&gt;. Actual:&lt;&gt;. </Message>
          <StackTrace>   at IAS.DataServiceTest.GenZipLicenseRequestTest.TestZipFile_Found() in D:\[-PRO-]\IAS.DataServiceTest\GenZipLicenseRequestTest.cs:line 30
</StackTrace>
        </ErrorInfo>
      </Output>
    </UnitTestResult>
    <UnitTestResult executionId="4cdc0b63-3023-4d69-bbda-b66b0a19751c" testId="f3365450-654d-2094-61b7-22f11cf8f848" testName="DeleteSubjectTest" computerName="N-ARG-DEV-034" duration="00:00:00.0078234" startTime="2014-09-22T14:16:21.7558429+07:00" endTime="2014-09-22T14:16:21.7668497+07:00" testType="13cdc9d9-ddb5-4fa4-a97d-d965ccfc6d4b" outcome="Failed" testListId="8c84fa94-04c1-424b-9868-57a2d4851a1d" relativeResultsDirectory="4cdc0b63-3023-4d69-bbda-b66b0a19751c">
      <Output>
        <ErrorInfo>
          <Message>Assert.AreEqual failed. Expected:&lt;(null)&gt;. Actual:&lt;IAS.DTO.ResponseService`1[System.String]&gt;. </Message>
          <StackTrace>   at IAS.DataServices.Test.IExamServiceTest.DeleteSubjectTest() in D:\[-PRO-]\IAS.DataServices.Test\ExamTest\IExamServiceTest.cs:line 221
</StackTrace>
        </ErrorInfo>
      </Output>
    </UnitTestResult>
    <UnitTestResult executionId="537cddcd-39c0-484d-9516-3ab80f0bf850" testId="f445bb38-498f-fddb-3c49-3c704b0322f4" testName="Test_PhaseStringToDecimal_isvalid" computerName="N-ARG-DEV-034" duration="00:00:00.0013814" startTime="2014-09-22T14:16:21.7678510+07:00" endTime="2014-09-22T14:16:21.7718528+07:00" testType="13cdc9d9-ddb5-4fa4-a97d-d965ccfc6d4b" outcome="Passed" testListId="8c84fa94-04c1-424b-9868-57a2d4851a1d" relativeResultsDirectory="537cddcd-39c0-484d-9516-3ab80f0bf850">
    </UnitTestResult>
    <UnitTestResult executionId="79e2c9ff-b1eb-4875-94ef-fb7780820291" testId="f50cf82f-cd65-950b-04d9-4013880b79f8" testName="ConvertStringAmount_Can_Phase_Test" computerName="N-ARG-DEV-034" duration="00:00:00.0087997" startTime="2014-09-22T14:16:21.7728537+07:00" endTime="2014-09-22T14:16:21.7848617+07:00" testType="13cdc9d9-ddb5-4fa4-a97d-d965ccfc6d4b" outcome="Failed" testListId="8c84fa94-04c1-424b-9868-57a2d4851a1d" relativeResultsDirectory="79e2c9ff-b1eb-4875-94ef-fb7780820291">
      <Output>
        <ErrorInfo>
          <Message>Assert.AreEqual failed. Expected:&lt;2200.21 (System.Decimal)&gt;. Actual:&lt;2200.21 (System.Double)&gt;. </Message>
          <StackTrace>   at IAS.DataServiceTest.PhaseAmountHelperTest.ConvertStringAmount_Can_Phase_Test() in D:\[-PRO-]\IAS.DataServiceTest\PhaseAmountHelperTest.cs:line 26
</StackTrace>
        </ErrorInfo>
      </Output>
    </UnitTestResult>
    <UnitTestResult executionId="1684698a-8769-4606-b7dc-dc0a910f73c3" testId="f5f95521-3d48-55d5-079a-81869f00a403" testName="GetApplicantGroupUploadByGroupUploadNoTest" computerName="N-ARG-DEV-034" duration="00:00:00.0064564" startTime="2014-09-22T14:16:21.7858626+07:00" endTime="2014-09-22T14:16:21.7938675+07:00" testType="13cdc9d9-ddb5-4fa4-a97d-d965ccfc6d4b" outcome="Failed" testListId="8c84fa94-04c1-424b-9868-57a2d4851a1d" relativeResultsDirectory="1684698a-8769-4606-b7dc-dc0a910f73c3">
      <Output>
        <ErrorInfo>
          <Message>Test method IAS.DataServices.Test.IApplicantServiceTest.GetApplicantGroupUploadByGroupUploadNoTest threw exception: 
System.NullReferenceException: Object reference not set to an instance of an object.</Message>
          <StackTrace>    at IAS.DataServices.Applicant.ApplicantService.GetApplicantGroupUploadByGroupUploadNo(String groupUploadNo) in D:\[-PRO-]\WebService\IAS.DataServices\Applicant\ApplicantService.svc.cs:line 1937
   at IAS.DataServices.Test.IApplicantServiceTest.GetApplicantGroupUploadByGroupUploadNoTest() in D:\[-PRO-]\IAS.DataServices.Test\ApplicantTest\IApplicantServiceTest.cs:line 187
</StackTrace>
        </ErrorInfo>
      </Output>
    </UnitTestResult>
    <UnitTestResult executionId="ced5f22e-c772-4370-8cad-796663ed02ac" testId="f7ab6e20-0f16-fc9f-e204-c90ad88c9f5a" testName="TestOracleRaw16AndGuid" computerName="N-ARG-DEV-034" duration="00:00:00.0010677" startTime="2014-09-22T14:16:21.7958692+07:00" endTime="2014-09-22T14:16:21.7998715+07:00" testType="13cdc9d9-ddb5-4fa4-a97d-d965ccfc6d4b" outcome="Passed" testListId="8c84fa94-04c1-424b-9868-57a2d4851a1d" relativeResultsDirectory="ced5f22e-c772-4370-8cad-796663ed02ac">
    </UnitTestResult>
    <UnitTestResult executionId="db903b40-fc12-490d-b73c-cfc9a3712778" testId="f8bae1ea-a897-80c2-ce72-d62a853c3616" testName="GetPlaceExamNameByIdTest" computerName="N-ARG-DEV-034" duration="00:00:00.0159261" startTime="2014-09-22T14:16:21.8008728+07:00" endTime="2014-09-22T14:16:21.8188844+07:00" testType="13cdc9d9-ddb5-4fa4-a97d-d965ccfc6d4b" outcome="Failed" testListId="8c84fa94-04c1-424b-9868-57a2d4851a1d" relativeResultsDirectory="db903b40-fc12-490d-b73c-cfc9a3712778">
      <Output>
        <ErrorInfo>
          <Message>Assert.AreEqual failed. Expected:&lt;(null)&gt;. Actual:&lt;IAS.DTO.ResponseService`1[System.String]&gt;. </Message>
          <StackTrace>   at IAS.DataServices.Test.DataCenterServiceTest.GetPlaceExamNameByIdTest() in D:\[-PRO-]\IAS.DataServices.Test\DataCenterServiceTest.cs:line 122
</StackTrace>
        </ErrorInfo>
      </Output>
    </UnitTestResult>
    <UnitTestResult executionId="cf9fd2d6-f85c-4b5d-9fd2-ecf98843f4ea" testId="f9e221b9-0fba-fb63-b7c3-01c1f8629362" testName="HashAlgorithm_Can_create_same_data_before_and_afterTest" computerName="N-ARG-DEV-034" duration="00:00:00.0029151" startTime="2014-09-22T14:16:21.8198852+07:00" endTime="2014-09-22T14:16:21.8258892+07:00" testType="13cdc9d9-ddb5-4fa4-a97d-d965ccfc6d4b" outcome="Failed" testListId="8c84fa94-04c1-424b-9868-57a2d4851a1d" relativeResultsDirectory="cf9fd2d6-f85c-4b5d-9fd2-ecf98843f4ea">
      <Output>
        <ErrorInfo>
          <Message>Test method IAS.DataServices.Test.PaymentTest.HashAlgorithmReceiptTest.HashAlgorithm_Can_create_same_data_before_and_afterTest threw exception: 
System.IO.DirectoryNotFoundException: Could not find a part of the path 'D:\OIC\IAS\IAS.DataServices.Test\PaymentTest\FileTest\NHibernate_3.pdf'.</Message>
          <StackTrace>    at System.IO.__Error.WinIOError(Int32 errorCode, String maybeFullPath)
   at System.IO.File.InternalCopy(String sourceFileName, String destFileName, Boolean overwrite, Boolean checkHost)
   at System.IO.File.Copy(String sourceFileName, String destFileName)
   at IAS.DataServices.Test.PaymentTest.HashAlgorithmReceiptTest.HashAlgorithm_Can_create_same_data_before_and_afterTest() in D:\[-PRO-]\IAS.DataServices.Test\PaymentTest\HashAlgorithmReceiptTest.cs:line 26
</StackTrace>
        </ErrorInfo>
      </Output>
    </UnitTestResult>
    <UnitTestResult executionId="959c709b-d0ae-4084-8e57-44ee31517415" testId="fb385faf-fd50-8b6f-fc63-2ba075af3cbc" testName="DeleteAttatchFileTest" computerName="N-ARG-DEV-034" duration="00:00:00.0054025" startTime="2014-09-22T14:16:21.8268901+07:00" endTime="2014-09-22T14:16:21.8358955+07:00" testType="13cdc9d9-ddb5-4fa4-a97d-d965ccfc6d4b" outcome="Failed" testListId="8c84fa94-04c1-424b-9868-57a2d4851a1d" relativeResultsDirectory="959c709b-d0ae-4084-8e57-44ee31517415">
      <Output>
        <ErrorInfo>
          <Message>Assert.AreEqual failed. Expected:&lt;(null)&gt;. Actual:&lt;IAS.DTO.ResponseService`1[IAS.DTO.RegistrationAttatchFile]&gt;. </Message>
          <StackTrace>   at IAS.DataServices.Test.IRegistrationServiceTest.DeleteAttatchFileTest() in D:\[-PRO-]\IAS.DataServices.Test\RegistrationTest\IRegistrationServiceTest.cs:line 115
</StackTrace>
        </ErrorInfo>
      </Output>
    </UnitTestResult>
    <UnitTestResult executionId="93f9e0c1-acda-4c1f-bf82-6d67f0375df7" testId="fc179cf8-b581-029e-3ba5-ae678b6edef3" testName="LicenseRequest_Can_Seperate_DataRowDetail" computerName="N-ARG-DEV-034" duration="00:00:00.0143402" startTime="2014-09-22T14:16:21.8368964+07:00" endTime="2014-09-22T14:16:21.8659163+07:00" testType="13cdc9d9-ddb5-4fa4-a97d-d965ccfc6d4b" outcome="Passed" testListId="8c84fa94-04c1-424b-9868-57a2d4851a1d" relativeResultsDirectory="93f9e0c1-acda-4c1f-bf82-6d67f0375df7">
    </UnitTestResult>
    <UnitTestResult executionId="b0f3c9c4-88b6-4c7e-a0be-da7164a46713" testId="fc570bf7-dc19-573b-3bfd-2b8231811c11" testName="AddLicenseTypeTest" computerName="N-ARG-DEV-034" duration="00:00:00.0096831" startTime="2014-09-22T14:16:21.8699190+07:00" endTime="2014-09-22T14:16:21.8829279+07:00" testType="13cdc9d9-ddb5-4fa4-a97d-d965ccfc6d4b" outcome="Failed" testListId="8c84fa94-04c1-424b-9868-57a2d4851a1d" relativeResultsDirectory="b0f3c9c4-88b6-4c7e-a0be-da7164a46713">
      <Output>
        <ErrorInfo>
          <Message>Test method IAS.DataServices.Test.IExamServiceTest.AddLicenseTypeTest threw exception: 
System.NullReferenceException: Object reference not set to an instance of an object.</Message>
          <StackTrace>    at IAS.DataServices.Exam.ExamService.AddLicenseType(LicenseTypet licensetype) in D:\[-PRO-]\WebService\IAS.DataServices\Exam\ExamService.svc.cs:line 2804
   at IAS.DataServices.Test.IExamServiceTest.AddLicenseTypeTest() in D:\[-PRO-]\IAS.DataServices.Test\ExamTest\IExamServiceTest.cs:line 110
</StackTrace>
        </ErrorInfo>
      </Output>
    </UnitTestResult>
    <UnitTestResult executionId="630c04f7-8af0-4a64-97f4-210333840629" testId="fd64fbbd-d910-c762-2cc7-a4920d322353" testName="ForgetPasswordRequestTest" computerName="N-ARG-DEV-034" duration="00:00:00.0051258" startTime="2014-09-22T14:16:21.8839279+07:00" endTime="2014-09-22T14:16:21.8909328+07:00" testType="13cdc9d9-ddb5-4fa4-a97d-d965ccfc6d4b" outcome="Failed" testListId="8c84fa94-04c1-424b-9868-57a2d4851a1d" relativeResultsDirectory="630c04f7-8af0-4a64-97f4-210333840629">
      <Output>
        <ErrorInfo>
          <Message>Assert.AreEqual failed. Expected:&lt;(null)&gt;. Actual:&lt;IAS.DTO.ResponseMessage`1[System.Boolean]&gt;. </Message>
          <StackTrace>   at IAS.DataServices.Test.IPersonServiceTest.ForgetPasswordRequestTest() in D:\[-PRO-]\IAS.DataServices.Test\PersonTest\IPersonServiceTest.cs:line 171
</StackTrace>
        </ErrorInfo>
      </Output>
    </UnitTestResult>
    <UnitTestResult executionId="b2789677-bdb7-4a45-b9bb-2c273507ec4a" testId="ff197499-a395-6992-e5be-e2b280b98015" testName="TestMethod1" computerName="N-ARG-DEV-034" duration="00:00:00.0003497" startTime="2014-09-22T14:16:21.8919329+07:00" endTime="2014-09-22T14:16:21.8949359+07:00" testType="13cdc9d9-ddb5-4fa4-a97d-d965ccfc6d4b" outcome="Passed" testListId="8c84fa94-04c1-424b-9868-57a2d4851a1d" relativeResultsDirectory="b2789677-bdb7-4a45-b9bb-2c273507ec4a">
    </UnitTestResult>
    <UnitTestResult executionId="9564e9a4-5aaa-4c06-9020-bab8c72c449f" testId="ff389c79-46a9-98a4-4928-686162ee5930" testName="GetGroupPaymentTest" computerName="N-ARG-DEV-034" duration="00:00:00.0108408" startTime="2014-09-22T14:16:21.8959359+07:00" endTime="2014-09-22T14:16:21.9097100+07:00" testType="13cdc9d9-ddb5-4fa4-a97d-d965ccfc6d4b" outcome="Failed" testListId="8c84fa94-04c1-424b-9868-57a2d4851a1d" relativeResultsDirectory="9564e9a4-5aaa-4c06-9020-bab8c72c449f">
      <Output>
        <ErrorInfo>
          <Message>Assert.AreEqual failed. Expected:&lt;(null)&gt;. Actual:&lt;IAS.DTO.ResponseService`1[System.Data.DataSet]&gt;. </Message>
          <StackTrace>   at IAS.DataServices.Test.IPaymentServiceTest.GetGroupPaymentTest() in D:\[-PRO-]\IAS.DataServices.Test\PaymentTest\IPaymentServiceTest.cs:line 500
</StackTrace>
        </ErrorInfo>
      </Output>
    </UnitTestResult>
  </Results>
</TestRun>